['815', '347', '889', '358', '573', '357', '920', '918', '470', '937', '593', '607', '595', '930', '179', '981', '128', '604', '330', '665', '495', '204', '159', '954', '195', '555', '237', '990', '420', '872', '896']
['971', '705', '854', '238', '14', '751', '130', '11', '916', '208', '716', '866', '466', '704', '818', '437', '943', '761', '517', '5', '814', '695', '787', '262', '712', '745', '261', '414', '461', '666', '957']
['401', '900', '545', '160', '632', '213', '895', '556', '830', '647', '325', '794', '397', '764', '861', '443', '871', '329', '294', '848', '423', '462', '959', '792', '458', '529', '648', '881', '300', '988', '757']
['317', '144', '549', '785', '906', '905', '947', '899', '802', '779', '243', '398', '7', '175', '315', '639', '174', '956', '306', '376', '773', '84', '439', '283', '489', '875', '897', '67', '246', '676']
['626', '74', '51', '812', '762', '340', '637', '393', '172', '367', '203', '519', '427', '248', '484', '610', '320', '592', '950', '833', '64', '26', '86', '194', '907', '276', '496', '602', '684', '296', '335']
['743', '856', '173', '834', '543', '664', '774', '672', '256', '119', '239', '134', '925', '426', '286', '638', '285', '867', '969', '851', '103', '454', '210', '850', '726', '434', '88', '554', '940', '212', '589']
['633', '636', '693', '800', '167', '621', '378', '249', '859', '104', '946', '723', '606', '355', '351', '597', '186', '791', '153', '83', '17', '412', '135', '190', '662', '163', '91', '609', '52', '795', '511']
['127', '880', '790', '205', '772', '209', '422', '326', '753', '677', '809', '528', '289', '441', '253', '313', '744', '459', '886', '509', '722', '948', '10', '214', '75', '796', '687', '131', '483', '132', '725']
['98', '108', '270', '200', '983', '100', '608', '657', '853', '66', '421', '136', '71', '4', '207', '360', '539', '374', '571', '20', '379', '748', '718', '36', '510', '236', '93', '467', '973', '577', '87']
['165', '966', '585', '486', '642', '917', '242', '228', '567', '737', '152', '216', '810', '706', '164', '655', '399', '563', '201', '9', '169', '177', '673', '777', '760', '8']
['741', '287', '615', '921', '746', '139', '939', '838', '688', '254', '413', '598', '526', '619', '307', '45', '298', '222', '230', '733', '282', '623', '521', '898', '490', '749', '550', '101', '635', '63']
['432', '497', '860', '659', '857', '822', '56', '506', '805', '19', '79', '61', '739', '707', '35', '225', '268', '365', '586', '922', '34', '766', '149', '199', '799', '32', '343', '472', '219', '185', '560']
['341', '781', '309', '184', '596', '617', '457', '531', '849', '759', '949', '508', '145', '941', '92', '876', '788', '514', '116', '646', '431', '220', '580', '703', '345', '446', '148', '78', '395', '339', '65']
['316', '452', '686', '390', '115', '681', '951', '24', '645', '786', '516', '841', '989', '698', '463', '588', '424', '473', '982', '909', '611', '28', '846', '994', '535', '991', '518', '417', '272', '742', '96']
['650', '202', '302', '21', '561', '808', '540', '460', '558', '235', '717', '724', '47', '505', '978', '590', '284', '304', '322', '435', '926', '740', '820', '756', '312', '447', '653', '196', '578', '291', '965']
['114', '154', '349', '731', '16', '405', '700', '625', '493', '641', '69', '627', '475', '783', '12', '264', '37', '480', '936', '736', '494', '244', '231', '557', '993', '831', '541', '372', '55', '147', '229']
['992', '46', '140', '754', '738', '803', '865', '471', '862', '465', '574', '679', '644', '735', '396', '668', '440', '566', '337', '318', '1', '768', '297', '547', '995', '605', '552', '29', '233', '985', '842']
['252', '806', '828', '70', '485', '482', '894', '481', '891', '6', '382', '137', '775', '972', '0', '714', '373', '967', '661', '464', '522', '415', '986', '429', '935', '874', '559', '146', '933', '263']
['884', '715', '267', '826', '404', '380', '27', '923', '350', '72', '391', '344', '368', '780', '532', '338', '710', '182', '870', '601', '527', '630', '292', '827', '962', '537', '858', '107', '348', '942', '721']
['515', '932', '319', '771', '97', '844', '402', '927', '370', '835', '448', '837', '945', '890', '110', '970', '247', '234', '354', '23', '25', '883', '502', '629', '408', '76', '44', '362', '934', '176', '682']
['816', '763', '218', '474', '359', '836', '784', '281', '685', '488', '624', '487', '579', '533', '191', '961', '877', '581', '168', '57', '878', '305', '728', '328', '58', '767', '18', '265', '869', '90', '444']
['388', '161', '38', '181', '406', '730', '575', '433', '105', '901', '912', '155', '73', '449', '847', '568', '887', '118', '955', '124', '924', '383', '675', '958', '929', '524', '211']
['386', '311', '614', '770', '157', '138', '908', '123', '49', '141', '425', '821', '226', '998', '453', '667', '15', '975', '327', '904', '980', '893', '997', '364', '656', '217', '600']
['303', '385', '384', '192', '197', '680', '180', '255', '245', '279', '968', '548', '271', '503', '732', '53', '438', '711', '551', '323', '189', '671', '430', '752', '251', '678', '663', '811', '178', '562', '819']
['583', '418', '882', '389', '931', '843', '346', '260', '713', '807', '366', '50', '719', '290', '82', '240', '536', '501', '126', '734', '643', '151', '976', '400', '776', '798', '112', '755', '411', '914', '689']
['269', '584', '832', '333', '170', '332', '125', '278', '747', '582', '392', '109', '692', '77', '618', '428', '445', '902', '188', '964', '54', '879', '310', '911', '293', '587', '690', '321', '620', '720', '416']
['455', '507', '30', '499', '544', '41', '450', '654', '944', '651', '892', '793', '520', '22', '778', '523', '974', '758', '409', '456', '599', '356', '451', '782']
['492', '3', '158', '31', '576', '963', '369', '565', '224', '394', '479', '288', '913', '407', '845', '546', '591', '250', '915', '39', '342', '223', '919', '979', '419', '840', '363', '512', '81', '193', '691']
['266', '133', '852', '696', '89', '377', '353', '825', '331', '697', '839', '275', '670', '381', '525', '273', '658', '95', '468', '750', '903', '987', '622', '2', '669', '709', '829', '885', '257', '616', '701']
['863', '336', '150', '13', '162', '410', '102', '106', '121', '594', '258', '187', '769', '789', '513', '984', '649', '60', '538', '864', '314', '855', '442', '612', '48', '977', '259', '694', '198', '120', '928']
['553', '500', '308', '94', '85', '274', '823', '804', '634', '62', '469', '361', '436', '280', '476', '910', '953', '227', '111', '534', '530', '996', '765', '33', '40', '371', '232', '241', '564', '674', '277']
['952', '142', '801', '143', '221', '729', '403', '660', '683', '640', '68', '352', '813', '817', '334', '628', '727', '797', '113', '387', '117', '873', '99', '491', '122', '156', '572', '301', '43', '824', '603']
['504', '166', '868', '960', '375', '631', '498', '215', '129', '702', '477', '938', '699', '652', '613', '80', '542', '569', '183', '324', '295', '570', '171', '708', '206', '59', '299', '888', '478', '42']
