['309', '75', '484', '971', '726', '147', '375', '910', '188', '689', '968']
['999', '921', '693', '867', '290', '576', '483', '374', '107', '535']
['466', '814', '384', '725', '24', '275', '587', '65', '393', '488', '240', '379']
['863', '298', '803', '923', '717', '248', '572', '432', '586', '348', '271', '167', '746']
['970', '570', '891', '907', '281', '287', '575', '31', '625', '206', '565', '119', '364']
['87', '149', '53', '697', '493', '743', '877', '962', '473', '476', '692', '173']
['997', '880', '462', '401']
['114', '561', '734', '788', '209', '460', '316', '155', '46', '258', '673', '76']
['582', '390', '170', '721', '590', '94', '223', '225', '205', '52', '876', '79', '824']
['450', '641', '140', '514', '57', '242', '477', '199', '5', '649', '297', '862', '289']
['501', '461', '946', '982', '131', '591', '593', '97', '250', '595', '211', '306', '913']
['772', '531', '382', '108', '836', '368', '719', '197', '566', '974', '936', '244']
['524', '453', '220', '377', '733', '930']
['439', '442', '526', '39', '345', '299', '321', '795', '541', '143', '976', '409', '153']
['101', '965', '454', '372', '508', '854', '370', '279', '507', '983', '322', '885', '905']
['934', '303', '754', '589', '560', '640', '873', '60', '238', '313', '51']
['678', '899']
['300', '391', '892', '573', '810', '95', '292', '597', '722', '17', '635', '496', '208']
['111', '723', '221', '664', '603', '122', '156', '84']
['840', '821', '682', '110', '706', '945', '282', '120', '608', '216', '698', '33', '750']
['222', '405', '763', '737', '631', '761', '100', '661', '132', '485']
['246', '331', '953', '426', '832', '26', '963', '711', '15']
['247', '369', '286', '504', '54', '272', '782', '80', '444', '113']
['73', '813', '768', '23', '193', '319', '478', '912', '650', '558', '855', '748', '551']
['387', '288', '663', '715', '72', '708', '866', '652', '395', '229']
['261', '773', '487', '656', '62', '255', '19', '180', '0', '124', '676', '449', '495']
['675', '727', '528', '158', '765', '815', '800', '915']
['700', '850', '511', '378', '730', '709', '842', '977', '69', '633']
['399', '626', '137', '903', '458', '605', '823', '330', '853', '210', '525', '984', '445']
['766', '732', '30', '567', '670', '29', '780', '935', '919', '816', '171', '104', '897']
['245', '843', '194', '437', '667', '517', '818', '317', '191']
['618', '654', '742', '218', '543', '940', '351', '43', '482', '61', '133', '96', '12']
['890', '857', '217', '41', '598', '994', '804', '243', '779', '617', '459', '56', '349']
['518', '212', '825', '861', '992', '82', '956', '712', '778', '917', '25', '196']
['522', '121', '190', '328', '536', '980', '465', '457', '950', '949', '720', '613', '142']
['657', '385', '168', '792', '583']
['764', '710', '363', '759', '265', '291', '92', '499', '681', '521']
['627', '619', '201', '783', '781', '606', '629', '668', '408', '756', '846', '231']
['925', '844', '91', '802', '447', '339', '420', '126', '106']
['959', '186', '27', '741', '900', '441', '679', '63', '852', '834', '251', '341', '492']
['184', '381', '838', '22', '588', '929', '659', '327', '958', '7', '141', '612']
['202', '632', '859', '354', '471', '344', '402', '70', '557', '752', '771', '373', '34']
['425', '614', '237', '352', '798']
['869', '412', '887', '283', '973', '105', '505', '45', '886', '452', '160', '646', '931']
['998', '187', '596', '277', '651', '716', '404', '350', '993', '59', '684']
['776', '822', '533', '177', '192', '491', '702', '637', '584', '870', '714', '181', '969']
['527', '318']
['744', '806', '809', '259', '347', '539', '406', '241', '470', '145', '213']
['90', '431', '332', '957', '443', '554', '510', '21', '429', '986', '571', '837', '355']
['135', '42', '653', '791', '118']
['88', '367', '336', '920', '434', '602', '787', '563', '827', '388', '423', '559', '446']
['753', '835', '358', '112', '817', '162', '502', '424', '701', '176', '326', '103', '548']
['523', '879', '553', '455', '11', '615', '32', '660', '845', '784', '20', '392', '152']
['774', '638', '123', '411', '361', '683', '67', '898', '274', '620', '577', '99', '628']
['830', '755', '799', '295', '811', '49', '874', '148', '889', '230', '643', '130', '707']
['115', '686', '276']
['569', '435', '139', '346', '896', '55']
['585', '386', '578', '340', '751']
['195', '203', '758', '127', '226', '841', '479', '645', '305', '762', '786', '851', '164']
['467', '864', '790', '893', '285', '745', '128', '338']
['163', '820', '647', '777', '360', '906', '278', '797', '228', '284', '648', '333', '699']
['356', '775', '939', '546', '624', '359', '981', '904', '740', '371', '383', '680', '50']
['911', '644', '422', '44', '724', '542']
['144', '996', '161', '169', '630', '884', '978', '308', '988', '47', '334']
['581', '849', '189', '926', '914', '353', '599', '433', '10']
['960', '937', '415', '634', '749', '324', '315', '731', '662', '789', '964', '474', '301']
['622', '549', '609', '448', '37', '690', '691', '747']
['396', '767', '534', '872', '552', '793', '416', '677']
['380', '320', '500', '882']
['253', '639', '694', '636', '98', '35']
['568', '544', '995', '3', '975', '83', '547', '362', '592', '881', '490', '669']
['530', '264', '943', '302', '489', '77', '739', '847', '40', '532', '860', '865', '48']
['687', '234', '150', '909', '294', '421', '256', '185', '329', '875', '224', '254', '704']
['307', '871', '610', '671', '451', '538', '157', '812', '204', '1', '64', '674', '74']
['129', '427', '365']
['398', '948', '807', '955', '413', '735', '616']
['175', '498', '770', '227', '179', '989', '207', '263', '868']
['545', '848', '509', '267', '325', '262', '81', '38', '503', '829']
['456', '16', '273', '78', '985', '607', '215', '343', '280', '839', '232', '400', '182']
['337', '801', '757', '736', '436', '831', '796']
['58', '419', '794', '200', '304', '556', '311', '410', '979', '516', '85', '468', '4']
['519', '86', '8', '239', '475', '895', '125', '601', '438', '769', '376', '481', '342']
['18', '901', '933', '494', '666', '927', '183', '270']
['9', '214', '944', '172', '703', '312', '389', '13']
['418', '233', '947', '165']
['537', '469', '252', '611', '991', '938', '718', '397', '463', '268']
['71', '908', '987', '257', '497']
['403', '310', '154', '174', '942', '166', '952', '738']
['136', '102', '357', '760', '550', '178', '961', '713']
['922', '394', '540', '89', '486', '705', '696', '428']
['269', '513', '430', '805', '417', '151', '116', '564', '14', '878', '472', '695', '928']
['366', '785', '579', '808', '219', '894', '574', '138', '529', '728']
['249', '924', '819', '36', '685', '642', '594']
['512', '951']
['2', '335', '665', '260', '621', '916', '600', '941', '520', '932', '6', '109', '28']
['954', '66', '266', '515', '562', '888']
['688', '658', '235', '883', '323', '506', '117', '604', '464', '314', '296', '990', '967']
['858', '159', '236', '902', '833', '414', '623', '856', '672', '480', '580', '198']
['93', '68', '972', '655', '440', '134', '146', '828', '826', '966']
['407', '293', '918', '555', '729']
