['845', '924', '380', '433', '156', '609', '264', '391', '962', '709', '432', '607', '570', '630', '445', '898', '404', '479', '564', '628', '737', '518', '867', '913', '355', '916', '459', '572', '598', '481', '396', '352', '27', '229', '637', '370', '897', '382', '207', '288']
['185', '727', '774', '294', '765', '734', '463', '219', '153', '817', '998', '384', '410', '417', '856', '388', '655', '201', '131', '59', '748', '234', '132', '9', '918', '109', '880', '400']
['399', '469', '846', '237', '135', '669', '951', '975', '581', '779', '973', '250', '936', '982', '22', '19', '315', '68', '762', '960', '483', '773', '496', '178', '559', '75', '999', '561', '798', '350', '766', '517', '472', '116', '912']
['882', '375', '311', '282', '92', '827', '506', '155', '332', '551', '106']
['532', '383', '536', '88', '747', '278', '615', '519', '957', '693', '302', '523', '800', '16', '915', '526', '263', '505', '783', '891', '596', '130', '910', '189', '208', '954', '724', '604', '191', '562', '646', '48', '110', '939', '357', '530', '105', '145', '138']
['514', '431', '735', '871', '162', '8', '613', '763', '71', '943', '354', '444', '301', '154', '324', '291', '753', '903']
['435', '364', '769', '906', '729', '117', '831', '224', '950', '128', '53', '271', '883', '921', '387', '163', '335', '11', '608', '281', '828', '290', '72', '213', '340', '168', '820', '755', '37', '848', '111', '126', '82', '808', '276']
['677', '95', '286', '249', '31', '112', '247', '503', '108', '504', '639', '272', '394', '695', '595', '26', '142', '791', '619', '60', '283', '952', '524', '874', '328', '303', '843', '49', '923', '225', '89', '895', '778', '169', '307', '457', '839', '544', '460', '571']
['143', '122', '708', '787', '73', '500', '631', '424', '824', '757', '466', '548', '749', '829', '710', '660', '107', '148', '690', '594', '398', '209', '480', '58', '644', '654']
['533', '558', '98', '316', '932', '668', '805', '259', '953', '888', '23', '317', '751', '159', '20', '174', '42', '422', '987', '759', '674', '166', '653', '713', '397', '248', '79', '676', '183', '342', '739', '270', '777', '994', '475']
['297', '573', '322', '123', '202', '847', '961', '115', '193', '907', '351', '254', '487', '835', '215', '119', '175', '617', '386', '760', '597', '220', '310', '776', '565', '262', '725', '750', '455', '825', '45', '327', '408', '373', '343', '723', '752', '329', '379', '665']
['242', '789', '640', '180', '673', '146', '586', '164', '890', '662', '905', '160', '363', '577', '210', '235', '642', '96', '94', '214', '681', '77', '468', '666', '190', '940', '543', '679', '348', '333', '705', '818', '870', '806', '510', '944']
['489', '238', '683', '17', '539', '819', '945', '956', '849', '965', '612', '855', '61', '488', '313', '541', '482', '732', '568', '823', '268', '584', '590', '840', '860', '498', '236', '314', '974', '610', '764', '423', '323', '204', '656', '395', '28', '718', '719']
['195', '124', '707', '381', '74', '854', '841', '114', '141', '240', '889', '687']
['486', '246', '436', '579', '194', '948', '411', '917', '65', '851', '7', '43', '241', '165', '706', '12']
['196', '989', '81', '969', '542', '334', '528', '118', '83', '266', '192', '40', '997', '321', '473', '893', '502', '553', '474']
['635', '929', '499', '440', '66', '605', '257', '362', '525', '730', '389', '179', '200', '535', '51', '2', '470', '566', '649', '837', '981', '575', '909', '513', '14', '949', '547', '24']
['801', '401', '197', '325', '113', '218', '857', '858', '406', '4', '152', '879', '41', '426', '157', '295', '636']
['275', '813', '419', '63', '864', '120', '366', '450', '744', '711', '902', '273', '365', '217', '780', '493', '554', '255', '407', '694', '239', '557', '6', '567', '592', '624', '147', '462', '476', '767', '415', '702']
['688', '378', '345', '545', '691', '896', '102', '133', '685', '657', '306', '258', '842', '768', '626', '405', '712', '802', '368', '531', '101', '578', '347', '788', '402', '728', '726', '226', '443', '15', '93', '280', '376', '56', '176', '812', '312', '448', '682', '862']
['901', '771', '814', '593', '359', '454', '894', '129', '877', '277', '87', '427', '933', '935', '632', '339', '516', '741', '170', '537', '299', '830', '996', '947', '686', '69', '358', '689', '298', '576', '39', '346', '55', '878', '995', '887', '984', '782', '761', '988']
['211', '770', '534', '582', '720', '946', '251', '587', '875', '477', '622', '743', '992', '420', '421', '300', '245', '583', '80', '667', '91', '182', '21', '292', '233', '497', '188', '920', '13', '826', '244', '90', '490', '784', '978', '356', '144']
['550', '35', '810', '318', '361', '223', '670', '623', '698', '512', '203', '127', '385', '661', '478', '267', '563', '881', '261', '484', '797', '721', '437', '134', '509', '643', '927', '588', '429', '522', '815', '964', '50', '746', '308', '641', '852', '32', '914', '942']
['186', '418', '136', '279', '799', '137', '449', '928', '158', '736', '672', '36', '680', '614', '807', '67', '600', '834', '515', '980', '868', '30', '428', '742', '447', '716', '337', '173', '618', '967', '139']
['511', '465', '555', '341', '701', '591', '228', '458', '659', '754', '471', '627', '265', '809', '29', '540', '589', '794', '603', '331', '369', '434', '549', '227', '0', '344', '212', '76', '305', '884', '508', '172', '38', '527', '319', '284', '911', '781', '979', '84']
['700', '859', '638', '392', '495', '731', '900', '599', '289', '955', '467', '717', '464', '57', '222', '507', '756', '738', '260', '439', '740', '633', '409', '580', '650', '786', '349', '804', '606']
['795', '451', '125', '664', '100', '491', '833', '99', '991', '785', '181', '492', '976', '104', '336', '811', '838', '796', '85', '745', '46']
['663', '722', '983', '529', '885', '187', '33', '648', '171', '966', '414', '645', '62', '413', '231', '221', '78', '353', '10', '658', '485', '611', '822', '256', '403', '3', '304']
['453', '861', '703', '892', '634', '287', '326', '52', '243', '285', '520', '958', '552', '442', '803', '293', '425', '922', '869', '501', '412', '816', '177', '252', '865', '925', '199']
['821', '64', '620', '330', '456', '941', '574', '269', '569', '863', '121', '625', '850', '338', '886', '647', '585', '908', '938', '790', '184', '930', '393', '959', '963']
['149', '232', '876', '772', '968', '374', '678', '309', '441', '452', '230', '937', '320', '792', '758', '25', '198', '494', '990', '216', '985', '34', '54', '972']
['651', '274', '1', '140', '371', '696', '86', '446', '560', '367', '205', '461', '715', '556', '986', '47', '521', '18', '538', '704', '977', '601', '621']
['934', '652', '714', '872', '697', '699', '970', '167', '853', '377', '993', '684', '899', '416', '692']
['793', '733', '206', '844', '150', '602', '546', '5', '161', '926', '675', '253', '866', '873', '103', '832', '430', '97', '70']
['629', '44', '360', '616', '372', '836', '775', '296', '671', '971', '438', '151', '919', '931', '390', '904']
