['464', '141', '375', '590', '329', '606', '219', '74', '516', '599', '558', '12', '46', '286', '201', '542', '313', '307', '116', '446', '142', '144', '75', '242', '284', '233', '326', '239', '586', '479', '438', '499', '427', '58', '100', '581', '347', '468']
['510', '27', '526', '318', '62', '28', '180', '596', '246', '632', '587', '374', '339', '609', '272', '497', '34', '48', '87', '184', '406', '494', '506', '248', '45', '563', '536', '601', '346', '472', '418', '372', '44', '35', '622', '623', '634', '502', '627', '258', '68', '617', '419', '33', '287', '63', '79', '614']
['72', '154', '577', '216', '453', '310', '390', '541', '113', '138', '88', '488', '628', '85', '47', '29', '504', '194', '412', '128', '2', '231', '322', '618', '195', '108', '399', '443', '549', '20', '149', '598', '251', '540', '123', '444', '263', '179']
['97', '395', '224', '478', '570', '584', '278', '457', '350', '607', '56', '130', '196', '496', '118', '175', '253', '562', '200', '244']
['569', '55', '362', '32', '365', '376', '202', '17', '86', '6', '402', '379', '435', '334', '408', '352', '43', '59', '460', '208', '551', '112', '223', '641', '643', '24', '30', '393', '243', '185', '448', '610', '611', '177', '429', '305', '114', '407', '174', '162']
['203', '582', '620', '490', '167', '605', '126', '459', '600', '95', '546', '515', '486', '260', '531', '229', '292', '273', '564', '60', '349', '442', '356', '54', '302', '247', '285', '186', '568', '311', '561', '331', '226', '218', '386', '232', '521', '580', '31', '37']
['341', '166', '625', '135', '440', '324', '450', '96', '78', '537', '13', '511', '268', '585', '298', '367', '635', '527', '388', '155', '163', '360', '145', '533', '603', '333', '619', '207', '215', '312']
['270', '432', '256', '583', '276', '500', '41', '456', '342', '589', '210', '368', '199', '262', '18', '644', '629', '369']
['245', '66', '153', '9', '147', '151', '538', '90', '434', '394', '513', '76']
['300', '597', '630', '36', '320', '52', '206', '197', '631', '304']
['330', '164', '433', '348', '288', '578', '401', '99', '234', '156', '10', '425', '481', '321', '319', '522', '571', '73', '602', '277', '189', '344', '205', '421']
['14', '146', '471', '293', '591', '171', '613', '57', '426', '392', '161', '0', '420', '198', '366', '39', '543', '53', '371', '381', '316', '49', '414', '638', '422', '403', '209', '616', '455', '69', '193', '241']
['297', '373', '317', '249', '387', '482', '560', '409', '124', '469', '5', '152', '26', '340', '363', '7', '332', '523', '555', '554', '484', '82', '343']
['354', '190', '50', '550', '170', '204', '290', '264', '137', '441', '77', '528', '191', '132']
['519', '604', '476', '637', '411', '211', '110', '439', '148', '361', '280', '466', '308']
['639', '131', '492', '431', '301', '547', '283', '235', '93', '102', '416', '91', '220', '566']
['119', '454', '323', '173', '353', '105', '595', '364', '512', '498', '134', '4']
['266', '534', '81', '42', '1', '120', '25', '38', '405', '576', '67', '642', '398', '70', '169', '483', '415', '452', '11', '19', '104', '255', '250', '125', '396', '514', '557', '489', '573', '462', '530', '552', '150', '133', '22', '188', '259', '397', '106', '380', '84']
['238', '275', '306', '109', '269', '389', '385', '575', '463', '257', '520', '314', '127', '15', '140', '474', '227', '475', '636', '281', '391', '21', '358', '136', '271', '83']
['3', '51', '485', '383', '487', '289', '404', '553', '517', '594', '410', '645', '143', '65', '470', '608', '495', '548', '274', '465', '524', '413', '98', '400', '267', '461', '8', '493', '228', '101']
['539', '579', '355', '168', '525', '236', '165', '467', '505', '430', '115', '593', '107', '80', '592', '139', '182', '417', '477', '71', '103', '160', '337', '159', '178', '237', '214', '335', '624', '382', '437', '213', '480', '378', '508', '428', '507', '327']
['338', '621', '122', '447', '377', '336', '158', '16', '225', '172', '240', '458', '436', '94', '282', '176']
['121', '501', '565', '157', '529', '532', '612', '544', '357', '291', '633', '217', '328', '491', '384', '574', '221', '309', '370', '567', '23']
['265', '556', '351', '187', '345', '451', '192', '294', '545', '89', '183', '92', '222', '640', '252', '626', '559', '117', '449']
['423', '61', '518', '509', '295', '445', '279', '572', '535', '181', '325', '129', '64', '473', '254', '261', '588', '503', '111', '40', '303', '315', '296', '212', '299', '230', '424', '615', '359']
