['207', '538', '695', '20', '94', '681', '676', '1', '337', '156', '870', '962', '994', '492', '235', '68', '306', '669', '425', '706', '239', '5', '410', '4', '762', '253', '551', '654', '964', '111']
['558', '579', '861', '946', '786', '497', '692', '255', '371', '686', '651', '665', '114', '58', '176', '103', '521', '855', '588', '402', '741', '898', '113', '173', '117', '455', '364', '57', '451', '323', '597']
['18', '603', '574', '869', '553', '524', '659', '609', '877', '154', '939', '477', '160', '850', '534', '258', '458', '736', '75', '320', '142', '720', '887', '137', '38', '110', '532', '232']
['379', '29', '527', '143', '493', '313', '860', '819', '822', '682', '908', '871', '564', '340', '604', '758', '167', '803', '434', '442', '655', '72', '361', '567', '216', '175', '170', '426']
['649', '982', '934', '680', '605', '215', '691', '644', '917', '254', '601', '598', '147', '375', '708', '960', '584', '101', '481', '127', '883', '838', '905', '517', '768', '503', '403', '242', '857', '380']
['399', '326', '387', '291', '910', '400', '571', '165', '929', '793', '550', '668', '788', '971', '55', '119', '454', '214', '938']
['23', '575', '263', '600', '22', '650', '664', '136', '217', '892', '132', '756', '886', '921', '923', '395', '639', '334', '138', '311', '879', '280', '174', '485', '516', '542', '428', '222', '643', '648', '358', '267', '878', '613', '842']
['85', '690', '67', '557', '496', '902', '199', '599', '813', '547', '93', '281', '893', '341', '377', '745', '919', '349', '821', '26', '273']
['717', '409', '158', '185', '129', '573', '373', '112', '805', '809', '540', '407', '931', '972', '424', '357', '350', '27', '12', '927', '484', '731', '366', '794', '656', '228', '511', '555', '541']
['570', '269', '748', '928', '723', '849', '618', '808', '559', '448', '967', '607', '182', '652', '759', '787', '116', '984', '435', '390']
['362', '212', '899', '303', '77', '265', '47', '576', '367', '95', '384', '596', '663', '345', '900', '56', '159', '772', '247', '325', '437']
['903', '482', '956', '429', '329', '177', '188', '473', '205', '6', '43', '308', '672', '46', '81', '295', '985', '948', '933']
['489', '474', '766', '241', '226', '284', '693', '148', '884', '529', '88', '7', '816', '430', '862', '262', '82', '840', '472']
['408', '754', '986', '568', '611', '594', '841', '915', '747', '211', '853', '134', '270', '422', '406', '248', '198', '155', '121', '452', '539', '145', '122']
['943', '13', '275', '859', '885', '922', '324', '560', '296', '894', '412', '940', '955', '274', '832', '505', '630', '761', '91', '678', '271', '479', '131', '582', '621', '336', '206', '636', '220', '398', '53', '164']
['92', '431', '40', '140', '163', '724', '561', '880', '546', '997']
['108', '9', '192', '389', '556', '625', '714', '843', '419', '335', '190', '96', '828', '423', '394', '696', '945', '737', '742', '514', '172']
['783', '225', '701', '729', '963', '815', '440', '998', '469', '670', '10', '512', '236', '322', '353', '844', '52', '973', '301', '363', '677', '638', '703', '595', '744', '790', '757', '250']
['338', '780', '585', '679', '184', '888', '123', '21', '518', '804', '447', '627', '475', '549', '977', '620', '210', '386', '580', '287', '508', '8', '911', '219', '868', '500', '488', '234', '661', '913', '478', '146']
['662', '397', '302', '589', '282', '230', '554', '526', '722', '107', '17', '277', '935', '882', '983', '726', '456', '278', '839', '501', '835']
['823', '683', '204', '944', '461', '141', '73', '443', '189', '417', '31', '510', '593', '76', '645', '200', '684', '950', '755', '61', '633', '35', '106', '969', '699']
['760', '316', '438', '382', '257', '667', '519', '831', '59', '673', '752', '711', '901', '421', '149', '646', '462', '102', '522', '889', '730', '876', '535', '671', '961', '936', '2', '881', '506', '289', '150', '968', '773', '974']
['187', '318', '369', '460', '996', '702', '619', '610', '359', '735', '733', '814', '372', '924', '191', '552', '776', '401', '100', '183', '820']
['352', '590', '11', '208', '800', '779', '565', '856', '466', '531', '346', '317', '592', '675', '128', '632', '925', '223', '993']
['641', '288', '328', '480', '942', '69', '34', '830', '827', '863', '396', '710', '432', '846', '987', '689', '299', '836', '370', '229', '383', '319', '374', '66', '666', '802']
['770', '785', '99', '674', '351', '992', '15', '791', '231', '171', '746', '348', '71', '705', '845', '310', '626', '139', '327', '450', '818', '445', '807', '105']
['483', '616', '333', '294', '283', '713', '233', '688', '812', '203', '817', '266', '926', '331', '989', '293', '543', '439', '545', '490', '166', '152', '194', '811', '441', '774', '209']
['767', '951', '769', '587', '109', '347', '221', '169', '965', '70', '354', '784', '778', '952', '725', '104', '873', '33', '867', '949', '238', '507', '446', '569', '45', '449', '957', '405']
['581', '704', '413', '578', '453', '834', '285', '763', '115', '259', '941', '954', '777', '562', '3', '465', '459', '368', '753', '504', '640', '416', '991', '734', '78', '90', '525', '657', '847', '290', '418', '305', '698']
['246', '463', '321', '186', '617', '826', '612', '629', '50', '356', '658', '404', '749', '789', '468', '953', '896', '709']
['276', '907', '307', '83', '300', '378', '342', '98', '240', '245', '264', '642', '24', '906', '792', '990', '536', '980', '464', '487', '64', '797']
['740', '858', '975', '586', '978', '79', '39', '637', '647', '872', '712', '315', '947', '918', '179', '414']
['151', '161', '716', '959', '32', '125', '523', '781', '824', '988', '97', '614', '795', '202', '995', '162', '700', '966', '237', '930', '566', '602', '890', '718', '631', '19', '848', '866', '608', '591', '865', '84', '502', '912']
['728', '583', '133', '685', '470', '750', '144', '796', '36', '87', '436', '909', '895', '499', '833', '16', '635', '444', '227', '118', '135', '37', '260', '314']
['623', '509', '42', '932', '196', '62', '433', '798', '622', '771', '312', '606', '25', '799', '365', '572', '615', '28', '577', '920', '360', '244', '891', '739', '916', '874', '528', '628', '201', '719']
['875', '44', '213', '970', '976', '193', '904', '256', '180', '65', '854', '999', '130', '810', '268', '411', '660', '41', '178', '393', '515', '727', '168', '86', '653', '344', '392', '272']
['126', '89', '427', '476', '457', '864', '292', '309', '782', '343', '544', '74', '513', '339', '715', '732', '391', '51', '330', '48', '471', '286', '520', '751', '837', '498', '63']
['279', '332', '467', '153', '195', '486', '415', '60', '624', '533', '181', '385', '0', '958', '743', '261', '251', '252', '634', '420', '801', '218', '806', '687', '14', '981', '157', '54']
['495', '243', '694', '49', '775', '298', '979', '764', '563', '120', '765', '297', '197', '381', '249', '304', '738', '376', '388', '30', '825', '721']
['530', '494', '355', '548', '697', '80', '491', '224', '852', '897', '707', '829', '537', '851', '914', '937', '124']
