['212', '732', '17', '650', '673', '515', '831', '661', '420', '338', '741', '388', '57', '2', '293', '935', '392', '76', '705', '221', '511', '651', '506', '441', '112', '326']
['795', '678', '670', '445', '957', '271', '310', '222', '463', '584', '666', '132', '765', '428', '810', '924', '373', '895', '530', '525', '628', '825', '520', '497', '216', '65', '535', '827', '919', '781', '206', '980', '914', '171', '869']
['124', '256', '89', '149', '541', '684', '845', '229', '366', '283', '299', '350', '349', '979', '413', '321', '836', '389', '492', '747', '401', '863', '735', '844', '559', '637', '936', '823', '84', '853', '178', '53', '80', '811', '767', '459', '761', '196', '815']
['962', '340', '66', '215', '862', '521', '130', '523', '821', '922', '318', '987', '995', '344', '665', '104', '582', '40', '3', '994', '421']
['265', '297', '375', '789', '241', '745', '719', '329', '325', '852', '743', '468', '225', '730', '136', '243', '323', '658', '813', '185', '892', '571', '746', '451', '462', '879', '26', '407', '654', '503', '516', '793', '545', '165', '636', '424', '816', '87', '708', '430']
['832', '556', '801', '893', '953', '901', '911', '992', '533', '842', '917', '59', '452', '6', '16', '415', '662', '622', '442', '577', '846', '49', '881', '969', '974', '427', '695', '804', '748', '771', '118', '200', '150', '491', '414', '230', '738', '433', '610']
['405', '663', '368', '255', '865', '406', '404', '25', '600', '723', '570', '189', '766', '223', '967', '5', '41', '933', '93', '267', '24', '245', '395', '716', '99', '755', '595', '417', '588', '959', '416', '201', '860', '81', '292', '394', '9']
['264', '706', '137', '561', '940', '944', '63', '195', '359', '146', '820', '950', '550', '440', '128', '305', '778', '371', '731', '453', '335', '209', '120', '902', '543', '114', '158', '391', '331', '182', '644', '249', '784', '73', '454', '985', '399', '812', '436']
['198', '524', '88', '585', '603', '50', '262', '590', '117', '849', '29', '675', '874', '193', '160', '410', '172', '403', '773', '740', '608', '429', '287', '522', '285', '352', '489', '337', '353', '580', '576', '220', '713', '900']
['856', '418', '752', '138', '408', '888', '60', '640', '558', '434', '683', '896', '148', '28', '828', '560', '4', '176', '307', '62', '153', '943', '955', '792', '928', '55', '552', '594', '122', '54', '929', '604', '101', '339', '125', '374', '361', '173', '365', '509']
['268', '301', '899', '609', '336', '232', '633', '949', '52', '880', '284', '677', '966', '22', '95', '903', '996', '70', '239', '806', '982', '324', '681', '920', '169', '717', '945', '668']
['111', '91', '768', '358', '621', '709', '968', '505', '557', '918', '791', '113', '829', '551', '102', '494', '837', '798']
['764', '999', '734', '787', '246', '803', '671', '12', '947', '991', '187', '458', '227', '21', '510', '838', '78', '32', '333', '916', '447', '14', '152', '43', '564', '75', '629', '921', '835', '382', '655', '164', '357', '759']
['332', '281', '751', '660', '699', '251', '970', '878', '563', '526', '536', '693', '698', '634', '689', '866', '885', '461', '139', '142', '343', '106', '997', '589', '941', '367']
['327', '186', '883', '157', '690', '260', '498', '612', '71', '296', '210', '151', '554', '614', '419', '586', '398', '334', '578', '304', '800', '266', '646', '35', '409', '496', '596', '805', '527', '864', '754', '983', '48']
['859', '514', '712', '426', '843', '688', '30', '758', '363', '715', '602', '976', '466', '64', '204', '817', '721', '154', '722', '898', '272', '479', '45', '34', '400', '263', '252', '131', '897', '269', '641', '802', '616']
['464', '456', '431', '794', '10', '975', '58', '51', '351', '253', '518', '79', '270', '597', '286', '228', '483', '478', '39', '8', '381', '696', '531', '780', '762', '887', '372', '314', '927', '295', '96', '619', '851', '574', '69', '615', '385', '280']
['475', '397', '626', '342', '322', '192', '707', '562', '848', '775', '797', '981', '316', '435', '687', '238', '258', '77', '364', '685', '390', '244', '109', '728', '450', '46', '170', '168', '211', '115', '779', '261']
['72', '500', '702', '402', '839', '259', '788', '355', '978', '601', '749', '380', '951', '948', '703', '886', '725', '90', '188', '471', '311', '474', '61', '37', '934', '194']
['737', '121', '649', '894', '736', '639', '320', '617', '203', '302', '174', '166', '486', '938', '487', '850', '819', '942', '234', '653', '387', '519', '645', '276', '591', '993', '444', '179', '818', '718', '240', '315', '910', '990', '288', '116', '573']
['529', '92', '68', '643', '694', '362', '376', '291', '103', '289', '858', '528', '964', '308', '480', '422', '135', '906', '679', '674', '923', '83', '44', '495', '598', '105', '317', '627', '701', '493', '144', '319', '548', '312', '647', '960', '15']
['605', '443', '384', '484', '100', '501', '277', '988', '669', '140', '657', '175', '513', '727', '872', '593', '226', '235', '807', '439', '502', '753', '847', '774', '638', '273', '972', '611', '306', '946', '965', '555', '147', '952', '354']
['473', '378', '82', '989', '891', '905', '36', '11', '275', '739', '108', '309', '692', '750', '998', '449', '672', '926', '282', '925', '676', '143', '356']
['870', '56', '913', '242', '889', '13', '199', '126', '873', '770', '937', '341', '742', '547', '834', '27', '472', '110', '630', '161', '686', '915', '437', '904']
['537', '231', '714', '467', '348', '163', '977', '833', '274', '648', '127', '369', '504', '782', '129', '20', '94', '386', '370', '809', '700', '583', '432', '704', '958', '247', '908', '470']
['460', '233', '808', '544', '826', '763', '822', '724', '956', '213', '507', '217', '218', '38', '279', '814', '841', '799', '330', '98', '783', '162', '876', '438', '587', '485', '250', '197', '664', '868', '575', '579']
['785', '540', '191', '425', '930', '214', '986', '931', '772', '457', '67', '155', '455', '624', '733', '224', '538', '613', '824', '328', '592', '33', '884', '119', '0', '446', '411', '97', '786', '313', '875', '642', '667', '42']
['568', '469', '971', '871', '482', '517', '565', '961', '412', '726', '769', '572', '477', '546', '512', '345', '393', '566', '581', '202', '534', '631', '620', '190', '682', '776', '423', '1', '377', '107', '532', '857', '861', '465', '757', '659']
['134', '680', '618', '542', '47', '123', '298', '219', '74', '183', '760', '360', '177', '490', '720', '379', '499', '31', '19', '623', '855', '133', '156', '159', '448', '744', '932', '877', '939', '890', '867', '208', '796']
['294', '476', '553', '300', '180', '290', '756', '205', '777', '7', '607', '141', '539', '396', '347', '254', '145', '569', '184', '652', '508', '840', '790', '907', '85', '567']
['830', '697', '632', '854', '549', '303', '656', '963', '236', '954', '488', '882', '167', '691', '909', '606', '625', '383', '18', '710', '181', '237', '207', '346', '599', '635', '984', '23', '973', '86', '481', '257', '278', '729', '711', '248', '912']
