['673', '233', '341', '124', '187', '183', '590', '701', '105', '211']
['899', '184', '516', '60', '836', '553', '331', '222', '541']
['984', '866', '221', '453', '515', '330', '458', '795', '69', '471']
['868', '490', '857', '890', '166', '346', '11', '312']
['676', '826', '686', '840', '468', '132', '877', '430', '814']
['917', '228', '274', '962', '658', '250', '447', '965', '81']
['382', '837', '778', '398', '547', '329', '39']
['213', '700', '597', '300', '116', '425', '164', '455', '659']
['174', '596', '6', '474', '443', '707', '416', '401', '594', '88']
['954', '413', '87', '256']
['871', '629', '262', '343', '914', '715', '342', '133', '437', '883']
['400', '461', '947', '972', '885', '353', '275', '863']
['586', '480', '511', '941', '970', '767', '348', '946', '605', '466']
['337', '324', '699', '107', '500', '589', '925', '887', '916', '655']
['993', '824', '165', '861', '556']
['427', '723', '215', '872', '786', '92']
['153', '609', '593', '712', '782', '229', '44', '344', '644', '383']
['38', '742', '350', '301', '102', '115', '728', '769']
['255', '371', '937', '283', '51', '927', '689', '874', '137']
['964', '705', '392', '34', '905', '732', '534', '710', '636', '900']
['68', '338', '975', '587']
['859', '29', '798', '326', '819', '952', '56', '465']
['764', '322', '949', '792', '503', '484', '549', '20', '806', '801']
['785', '600', '602', '878', '881', '218', '472', '22', '645', '981']
['351', '439', '852', '13', '386', '625']
['654', '43', '574', '682', '539', '788', '417', '156', '821']
['460', '332', '822', '292', '155', '747', '489', '394']
['528', '684', '790', '627', '277', '886', '313']
['760', '198', '997', '841', '397', '724', '238', '418', '390', '410']
['736', '853', '876', '976', '178', '227', '708', '247']
['134', '396', '264', '974', '862', '615', '557', '509', '763']
['951', '692', '192', '135', '622']
['286', '113', '507', '442', '318', '505', '980']
['179', '304', '749', '381', '151', '854', '719', '839', '119', '93']
['24', '359', '493', '729', '501', '98', '369', '915', '446']
['508', '354', '894', '939', '738', '619', '521']
['567', '538', '405', '75', '181']
['945', '333', '908', '695', '108', '219', '621', '55', '560', '942']
['551', '147', '720', '42', '190', '664', '444', '953', '639', '78']
['880', '617', '566', '537', '992', '3']
['902', '210']
['783', '739', '512', '844', '714', '809', '185', '856', '16', '898']
['149', '201', '188', '838', '305', '555']
['316', '582', '306', '558', '336', '477', '641', '130', '649']
['855', '475', '998', '279', '435', '249', '459', '502', '727', '867']
['735', '986', '328', '827', '646', '535', '811']
['745', '948', '526', '26', '452', '580', '180', '470', '295', '426']
['588', '668', '955', '730', '996', '834', '832', '48', '603', '985']
['504', '314', '671', '722', '374', '154', '296']
['272', '242', '37', '718', '117', '252', '385', '64', '317', '189']
['123', '660', '340', '960', '930', '632', '33', '938']
['485', '968', '990', '865', '30', '842', '672', '239', '552']
['901', '499', '950', '488', '548', '319', '141', '759', '799', '266']
['578', '360', '224', '407']
['419', '366', '52', '94', '694', '380', '612', '903']
['395', '287', '802', '497', '159', '361', '543', '370']
['527', '656', '86', '978', '186', '450', '923', '928', '167', '620']
['572', '781', '95', '298', '784', '805', '438', '756']
['172', '873', '966', '675', '384', '367', '640', '63', '467', '47']
['813', '220', '568', '884', '581', '483', '391', '171', '536', '479']
['702', '987', '830', '80', '339', '725', '496', '870']
['648', '355', '944', '523', '958', '143', '721', '595', '748', '545']
['513', '843', '895', '315', '913', '510', '959', '271']
['875', '752', '77', '893', '414', '662', '703', '517']
['206', '66', '409', '202', '564', '32', '103', '327', '389', '779']
['234', '15', '254', '642', '457', '101', '176', '651', '245', '623']
['849', '169', '585', '643', '5', '716', '148', '530']
['846', '680', '559', '35', '17', '362', '146', '36']
['994', '606', '161', '661', '451']
['889', '924', '667', '506', '982']
['797', '678', '114', '50', '411', '263', '514']
['237', '618', '935', '195', '90', '991']
['104', '110', '693', '683', '828', '364', '845', '743', '614', '957']
['577', '891', '349', '611', '633', '681', '387']
['59', '932', '518', '1', '616', '53']
['522', '879', '84', '73', '812', '258', '82']
['200', '74', '599', '379', '403', '793', '892', '989']
['936', '579', '10', '160', '773', '584']
['919', '628', '971', '816', '358', '232', '280', '726', '753', '291']
['399', '208', '542', '907', '65', '85', '393', '482', '23', '550']
['57', '744', '139', '363', '525', '19', '540', '433']
['532', '963', '921', '687', '421', '231', '800', '776', '422', '441']
['796', '325', '347', '8', '807', '226', '624', '122', '440', '698']
['428', '173', '334', '922', '630', '140', '121', '888']
['157', '415', '604', '194', '31', '12', '112', '191']
['58', '777', '109', '216', '436', '823', '906', '235']
['260', '310', '251', '983', '696', '803', '40', '196']
['100', '956', '145', '404', '691', '246', '613']
['270', '423', '851', '772', '7', '207', '492', '977']
['912', '127', '25', '163', '177', '734', '755', '882', '111']
['365', '751', '524']
['297', '197', '282', '650', '118', '860']
['571', '193', '368', '273']
['14', '131', '449', '770']
['544', '754', '96', '794', '205']
['608', '909', '320', '665', '731', '456', '825']
['929', '561', '598', '737', '372', '267', '810', '943', '289']
['253', '711', '378', '637', '835', '709', '276', '236', '765']
['356', '448', '897', '808', '158', '817', '762', '209']
['168', '462', '761', '631', '713', '690']
['988', '175', '940', '491', '70']
['592', '269', '864', '41', '787', '429', '670', '575', '223']
['979', '204', '533', '309', '248']
['487', '406', '99', '741', '281', '601', '142', '750', '259']
['746', '120', '67', '733', '293', '162', '321', '128', '71', '463']
['307', '610', '49', '126', '869', '230', '199']
['432', '591', '138', '573', '995', '934', '652', '18', '454']
['129', '478', '311', '434', '486', '771', '152']
['999', '920', '546', '79', '261', '27', '21', '473']
['669', '0', '412', '335', '76', '638', '685', '926']
['290', '706', '265', '61', '445', '323', '635', '302', '562']
['203', '89', '666', '241', '910', '768', '357', '563', '565', '278']
['766', '791', '420', '2', '217', '498', '54', '774', '464', '848']
['717', '704', '850', '402', '674', '308']
['663', '831', '569', '969', '377', '97', '476', '647', '858']
['833', '967', '62', '83', '243', '933', '144', '583']
['431', '9', '388', '125', '469', '918', '847', '626', '529', '481']
['757', '519', '576', '740', '345', '780']
['150', '212', '46', '570', '294', '815', '424', '136', '240']
['820', '182', '677', '284', '607', '106', '818', '697', '268', '688']
['4', '804', '554', '531', '657', '931', '789']
['299', '28', '225', '775', '961', '376', '679', '495', '352', '375']
['373', '288', '408', '973', '303', '72', '896']
['170', '494', '653', '634', '214']
['758', '520', '911', '91', '285', '829', '257', '45', '244', '904']
