['22', '156', '727', '495', '425', '870', '919', '565', '392', '309', '57', '123', '379', '138', '177', '827', '892', '457', '226', '614', '820', '771', '476', '911', '430', '757', '608', '119', '499', '82', '4', '143', '804', '867', '264', '72', '246', '866']
['496', '521', '546', '651', '383', '232', '920', '600', '335', '510', '717', '762', '295', '525', '50', '298', '65', '835', '134', '604', '251', '482', '765', '813', '890', '197', '899', '370', '122', '366']
['235', '787', '767', '503', '360', '751', '51', '436', '570', '115', '400', '918', '502', '463', '227', '785', '75', '302', '713', '454', '168', '898', '162', '491', '853', '518', '199']
['485', '481', '176', '560', '183', '844', '453', '682', '742', '516', '633', '287', '585', '907', '791', '431', '598', '139', '489', '534', '856', '828']
['736', '28', '85', '465', '609', '880', '69', '237', '663', '868', '350', '43', '169', '391', '895', '258', '778', '849', '428', '699', '33', '864', '106', '620', '859', '672', '236', '743']
['167', '427', '624', '572', '34', '164', '792', '458', '187', '349', '461', '185', '114', '592', '824', '42', '902', '372', '444', '817', '786', '210', '20', '586', '740', '341', '304', '318', '720', '876']
['910', '660', '906', '665', '1', '265', '601', '781', '893', '234', '694', '543', '399', '35', '803', '78', '334', '500', '248', '40', '155', '286', '351', '249', '79', '725', '685', '118']
['71', '331', '753', '662', '554', '730', '314', '184', '222', '704', '161', '27', '877', '284', '559', '738', '67', '59', '324', '25', '451', '656', '821', '66', '112', '693', '711', '180', '95', '207']
['783', '228', '277', '769', '605', '912', '442', '16', '269', '30', '540', '916', '305', '245', '98', '575', '429', '606', '152', '300', '669', '91', '2', '809', '466', '390', '671']
['97', '315', '412', '710', '124', '100', '407', '421', '416', '389', '900', '70', '858', '346', '833', '520', '166', '475', '634', '87', '578', '545', '799', '153', '596', '52', '831', '840', '437', '3', '883', '270', '39', '196', '498']
['64', '396', '490', '794', '581', '204', '103', '815', '719', '420', '223', '542', '816', '556', '691', '117', '111', '802', '282', '47', '886', '700', '125', '908', '714', '695', '479', '215', '211', '433', '292']
['588', '843', '147', '480', '532', '263', '668', '763', '678', '646', '276', '647', '644', '818', '913', '826', '150', '850', '723', '274', '492', '8', '882', '135', '36', '696', '548', '375', '505', '189']
['909', '29', '273', '381', '343', '146', '515', '666', '455', '54', '397', '759', '629', '829', '705', '145', '231', '256', '319', '423', '74', '128']
['19', '296', '563', '424', '321', '271', '5', '707', '526', '739', '636', '80', '474', '469', '353', '255', '553', '26', '860', '149', '369', '873', '137', '567', '754', '175', '797', '229']
['471', '764', '104', '854', '726', '438', '643', '53', '144', '443', '721', '871', '462', '652', '279', '17', '89', '402', '670', '339', '190', '49', '242', '31', '90']
['238', '923', '73', '126', '393', '380', '846', '529', '441', '193', '38', '13', '46', '623', '709', '594', '322', '712', '323', '558', '830', '722', '698', '579', '113', '329', '796']
['611', '355', '385', '927', '855', '473', '440', '748', '508', '99', '814', '281', '330', '494', '531', '852', '530', '865', '486', '41', '686']
['418', '299', '434', '702', '657', '450', '734', '260', '925', '547', '690', '812', '202', '640', '836', '77', '863', '219', '527', '338', '356', '823', '306', '170', '613', '11', '514', '186', '654', '703', '362', '179', '257', '285', '497', '460', '551', '770', '568', '603', '262']
['538', '875', '673', '266', '915', '800', '363', '378', '825', '749', '217', '6', '301', '535', '317', '76', '209', '555', '83', '283', '387', '610', '741', '289', '658', '62', '24', '148']
['198', '191', '368', '201', '312', '205', '252', '810', '552', '308', '268', '795', '92', '632', '388', '23', '102', '316', '506', '203', '616', '352', '403', '0', '415', '591', '488', '358', '409', '869', '628']
['288', '456', '617', '766', '467', '557', '129', '178', '259', '896', '291', '524', '21', '687', '776', '536', '133', '862', '612', '449', '348', '874', '838', '405', '857', '684']
['595', '689', '683', '414', '501', '788', '478', '774', '401', '755', '96', '645', '163', '819', '154', '784', '188', '130', '14', '200', '834', '439', '88', '511', '732', '745', '793', '811', '63', '724', '136', '881', '445', '422', '216', '550']
['697', '493', '574', '208', '337', '737', '731', '9', '365', '593', '805', '872', '141', '261', '627', '768', '888', '642', '233', '580', '630', '410', '60']
['435', '761', '45', '158', '904', '160', '109', '926', '374', '212', '344', '108', '230', '140', '131', '224', '914', '483', '747', '655', '395', '142', '253', '272', '569']
['371', '61', '752', '419', '760', '517', '194', '801', '921', '452', '121', '386', '239', '735', '342', '240', '214', '566', '157', '357', '377', '487', '243', '889', '7', '564', '364', '692', '254']
['798', '459', '775', '107', '848', '879', '345', '587', '780', '477', '464', '221', '789', '528', '577', '127', '244', '839', '929', '806', '326', '549', '533', '472', '590', '571', '446', '837', '512']
['311', '247', '807', '541', '708', '468', '278', '715', '901', '432', '165', '218', '626', '728', '297', '637', '924', '354', '86', '522', '885', '790', '733', '340', '779', '426', '404', '718', '151', '584', '677', '171']
['182', '903', '847', '648', '333', '758', '845', '649', '448', '359', '225', '674', '667', '756', '922', '58', '32', '181', '328', '101', '361', '625', '897', '93', '706', '44', '94', '172', '777', '576', '507', '641', '173', '384', '599', '382']
['884', '878', '293', '917', '891', '105', '701', '523', '772', '336', '841', '842', '894', '618', '280', '327', '484', '583', '544', '48', '18', '519', '928', '676', '398', '631']
['639', '513', '537', '68', '729', '195', '192', '607', '213', '303', '406', '159', '367', '822', '206', '347', '325', '675', '653', '12', '615', '573', '394', '589']
['267', '602', '504', '622', '661', '411', '116', '688', '310', '470', '220', '408', '750', '320', '332', '773', '650', '81', '619', '905', '635', '56', '782', '681', '746', '84', '110', '373', '562', '621']
['417', '294', '174', '561', '680', '241', '376', '808', '447', '851', '10', '539', '132', '861', '307', '887', '832', '597', '15', '509', '290', '120', '638', '413', '250', '582', '313', '659', '275', '55', '744', '664', '679', '37', '716']
