['470']
['431', '233', '461']
['704']
['740']
['535']
['606', '453', '147']
['851', '298']
['222']
['384', '728', '864', '2']
['77', '314']
['840', '919', '997']
['324', '486']
['668', '465', '354', '456']
['624', '956', '714']
['838']
['282', '778']
['543', '8']
['566', '945']
['625', '659']
['204', '574']
['927', '754', '886', '861', '618']
['61']
['288', '965']
['909']
['573', '89']
['647', '534']
['969', '524']
['504']
['90']
['982', '7']
['868', '792', '555', '218']
['519', '95', '671']
['279']
['246', '774']
['338', '561']
['577']
['902', '260']
['371']
['66']
['51']
['581', '866', '482', '797']
['753', '515']
['270']
['691', '459', '702']
['938']
['588', '112']
['699']
['924', '954']
['332']
['964', '446']
['608', '271', '9', '76']
['487']
['132']
['96', '252']
['382', '579']
['893', '65', '958']
['427', '700']
['268', '38']
['405']
['970', '88']
['912', '420']
['947']
['911', '385']
['441', '12', '616', '503', '54', '815']
['352', '540', '400', '310']
['44', '109']
['130', '116', '580']
['191', '808']
['248', '953', '293']
['760']
['813']
['880', '563']
['946', '680']
['462', '955']
['23', '439', '40']
['364', '249', '746', '455']
['386']
['795', '948']
['872', '369']
['296', '716']
['644']
['286']
['60', '58']
['108']
['125']
['833', '474']
['569']
['326', '821', '299', '518']
['353']
['421']
['220', '452', '773']
['734', '942']
['842']
['750']
['194', '106', '845', '56']
['302']
['856', '800']
['275', '944']
['766']
['497', '256']
['367', '602']
['152']
['395']
['899']
['42', '759']
['690', '490']
['578']
['906', '32']
['419', '74']
['492']
['758', '869', '988']
['903']
['529', '673', '129']
['357', '896', '195']
['987', '200']
['744', '214']
['537', '142', '144']
['600', '859', '342']
['619', '297', '500', '166']
['380', '639']
['558', '889']
['239']
['498']
['825', '547', '155', '6']
['377', '126', '47', '791', '151']
['820']
['855']
['805', '46']
['929', '847']
['517', '516', '593']
['843', '854', '915']
['258']
['586']
['311']
['582']
['776', '992']
['366', '844']
['35', '295']
['672', '528']
['111']
['18']
['62', '292', '68']
['225', '100']
['325', '572', '789']
['538']
['614']
['870', '860']
['83', '617', '688']
['695', '491']
['763']
['198', '137']
['506']
['328', '666']
['458', '22']
['94']
['628', '87']
['390']
['186', '584', '713']
['247', '253']
['323', '280']
['951', '182']
['620']
['812']
['609', '793', '852']
['415', '589']
['908']
['81', '363']
['349', '264', '836']
['940']
['278', '649']
['163', '267']
['339', '638']
['175', '960']
['466', '610']
['136', '612', '786']
['918']
['107', '541']
['417', '79', '300']
['374', '169', '525', '603', '333', '511', '450']
['139']
['850', '183', '115']
['64']
['341']
['626', '560']
['818']
['631', '930']
['213', '597', '830']
['3', '210']
['661']
['110', '368']
['365']
['562', '798']
['321']
['643']
['463', '25']
['810', '49', '849']
['496']
['585', '502']
['460', '418']
['917']
['692', '140']
['234', '85']
['817', '686', '478']
['331', '709', '898']
['570']
['717', '871']
['853']
['148', '888', '742']
['355', '438', '343']
['715', '378']
['180']
['15']
['651', '826', '57']
['816', '216']
['891', '457', '685']
['80', '794', '449']
['231']
['802']
['63']
['294', '670']
['595', '320', '594']
['660', '523', '993']
['635', '568']
['738', '822']
['522']
['34', '926', '467']
['82', '477']
['858']
['150']
['135', '865']
['827']
['272']
['403', '803']
['914', '835', '351']
['306']
['507']
['318', '92']
['994']
['920', '11', '550']
['689']
['675']
['646', '493', '104', '905']
['986', '726']
['387', '45']
['596']
['775', '257']
['557']
['184', '667', '790', '867', '113']
['933']
['630']
['412', '846']
['640', '687', '762']
['777']
['741']
['755', '305', '121']
['227']
['434', '236', '784', '876']
['637', '197', '513']
['255']
['154', '819']
['708', '576']
['737', '344', '514']
['823', '591']
['723']
['725']
['411']
['989', '974']
['408', '13']
['336', '998', '397', '84']
['983']
['650']
['468']
['188', '230', '977']
['442']
['657', '599', '590', '678']
['392', '448']
['209', '824', '732', '464']
['934']
['153']
['33']
['27', '469']
['645', '632']
['809', '967']
['839', '990']
['863', '932', '235', '330']
['208', '694', '228']
['607', '950']
['17', '718']
['743', '873']
['158', '105', '69', '874', '565']
['587', '780']
['75']
['489', '721']
['317', '551']
['656', '483', '931', '978', '653']
['936', '26', '913']
['161', '745']
['73', '476', '53', '801']
['682', '118']
['592']
['322', '269']
['971', '238', '501']
['508', '119']
['892', '428', '316']
['991']
['283']
['211']
['402']
['362']
['772', '615']
['48']
['401', '904']
['712', '693']
['199']
['70']
['521', '43', '319']
['394']
['613']
['170', '277']
['4', '127', '731', '841', '308']
['485']
['520']
['117', '167']
['55']
['882', '28']
['583', '623', '1']
['627', '799', '652']
['72', '262']
['782', '114', '877']
['804', '304', '814', '669', '36']
['736', '162']
['284', '985']
['724']
['683', '768']
['265']
['831', '544']
['21', '245']
['221', '16', '539']
['707', '785']
['894']
['426', '226']
['124', '887', '440']
['787', '274']
['811', '346']
['952', '376']
['968']
['178', '285', '435']
['664']
['879']
['259', '875', '479']
['655']
['206', '532']
['185']
['103', '884']
['165', '181']
['416', '174']
['303']
['301']
['102', '961']
['171']
['190', '97']
['451', '14']
['711']
['995', '748']
['943', '445', '962', '131', '254']
['388']
['290', '409']
['381', '164', '727']
['923', '883']
['575']
['372', '779', '437', '207']
['71', '356']
['20']
['611', '177', '739']
['143', '193']
['334', '192']
['552', '922']
['999', '358', '327']
['261']
['783', '972']
['287']
['966', '676', '176', '925']
['697', '765']
['101', '399']
['769', '696']
['29', '414', '348']
['425', '10']
['123', '505', '510']
['244']
['733']
['975']
['788', '564']
['722', '935']
['159', '160', '189']
['648', '120', '179']
['542', '93']
['959', '527', '443']
['396']
['422', '41']
['949', '895']
['128', '370', '86']
['187', '979', '764', '916']
['963', '770']
['432', '146', '531']
['567']
['937']
['315', '340', '634', '533', '0', '749']
['237', '703']
['796']
['605', '291']
['781']
['641', '59']
['598', '134', '436']
['658', '494', '980']
['832', '99']
['429', '217', '138']
['404']
['984']
['473', '837']
['329']
['928', '665', '335']
['806']
['398', '548']
['276']
['424']
['39']
['24', '205']
['201', '654']
['512', '337', '747']
['149', '939']
['98']
['312', '488', '761']
['50']
['413', '996']
['536', '373', '559']
['407', '807']
['410']
['636']
['973', '289']
['663']
['250']
['981']
['360']
['196', '309']
['681', '156', '706']
['212']
['281']
['444', '91', '771']
['215']
['389', '621']
['509', '710']
['37', '829']
['347', '890']
['553', '729']
['273']
['719', '122']
['266']
['642', '941', '720']
['203', '751', '242', '622']
['168', '848']
['530', '757']
['662', '157']
['495', '375', '881']
['684', '900']
['67', '202', '313']
['229']
['545', '705']
['172', '481']
['31', '828']
['406', '546', '701']
['78', '633']
['499', '232', '219', '224', '475']
['5', '897']
['359']
['263', '223', '604']
['241', '383']
['393']
['957']
['857']
['240', '350', '921']
['454', '345']
['133', '677', '484', '379']
['907']
['480', '472', '554']
['901', '730']
['862']
['423']
['19']
['834', '910']
['571']
['698', '391', '361']
['430', '556']
['601', '674']
['976']
['173', '735', '433', '30']
['679', '145']
['878', '243', '629', '471', '251']
['752', '549']
['307', '526']
['447', '885']
['141', '767', '52', '756']
