['906', '77', '343', '193', '533', '961', '890', '127', '390', '461', '282', '25', '549', '870', '740', '188', '633', '604', '55', '827', '989']
['118', '383', '985', '627', '789', '919', '219', '717', '76', '114', '561', '714', '189', '729', '702', '505', '71', '567', '341', '703', '2', '884', '54', '161', '892', '238']
['498', '369', '997', '441', '706', '705', '254', '10', '11', '551', '646', '123', '214', '399', '401']
['482', '500', '253', '376', '629', '736', '517', '993', '141', '914', '647', '142', '485', '751', '154', '425', '381', '437', '431', '224', '558']
['723', '266', '221', '147', '62', '316', '693', '514', '503', '225', '471', '683', '64', '190', '169', '978', '920']
['939', '312', '672', '833', '707', '662', '778', '39', '128', '882', '949', '486', '521', '537', '975', '586']
['392', '871', '525', '191', '228', '531', '713', '27', '46', '977', '462', '334', '260', '220', '459']
['680', '685', '840', '872', '575', '753', '802', '715', '600', '996', '899', '388', '408', '708', '32', '280', '820']
['60', '730', '843', '568', '504', '202', '711', '470', '165', '725', '204', '530', '353', '790', '542', '835', '466', '216', '597', '822', '447', '865']
['636', '704', '284', '196', '218', '524', '192', '743', '270', '493', '969', '917']
['679', '582', '858', '516', '347', '958', '532', '8', '360', '664', '234', '237', '851', '246', '403', '449', '423', '72', '125', '563', '26', '133']
['787', '21', '610', '144', '200', '263', '613', '464', '203', '573', '152', '726', '758', '749', '793', '210', '287', '767', '410', '923']
['911', '943', '393', '972', '755', '818', '837', '116', '507', '625', '733', '79', '699', '108']
['930', '957', '117', '867', '698', '489', '424', '536', '277', '156', '866', '242', '828', '359', '325', '666', '878', '596', '468', '752', '309', '283']
['630', '19', '844', '873', '506', '722', '139', '887', '620', '47', '779', '318', '174', '290', '211', '222', '850', '160', '354', '320', '484', '852', '183', '86']
['451', '6', '936', '971', '103', '199', '167', '898', '645', '669', '9', '649', '150', '607', '776', '904', '775']
['436', '520', '259', '338', '735', '518', '845', '34', '955', '184', '657', '236']
['695', '974', '815', '951', '853', '258', '826', '446', '409', '304', '249', '68', '941', '773', '794', '886', '124']
['288', '541', '816', '140', '857', '513', '580', '98', '881', '916', '274', '209', '592', '311', '356', '585', '554', '855', '100']
['540', '988', '763', '875', '395', '587', '90', '418', '817', '394', '781', '332', '653', '771', '637', '195', '297', '786']
['812', '684', '328', '670', '102', '598', '460', '889', '481', '300', '928', '522', '105', '628', '463', '151', '427', '800', '876', '29', '366', '671', '487', '336', '261', '387', '496', '992', '241']
['655', '96', '330', '45', '519', '421', '990', '426', '965', '903', '66', '91', '15', '491', '675', '709', '962']
['788', '164', '905', '900', '785', '609', '307', '63', '796', '891', '12', '495', '560', '952', '7', '24', '659', '591', '324', '319', '813', '543']
['612', '31', '217', '397', '16', '173', '239', '285', '23', '479', '295', '80', '595', '791', '739', '104', '488', '385', '579', '745']
['137', '737', '40', '538', '95', '946', '527', '691', '389', '122', '677', '355', '825', '223', '650', '492', '252', '760', '640', '940', '590', '584', '511', '925', '608', '177', '497']
['897', '407', '458', '894', '950', '148', '467', '909', '51', '106', '56', '454', '159', '687', '240', '176', '918', '428', '81', '350', '667', '317']
['406', '565', '635', '398', '28', '194', '380', '413', '674', '181', '477', '275', '157', '371', '302', '273', '814', '632', '966', '660', '172']
['348', '438', '53', '566', '515', '795', '94', '445', '606', '547', '351', '301']
['453', '799', '49', '20', '983', '232', '474', '929', '935', '832', '262', '652', '365', '748', '162', '207', '623', '4', '14', '256', '807', '501', '690', '170', '465']
['754', '74', '968', '603', '924', '129', '502', '88', '614', '661', '757', '964']
['823', '67', '187', '30', '346', '841', '435', '621', '59', '276', '368', '0', '299', '308', '642', '377', '963', '868', '430']
['37', '178', '198', '880', '605', '362', '756', '248', '358', '874', '244', '18', '741', '864', '663', '440', '452', '846', '296']
['588', '321', '937', '286', '429', '942', '38', '109', '719', '400', '171', '143', '731', '716', '153', '432', '902', '689', '836', '121', '611', '849', '101', '313', '229']
['578', '809', '528', '569', '987', '564', '523', '589', '448', '205', '50', '555', '772', '766', '146', '681', '700', '780', '559', '226', '948', '439', '819', '803', '798', '746']
['721', '931', '545', '306', '883', '847', '744', '869', '842', '539', '305', '367', '994', '710', '186', '163', '372', '581', '593', '838']
['475', '329', '701', '976', '357', '363', '956', '208', '982', '352', '180', '830', '303', '112', '419', '879', '416', '944', '73', '991', '980', '934', '764', '158', '810', '686', '509', '349']
['631', '594', '862', '92', '197', '995', '805', '829', '692', '572', '230', '17', '863', '544', '720', '115', '808', '792', '616', '534']
['834', '373', '145', '326', '967', '783', '361', '335', '556', '455', '340', '247', '65', '119', '654', '981', '70', '327', '84', '13', '784', '472', '134']
['166', '375', '149', '676', '444', '411', '529', '697', '136', '668', '960', '43', '69', '938', '583', '848', '22', '908', '255', '433', '422', '979']
['626', '42', '5', '469', '508', '797', '769', '344', '618', '624', '212', '44', '415', '571', '310', '912', '420', '644', '648']
['553', '770', '896', '694', '52', '442', '774', '728', '557', '130', '510', '615', '269', '526', '250', '927', '734', '535']
['921', '602', '182', '801', '907', '168', '688', '291', '856', '35', '93', '251', '959', '206', '268', '82', '678', '762']
['476', '656', '41', '99', '292', '272', '806', '87', '294', '546', '245', '885', '727', '824', '562', '550', '915', '913', '155', '175']
['382', '278', '78', '859', '315', '3', '83', '267', '742', '821', '370', '342', '434', '765', '973', '494', '732', '641', '265']
['860', '331', '759', '893', '185', '264', '402', '417', '499', '404', '712', '638', '378', '345', '396', '970', '379', '457']
['97', '298', '782', '747', '233', '750', '405', '954', '999', '622', '490', '227', '314', '478', '75', '984', '480', '933', '574', '643', '391', '289']
['854', '279', '724', '323', '718', '113', '696', '110', '364', '339', '512', '120', '617', '658', '986', '386', '126', '85']
['811', '412', '761', '953', '293', '322', '107', '235', '895', '414', '910', '337']
['57', '1', '443', '665', '333', '374', '673', '548', '619', '576', '839', '201', '932', '213', '804']
['552', '135', '901', '577', '231', '456', '179', '945', '888', '634', '281', '384', '61', '257', '132', '738', '861', '111', '138', '36']
['89', '998', '243', '777', '947', '483', '599', '271', '570', '33', '926', '215', '682', '131', '639', '877', '651', '922', '601', '473', '831', '768', '48', '450', '58']
