['825', '64', '854', '894', '729', '11', '951', '530', '914', '650', '999', '429', '272', '856', '53', '754', '368', '968', '930', '832', '425', '609', '934']
['944', '121', '753', '808', '271', '717', '921', '80', '803', '204', '797', '196', '347', '174', '898', '869', '870', '468', '420', '912', '680', '913', '296', '117', '151']
['68', '945', '769', '157', '361', '700', '313', '817', '291', '750', '755', '614', '202', '706', '551', '916', '118', '741', '771', '67', '747', '132']
['733', '293', '397', '331', '145', '282', '353', '807', '19', '791', '469', '246', '737', '966', '665', '15', '130']
['0', '821', '994', '672', '126', '427', '238', '899', '823', '751', '209', '718', '336', '235', '111', '524', '55']
['820', '66', '168', '216', '74', '479', '426', '158', '931', '545', '114', '984', '495', '723', '744', '686', '566', '369', '859', '328', '857', '850']
['222', '305', '792', '3', '562', '44', '829', '87', '485', '522', '275', '595', '681', '842', '332', '47', '207', '283', '107', '199', '880', '56', '441', '374']
['882', '242', '50', '943', '494', '955', '544', '801', '534', '166', '814', '248', '813', '295', '489', '667', '819', '76', '858', '564', '171', '993']
['188', '698', '517', '89', '507', '252', '197', '888', '719', '34', '57', '896', '749', '475']
['200', '63', '236', '373', '278', '684', '510', '752', '519', '265', '286', '9', '281', '385', '419', '25', '406', '770', '732', '99', '502', '229', '28', '542', '22']
['103', '833', '486', '773', '116', '836', '102', '410', '561', '553', '149', '556', '533', '483', '651', '192', '818', '616']
['394', '784', '661', '734', '607', '139', '816', '2', '205', '96', '942', '950', '552', '370', '643', '554', '311', '779', '660', '366', '17', '855', '874', '304', '61']
['322', '233', '484', '326', '466', '375', '38', '319', '467', '735', '303', '740', '687', '440', '273', '688', '736', '143', '560']
['692', '877', '897', '704', '14', '695', '156', '255', '119', '317', '306', '520', '954', '618', '460', '377', '887', '136']
['809', '558', '971', '673', '585', '411', '83', '71', '386', '92', '778', '781', '29', '472', '988', '972', '654', '418', '256', '608', '23', '470', '743', '702', '343']
['240', '987', '594', '464', '231', '93', '577', '633', '363', '211', '459', '938', '794', '872', '346', '694', '349', '402']
['358', '389', '579', '713', '893', '537', '629', '597', '721', '226', '191', '845', '62', '300', '907', '106', '941', '866', '195', '516', '342', '159', '82', '640', '125']
['861', '918', '463', '655', '417', '505', '503', '58', '262', '591', '774', '81', '910', '474', '381', '401', '903', '659']
['501', '77', '593', '936', '878', '193', '992', '438', '860', '488', '387', '448', '413', '13', '576', '513', '961', '540', '146', '316', '864']
['636', '946', '51', '270', '108', '75', '45', '138', '798', '8', '957', '356', '49', '600', '952', '400', '613', '682', '173', '241', '621', '933', '840', '416', '765']
['141', '851', '357', '327', '759', '124', '902', '465', '91', '514', '727', '476', '508', '73', '329', '772', '360', '335', '948', '674']
['964', '458', '714', '827', '309', '518', '147', '308', '127', '919', '676', '789', '477', '777', '169', '761', '212', '549', '669', '161']
['871', '6', '837', '570', '528', '414', '408', '632', '451', '847', '567', '302', '844', '492', '95', '223', '707']
['54', '849', '18', '201', '550', '690', '445', '891', '5', '679', '396', '352', '642', '219', '500', '447', '812', '285', '244', '424', '568', '183']
['294', '932', '883', '532', '289', '726', '341', '435', '683', '985', '947', '213', '843', '37', '267', '715', '88', '889', '449', '547', '541', '10', '140', '799', '404']
['525', '150', '462', '115', '691', '601', '810', '253', '30', '390', '33', '927', '392', '499', '421', '834', '937', '310', '506', '330']
['822', '689', '589', '989', '154', '176', '828', '762', '292', '422', '208', '884', '978', '935', '635', '710', '307', '203', '965', '40']
['97', '879', '720', '926', '314', '359', '228', '170', '31', '940', '969', '218', '890', '165', '436', '584']
['637', '868', '179', '806', '697', '371', '775', '493', '339', '563', '344', '348', '383', '617', '264', '239', '728', '599', '873', '793', '995', '21', '970', '48']
['455', '128', '430', '782', '760', '628', '815', '457', '670', '766', '254', '742', '922', '69', '388', '653', '548', '666', '104', '471']
['975', '279', '325', '260', '539', '624', '838', '261', '573', '288', '976', '581', '929', '412']
['230', '98', '802', '452', '963', '906', '841', '446', '696', '962', '867', '590', '432', '852', '865', '529', '908', '757']
['354', '225', '983', '909', '949', '559', '215', '198', '703', '583', '745', '592', '210', '764', '982']
['996', '437', '152', '487', '615', '980', '444', '892', '257', '101', '482', '39']
['490', '395', '675', '668', '588', '646', '521', '543', '251', '480', '853', '287', '399', '134', '431', '415']
['587', '299', '59', '620', '301', '977', '269', '137', '768', '658', '612', '622', '923', '967', '731', '663', '439', '43', '915', '738']
['79', '180', '881', '376', '189', '338', '27', '86', '206', '232', '574', '227', '237', '699', '182', '758', '569', '167']
['42', '243', '763', '190', '641', '555', '153', '393', '904', '109', '824', '220', '94', '497', '565', '986', '20', '527']
['578', '46', '456', '144', '350', '905', '602', '582', '701', '846', '185', '739', '748', '453', '454', '245', '515', '407', '776', '461', '280']
['177', '960', '730', '334', '337', '625', '184', '36', '619', '538', '259', '214', '234', '160', '708', '405', '746', '498', '142', '512']
['953', '249', '523', '423', '7', '925', '155', '648', '790', '788', '276', '364', '496', '644', '65', '217', '258', '973', '133', '876', '428', '52']
['340', '990', '478', '351', '123', '716', '795', '767', '398', '638', '433', '60', '90', '531', '862', '163', '811', '598', '623', '442', '263', '780', '32', '367', '536']
['596', '649', '312', '391', '571', '434', '26', '630', '901', '826', '557', '656', '705', '70', '535']
['875', '41', '611', '443', '178', '509', '974', '297', '831', '16', '320', '250', '911', '298', '403', '678']
['805', '175', '783', '355', '372', '12', '318', '24', '603', '85', '835', '575', '920', '290', '956', '639']
['113', '277', '981', '586', '315', '100', '224', '274', '131', '181', '323', '110', '652', '135', '997', '917', '712', '924', '187', '634', '481', '511', '284', '671', '221']
['839', '268', '504', '382', '711', '378', '725', '604', '605', '657', '756', '804', '526', '848', '78', '606', '998']
['450', '979', '664', '324', '647', '787', '35', '162', '724', '84', '1', '900', '885', '247', '172', '365', '662', '959', '800', '72', '709', '345', '148', '186', '321']
['572', '693', '194', '122', '685', '610', '266', '112', '677', '409', '4', '886', '928', '105', '380', '796', '991', '958', '626']
['722', '785', '786', '384', '580', '129', '627', '120', '546', '645', '362', '830', '473', '164', '333', '863', '379', '491', '631', '895', '939']
