['515', '347', '42', '310', '472', '380', '391', '300', '166', '236', '78', '374', '19', '239', '22', '648', '51', '277', '155', '9', '786']
['752', '219', '68', '286', '192', '430', '476', '494', '50', '339', '617', '629', '246', '225', '541', '280', '784', '117']
['222', '530', '564', '764', '189', '93', '670', '115', '190', '621', '322', '301', '498', '696']
['753', '508', '644', '698', '820', '206', '446', '167', '137', '330', '487', '157', '589', '195', '163', '57', '491', '819']
['585', '555', '309', '735', '7', '583', '325', '539', '717', '503', '439', '396', '409', '637']
['692', '240', '196', '373', '179', '728', '458', '48', '96']
['376', '706', '507', '553', '84', '801', '188', '622', '187', '29', '20', '420', '102', '90', '341', '694', '499', '213']
['312', '603', '89', '839', '176', '803', '131', '124', '699', '725', '233', '655', '65', '161', '75', '23', '162', '568', '606', '408', '349', '739']
['615', '619', '577', '782', '125', '657', '483', '524', '204', '673', '198', '110', '178', '602', '584', '438', '169', '471', '742', '305', '573']
['807', '403', '647', '662', '186', '290', '254', '552', '263', '572', '269', '774', '228', '689', '495', '291', '25', '642', '596', '12', '113', '197', '174']
['170', '338', '211', '13', '145', '744', '532', '460', '242', '238', '681', '382', '724', '704', '457', '641', '81', '777', '241', '560']
['447', '378', '371', '356', '224', '244', '823', '423', '136', '262', '502', '743', '4', '444', '74', '95', '668', '70']
['633', '653', '686', '616', '393', '677', '121', '10', '569', '171', '395', '504', '260', '363', '813', '579', '449', '414', '474', '35', '548', '586', '459', '73', '69', '249']
['151', '425', '712', '536', '643', '511', '183', '0', '773', '695', '52', '256', '595', '107', '278', '32']
['120', '812', '685', '416', '372', '707', '336', '697', '526', '55', '479', '828', '538', '635', '111', '41', '679', '514', '87', '159']
['366', '129', '797', '264', '825', '587', '749', '214', '509', '152', '719', '401', '307', '562']
['173', '518', '104', '684', '522', '559', '674', '271', '44', '533', '328']
['72', '182', '357', '94', '37', '833', '28', '731', '311', '267', '702', '21', '405', '581', '143', '389', '247', '404', '415', '370', '76']
['475', '60', '598', '520', '210', '38', '544', '34', '730', '202', '272', '727', '184', '327', '251', '799', '630', '793']
['368', '574', '733', '826', '369', '576', '759', '563', '645', '319', '597', '436', '523', '542', '465', '232', '814']
['40', '623', '771', '259', '33', '601', '279', '610', '400', '126', '790', '651', '216', '798', '39', '287', '248', '567', '709', '106', '160']
['763', '821', '343', '604', '410', '545', '383', '146', '675', '64', '775', '427', '736', '304', '529', '273', '500', '379', '634', '804', '281', '148', '496', '450']
['1', '445', '513', '340', '58', '100', '570', '794', '547', '392', '348', '59', '203', '543', '824', '837', '638', '292', '193', '156', '760', '549']
['701', '680', '832', '556', '142', '275']
['665', '512', '53', '345', '816', '274', '181', '337']
['62', '133', '456', '726', '448', '282', '464', '361', '36', '333', '138', '659', '17', '116', '484', '132', '838', '419', '528']
['683', '663', '47', '406', '426', '575', '293']
['27', '571', '432', '710', '306', '61', '482', '722', '209', '352', '265', '266', '566', '112', '92']
['109', '388', '792', '723', '836', '418', '321', '377', '417', '252', '147', '746', '671', '740', '687', '435', '780']
['497', '270', '433', '323', '612', '614', '808', '49', '289', '652', '412', '703', '551', '316']
['454', '613', '421', '83', '350', '639', '313', '8', '308', '815', '779', '666', '493', '86', '154', '582']
['620', '758', '608', '713', '795', '127', '558', '45', '429', '80', '785', '469', '818', '451', '437', '351', '344', '486', '230']
['200', '360', '201', '335', '141', '461', '590', '226', '769', '294', '467', '690']
['54', '829', '789', '298', '18', '640', '765', '806', '676', '258', '315', '554', '537', '101', '716', '26', '791', '809', '334', '257', '139', '250']
['218', '285', '212', '625', '288', '153', '134']
['191', '158', '462', '103', '756', '646', '781', '168', '234', '402', '329', '831', '661', '822', '180', '770', '720', '362', '835']
['660', '428', '24', '332', '788', '149', '119', '384', '721', '580', '295', '440', '691', '519']
['650', '303', '714', '97', '105', '827', '2', '594', '85']
['453', '399', '46', '231', '750', '718', '654', '386', '510', '296', '489', '754', '628', '353']
['490', '227', '318', '734', '748', '390', '693', '268', '324', '358', '550', '185', '466', '477', '768', '772', '385', '796', '631', '6', '463', '732', '346', '527', '599', '688', '407', '535']
['443', '605', '757', '144', '67', '700', '15', '455', '229', '135', '787', '761', '114', '540', '261', '5', '82']
['364', '664', '755', '381', '485', '342', '276', '468', '531', '16', '394', '320', '592', '669', '217', '122', '632']
['284', '297', '359', '656', '220', '766', '658', '245', '778', '56', '79', '140', '317', '128', '424', '607']
['488', '367', '177', '91', '77', '411', '501', '66', '776', '557', '492', '452', '811', '441', '480', '130', '215']
['751', '729', '636', '521', '802', '517', '834', '123', '237', '481', '747', '618', '398', '165']
['561', '442', '805', '164', '591', '525', '108', '593', '578', '98', '253', '737', '745', '810', '387']
['588', '711', '88', '738', '150', '705', '283', '221', '71', '516', '667', '172', '207', '817', '611']
['255', '708', '626', '205', '43', '365', '199', '534', '31', '546', '431', '627', '194', '830', '715']
['331', '11', '355', '506', '413', '767', '783', '30', '505', '609', '600', '208', '762', '118', '243', '299', '434', '397', '678', '624', '314', '63']
['422', '175', '375', '672', '223', '741', '682', '99', '649', '478', '473', '354', '326', '3', '565', '235', '470', '302', '800', '14']
