['174', '103', '756', '104', '183', '464', '46']
['98', '207', '372', '761', '796', '714', '397']
['856', '282', '625', '245', '321', '223', '330']
['396', '233', '673', '703', '883', '535', '792']
['10', '811', '404', '226', '326']
['511', '60', '957', '731', '924', '876', '932']
['201', '473', '266', '894', '344', '870', '788']
['862', '425', '606', '114', '294', '889', '906']
['102', '101', '384', '918', '176', '646', '209']
['812', '392', '421', '366', '603']
['846', '268', '911', '389', '913', '676', '94']
['1', '670', '588', '212', '666', '930', '359']
['283', '361', '867', '154', '598', '886', '655']
['938', '931', '892', '505', '948', '591', '215']
['377', '160', '432', '945', '244', '402', '776']
['108', '399', '857', '916', '547', '394']
['310', '56', '91', '841', '751', '264', '308']
['358', '783', '693', '488', '578', '738', '860']
['510', '323', '623', '952', '489', '508', '398']
['847', '21', '568', '168', '839', '419', '572']
['443', '637', '137', '487', '657', '113', '170']
['364', '356', '295', '681', '216', '537', '122']
['833', '613', '661', '3', '669', '339']
['589', '257', '329', '341', '252', '157', '17']
['650', '26', '939', '214', '902', '516', '972']
['832', '745', '66', '93', '281', '205', '246']
['491', '495', '577', '607', '917', '614', '826']
['67', '768', '474', '561', '723', '943', '882']
['147', '19', '514', '42', '428', '145', '753']
['45', '809', '360', '186', '0', '728', '933']
['128', '825', '725', '686', '219', '453', '767']
['189', '546', '793', '456', '163', '251', '545']
['192', '726', '672', '553', '801']
['790', '965', '427', '287', '770', '5', '772']
['177', '51', '700', '806', '332']
['509', '629', '43', '64', '905', '259', '14']
['381', '190', '507', '304', '702', '291', '346']
['218', '750', '208', '868', '740', '422', '785']
['440', '452', '33', '656', '296', '566', '78']
['576', '864', '687', '253', '367', '705', '782']
['100', '563', '895', '653', '409', '660', '412']
['893', '262', '125', '579', '615', '564', '616']
['53', '203', '353', '531', '711', '581']
['506', '863', '144', '552', '284', '426', '582']
['162', '77', '805', '690', '376', '438', '518']
['609', '642', '521', '608', '461', '416', '921']
['947', '462', '120', '241', '515', '9', '90']
['467', '958', '698', '741', '803', '370', '920']
['220', '124', '275', '873', '307', '149', '405']
['65', '593', '897', '490']
['320', '797', '667', '498', '89', '823', '228']
['849', '697', '411', '617', '662', '351']
['236', '634', '322', '362', '836', '717', '11']
['225', '969', '106', '896', '164', '439', '851']
['620', '645', '804', '747', '900', '501', '482']
['76', '132', '927', '57', '184', '297', '810']
['784', '539', '699', '814', '171', '407', '69']
['71', '336', '659', '74', '878', '87', '455']
['235', '191', '929', '119', '565', '550', '272']
['732', '850', '280', '393']
['858', '349', '202', '247', '115', '722', '621']
['305', '75', '875', '63', '664', '612', '285']
['85', '331', '333', '734', '701', '721', '764']
['301', '175', '249', '765', '408', '585', '840']
['534', '710', '61', '800', '691', '182', '324']
['131', '680', '523']
['556', '594', '520', '136', '454', '460', '865']
['798', '866', '96', '286', '357', '590', '540']
['689', '159', '62', '480', '97', '529', '81']
['278', '435', '779', '403', '302', '604', '350']
['944', '497', '28', '484', '898']
['493', '463', '185', '459', '828', '36', '962']
['418', '575', '829', '312', '736', '271', '303']
['551', '530', '818', '441', '242', '109', '748']
['910', '735', '105', '626', '852', '652', '148']
['269', '413', '276', '313', '152', '674', '600']
['827', '733', '654', '375', '596', '562', '953']
['298', '315', '760', '27', '335', '630', '406']
['437', '628', '41', '449', '469', '755', '549']
['908', '605', '538', '194', '73', '121', '38']
['871', '494', '822', '373', '230', '400', '134']
['599', '742', '884', '744', '387', '181', '638']
['528', '143', '955', '485', '37', '946', '99']
['221', '757', '31', '766', '424', '890', '481']
['887', '971', '715', '232', '354', '466', '496']
['861', '451', '292', '554', '712', '807', '54']
['541', '869', '224', '737', '327', '903', '526']
['52', '317', '4', '830', '447', '831', '58']
['845', '380', '517', '601', '23', '410']
['196', '254', '718', '395', '533', '912']
['197', '512', '446', '70', '68', '641', '525']
['423', '778', '156', '238', '587', '624', '391']
['267', '611', '936', '255', '729', '289', '808']
['123', '923', '325', '79', '239', '950', '431']
['643', '522', '343', '248', '338', '855', '904']
['135', '299', '872', '141', '486', '719', '80']
['55', '12', '198', '684', '859', '436', '328']
['468', '560', '95', '25', '934', '799', '448']
['274', '142', '382', '457', '386', '519', '383']
['773', '347', '532', '752', '835', '527', '968']
['720', '417', '188', '465', '583', '555', '683']
['16', '789', '682', '290', '842', '374', '573']
['544', '199', '820', '288', '430', '647', '874']
['116', '82', '107', '685', '813', '802', '18']
['227', '7', '475', '444', '649', '919', '668']
['478', '964', '130', '200', '817', '967', '133']
['138', '146', '963', '265', '559', '709', '471']
['420', '479', '492', '173', '633', '180', '129']
['337', '888', '260', '771', '458', '815', '30']
['311', '59', '195', '39', '504', '83', '795']
['558', '179', '909', '415', '263', '213', '843']
['499', '925', '848', '688', '217', '117', '250']
['763', '318', '937', '231', '635', '8', '879']
['345', '385', '503', '270', '88', '150', '708']
['928', '178', '724', '569', '749', '542', '794']
['819', '524', '696', '704', '118', '786', '695']
['86', '716', '956', '707', '161', '15', '243']
['791', '72', '922', '658', '639', '787', '632']
['371', '595', '32', '352', '2', '663', '951']
['6', '954', '13', '433', '342', '48', '692']
['434', '319', '665', '40', '84', '112', '500']
['574', '854', '899', '567', '940', '651', '169']
['907', '414', '781', '570', '204', '959', '472']
['35', '211', '476', '378', '584', '816', '167']
['880', '158', '261', '258', '543', '401', '536']
['739', '111', '309', '586', '914', '648', '334']
['140', '369', '50', '477', '942', '679', '151']
['777', '222', '193', '340', '279', '935', '153']
['22', '300', '206', '363', '388', '390', '961']
['743', '885', '941', '727', '901', '210', '675']
['165', '166', '126', '139', '759', '24', '34']
['775', '602', '762', '379', '47', '306', '877']
['187', '429', '450', '445', '240', '155']
['237', '837', '677', '644', '580', '694', '636']
['824', '442', '293', '127', '44', '915', '960']
['926', '671', '966', '49', '758', '365', '314']
['821', '256', '618', '172', '20', '640', '92']
['513', '834', '746', '627', '597', '557']
['277', '780', '949', '592', '368', '622', '678']
['273', '713', '316', '502', '706', '355', '483']
['619', '844', '610', '754', '548', '110', '970']
['853', '838', '891', '881', '470', '234', '571']
['348', '730', '769', '631', '774', '29', '229']
