['307', '685', '543', '953', '141', '54', '898', '207', '380', '800', '17', '846', '872', '291', '498', '821', '535', '763', '919', '861', '527', '877', '89', '169', '798', '247', '542', '541', '764', '613', '446', '416', '128', '556', '700', '664', '60', '418', '358']
['72', '879', '818', '840', '719', '505', '156', '540', '620', '48', '871', '843', '35', '366', '335', '529', '876', '531', '46', '873', '191', '393', '190', '417', '234', '516', '206', '290', '597', '632', '390', '373', '139', '108', '175', '363', '582', '24', '25', '601', '386', '591', '669', '138', '855', '842']
['762', '264', '200', '134', '237', '598', '850', '250', '360', '320', '705', '950', '183', '547', '173', '726', '508', '313', '848', '210', '266', '87', '331', '220', '554', '660', '623', '781', '662', '933', '637', '445', '690', '116', '757', '551']
['958', '857', '287', '787', '230', '357', '350', '645', '114', '655', '196', '130', '538', '493', '109', '1', '466', '849', '305', '758', '563', '526', '356', '111', '301', '647', '740', '192', '245', '459', '352', '659', '257', '823', '271', '52', '267', '908', '262', '797', '806', '289', '339']
['759', '650', '126', '254', '12', '406', '394', '325', '874', '478', '515', '935', '957', '610', '303', '892', '691', '951', '286', '329', '588', '882', '725', '867', '471', '227']
['223', '235', '395', '338', '724', '939', '62', '119', '309', '57', '295', '501', '937', '822', '64', '443', '773']
['33', '274', '737', '99', '584', '454', '149', '22', '233', '918', '884', '31', '926', '838', '587', '361', '477', '170', '10', '728', '677', '731', '891', '721', '921', '671', '479', '90', '814', '682', '530', '960', '253', '125', '572', '736']
['500', '695', '880', '378', '349', '893', '629', '869', '722', '578', '455', '832', '614', '888', '885', '184', '496', '678', '398', '537', '403', '438', '704', '831', '53', '604', '322', '242', '117', '751', '887', '285', '193', '550']
['431', '222', '634', '44', '292', '147', '283', '61', '687', '766', '92', '5', '198', '86', '635', '605', '559', '747', '384', '506', '756', '564', '409', '251', '916', '273', '101', '946']
['749', '942', '954', '451', '638', '27', '84', '319', '426', '701', '472', '920', '389', '560', '772', '3', '435', '934', '697', '4', '807', '171', '343', '769', '448', '761', '816', '834', '430', '593', '74', '533', '959', '376', '911']
['276', '178', '746', '56', '922', '436', '626', '864', '627', '439', '665', '802', '187', '698', '883', '375', '166', '907', '732', '354', '239', '503', '619', '50', '625', '15', '708', '474', '681', '368', '341', '195', '37', '782', '427', '851', '311', '579', '783', '633']
['67', '231', '215', '407', '808', '77', '945', '85', '78', '581', '382', '157', '106', '663', '536', '517', '917', '609', '658', '236', '261', '355', '548', '19', '100', '345', '159', '98', '270', '518', '453']
['485', '828', '483', '337', '886', '490', '608', '889', '146', '484', '45', '419', '689', '594', '209', '507', '875', '776', '558', '616', '692', '810', '441', '310', '617', '256', '774', '464', '268', '742', '788', '401', '915', '34', '97', '201', '741', '475']
['673', '434', '272', '863', '775', '136', '878', '794', '444', '229', '686', '433', '894', '83', '452', '353', '744', '21', '580', '232', '512', '404', '68']
['795', '734', '63', '449', '168', '38', '467', '932', '621', '854', '121', '715', '58', '718', '651', '912', '910', '694', '486', '402', '895', '611', '488', '194', '754', '636', '421', '135', '796', '803', '683']
['900', '179', '733', '240', '902', '602', '940', '931', '76', '817', '827', '428', '896', '727', '450', '150', '760', '81', '79', '860', '881', '120', '318', '263', '93', '844', '30', '412', '164', '592']
['473', '249', '7', '429', '296', '476', '549', '182', '387', '952', '374', '47', '596', '793', '599', '293', '489', '835', '487', '589', '833', '258', '618', '811', '595', '299']
['513', '41', '519', '812', '20', '294', '8', '88', '71', '385', '575', '312', '552', '716', '59', '743', '813', '586', '739', '481', '688', '767', '858', '197', '238', '51', '914', '661', '770', '113', '622', '522', '162', '205']
['218', '463', '576', '161', '348', '107', '314', '260', '469', '413', '784', '785', '524', '805', '562', '321', '372', '696', '735', '243', '723', '306', '830', '0']
['342', '400', '706', '16', '269', '259', '330', '420', '225', '340', '628', '18', '359', '181', '327', '675', '6', '152', '667', '624', '941', '837', '947', '856', '405', '904']
['753', '437', '546', '567', '104', '847', '323', '284', '115', '228', '923', '570', '367', '332', '151', '370', '155', '925', '649']
['539', '899', '160', '462', '410', '379', '381', '279', '603', '720', '457', '853', '553', '11', '752', '480', '308', '211', '930', '839', '820', '188', '129', '110', '499']
['397', '712', '411', '91', '829', '255', '750', '826', '606', '282', '369', '521', '317', '460', '929', '297', '277', '745', '491', '204', '281', '699', '866', '765', '414']
['707', '799', '13', '670', '14', '9', '424', '574', '777', '804', '415', '131', '158', '573', '641', '852', '219', '819', '140', '364', '648', '203', '523', '103', '29', '738', '710', '315', '943', '585', '528']
['771', '185', '791', '825', '468', '865', '711', '836', '607', '334', '70', '442', '2', '703', '447', '133', '143', '275', '43', '748', '127', '55', '778', '95', '49', '346', '347', '145', '216', '714', '248', '217', '39', '514', '326', '631', '768', '288', '278', '927', '492']
['890', '684', '265', '600', '674', '241', '333', '112', '672', '440', '680', '532', '497', '583', '377', '566', '792', '154', '845', '824']
['174', '482', '779', '956', '383', '186', '809', '676', '590', '167', '668', '717', '391', '172', '66', '780', '432', '561', '906', '202', '137', '36', '28', '630', '534', '936', '679', '868', '142', '214']
['642', '955', '65', '790', '280', '656', '644', '244', '897', '94', '643', '615', '226', '801', '26', '504', '422', '465', '789', '344', '862', '565', '425', '165', '221', '458', '729', '859', '300', '105', '180', '495', '118', '938', '144', '224', '571', '148']
['494', '755', '577', '388', '569', '208', '666', '646', '653', '511', '470', '905', '213', '612', '73', '557', '408', '510', '96', '949', '371', '199', '654']
['870', '80', '709', '909', '42', '23', '652', '928', '786', '102', '913', '82', '903', '944', '362', '924', '122', '657', '124', '316', '153', '423', '545', '702', '304', '324', '328', '639', '40', '544']
['351', '399', '713', '302', '456', '815', '520', '212', '525', '730', '176', '502', '336', '123', '246', '509', '365', '693', '75', '69', '163', '396', '392', '32', '189', '252', '461', '640', '132', '901', '177', '948', '568', '298', '841', '555']
