['986', '356', '502', '511', '807', '896', '169', '731']
['902', '684', '46', '198', '397', '225', '182', '738', '393', '639']
['841', '856', '115', '201', '734', '10', '273', '977', '42', '290']
['110', '821', '100', '880', '180', '801', '867', '204', '653', '918', '741']
['73', '659', '505', '988', '838', '355', '50', '724', '891', '800', '186']
['149', '18', '932', '624', '539', '817', '627', '448', '466', '388', '593', '148', '860', '566', '168']
['844', '58', '933', '440', '443', '30', '646', '714', '272']
['848', '523', '643', '123', '568', '939', '672']
['549', '322', '395', '828', '616', '61', '739']
['236', '818', '52', '874', '895', '342', '477']
['623', '357', '791', '965', '831', '495', '669', '244', '713', '603', '291']
['34', '707', '914', '336', '130', '470', '638', '806', '319', '49', '206', '762', '531', '370']
['578', '823', '634', '84', '763', '40', '601', '877', '520', '453', '768', '89']
['387', '845', '464', '591', '35', '44', '268', '960', '702', '53', '39', '879', '716', '436', '263']
['131', '15', '927', '936', '152', '906', '894', '205', '989', '584', '916']
['710', '467', '468', '102', '298', '816', '812', '475', '292', '887', '354', '82', '962', '507', '270']
['842', '994', '269', '673', '919', '128', '403']
['631', '851', '255', '696', '220', '138', '293', '747', '737', '917', '794', '317', '803', '153', '954']
['501', '510', '421', '635', '777', '847', '151', '984', '924']
['245', '493', '595', '617', '381', '289', '574', '560', '353', '256', '161', '857']
['858', '431', '949', '7', '743', '155', '181']
['232', '108', '194', '383', '419', '54', '615']
['67', '99', '720', '570', '442', '124', '904', '774', '222', '898']
['402', '555', '587', '600', '275', '964', '723', '725', '825', '868', '304']
['668', '903', '645', '726', '637', '599', '154', '824', '541', '766']
['59', '360', '732', '992', '81', '692']
['573', '349', '590', '428', '865', '559', '978', '56', '87', '280', '20', '215', '840']
['508', '981', '556', '666', '663', '21']
['785', '296', '534', '16', '281', '199', '728']
['321', '585', '839', '457', '135', '427']
['483', '375', '971', '656', '396', '288', '752', '980', '941', '522']
['384', '203', '611', '652', '422', '953', '364', '133', '942']
['190', '447', '48', '262', '41', '498', '775', '947', '581']
['63', '167', '908', '864', '347', '164', '481', '504', '597', '446', '433', '65', '491', '920', '571']
['742', '308', '727', '905', '242', '274', '462', '633', '957', '582']
['451', '316', '439', '279', '796', '47', '9', '575']
['494', '897', '548', '789', '530', '764', '106', '513', '74', '127', '993', '569']
['974', '417', '797', '302', '849', '193', '889', '717', '432', '38']
['826', '146', '814', '191', '540', '958', '313', '551', '363', '935', '708']
['423', '51', '721', '414', '189', '912', '836', '525', '449', '183', '931', '662', '418', '598', '88']
['141', '159', '438', '799', '408', '267', '445', '677', '424']
['330', '459', '658', '926', '93', '609', '332', '829', '213', '96', '327']
['348', '940', '371', '602', '266', '401', '786', '307', '425']
['458', '147', '91', '259', '795', '390', '678', '77', '641']
['461', '333', '899', '175', '83', '533', '367', '94', '32', '337']
['45', '140', '300', '105', '990']
['472', '554', '176', '636', '778', '580', '11']
['835', '5', '231', '264', '177', '676', '890', '524', '670', '691', '345', '394', '174', '429', '1']
['802', '219', '619', '295', '866', '450', '608', '239']
['526', '695', '985', '235', '80', '750', '479', '187', '610']
['754', '614', '391', '252', '277', '456', '121', '409', '972']
['553', '915', '558', '248', '686', '488', '86', '207', '430', '793', '217', '592', '515', '33']
['85', '372', '303', '29', '392', '997', '223', '489', '976', '185', '699', '832']
['482', '869', '872', '103', '112', '690', '544', '241', '109', '234', '192', '760', '132', '284', '454']
['736', '113', '910', '455', '622', '476', '859', '703', '485', '294', '680', '286']
['358', '938', '240', '661', '996', '22', '757']
['238', '243', '999', '179', '929', '577', '861', '76', '650', '24', '276']
['761', '987', '165', '69', '620', '596', '98', '254', '740', '143', '157', '129', '200']
['14', '527', '780', '230', '779', '612', '776', '687']
['945', '26', '640', '68', '909', '564', '496', '745', '228']
['258', '382', '385', '884', '538', '682', '0', '811', '214']
['718', '17', '519', '813', '137', '552', '170', '410', '892', '642']
['247', '379', '118', '107', '126', '900', '767', '487', '122', '352']
['613', '833', '249', '937', '765', '31', '72', '651', '139', '2', '163', '982', '95']
['882', '334', '698', '320', '886', '365', '528', '901', '37', '478', '437', '798', '224', '71']
['309', '607', '543', '700', '819', '815', '378', '166', '369', '405', '329', '297', '913', '323', '991']
['830', '911', '625', '604', '373', '715', '773', '674', '605', '888', '514', '621', '961', '946', '809']
['465', '594', '955', '744', '648', '158', '922', '846', '134', '746', '632', '968', '301', '233']
['463', '681', '705', '305', '160', '753', '25', '688']
['628', '226', '589', '822', '934', '415', '318', '412', '460', '171', '756', '173', '518', '28']
['484', '196', '850', '441']
['706', '878', '79', '471', '420', '875', '499', '399', '820', '885', '386']
['78', '970', '70', '142', '709', '75', '221', '751', '260', '306']
['546', '944', '550', '341', '644', '675', '576']
['626', '876', '343', '150', '346', '335']
['368', '748', '697', '376', '338', '951', '271', '90']
['57', '407', '529', '711', '250', '837', '755']
['19', '562', '950', '952', '314', '503']
['125', '287', '660', '111', '188', '781', '202', '229', '362', '557']
['434', '969', '374', '36', '998', '535', '565']
['649', '729', '863', '735', '278', '350', '925', '23']
['979', '667', '517', '13', '694', '299', '227', '114', '921', '532', '92', '521']
['480', '3', '693', '588', '265', '500', '956', '377', '579', '326', '827', '647', '873', '212']
['572', '380', '759', '27', '834', '704', '683', '60', '184', '486']
['883', '120', '340', '12', '790', '283', '966', '339', '452', '923', '172', '973', '257', '136', '547']
['416', '893', '855', '251', '435']
['712', '771', '928', '216', '195', '512', '808', '783', '770', '792']
['237', '769', '665', '62']
['246', '561', '55', '282', '328', '679', '852', '359', '145']
['701', '509', '310', '426', '469', '689', '810', '344', '907']
['473', '664', '506', '542', '97', '606', '654', '312', '43', '853', '963', '389']
['583', '253', '805', '325', '315', '406', '983']
['787', '211', '959', '516', '758', '671', '411', '101', '722']
['474', '749', '210', '6', '784', '119', '366', '104', '116', '351', '685']
['197', '66', '398', '117']
['162', '804', '537', '413', '178', '404', '655', '782', '497', '8']
['618', '209', '930', '870', '730', '208', '324', '400', '285', '567']
['948', '156', '64', '630', '218', '975', '311', '444', '733', '545', '563']
['772', '490', '586', '881', '144', '492', '995', '536', '719', '871', '788']
['331', '4', '943', '862', '657', '361', '967', '261', '854', '843', '629']
