['245', '523', '285', '7', '679', '284', '458', '423', '588', '18', '369', '133', '504', '41', '256', '396', '509', '767', '823', '991', '84', '950', '366', '279', '76', '780', '167', '315', '576', '501', '282', '363', '693', '95', '668', '44', '80', '412', '12', '619', '806', '67', '9']
['766', '999', '68', '260', '799', '572', '137', '577', '563', '730', '612', '993', '298', '821', '474', '680']
['978', '610', '984', '579', '49', '267', '571', '713', '203', '320', '431', '497', '400', '113', '647', '618', '742', '561', '556', '708', '639', '291', '367', '362', '454', '157', '581']
['461', '913', '946', '358', '661', '81', '632', '592', '878', '105', '650', '37', '658', '185', '809', '493', '903', '969', '963', '499', '492', '902', '940', '760', '39', '616', '551', '193', '4', '452', '677', '332', '890', '733', '460', '959', '727', '422', '305', '872', '98', '830', '8', '435', '261', '371', '322', '306', '604']
['887', '777', '982', '754', '548', '838', '899', '652', '732', '605', '184', '994', '348', '11', '514', '839', '58', '69', '391', '929', '257', '29', '784', '85', '251']
['287', '751', '981', '826', '979', '197', '675', '201', '562', '394', '935', '319', '505', '453', '670', '114', '129', '552', '966', '139', '968', '952', '854', '336', '304', '516', '771', '524', '152', '351', '417', '59', '519', '741', '634', '814', '938', '327', '265', '553']
['626', '522', '858', '726', '930', '238', '83', '863', '128', '78', '183', '467', '42', '813', '437', '850', '496', '739', '703', '521', '567', '735', '660', '654', '598', '539', '421', '229', '208', '917', '425', '331', '531', '428', '383', '345', '226', '6']
['344', '866', '402', '782', '807', '769', '303', '549', '926', '734', '401', '252', '995', '236', '120', '398', '115', '594', '923', '711', '719', '801', '442']
['142', '352', '511', '622', '253', '378', '159', '241', '584', '905', '227', '463', '740', '955', '376', '560', '977', '397', '761', '206', '387', '280', '635', '996', '233', '848', '100', '582', '196', '127', '35', '543', '943', '360', '162', '179', '646', '356', '475', '512', '953', '395']
['853', '873', '88', '173', '877', '920', '648', '535', '555', '916', '186', '643', '263', '596', '896', '614', '575', '191', '892', '471', '79', '225', '847', '45', '57', '945', '776', '270']
['338', '450', '317', '684', '845', '773', '43', '166', '908', '140', '557', '23', '134', '141', '135', '242', '827', '759', '666', '250', '883', '818', '116', '465', '636', '893', '774', '951', '228']
['585', '617', '510', '136', '455', '683', '217', '694', '99', '667', '170', '205', '118', '546', '625', '119', '772', '537', '178', '797', '898', '294', '61', '655', '432', '326', '17', '540', '490', '224', '214', '623', '798', '573', '717', '565', '871', '715', '273', '408', '34', '778', '101', '308', '692']
['478', '861', '817', '927', '330', '158', '851', '301', '281', '538', '494', '860', '583', '264', '457', '353', '613', '484', '756', '258', '48', '329', '448', '249', '763', '247', '587', '339', '389']
['630', '690', '410', '436', '884', '702', '725', '169', '864', '13', '867', '527', '663', '712', '988', '175', '637', '438', '956', '931', '143', '202', '665', '779', '286', '372', '209', '343', '347', '187', '570', '545', '627', '171', '168', '859', '153', '361', '958']
['815', '126', '346', '131', '368', '221', '641', '876', '961', '525', '430', '620', '915', '558', '736', '5', '517', '762', '698', '753', '333', '840', '885', '212', '27', '590', '451', '188']
['122', '55', '691', '729', '254', '911', '607', '172', '506', '589', '70', '239', '219', '544', '974', '659', '865', '312', '164', '302', '314', '316', '52', '554', '642']
['749', '621', '662', '71', '595', '986', '31', '941', '788', '985', '748', '380', '833', '550', '145', '469', '370', '983', '204', '409', '498', '110', '656', '180', '947', '638', '843', '373', '107', '924', '243', '657', '770', '744', '828', '928']
['386', '500', '392', '907', '747', '502', '189', '194', '834', '154', '385', '705', '73', '699', '687', '244', '56', '785', '906', '415', '486', '990', '384', '714', '381', '888', '526', '72', '296', '775', '341', '211', '210', '46', '271', '130', '532', '882', '177']
['989', '904', '53', '710', '15', '309', '737', '960', '673', '102', '529', '879', '379', '781', '973', '96', '489', '146', '653', '835', '10', '800', '223', '701', '846', '608', '831', '231', '199', '681']
['444', '207', '26', '482', '123', '755', '192', '91', '75', '992', '30', '528', '181', '970', '144', '606', '321', '148', '456', '424', '569', '111', '25', '38', '354', '664', '416', '810', '852', '300', '66', '357', '106', '388', '849', '342', '218', '237']
['413', '21', '976', '672', '290', '108', '90', '51', '829', '949', '355', '948', '151', '515', '629', '109', '816', '40', '593', '685', '87', '54', '936', '697', '530', '812', '975', '880']
['819', '559', '481', '591', '918', '459', '440', '299', '700', '856', '792', '503', '375', '266', '124', '407', '480', '802', '89', '912', '987', '350', '112', '542', '63', '615', '449', '340', '213', '533', '536', '609']
['359', '165', '842', '980', '716', '195', '795', '399', '278', '24', '580', '439', '445', '578', '689', '147', '255', '138', '855', '215', '731', '246', '470', '104', '20', '94', '125', '764', '971', '965', '404', '791', '235', '709', '738', '150', '176', '922', '507', '932', '682', '783', '92']
['349', '793', '718', '155', '149', '820', '750', '957', '434', '586', '377', '311', '998', '262', '324', '50', '47', '631', '174', '921', '933', '325', '564', '364', '222', '633', '722', '547', '74', '644', '62', '894', '297', '746', '288']
['466', '293', '942', '420', '808', '837', '462', '518', '628', '786', '832', '121', '1', '964', '272', '669', '934', '962', '488', '720']
['743', '447', '220', '789', '919', '803', '295', '889', '2', '292', '405', '230', '414', '696', '216', '686', '765', '869', '844', '925', '937', '603', '900', '520', '954', '93', '794', '32', '651', '313']
['597', '274', '721', '568', '289', '411', '240', '60', '723', '403', '787', '704', '868', '433', '328', '874', '335', '19', '234', '676', '473', '752', '476', '487', '446', '334', '841', '277']
['939', '707', '901', '574', '374', '337', '198', '406', '419', '479', '649', '472', '645', '426', '825', '443', '161', '678', '790', '491', '468', '875', '485']
['16', '232', '393', '811', '64', '541', '429', '22', '248', '33', '390', '36', '895', '200', '640', '77', '82', '382', '464', '728', '891', '624', '724', '534', '897', '857', '441', '870', '822', '508', '602', '268', '944']
['132', '601', '914', '483', '117', '307', '86', '997', '599', '611', '674', '477', '323', '276', '804', '283', '14', '758', '310', '796', '3', '495', '365', '156']
['768', '28', '103', '513', '706', '566', '909', '97', '259', '318', '910', '836', '190', '269', '695', '688', '163', '967', '427', '0', '65', '881', '418', '182', '160', '886', '824', '275', '805', '862', '600', '972', '745', '671', '757']
