['877', '616', '682', '74', '422', '432', '604', '101', '858', '500', '920', '312', '784', '700', '600', '977', '788', '557', '468', '453', '254', '618', '746', '620', '469', '699', '15', '326', '471']
['748', '1', '411', '118', '87', '690', '943', '726', '680', '147', '962', '202', '5', '785', '828', '715', '987', '273', '136', '92', '933', '325', '861', '955', '455', '121', '769', '86']
['693', '905', '299', '270', '813', '501', '822', '588', '495', '741', '722', '222', '967', '514', '601', '34', '865', '154', '451', '141', '209', '660', '550', '383']
['780', '868', '637', '613', '713', '491', '337', '640', '671', '33', '98', '654', '527', '462', '148', '407', '68', '547', '198', '929', '219', '908', '187', '235', '196']
['862', '367', '923', '565', '911', '598', '535', '165', '447', '951', '441', '230', '106']
['456', '770', '691', '341', '584', '953', '329', '793', '937', '900', '231', '245', '20', '229', '145', '799', '841', '759', '393', '138', '765', '64', '664', '921', '806', '48', '216', '494', '791', '375', '567', '656', '259']
['673', '207', '437', '210', '590', '988', '369', '93', '703', '532', '531', '189', '730', '641', '720', '932', '723', '504', '833', '847', '381', '246', '50', '708', '30', '63', '479', '610', '418', '502']
['450', '709', '952', '443', '677', '585', '278', '954', '263', '32', '827', '575', '652', '292', '99', '274', '484', '756']
['169', '445', '755', '572', '990', '537', '427', '108', '83', '123', '752', '642', '826', '728', '505', '23', '282', '463', '73']
['889', '180', '12', '639', '0', '927', '589', '807', '217', '800', '387', '963', '850', '355', '291', '991', '133', '465', '760', '802', '241', '16', '395', '510', '360', '18']
['636', '415', '331', '359', '366', '413', '950', '508', '485', '372', '11', '838', '805', '267', '436', '993', '324', '129', '914', '25']
['10', '75', '562', '112', '946', '718', '90', '997', '343', '812', '378', '327', '876', '466', '779', '132', '323', '42', '420', '297']
['816', '751', '212', '490', '66', '549', '220', '433', '986', '470', '517', '874', '698', '644', '538', '215', '810', '62', '203', '105']
['595', '938', '558', '161', '110', '882', '78', '458', '250', '76', '509', '206', '971', '669', '399', '974', '111', '666', '318', '695', '897']
['344', '580', '574', '648', '310', '373', '563', '277', '655', '679', '729', '190', '266', '566', '124', '753', '570', '859', '513', '995', '939', '798', '177', '809', '91', '617', '811', '989', '65', '503']
['167', '239', '211', '870', '461', '54', '915', '817', '403', '539', '842', '996', '628', '869', '396', '336', '498']
['85', '979', '737', '252', '992', '362', '213', '497', '431', '188', '687', '583', '688', '159', '512', '388', '178', '689', '970', '69', '621', '481', '758', '743', '156', '662', '611', '727', '175', '43', '645', '840', '675', '35', '837']
['67', '131', '829', '81', '832', '400', '766', '576', '272', '193', '149', '126', '295', '646', '232', '253', '790', '864', '478', '782', '347', '496', '116', '53', '969', '361', '370', '591', '392', '852', '340', '763', '184', '345', '182', '930', '519']
['88', '685', '26', '536', '596', '795', '487', '629', '886', '158', '796', '224', '944', '739', '405', '288', '658', '22', '176']
['948', '890', '919', '916', '39', '152', '523', '819', '204', '199', '721', '831', '24', '898', '29', '52', '96', '797', '594', '692', '104', '560', '888', '194', '684', '515', '507', '634', '430', '301', '117', '368', '261', '351', '834']
['354', '401', '397', '942', '135', '901', '579', '72', '835', '960', '454', '602', '771', '956', '294', '918', '371', '999', '825', '475', '775', '19', '894', '731', '435', '881', '957', '543', '909', '548']
['307', '429', '623', '464', '873', '958', '286', '998', '899', '416', '546', '260', '47', '913', '146', '635', '251', '328', '237', '945', '477', '218', '745', '214', '313', '774', '115', '303', '710', '300', '839']
['735', '474', '724', '240', '304', '866', '893', '257', '36', '109', '284', '794', '287', '904', '603', '162', '357', '544', '949', '925', '31', '968', '414', '786', '961', '781', '17', '56', '186']
['125', '917', '14', '225', '625', '983', '518', '153', '155', '380', '551', '309', '608', '192', '374', '681', '697', '249', '631', '717', '181', '934', '134', '653', '227', '233']
['624', '643', '281', '305', '322', '100', '965', '804', '21', '382', '581', '846', '661', '824', '714', '425', '851', '448', '772', '573', '365', '808', '674', '750', '522', '848', '542', '586']
['626', '137', '483', '931', '738', '678', '244', '332', '79', '439', '171', '880', '311', '285', '151', '364', '843', '651', '706', '895', '127', '530', '236', '84', '317', '982', '773']
['247', '910', '426', '762', '701', '742', '139', '13', '41', '419', '120', '315', '676', '683', '457', '855', '172', '321', '821', '173', '764', '867', '776', '164', '363', '638']
['767', '506', '556', '891', '552', '924', '114', '926', '857', '442', '473', '659', '424', '44', '529', '271', '460', '258', '4', '306', '582', '907', '389', '268', '609', '511', '377']
['783', '386', '160', '896', '384', '725', '200', '663', '319', '449', '667', '265', '391', '488', '276', '170', '814', '205', '243', '57', '280', '615', '768', '940', '545', '339', '353', '296']
['622', '201', '58', '534', '174', '262', '936', '472', '564', '540', '398', '733', '228', '521', '256', '836', '533', '605', '421', '434', '597', '879', '975', '486', '830']
['302', '28', '408', '941', '499', '845', '59', '973', '130', '607', '761', '892', '672', '248', '70', '376', '520', '516']
['476', '275', '480', '80', '417', '777', '878', '922', '801', '103', '686', '571', '9', '452', '959', '912', '630', '49', '587', '849', '234', '853', '559', '740', '872', '298', '144', '293', '815', '467']
['820', '649', '705', '902', '8', '482', '707', '561', '994', '569', '935', '792', '446', '150', '860', '51', '185', '844', '903']
['385', '754', '716', '2', '492', '89', '440', '208', '972', '875', '711', '702', '428', '438', '40', '3', '352', '320', '338', '330', '221']
['77', '856', '493', '308', '238', '732', '619', '283', '195', '444', '459', '657', '871', '71', '179', '665', '168', '45', '981', '633', '223', '966', '577', '119', '736', '140', '599', '314', '346', '668', '489']
['402', '390', '191', '744', '6', '984', '107', '37', '143', '757', '226', '614', '349', '606', '789', '818', '61', '379', '525', '884', '627']
['356', '526', '55', '102', '316', '947', '197', '650', '142', '823', '719', '787', '632', '82', '885', '163', '524', '749', '264', '113', '803']
['7', '27', '883', '166', '394', '647', '38', '704', '906', '333', '157', '593', '928', '334', '712', '335', '985', '183', '409', '694', '358', '734', '854', '97']
['404', '279', '128', '612', '541', '964', '980', '553', '94', '747', '290', '350', '410', '578', '412', '423', '255', '406', '976', '95', '242', '670', '592', '46', '555']
['348', '554', '863', '528', '778', '60', '887', '342', '289', '696', '122', '568', '269', '978']
