['188', '838', '978', '815', '555', '45', '920', '819', '406', '612', '738', '731', '675', '613', '463', '299', '78', '60', '968']
['661', '133', '70', '817', '698', '200', '991', '636', '229', '941', '382', '979', '687', '49', '685', '774', '539', '300']
['137', '788', '506', '715', '985', '438', '754', '350', '258', '903', '536', '120', '276', '845', '109', '667', '900', '339', '857', '632']
['477', '290', '55', '123', '847', '659', '878', '244', '90', '40', '821', '331', '50', '315', '86', '837', '175', '880', '728', '423', '975']
['543', '901', '105', '787', '867', '681', '658', '93', '840', '54', '432', '989', '531', '48', '223', '721', '108', '952', '407']
['245', '898', '394', '172', '152', '114', '822', '462', '752', '800', '496', '183', '586', '604', '293', '150', '23', '483', '638', '575', '138', '128']
['239', '112', '359', '357', '61', '582', '384', '255', '140', '217', '875', '644', '693', '744', '236', '65', '367', '792', '670', '243', '541', '248']
['926', '328', '868', '680', '333', '110', '481', '211', '719', '610', '883', '597', '919', '63', '647', '825', '259', '308', '280', '11', '863', '191']
['733', '94', '562', '712', '76', '181', '702', '912', '823', '58', '104', '502', '524', '865', '804', '272', '833', '694', '785', '273', '132', '652']
['213', '766', '499', '215', '10', '127', '317', '850', '413', '71', '550', '717', '622', '725', '641', '522', '22', '391', '192', '344']
['134', '64', '710', '723', '501', '671', '182', '682', '820', '870', '154', '732', '998', '729', '921', '325']
['42', '793', '530', '31', '580', '257', '264', '726', '964', '559', '337', '2', '176', '510', '354', '497', '790', '233', '676', '437']
['538', '829', '746', '619', '451', '491', '679', '988', '148', '198', '777', '584', '260', '611']
['573', '131', '393', '770', '336', '18', '514', '100', '513', '936', '608', '585', '944', '494', '866', '932', '953', '691', '625', '548', '448', '759']
['303', '730', '425', '106', '689', '279', '856', '609', '557', '529', '342', '598', '141', '656', '623', '14', '765', '178', '711', '590', '593']
['890', '21', '378', '751', '412', '695', '24', '722', '935', '546', '982', '767']
['235', '74', '345', '517', '66', '640', '614', '888', '59', '533', '974', '16', '9', '220', '560', '916', '561', '701', '649', '322']
['665', '532', '87', '877', '30', '769', '948', '144', '449', '27', '136', '969', '855', '417', '360', '576', '84', '441']
['415', '846', '648', '39', '526', '125', '473', '19', '4', '934', '447', '894', '842', '809', '511', '753', '810', '519', '409', '311', '987', '262']
['324', '962', '35', '319', '399', '12', '240', '549', '930', '371', '390', '388', '704', '267', '461', '626', '91', '630', '450', '466']
['119', '986', '79', '147', '581', '915', '490', '184', '872', '81', '757', '966', '334', '605', '305', '47', '320', '843', '365', '959', '185', '627']
['302', '288', '296', '653', '893', '910', '387', '338', '436', '379', '803', '963', '454', '226', '143', '420', '374', '170', '595', '741']
['587', '314', '402', '950', '6', '376', '768', '801', '592', '310', '938', '965', '153', '567', '772', '705', '289', '750']
['286', '745', '398', '807', '556', '408', '977', '983', '97', '853', '212', '405', '173', '202', '929', '101', '588', '666', '504']
['780', '28', '500', '478', '563', '460', '832', '871', '118', '72', '620', '25', '954', '578', '327', '241', '515', '20', '673', '139']
['62', '301', '46', '779', '266', '758', '976', '892', '98', '67', '836', '902', '73', '366', '158', '958', '957']
['909', '927', '355', '452', '696', '943', '981', '918', '429', '980', '544', '313', '180', '876', '316', '135', '385', '157', '165']
['565', '615', '495', '917', '256', '167', '851', '312', '416', '247', '599', '363', '895', '484', '222', '861']
['88', '635', '352', '386', '849', '284', '69', '194', '946', '545', '471', '486', '26', '283', '298', '32']
['783', '834', '400', '129', '761', '117', '431', '5', '82', '487', '439', '873', '80', '651', '364', '552', '645', '156', '225', '389', '193', '618']
['734', '174', '727', '96', '75', '512', '219', '43', '914', '678', '882', '287', '699', '190', '908', '509', '564', '161', '812', '489', '231', '209']
['577', '377', '569', '778', '904', '764', '468', '905', '111', '142', '789']
['115', '891', '684', '92', '424', '430', '547', '465', '164', '124', '697', '523', '7']
['292', '381', '961', '41', '221', '358', '199', '848', '616', '177', '571', '999', '122', '657', '831', '479', '663']
['443', '453', '187', '242', '841', '456', '294', '634', '179', '859', '714', '421', '169', '852', '246', '3', '472', '949', '583', '126', '281', '662']
['600', '401', '418', '621', '811', '44', '554', '291', '253', '204', '713', '967', '923', '542', '527', '706', '814', '955', '155', '791']
['83', '95', '942', '639', '972', '445', '234', '739', '195', '37', '282', '275', '707', '862', '607', '683', '375', '56', '470', '341', '688', '277']
['285', '922', '488', '373', '664', '149', '68', '274', '218', '797', '476', '520', '210', '796', '816', '278', '784', '508', '13', '404']
['145', '428', '897', '29', '162', '103', '703', '628', '874', '163', '540', '579', '321', '189', '617', '306', '326', '507', '802', '237', '881', '265']
['370', '99', '380', '633', '637', '427', '348', '206', '771', '931', '997', '251', '392', '535', '0', '201', '558', '458']
['422', '116', '674', '570', '660', '297', '369', '353', '151', '589', '951', '899', '591', '503', '224', '521', '596', '528']
['937', '51', '230', '947', '57', '36', '572', '553', '89', '996', '467', '446', '574', '208', '332', '518', '992', '537']
['304', '205', '629', '864', '736', '568', '261', '700', '782', '775', '828', '551', '805', '973', '603', '654', '655']
['990', '228', '824', '924', '945', '709', '808', '906', '329', '444', '335', '146', '624', '340', '434', '743', '735']
['928', '216', '309', '933', '356', '755', '203', '1', '250', '396', '492', '806', '474', '482', '53', '860', '368', '960', '113', '270', '889']
['410', '168', '830', '433', '214', '756', '498', '794', '440', '677', '34', '505', '970', '566', '361', '238', '885', '160', '52', '762', '737', '362']
['844', '426', '795', '642', '403', '984', '33', '971', '464', '740', '493', '724', '397', '776', '171', '854']
['197', '646', '643', '798', '159', '601', '835', '907', '343', '347', '227', '763', '692', '207', '516', '323', '77', '749', '708', '383']
['196', '419', '631', '747', '956', '254', '252', '435', '939', '232', '351', '813', '475', '720', '896', '318']
['107', '995', '268', '716', '457', '121', '602', '886', '748', '395', '349', '781', '839', '686', '330', '8', '15', '858']
['263', '884', '799', '913', '925', '295', '718', '102', '411', '271', '690', '442', '346', '130', '269', '818']
['525', '669', '480', '249', '827', '485', '993', '17', '773', '786', '307', '887', '85']
['606', '879', '940', '672', '668', '38', '911', '650', '869', '166', '469', '455', '534', '459', '826', '760', '186', '994', '742', '414', '594', '372']
