['801', '716']
['380', '473', '16', '43']
['561', '704', '276', '126', '106', '773']
['65', '656', '890', '904', '732', '215', '590', '30']
['889', '493', '970']
['849']
['132', '313', '494']
['744', '774', '436', '943']
['331', '902']
['942', '700']
['637', '122', '466', '563', '639']
['282', '66', '334']
['894', '992', '124']
['296', '712', '10', '826', '661', '740']
['546', '698', '324']
['399', '583', '444']
['530', '317', '885', '790']
['572', '883', '754']
['458', '355', '413', '345']
['959', '374']
['867', '576', '80']
['809', '152', '729', '196']
['319', '464']
['442', '739', '920']
['968', '724']
['184', '945', '833']
['491', '172', '112']
['141']
['70', '910', '966', '560']
['303', '175']
['435', '72', '938', '170']
['855']
['690', '216', '752', '329']
['507', '769']
['433', '348', '11']
['538', '1', '792']
['870', '604', '798', '258', '738']
['660', '996', '535', '217']
['439', '359', '107']
['851', '848', '239', '63', '579', '406', '198']
['689', '47', '743', '82', '936']
['841', '511', '426']
['540', '748', '467']
['624', '482', '893', '186', '360', '272']
['625', '642', '586', '503']
['951', '79', '556']
['547', '745']
['434']
['39', '512', '25']
['204', '421', '674']
['793']
['226']
['627', '502']
['340', '453']
['807', '676', '533']
['975', '237', '610']
['548', '61', '388']
['842', '211', '134', '940', '908', '197']
['941', '819']
['777', '866']
['273']
['555', '850', '871', '598', '60']
['447', '307', '597']
['144', '812', '256', '298']
['552', '594']
['297', '696']
['527', '8']
['722']
['157', '984', '286', '628']
['877', '208']
['958', '927']
['835', '967', '46']
['985', '525', '120']
['645', '89', '145', '269']
['425']
['472', '797', '665']
['117']
['181', '536', '382', '602']
['664']
['655', '38', '523', '763']
['720', '608']
['670', '881', '486', '973']
['953', '230']
['167', '67', '580']
['199', '253', '641', '772']
['960']
['422', '974']
['683', '342', '681', '721', '337', '764']
['189', '97', '963']
['593', '956', '640']
['564']
['58', '238']
['429', '369', '869']
['158', '22', '21', '471']
['325', '950', '280', '41', '275']
['477']
['288', '306']
['5', '531', '693']
['474']
['423', '470', '301']
['289', '137']
['937', '155', '650']
['679', '930', '344', '6', '543', '236', '214', '171']
['278', '799', '946', '445']
['322', '978', '459', '677', '227', '333', '673']
['532', '370', '54']
['753', '224']
['20']
['582', '223', '988']
['500', '784', '907', '228']
['861', '24', '113', '283']
['766', '180', '838']
['210']
['864', '550']
['415']
['240']
['195', '545']
['516', '506']
['465', '392']
['657', '983', '541']
['182', '353', '687']
['686']
['398', '290', '924', '847']
['868', '74']
['932', '133']
['118', '671']
['565', '789', '441', '27']
['191', '304', '818']
['386', '163', '795', '177', '935']
['929', '614']
['161', '575', '205']
['708', '947']
['631', '756', '225', '529']
['99', '770', '616', '600', '903', '281']
['823', '566']
['7', '242']
['437', '962', '338', '644', '782', '865']
['168']
['34', '534']
['432']
['829', '93']
['139', '397', '682', '4']
['28', '371', '980']
['710', '448']
['19', '551']
['714', '356']
['381']
['731', '234', '484', '734', '384', '32']
['613', '873', '487']
['928']
['755', '504', '749', '931', '584']
['878', '658', '933', '142', '786']
['952']
['667']
['162']
['90', '987']
['364', '499']
['48', '15', '668', '485']
['343', '385']
['255']
['150', '377', '891', '166']
['176', '703']
['997', '231']
['387']
['418', '440', '83', '762']
['609', '859']
['404', '618']
['414', '588', '18']
['452', '554', '713', '78']
['136']
['921']
['643', '923', '68']
['757', '64', '578']
['266', '299', '147', '222', '489']
['863', '146', '424']
['916', '821']
['659']
['977', '834', '498']
['29', '939']
['505', '265', '860']
['12']
['895', '695', '105']
['419', '250', '899', '925']
['787', '558']
['517', '887']
['638', '961', '699', '395']
['845', '906']
['570', '300']
['279', '350', '130']
['367', '705', '715']
['341', '496', '154', '51', '408']
['569', '557']
['26', '728', '853', '611']
['284', '318']
['174', '843', '663']
['178', '521']
['736']
['926', '813']
['185', '248', '110', '915']
['874', '513', '363']
['268', '730']
['776', '585', '14']
['882', '944', '737']
['450', '707', '461', '244', '84', '235']
['709']
['652', '886', '669']
['94', '400']
['151', '457']
['339', '979']
['243', '219']
['232']
['111', '879', '701', '229']
['479', '553', '711']
['475', '814']
['372', '612', '361', '581']
['805', '267', '892', '23']
['544', '559', '822', '407', '591']
['254', '636', '462']
['203', '702', '646', '394', '568', '780']
['828', '308', '443', '241']
['108', '495', '857', '856']
['954', '103']
['373']
['767', '528', '221']
['179', '194']
['264', '840', '775']
['451', '403', '131']
['880', '262', '52']
['911', '88', '846']
['854', '389', '417']
['694', '599', '827']
['768', '148', '140', '416']
['617', '100']
['323', '37', '420', '971']
['957', '875', '514', '802']
['55', '647', '125']
['896', '378']
['200', '897', '375', '332']
['483', '187', '651', '358']
['128', '654']
['456', '44']
['510', '62', '509', '17', '13']
['260', '653']
['571', '747']
['311', '917', '537', '765', '460']
['761', '488', '872', '115', '71', '735']
['92', '53', '905']
['129', '888']
['220', '476']
['837', '135', '274']
['635', '77', '706']
['995']
['589', '252']
['349']
['246', '675', '620', '271']
['832', '719']
['405', '678', '526', '247']
['831', '201', '900']
['830', '104', '293']
['518', '327']
['40', '986', '127']
['751', '354', '913', '595']
['114', '501', '605']
['912', '619', '898']
['335', '817', '741']
['727', '390', '411', '601']
['607']
['431', '81', '233', '492']
['919', '836', '804', '292', '969']
['261', '603', '964', '49']
['379', '633', '321', '596']
['98', '666', '649', '771']
['717', '109']
['87', '302', '347']
['909', '852', '57']
['469']
['270', '630', '972', '918']
['542', '632', '153']
['287', '844', '626', '330']
['839', '778', '76', '522']
['376', '3', '480', '680', '391', '173', '519']
['697', '684', '294', '796', '410']
['209']
['207', '463']
['249', '824', '746']
['783', '291', '188']
['190']
['982', '858']
['446', '623']
['428', '562', '393', '549']
['159', '202', '116']
['976', '365', '742', '567', '69']
['165', '91', '336', '438']
['725']
['662', '820', '96', '310']
['357', '143']
['629', '95', '183']
['622', '692', '914', '934', '524', '0']
['481', '811']
['326']
['2', '876']
['455', '75', '430', '368', '212']
['648', '320', '102']
['965', '315', '192', '539']
['351', '862', '56']
['785', '989', '806', '245']
['508']
['949', '691']
['259', '808']
['402', '810', '251', '328', '794']
['718', '948', '314', '213', '316', '587', '396']
['412', '362', '59', '981']
['993', '101', '36', '305', '994']
['352', '825', '9', '50', '169', '901', '86', '592']
['454', '218', '577']
['760']
['409']
['726', '621', '160', '733', '45', '758']
['346', '468', '366']
['73', '759', '164']
['688', '427']
['295', '606', '497', '156', '285', '520']
['615', '781']
['149', '263', '206', '800', '515']
['401', '803', '31', '121', '383']
['138', '685', '85', '750']
['277', '309', '991', '193']
['573', '791', '815', '779']
['35', '922', '723']
['672', '574', '816', '990', '634']
['119', '478', '257', '123', '312', '788', '33', '42', '884']
['449', '490', '955']
