['645', '75', '392', '832', '878', '556', '615', '241', '300', '422', '90', '302', '433', '110', '535', '969', '805', '555', '141', '728', '921', '272', '670', '639', '505', '685', '814', '509', '961']
['262', '471', '342', '243', '797', '660', '558', '828', '354', '111', '197', '845', '338', '854', '482', '590', '822', '84', '763', '938', '593', '425', '399', '228', '443', '551', '663', '37', '82']
['688', '117', '794', '902', '597', '42', '152', '442', '173', '456', '427', '642', '124', '490', '213', '431', '366']
['194', '633', '678', '582', '321', '807', '714', '15', '760', '100', '810', '206', '370', '683', '704', '973', '217', '41', '503', '748', '439', '267', '778', '989', '167']
['624', '899', '602', '772', '589', '495', '776', '913', '983', '711', '196', '52', '283', '70', '132', '578', '979', '592']
['955', '161', '791', '138', '655', '657', '332', '296', '204', '144', '401', '806', '720', '933', '361', '397', '504', '604', '585', '843', '580', '668', '350', '528', '677', '285']
['458', '848', '351', '160', '877', '679', '4', '423', '887', '613', '571', '468', '462', '759', '870', '549', '681', '738', '235', '596', '11', '310', '771', '635', '109']
['492', '304', '895', '140', '713', '809', '181', '833', '928', '149', '954', '900', '500', '957', '940', '710', '327', '591', '850', '177', '20', '652', '974', '629', '775', '210', '696', '277', '519']
['525', '506', '157', '94', '687', '862', '765', '671', '320', '729', '703', '943', '543', '834', '270', '445', '665', '726', '789', '107']
['18', '163', '952', '513', '77', '390', '303', '329', '764', '617']
['648', '758', '249', '289', '565', '813', '545', '653', '874', '723', '818', '305', '976', '226', '641', '502', '477', '737', '198', '252', '572', '247', '651', '510', '47']
['690', '315', '574', '732', '780', '147', '488', '584', '972', '563', '465', '388', '457', '749', '89', '475', '127', '313', '958', '511', '205', '643', '38', '773', '393', '219', '932', '960']
['131', '544', '846', '920', '233', '348', '317', '880', '856', '489', '101', '73', '745', '567', '925', '218', '946', '371', '579', '255', '755', '523', '539', '640', '244', '675', '609', '91']
['741', '385', '533', '1', '583', '919', '134', '821', '867', '360', '368', '953', '264', '865', '179', '62', '824', '106', '278', '866', '654', '414', '876', '708', '39', '299', '331', '581']
['892', '407', '598', '412', '684', '125', '166', '770', '963', '692', '855', '469', '486', '520', '910', '416', '841', '365', '716', '254', '694', '839', '693', '28']
['192', '970', '754', '673', '838', '717', '686', '436', '79', '784', '316', '682', '14', '873', '189', '260', '55', '647', '355', '434', '408', '386', '924', '964', '707', '864', '698']
['212', '632', '897', '931', '364', '481', '112', '857', '183', '352', '64', '861', '564', '268', '76', '29', '195', '914', '448', '130', '569']
['859', '295', '102', '744', '849', '934', '424', '808', '905', '276', '32', '761', '715', '480', '68', '377', '606', '542', '576', '151', '222', '337', '499', '25', '944']
['223', '788', '649', '917', '689', '634', '376', '220', '146', '345', '314', '767', '61', '159', '757', '340', '225', '467', '863', '769', '550', '676', '273', '941', '985', '284', '405', '562', '922']
['721', '538', '630', '17', '81', '8', '852', '616', '139', '875', '461', '155', '362', '40', '945', '339', '441', '959']
['175', '128', '103', '803', '736', '119', '199', '58', '894', '80', '815', '982', '261', '279', '750', '594', '78', '706', '165', '231', '288', '610', '636', '187', '201']
['67', '540', '949', '356', '395', '23', '831', '418', '45', '440', '184', '12', '34', '265', '942', '2', '927', '474', '404', '410', '512', '699', '493', '792', '164', '666']
['447', '724', '463', '473', '762', '236', '819', '71', '248', '186', '116', '936', '478', '72', '432', '308']
['266', '230', '415', '88', '105', '879', '986', '35', '746', '988', '402', '382', '446', '459', '483', '667', '454', '739', '990', '367', '193', '10']
['60', '966', '95', '779', '428', '730', '211', '811', '611', '735', '753', '178', '619', '150', '417', '396', '259', '227', '588', '987', '962', '307', '526']
['930', '373', '240', '476', '612', '66', '115', '517', '918', '372', '886', '901', '156', '215', '950', '554', '297', '33', '298', '319', '491', '256', '951', '280', '842', '626']
['57', '120', '991', '137', '752', '507', '0', '369', '725', '398', '529', '363', '129', '790', '118']
['827', '787', '929', '403', '975', '323', '275', '777', '840', '751', '547', '381', '50', '176', '250', '411']
['48', '820', '795', '835', '620', '282', '618', '992', '292', '24', '253', '287', '825', '662', '426', '419']
['294', '437', '522', '126', '44', '727', '485', '796', '534', '968', '49', '229', '136', '980', '99', '43', '19', '53', '893', '600', '890']
['325', '142', '174', '324', '63', '269', '429', '334', '209', '238', '702', '9', '896', '915', '627', '888', '847', '774', '965']
['891', '98', '826', '487', '608', '464', '122', '532', '168', '113', '731', '87', '162', '607', '85', '575', '646', '939', '700', '802', '514']
['978', '172', '644', '359', '455', '69', '947', '143', '349', '659', '336', '508', '274', '333', '656', '306', '224', '153', '631', '6', '956', '13']
['484', '536', '65', '871', '104', '898', '312', '916', '435', '318', '389', '293', '541', '121', '438', '191', '531', '86', '909', '883']
['722', '661', '709', '326', '577', '785', '614', '844', '853', '242']
['301', '912', '257', '420', '232', '868', '497', '622', '30', '234', '237', '984', '557', '343', '171', '207', '650', '904', '881', '7', '521', '357', '812']
['977', '628', '453', '452', '330', '573', '384', '5', '498', '96', '552', '353', '501', '36']
['413', '46', '786', '669', '421', '347', '568', '31', '524', '158', '406', '801', '16', '695', '548', '449', '743', '380', '719', '623', '793', '766', '190', '747', '872', '971', '733', '672', '911']
['245', '383', '781', '378', '718', '56', '3', '804', '889', '344', '346', '470', '680', '734', '906', '798', '202', '309', '851', '444', '185', '148', '472', '291']
['154', '674', '830', '885', '123', '705', '26', '691', '829', '27', '108', '22', '658', '823', '882', '817', '251', '450', '756', '800', '697', '387', '537', '560', '290', '51', '92']
['460', '400', '712', '271', '311', '133', '907', '586', '221', '516', '394', '605', '335', '570', '923', '515', '135', '740', '375', '145', '860', '208', '561', '836', '188', '935']
['281', '214', '601', '967', '553', '937', '518', '768', '926', '182', '203', '83', '837', '54', '239', '328', '566', '981', '200']
['93', '527', '948', '903', '664', '637', '559', '379', '59', '494', '409', '816', '246', '530', '286', '783', '603', '374', '430', '621', '799', '74', '391', '341', '263', '625', '114']
['358', '742', '169', '322', '180', '216', '466', '869', '701', '858', '479', '258', '170', '496', '451', '595', '782', '638', '97', '884', '599', '587', '21', '546', '908']
