['424', '180', '501', '952', '265', '768', '207', '862', '445', '945', '805', '422', '182', '446', '159', '884', '84', '132', '692', '789', '563', '951', '26', '415', '72', '898', '670', '567', '842', '772', '59', '847']
['891', '906', '793', '887', '312', '150', '359', '778', '336', '211', '142', '318', '926', '568', '321', '928', '617', '56', '819', '490', '806', '868', '540', '865', '277', '285', '365', '838', '647', '823', '572', '413']
['494', '689', '504', '70', '707', '107', '598', '837', '735', '355', '368', '765', '317', '927', '217', '885', '474', '642', '90', '519', '374', '48', '235', '444', '333', '287', '641', '32', '7', '197', '21', '241']
['366', '611', '948', '203', '99', '690', '477', '697', '88', '746', '228', '723', '725', '303', '533', '255', '790', '323', '391', '91', '22', '492', '3', '118', '123', '155', '542', '607', '6', '340', '608', '200']
['530', '759', '637', '914', '643', '681', '935', '331', '111', '216', '205', '449', '537', '493', '247', '846', '443', '489', '296', '929', '121', '232', '43', '840', '801', '328', '936', '68', '286', '921']
['385', '467', '250', '297', '163', '861', '143', '386', '645', '644', '456', '257', '556', '140', '408', '398', '863', '836', '828', '785', '66', '845', '8', '275', '294', '949', '957', '893', '231', '198', '844', '820']
['61', '652', '42', '877', '283', '594', '350', '65', '545', '947', '550', '798', '628', '210', '574', '655', '344', '551', '19', '788', '448', '419', '125', '259', '684', '756', '687', '813']
['580', '577', '454', '796', '362', '667', '613', '156', '273', '660', '0', '810', '609', '139', '857', '240', '100', '523', '298', '682', '576', '875', '204', '437', '302', '106', '583', '781', '304', '279', '12', '622']
['569', '773', '651', '578', '855', '165', '498', '397', '174', '52', '347', '831', '600', '750', '958', '34', '766', '541', '192', '24', '81', '711', '338', '779', '913', '79', '774', '736', '116', '270', '917', '614']
['316', '522', '760', '162', '110', '745', '747', '373', '508', '712', '943', '103', '587', '695', '60', '186', '341', '40', '137', '77', '529', '271', '387', '324', '899', '495', '515', '553', '39', '911']
['69', '562', '390', '536', '146', '754', '843', '547', '751', '55', '698', '960', '124', '451', '892', '458', '47', '10', '505', '575', '86', '497', '126', '127', '829', '215', '245', '266', '151', '883']
['499', '704', '931', '532', '503', '167', '933', '514', '152', '281', '807', '89', '14', '33', '268', '164', '261', '619', '195', '379', '225', '518', '811', '752', '92', '739', '405', '357', '208']
['393', '850', '706', '363', '98', '105', '433', '29', '585', '859', '222', '688', '313', '128', '169', '17', '665', '20', '880', '134', '38', '555', '314', '726', '791', '824', '325', '282', '526', '307', '802', '932']
['46', '420', '856', '486', '872', '620', '794', '267', '767', '264', '646', '409', '120', '606', '189', '252', '713', '404', '354', '616', '956', '546', '961', '770', '662', '50', '135', '173', '612', '565', '129', '761']
['656', '858', '161', '58', '941', '552', '334', '848', '900', '749', '434', '461', '249', '191', '417', '30', '292', '470', '410', '218', '322', '718', '291', '629', '183', '382', '946', '939', '179', '535', '76', '64']
['559', '673', '579', '484', '427', '702', '403', '332', '487', '450', '549', '822', '543', '396', '375', '243', '816', '919', '361', '661', '160', '468', '18', '738', '860', '730', '521', '907', '274', '733', '429', '776']
['452', '610', '686', '54', '623', '412', '950', '82', '227', '876', '561', '353', '36', '769', '31', '482', '849', '638', '671', '389', '175', '940', '289', '154', '459', '912', '481']
['728', '634', '147', '925', '115', '4', '188', '145', '425', '319', '741', '742', '841', '465', '295', '94', '509', '370', '213', '113', '471', '206', '62', '678', '171', '181', '141', '792', '603', '411', '625', '15']
['668', '27', '920', '460', '230', '866', '311', '803', '691', '714', '780', '251', '879', '306', '394', '809', '356', '478', '223', '85', '942', '485', '922', '635', '423', '762', '699', '399', '476', '715', '664', '654']
['787', '199', '149', '597', '335', '447', '383', '854', '278', '679', '426', '108', '57', '909', '418', '605', '721', '13', '581', '799', '672', '729', '507', '890', '663', '112', '959', '190', '604', '25', '633', '202']
['864', '5', '719', '45', '351', '777', '676', '852', '694', '441', '244', '882', '511', '902', '908', '596', '590', '114', '73', '187', '938', '473', '464', '901', '320', '376', '740', '659', '83', '93', '895']
['589', '337', '276', '771', '674', '874', '104', '37', '342', '96', '873', '358', '378', '591', '309', '102', '442', '618', '897', '97', '430', '832', '525', '184', '602', '256', '903', '221', '558', '364', '144', '402']
['148', '744', '196', '955', '630', '153', '480', '395', '510', '886', '520', '636', '757', '808', '117', '916', '343', '512', '421', '753', '763', '755', '51', '675', '172', '212', '239', '743', '242', '632', '87', '870']
['517', '457', '466', '330', '524', '310', '80', '544', '571', '923', '905', '557', '224', '527', '710', '136', '703', '621', '299', '432', '700', '214', '407', '513', '680', '717', '260', '130', '35', '185', '564', '71']
['119', '436', '44', '783', '1', '349', '592', '648', '937', '326', '475', '650', '677', '708', '649', '657', '599', '827', '392', '406', '764', '835', '226', '732', '438', '2', '615', '176', '548', '435', '639', '716']
['315', '582', '894', '109', '360', '284', '775', '133', '896', '469', '722', '238', '483', '455', '157', '904', '479', '731', '825', '817', '293', '924', '209', '263', '288', '305', '953', '462']
['500', '329', '16', '170', '339', '384', '528', '229', '453', '488', '830', '748', '595', '95', '428', '138', '253', '166', '440', '705', '63', '463', '78', '67', '534', '301', '833', '75', '248', '853', '631', '74']
['812', '867', '101', '345', '915', '346', '871', '272', '782', '516', '369', '49', '246', '570', '290', '851', '491', '377', '300', '666', '685', '506', '219', '888', '797', '834', '839', '693', '380']
['269', '653', '372', '586', '23', '539', '601', '308', '371', '724', '193', '624', '194', '178', '388', '348', '709', '538', '627', '234', '237', '9', '554', '352', '201', '640', '367', '658', '889', '934', '800', '177']
['814', '795', '930', '122', '669', '560', '910', '881', '53', '918', '588', '727', '573', '233', '683', '280', '28', '821', '381', '401', '734', '737', '262', '593', '758', '696', '472', '954', '416', '496', '566', '804']
['236', '414', '720', '502', '626', '815', '254', '258', '818', '168', '878', '869', '431', '786', '531', '11', '131', '41', '944', '158', '826', '327', '584', '439', '701', '400', '784', '220']
