['504', '208', '227', '458', '267', '467', '717', '687', '519', '265', '362', '370', '642', '62', '235', '542', '963', '102', '27', '426', '872', '447', '269', '28', '697', '742', '525', '994', '578', '91', '778', '283', '408', '132', '50', '210', '404', '256']
['738', '716', '658', '751', '610', '83', '108', '195', '292', '397', '509', '750', '734', '342', '281', '982', '571', '89', '933', '856', '893', '726', '965', '401', '462', '202', '55', '808', '286', '385', '170']
['506', '240', '650', '724', '510', '597', '113', '543', '167', '402', '353', '87', '432', '313', '75', '339', '977', '67', '223', '379', '818', '862', '133', '444', '129', '295', '723', '237', '797', '39', '414', '836', '998', '430', '319', '259', '48', '333', '665', '377']
['984', '806', '287', '175', '406', '795', '682', '811', '7', '429', '242', '498', '68', '737', '243', '80', '619', '258', '209', '969', '664', '0', '212']
['887', '894', '327', '515', '171', '165', '350', '591', '838', '579', '841', '127', '681', '143', '248', '782', '23', '943', '11', '254', '606', '361', '51', '985', '172', '347', '567']
['428', '845', '305', '989', '423', '594', '534', '153', '33', '859', '142', '88', '85', '252', '614', '924', '829', '226', '833', '372', '386', '120', '359', '228', '220', '807', '918', '971', '494', '675', '562', '875']
['239', '194', '336', '334', '12', '554', '821', '714', '330', '776', '999', '920', '59', '323', '880', '589', '382', '125', '60', '178', '306', '340', '114', '417', '551', '566', '53', '877', '126', '304', '128', '518', '442', '516', '122', '948']
['69', '545', '913', '987', '909', '896', '898', '448', '152', '358', '302', '185', '278', '92', '20', '139', '231', '979', '653']
['65', '668', '315', '548', '119', '332', '607', '301', '758', '672', '826', '366', '383', '747', '44', '207', '631', '612', '991', '369', '793', '338', '378', '696']
['183', '261', '297', '303', '605', '279', '753', '541', '932', '503', '743', '557', '922', '232', '695', '768', '360', '388', '390', '480', '843', '752', '550', '200', '469', '615', '446', '993', '879', '413', '116', '666', '389']
['123', '181', '289', '537', '193', '864', '799', '553', '189', '954', '832', '680', '974', '761', '914', '564', '141', '481', '474', '851', '180', '146', '739', '643', '702', '421', '611', '577', '479', '201', '967', '373', '563', '812', '544', '399', '300', '906', '674', '850']
['735', '124', '45', '260', '157', '951', '882', '669', '835', '182', '253', '670', '497', '130', '477', '624', '576', '618', '588', '464', '422', '42', '840']
['713', '233', '983', '299', '711', '905', '639', '316', '403', '941', '24', '298', '186', '964', '569', '311', '755', '115', '911', '584', '757', '405', '457', '863', '74', '238', '177', '41', '337', '908', '787', '82', '25', '22', '184', '452', '1', '547', '384', '678']
['789', '407', '560', '802', '230', '15', '892', '628', '234', '583', '282', '881', '290', '727', '308', '318', '699', '250', '173', '774', '54', '412', '478', '790', '729', '363', '205', '902', '482', '629', '715', '61', '90', '602', '257', '690', '645', '331']
['816', '661', '788', '376', '732', '582', '884', '70', '13', '322', '694', '393', '6', '627', '473', '137', '280', '876', '997', '959', '270', '219', '264', '831', '866', '599', '321', '878', '97', '659', '873', '495']
['957', '483', '348', '179', '685', '517', '274', '625', '314', '221', '111', '461', '104', '151', '427', '416', '163', '912', '919', '8', '93', '572', '671', '499', '853', '927', '748', '30', '434', '471', '890', '903', '679', '32', '439', '513', '160', '946', '203', '763']
['328', '981', '595', '131', '138', '344', '17', '995', '648', '468', '938', '325', '288', '772', '803', '176', '63', '34', '749', '357', '800', '596', '741', '889', '107', '852', '100', '740', '786', '291', '895', '980', '849', '968', '419', '848']
['285', '317', '721', '246', '367', '539', '935', '623', '581', '781', '637', '224', '64', '296', '771', '930', '858', '956', '958', '135', '57', '73', '346', '343', '801', '990', '266', '535', '976', '857', '736', '640']
['867', '923', '117', '722', '593', '491', '96', '532', '633', '634', '244', '558', '326', '955', '118', '900', '391', '26', '731', '792', '693', '453', '365', '764', '511', '559', '874', '691', '794', '489', '604', '364', '638', '449', '2', '986', '217', '966', '646']
['56', '445', '540', '526', '159', '66', '335', '443', '819', '492', '728', '345', '490', '733', '769', '580', '147', '942', '394', '925', '616', '798', '676']
['271', '945', '493', '9', '762', '272', '187', '98', '37', '456', '204', '134', '277', '356', '341', '81', '916', '860', '834', '484', '586', '613', '501', '897', '705', '689', '767', '110', '809', '538', '907', '411', '415', '530', '522', '630', '166', '765']
['970', '241', '255', '450', '657', '460', '40', '524', '121', '425', '436', '720', '533', '10', '950', '677', '570', '820', '817', '712', '31', '109', '514', '960', '949', '837', '561', '703', '885', '760', '700', '77', '273', '871', '635', '632', '476', '454', '149', '825']
['779', '785', '992', '487', '565', '656', '101', '939', '706', '944', '19', '424', '222', '190', '846', '917', '392', '701', '842', '103', '904', '861', '188', '395', '636', '620', '145', '886', '247', '683', '156', '975', '688', '168', '213', '512', '531', '791', '140', '440']
['952', '773', '225', '988', '192', '686', '263', '355', '777', '552', '601', '371', '598', '888', '198', '105', '870', '783', '815', '574', '324', '35', '262', '940', '830', '673', '962', '435', '466', '996', '823', '698', '275', '655', '29', '536']
['766', '708', '575', '352', '759', '684', '555', '814', '692', '433', '508', '214', '608', '947', '475', '136', '770', '164', '972', '839', '78', '215', '307', '293', '507', '549', '79', '868', '396', '71', '746', '437', '349', '459', '521', '496', '590', '380', '928', '854']
['312', '662', '754', '775', '3', '647', '465', '718', '621', '320', '236', '592', '810', '626', '756', '617', '847', '76', '112', '523', '400', '387', '14', '441']
['502', '36', '973', '707', '5', '47', '600', '805', '546', '486', '374', '409', '99', '527', '106', '784', '249', '568', '72', '804', '310', '528', '936', '144', '431', '869', '86', '667', '573', '844', '58', '649', '463', '410', '268', '150', '710']
['21', '197', '929', '719', '84', '294', '211', '520', '43', '284', '351', '46', '813', '709', '329', '229', '218', '644', '354', '910', '822', '16', '418', '704', '891', '49', '609', '485', '206', '934', '744', '901', '148', '978']
['505', '745', '155', '470', '375', '381', '828', '953', '38', '309', '196', '95', '654', '472', '641', '937', '276', '865', '438', '587', '556', '169', '780', '251', '725', '796', '199', '368', '899']
['663', '245', '488', '191', '622', '18', '961', '158', '161', '730', '420', '154', '926', '651', '660', '451', '883', '855', '529', '921', '603', '94', '585', '915', '455', '500', '4', '824', '652', '398', '162', '827', '174', '216', '52', '931']
