['121', '461', '505', '281']
['525', '197']
['109', '501', '521', '73', '574', '250', '500', '229', '173']
['452', '220', '534', '297', '4']
['572']
['496', '25', '48', '398', '219', '76', '51']
['541', '77']
['139', '116']
['487', '65', '78', '56']
['45', '175']
['194']
['420', '96', '462']
['165', '564', '132', '216']
['80', '345', '63', '335', '309']
['327', '433', '87', '110', '112', '174', '74']
['129', '6']
['565']
['292', '276']
['230', '223', '502']
['468', '183', '200', '140', '38', '169', '172']
['239', '380', '117']
['226']
['269']
['361', '59']
['215', '3', '145', '20', '217']
['44', '61', '308', '142', '599', '270', '388']
['493', '436', '192', '288']
['344', '85']
['545', '92']
['583', '222', '404', '258', '300']
['418', '475']
['115', '114', '255']
['588', '479', '75']
['99']
['485', '511', '131']
['274']
['374', '143']
['467']
['60', '261', '249']
['227', '372', '283', '168', '423', '104', '474', '319']
['424', '391', '280']
['489', '407']
['555', '189', '491', '378']
['343']
['488', '569', '459', '236', '533']
['243']
['43', '100', '312']
['369', '69', '375', '465']
['66', '540']
['178']
['233', '547']
['365', '120', '427']
['15', '535']
['57', '157', '389']
['482', '518', '141']
['490', '95']
['190', '147', '444', '553', '273', '554', '237', '202']
['401', '35', '579']
['594', '571']
['399', '130', '560', '590']
['568', '93', '159']
['481', '492']
['477']
['526', '394', '342']
['14', '350', '413']
['464']
['107']
['86', '340', '160']
['29', '30']
['155', '171']
['293']
['317', '390', '124', '591', '506']
['529', '81', '247', '546', '82']
['311', '209']
['68', '354']
['443', '199', '517', '134', '238', '36']
['254', '455']
['393', '1', '253']
['322', '185']
['23', '289', '28', '486']
['392', '473', '22', '206', '326', '400']
['152', '498', '453']
['70', '0', '544']
['405']
['430', '463', '542', '315', '337', '88']
['262']
['133']
['259', '179', '543', '570']
['550']
['184', '417', '275']
['136', '349']
['277']
['425', '290']
['128', '83', '480']
['470', '264']
['225', '231', '7', '235']
['33', '58']
['457', '232', '333']
['539', '144', '376', '187', '119', '305', '204', '13']
['251']
['551']
['10', '516']
['512', '89', '360', '396', '497']
['146', '346']
['176', '411']
['504', '446']
['71', '339', '584', '373']
['364', '403']
['359']
['126', '111', '37']
['79']
['548', '166', '458']
['314']
['41', '440']
['138', '47', '338']
['329']
['263']
['53', '207']
['31', '593', '101']
['55', '106', '577']
['98', '559', '368', '385']
['566']
['2', '296', '557']
['286', '332', '40']
['442']
['299', '54', '306', '135', '585']
['201', '267']
['367', '151', '16']
['64', '284']
['523', '186', '558', '406']
['188']
['419', '582']
['575', '382', '198']
['191', '164', '279', '324', '118', '586', '428', '180', '224']
['450', '370', '153', '377']
['260']
['24', '567', '12', '537']
['167', '162', '246', '149', '494']
['127', '330']
['154', '429', '395']
['328']
['248', '581']
['397', '113']
['213', '348', '432', '244', '447']
['256', '156']
['596', '271', '321']
['205', '437', '302', '426', '11']
['301', '357']
['331', '466', '210', '21', '242', '90', '62', '84', '282', '218']
['456', '356', '341', '123']
['471', '421', '563']
['573', '589']
['531', '503']
['18', '476', '212', '39', '507', '9', '478']
['522', '334', '72']
['181', '203', '435', '161']
['285', '318', '241', '5', '556', '587', '439']
['103', '214', '383']
['252', '578', '362']
['19']
['451', '323', '415', '291', '431', '454']
['234', '416', '448', '303', '538']
['208', '67', '536']
['52']
['519']
['49', '177']
['528']
['211', '513']
['508', '310', '384']
['408', '532', '355']
['520', '460']
['449']
['387', '402', '313', '163', '196', '158']
['122', '592', '240', '195', '27']
['499', '530']
['441', '266', '50']
['549', '125', '108', '381']
['221', '379', '434']
['514', '32', '148', '307']
['320', '265', '386', '17', '483']
['363', '515', '137']
['472', '182', '347', '353', '580']
['552', '351', '366', '561']
['46', '257']
['597']
['445', '409']
['26']
['371', '422']
['509', '94', '193']
['438', '524']
['358', '91']
['336', '352']
['410', '295', '287', '304', '316', '510', '228']
['298', '272', '105', '268']
['484']
['150', '469', '495']
['8', '170', '278', '527']
['414', '325', '598', '412', '562', '294', '595', '102']
['245', '576', '97']
['42', '34']
