['381', '16', '183', '480']
['929', '37', '622', '337']
['307', '940']
['182', '457', '138', '892', '209']
['59', '17']
['972', '122', '188', '659', '843', '18', '449']
['524', '859', '298', '134', '503', '314']
['587', '106', '807', '26', '941']
['159', '267', '606', '887']
['938', '4', '680', '548', '900', '278', '805']
['496', '154']
['962']
['305', '577', '870', '477', '317', '627', '169', '332']
['56', '682', '466', '345', '212', '280', '46']
['55', '218', '529', '271', '894']
['721', '377', '605']
['937', '755', '471', '392', '147', '173', '959']
['988', '898', '561', '269', '630', '253', '729']
['43', '902', '118', '237', '333', '413', '971', '110']
['10']
['660', '569', '220', '563']
['562', '871', '426', '369', '472', '316', '551']
['651', '696', '702', '833']
['231', '717', '371', '163', '456', '718', '495', '638', '614', '686']
['462', '463', '3', '155', '80', '873', '486', '196', '922']
['670', '315', '797']
['210', '162', '153', '490']
['189', '889', '101', '229', '12', '428', '823', '869']
['104', '935']
['586', '981', '193', '662', '427', '828', '407', '194', '23', '334', '830', '380']
['187', '300', '395', '452', '693', '703', '909', '734']
['123', '866', '801', '780', '161', '736']
['650', '246', '595', '500']
['758', '740', '47', '884', '994', '38']
['274', '206', '358']
['453', '564', '596', '571', '821']
['540', '22', '613', '293', '813']
['342', '85', '64', '632', '684', '822', '245', '242', '290']
['461', '438', '288', '339', '348']
['63', '784', '756']
['901', '698', '442', '858', '936', '148', '773']
['724']
['128', '774', '69']
['752', '945', '558', '692', '766']
['473', '306', '133', '200', '105', '458']
['706', '674', '211', '633', '760', '575', '94', '57']
['829', '409', '382', '861', '862', '666']
['790', '1', '964', '289', '81', '854', '296']
['34', '695', '675', '895']
['141', '450', '725', '883', '924', '327']
['844']
['733', '304', '818', '761', '771', '119', '11', '997', '846']
['897', '372']
['455', '268', '905', '956', '623', '735']
['460', '224', '570', '181', '27']
['827', '750', '13', '467']
['603', '355', '357', '0', '295', '708', '25']
['640', '423', '643', '310', '247', '248', '978', '597']
['167', '739', '950', '328', '279', '743']
['113', '198', '600']
['742', '730', '326']
['566', '980', '320', '157', '777', '83', '329']
['615', '150', '837', '867', '857']
['297', '408', '180']
['998', '556']
['916', '441', '214']
['591', '232', '366']
['121', '258', '543', '146', '820', '292']
['9', '354', '574', '303', '498', '732', '255', '528']
['812', '917', '579']
['166', '763', '132']
['604', '454', '277', '8', '991']
['661', '73', '363', '975', '299', '265', '584']
['727', '90', '689', '960']
['404', '312', '488', '969', '560']
['582', '430', '353']
['665', '227', '164', '958', '841', '435', '993', '41', '124']
['416', '943', '205', '126', '79', '520']
['191', '963', '527', '836', '785']
['810', '927', '793', '852']
['872', '753', '514']
['259', '143', '219']
['74', '172']
['176', '68']
['824', '66']
['451', '114', '599', '397', '795']
['646', '398', '364', '479']
['816', '966']
['335', '995', '876']
['509', '92', '440', '612', '136', '522', '770', '230', '508', '419', '711', '723']
['42', '403', '637', '70', '518', '798', '553', '399']
['411', '250', '849', '144', '77', '808']
['185', '270', '433']
['853', '791', '308', '789', '657', '97', '626', '391']
['811', '653', '487', '521', '373', '947']
['338', '410', '275', '281']
['744', '673', '986', '965']
['875', '202', '240', '967']
['800', '151', '641', '459']
['535', '707', '911', '904', '678']
['968', '226', '20', '168', '494', '446', '552', '507']
['554', '170', '417', '425', '973', '877']
['388', '468', '49', '747']
['436', '537', '322', '175', '838']
['926', '842', '592', '796']
['617', '165', '685', '848', '149', '541']
['383', '309', '374', '694', '525', '215']
['385', '700', '349', '931', '7']
['619', '505', '361', '393']
['868', '601', '19', '365', '754', '405', '179']
['951', '178', '313', '671']
['855', '491', '464', '616', '370', '893']
['448', '135', '583', '839']
['447', '421', '913', '804', '437']
['291', '642', '580']
['311', '918', '184', '802', '860', '51']
['217', '6', '241']
['203', '933', '131', '920']
['781', '534', '826', '644']
['539', '762', '432', '439', '881']
['899', '625', '45', '989']
['53', '728', '469', '979']
['992', '850', '621']
['156', '865', '475']
['726', '531', '709', '238', '634', '431']
['254', '356']
['932', '697', '745', '378', '982', '52']
['192', '125', '667', '236', '923', '906', '501', '912']
['273', '412', '102', '530', '814']
['512', '910', '746', '120', '654', '15', '664']
['677', '738', '44', '62']
['669', '350', '704']
['880', '186', '710', '261', '631']
['952', '772', '84', '283']
['549', '152', '21', '319', '225', '233']
['493', '14', '323', '376', '213']
['58', '195', '948', '840']
['341', '825', '714', '389', '515', '28', '676', '71', '78']
['489', '465']
['705', '35', '547', '99', '362', '589', '713', '896', '864', '5']
['511', '851', '87', '301', '576', '510']
['565', '652', '88', '977', '239', '506']
['915', '720', '786', '302', '996', '107', '647']
['783', '30', '284', '32', '445', '792']
['788', '171', '819']
['628', '33', '204', '235', '429']
['492', '699', '874', '222', '517', '955']
['244', '663', '331', '961', '741', '731', '286']
['545', '221', '137', '249']
['999', '691', '701', '93', '903', '690', '567', '251']
['930', '944', '546', '578']
['197', '502', '325', '687', '360', '581', '418']
['406', '444', '352', '252']
['624', '61', '145', '715', '386', '108', '635']
['588', '60', '891']
['939', '639', '636', '262', '359', '769']
['394', '347', '100']
['499', '778', '645', '142', '985', '91']
['401', '572']
['759', '158', '990', '470']
['629', '782', '343', '264', '776', '835', '942', '608', '174']
['611', '272', '585']
['809', '324', '390', '648']
['573', '160', '384', '834', '879', '779']
['111', '768', '946', '775', '260']
['799', '542', '346', '544', '257']
['379', '919', '282', '216', '934', '95', '590', '976']
['396', '513', '72', '598', '29', '2']
['117', '655', '482', '48']
['620', '928', '878', '109']
['190', '610', '688', '40', '263', '39', '434']
['201', '908', '668', '817']
['550', '89', '787', '420', '888', '658']
['533', '65', '375', '921']
['618', '523', '228', '712', '484']
['321', '737', '602', '82']
['294', '863', '67', '199']
['649', '757', '806']
['764', '31', '115', '607']
['970', '984', '414', '925']
['557', '103']
['130', '847', '497', '481', '845']
['914', '538', '476', '129', '568']
['672', '483', '223', '536']
['765', '336', '207', '86', '276', '285', '424', '957']
['716', '681', '656', '954']
['415', '856', '443', '832', '478']
['722', '127', '751', '340', '504', '330', '748']
['243', '400', '794', '98', '683', '890']
['886', '24', '983', '719', '516']
['949', '519', '112', '368', '177', '679', '96', '367']
['559', '974', '139', '953', '140']
['532', '76']
['749', '387', '594']
['54', '208', '287', '402']
['351', '266', '593', '555', '885', '526', '907']
['36', '474', '815', '609', '831']
['344', '882', '116']
['767', '422', '256', '50']
['234', '75', '987', '318', '485', '803']
