['151', '90', '84', '258', '511', '368', '17', '554', '425', '54', '271', '170', '179', '247', '395', '6', '377', '322', '83', '295', '591', '143', '34']
['441', '476', '547', '341', '597', '310', '52', '241', '97', '557', '300', '543', '64', '182', '444', '207', '522', '520', '22', '235', '111', '259']
['570', '353', '18', '252', '219', '311', '24', '171', '571', '470', '131', '266', '496', '373', '456', '63', '455', '255', '39', '574', '430', '483']
['69', '408', '598', '389', '114', '440', '163', '431', '313', '248', '448', '135', '154', '60', '192', '380', '412', '532', '415', '232', '559', '57', '359', '202', '194', '546']
['225', '167', '292', '262', '36', '563', '287', '238', '451', '88', '401', '328', '346', '38', '568', '303', '42', '40', '427', '584', '106', '337', '460']
['442', '144', '420', '80', '296', '326', '210', '272', '286', '402', '229', '548', '383', '82', '417', '468', '350', '555', '244', '30', '113', '185', '533', '332', '119']
['374', '299', '0', '575', '372', '270', '501', '414', '355', '2', '469', '371', '104', '140', '465', '487', '538', '145', '191', '157', '108', '352', '503', '422', '236', '156', '443', '176', '599', '379']
['544', '101', '120', '437', '155', '72', '424', '396', '96', '129', '224', '502', '488', '217', '181', '309', '268', '354', '48', '5']
['485', '453', '102', '569', '228', '112', '423', '81', '8', '517', '7', '387', '464', '46', '290', '331', '105', '164', '257', '560', '419', '253', '505', '330']
['284', '325', '273', '99', '320', '11', '215', '450', '344', '269', '25', '363', '77', '137', '44', '280', '43', '45', '109', '221', '467', '564', '85', '436', '506', '19', '133', '21']
['265', '516', '249', '458', '138', '513', '211', '340', '576', '187', '586', '12', '71', '540', '256', '500', '523', '462', '572', '16', '13', '507', '130', '231', '218', '314']
['594', '50', '205', '66', '276', '479', '498', '190', '240', '173', '472', '509', '391', '343', '31', '117', '260', '175', '32', '567', '426', '595', '242', '589', '47', '588', '526', '392', '68', '432']
['298', '98', '275', '61', '149', '338', '327', '317', '15', '435', '404', '452', '370', '365', '345', '233', '103', '528', '74', '319', '147', '288', '459', '91']
['596', '115', '510', '386', '382', '400', '361', '201', '116', '512', '454', '324', '587', '227', '33', '1', '246', '70', '159', '183', '293', '186', '407', '208', '394', '499', '312', '243']
['416', '316', '212', '86', '336', '307', '177', '27', '139', '65', '515', '539', '518', '457', '447', '206', '580', '486', '545', '535', '475', '357', '245', '549', '178', '388', '267', '264', '209', '174']
['132', '127', '318', '347', '529', '558', '550', '283', '335', '410', '399', '375', '367', '168', '199', '321', '125', '553', '405']
['493', '364', '369', '73', '216', '342', '305', '166', '579', '406', '274', '152', '514', '397', '366', '49', '495', '461', '128', '524', '62', '434']
['376', '302', '55', '277', '439', '525', '562', '484', '213', '110', '590', '531', '150', '581', '279', '204']
['165', '193', '20', '76', '542', '315', '384', '180', '158', '93', '541', '463', '339', '9', '418', '162', '521', '466', '67', '482', '94']
['592', '304', '3', '107', '578', '197', '411', '198', '494', '58', '429', '141', '251', '92', '95', '230', '390', '566', '403', '556', '565', '561', '508', '413', '481', '23']
['35', '348', '334', '593', '41', '78', '234', '220', '489', '474', '585', '121', '89', '551', '118', '37', '497', '360', '226', '301', '261']
['349', '195', '134', '250', '160', '323', '59', '421', '75', '490', '428', '222', '351', '87', '530', '169', '446', '28', '445', '577', '356', '297', '329', '263', '378', '308', '142', '223', '362', '188']
['438', '189', '100', '289', '478', '123', '4', '409', '184', '51', '122', '491', '203', '477', '79', '527', '393', '398', '381', '333']
['53', '536', '196', '583', '294', '124', '126', '254', '148', '172', '471', '534', '492', '278', '153', '56', '480', '573', '136', '306', '237', '473']
['552', '281', '146', '537', '14', '285', '385', '239', '10', '26', '161', '358', '519', '449', '504', '582', '29', '291', '433', '214', '282', '200']
