['242', '880', '131', '172']
['310', '542', '431', '169', '592', '171', '732', '829', '323', '873', '996', '333', '613', '886', '300', '392', '312', '132']
['226', '646', '221', '423', '783', '304', '494', '163', '562', '421', '263', '764', '402', '702', '436']
['175', '545', '632', '598', '617', '990', '429', '145', '939', '102', '277', '99', '46', '705', '85', '547']
['505', '561', '259', '850', '454', '604', '952', '150', '349', '193', '58', '637', '295', '563', '305', '100', '595', '900']
['594', '182', '170', '744', '656', '273', '584', '564', '14', '126', '851', '675', '190', '523', '504', '283', '557', '370']
['619', '35', '433', '511', '452', '338', '752', '197', '41', '961']
['935', '393', '859', '25', '772', '262', '883', '623', '322', '986', '398', '278', '285']
['384', '627', '20', '188', '757', '684', '475', '558', '294', '929', '10', '544', '838', '254', '465']
['108', '269', '238', '31', '177', '531', '633', '56', '191', '687', '950', '105']
['688', '228', '289', '679', '404', '953', '983', '962', '664', '205', '599', '882', '665']
['324', '507', '474', '374', '801', '104', '934', '749', '539', '606', '784', '414']
['246', '597', '101', '669', '788', '419', '560', '775', '791']
['75', '78', '148', '588', '122', '106', '985', '328', '91', '984']
['918', '809', '638', '765', '515', '381', '593', '469', '489', '286', '812']
['165', '847', '799', '184', '355', '858', '391', '954', '497', '582', '230', '957']
['965', '781', '698', '628', '959', '26', '354', '723', '37', '443', '499', '720']
['484', '636', '127', '375', '581', '138', '49']
['779', '471', '767', '856', '769', '157', '103', '906', '920', '630', '359']
['924', '919', '673', '335', '618', '192', '350', '699', '330', '240', '574', '435', '512', '991', '735', '48', '284']
['709', '737', '835', '704', '206', '128', '462']
['98', '57', '815', '96', '897', '154', '522', '921', '734', '635', '306', '978']
['270', '444', '409', '596', '525', '120', '529', '478', '196', '137']
['115', '601', '215', '936']
['770', '483', '113', '94']
['994', '518', '998', '995', '441', '59']
['696']
['540', '231', '639', '123', '975', '303', '488', '158', '208', '716', '928', '567']
['591', '657', '845', '280', '860', '866']
['634', '30', '756', '482', '889', '943', '243', '814']
['77', '691', '650', '17', '427', '460', '855', '464', '207', '892', '811', '399', '407', '7', '164', '703', '778', '183']
['707', '678', '68', '506', '276', '189', '401', '62', '608', '940', '129', '428']
['911', '840', '438', '450', '236', '793', '249', '730', '611', '63', '550', '65']
['292', '51', '16', '917', '52', '18', '885']
['605', '275', '212', '590', '831', '241', '738', '209', '933', '863', '786', '914']
['970', '960', '891', '893']
['282', '909', '178', '795', '394', '612', '378', '722', '973']
['33', '989', '364', '365', '373', '416']
['971', '267', '167', '503', '55', '753', '70', '549', '651', '649', '915', '386', '876', '807', '548']
['371', '629', '248', '711', '90', '28', '655', '317', '114', '755']
['931', '491', '307', '451', '80']
['681', '252', '640', '308', '83']
['251', '895', '763', '922', '908', '425', '162', '348', '361', '345', '326', '67', '222']
['498', '440', '609', '589', '220', '534', '448', '751']
['203', '22', '237', '318', '762', '559', '461', '200', '9', '417', '706', '446', '247']
['546', '346', '445', '508', '5', '543', '568', '967']
['143', '852', '29', '526', '993', '685', '400', '147', '759', '187', '742', '250', '411']
['754', '124', '204']
['118', '725', '861', '342', '117', '424', '803', '347', '227', '877']
['314', '112', '34', '947', '718', '741', '13', '968', '449', '133', '266']
['194', '64', '290', '817']
['697', '50', '894', '211', '942', '66', '695', '800', '181', '516', '575']
['88', '218', '397', '466', '726', '219', '794', '714', '84', '532']
['843', '261', '661', '39', '571', '790', '565', '493', '351', '403', '951', '839', '406']
['396', '210', '743', '816', '358', '492', '514', '864', '153', '867', '279', '339', '896', '955', '621']
['610', '4', '426', '459', '901', '180', '541', '11', '42']
['309', '24', '719', '320', '186', '260', '832', '463', '179', '748', '870', '721', '79', '966', '477', '53']
['155', '946', '422', '652', '485', '229', '776', '733', '152', '992', '110', '334', '141', '670']
['642', '298', '875', '336', '585', '268', '362']
['272', '410', '363', '337', '833', '315', '8', '826', '888', '297']
['321', '910', '556', '352', '625', '93', '872', '500', '945', '535']
['202', '785', '524', '671', '930', '761', '554', '19', '622', '616', '537']
['827', '255', '777', '82', '239', '47', '372', '796', '570', '360']
['758', '987', '201', '107', '710', '846', '291', '905', '576', '780', '692', '825', '420', '302', '490', '956', '253', '367']
['168', '739', '760', '538', '149', '453', '235', '713']
['674', '658', '923', '804', '510', '288', '712', '140', '27']
['119', '938', '368', '579', '161', '925', '216', '731', '73', '281', '43']
['313', '830', '296', '848', '174', '806', '144', '146', '413']
['517', '551', '527', '256', '479', '32', '766', '530']
['645', '963', '0', '233', '690', '740', '747', '871', '95', '376']
['555', '405', '385', '949', '904', '890', '109', '111', '311', '988', '501', '577', '468', '898']
['907', '176', '644', '87', '217', '626', '572']
['357', '615', '160', '139', '519', '470', '862', '881', '701', '487', '257', '23', '293']
['287', '583', '879', '884', '476', '234']
['659', '299', '377', '3', '383', '125', '820']
['553', '434', '412', '61', '869', '430', '573', '797', '822']
['265', '356', '798', '224', '666', '620', '198']
['653', '941', '999']
['528', '977', '853', '301', '6', '509', '972', '214', '648']
['38', '868', '789', '686', '456', '332', '72', '865', '768', '467']
['390', '1', '976', '944', '958', '805', '603', '672', '195', '964', '533']
['245', '828', '395', '502', '715', '750', '325', '341', '736', '97', '388', '916']
['689', '587', '92', '71', '680', '874', '660', '631', '379', '130', '387', '437', '136', '536', '844', '225']
['854', '813', '457', '353', '369']
['12', '927', '694', '45', '841', '607', '724', '926', '274', '458', '849', '340']
['819', '586', '683', '745', '54', '480', '932', '624', '663', '717', '442', '729', '382', '521', '979', '264', '569', '89']
['580', '980', '513', '667', '810', '151', '472', '903', '213', '552', '244']
['792', '566', '937', '199', '787', '316', '447', '2', '728', '380', '824', '331', '232', '81', '913', '802']
['44', '823', '982', '486']
['974', '948', '727', '121', '135', '40', '408', '329', '834', '773']
['159', '258', '166', '173', '643', '156', '836', '69', '21', '693', '677']
['74', '969', '86', '647', '418', '771', '700', '774', '319', '271']
['878', '36', '818', '641', '912', '708', '842', '60', '887']
['676', '327', '185', '389', '668', '600']
['746', '76', '116', '654', '415']
['902', '662', '15', '682', '343', '495', '520', '614', '223', '821', '473', '602']
['578', '366', '481', '837', '432']
['997', '496', '857', '782', '455', '981', '344', '134', '808', '439', '899', '142']
