['178', '96', '949', '654', '787', '130', '664', '548', '111', '802', '743', '885', '368', '640', '241', '183', '907', '486', '506', '789', '356', '782', '538', '938', '931', '334', '660', '616', '462', '46', '733', '841', '336', '467', '848', '773', '702', '158']
['668', '963', '274', '674', '831', '275', '433', '439', '502', '307', '17', '219', '741', '298', '820', '85']
['162', '40', '0', '384', '90', '466', '339', '523', '372', '768', '39', '564', '351', '94', '553', '410', '607', '529', '434', '335']
['578', '413', '626', '159', '398', '375', '541', '483', '82', '489', '817', '939', '233', '327', '166', '619', '278', '349', '659', '253', '912', '146', '422', '797', '928', '30', '62', '218', '901', '751', '123', '606', '526', '959', '74', '1', '998', '633', '862', '704']
['99', '54', '15', '234', '587', '582', '803', '215', '431', '590', '794', '861', '822', '319', '338', '566', '436', '12']
['430', '473', '48', '894', '409', '995', '121', '930', '656', '778', '291', '934', '524', '783', '665', '305', '833', '407', '277', '392', '561']
['691', '677', '297', '508', '800', '956', '485', '890', '712', '89', '557', '821', '641', '58', '371', '301', '337', '958', '625', '73', '667', '20', '163', '81', '558', '687', '974', '427', '955', '164', '972', '156', '420', '65', '649']
['225', '835', '428', '536', '104', '160', '636', '868', '985', '556', '839', '446', '695', '469', '655', '92', '942', '504', '629', '807', '984', '690', '878', '720', '47', '211', '182', '810', '635', '638', '98', '637', '240', '791', '631', '361', '155']
['948', '57', '961', '387', '876', '167', '986', '390', '456', '613']
['634', '614', '592', '38', '315', '435', '460', '528', '343', '650', '288', '317', '522', '596', '994', '689', '475', '975', '380', '382', '753', '296', '622', '491', '195', '247', '642', '647', '888', '916', '539', '576', '403']
['344', '311', '515', '4', '306', '331', '492', '759', '639', '399', '663', '80', '453', '982', '546', '858', '904', '776', '518', '148', '488', '290', '867', '100', '946', '729', '184', '682', '645', '393', '385', '932', '562', '595', '585', '454']
['132', '851', '808', '568', '859', '925', '693', '149', '56', '796', '941', '204', '824', '686', '758']
['21', '658', '531', '976', '207', '252', '438', '899', '575', '264', '968', '882', '113', '648', '333', '110', '923', '842', '714', '55', '357', '551', '813', '999', '735', '198', '514', '228', '51', '463', '406', '474', '775', '730', '742']
['418', '896', '222', '294', '359', '209', '944', '83', '202', '243', '700', '739', '685', '602', '50', '342', '837', '353', '903', '378', '763', '23', '28', '919', '852', '88', '293', '53', '365', '947', '239', '52', '793']
['325', '843', '270', '534', '210', '432', '500', '588', '520', '150', '69', '135', '45', '945', '279', '748', '597', '816', '125', '960', '192', '989', '67', '908', '64', '273', '115', '577', '122', '853', '725', '457', '465', '269']
['401', '889', '774', '781', '411', '109', '137', '173', '746', '610', '464', '139', '719', '915', '7', '226', '262', '379', '165', '724', '308', '713', '144', '13', '263']
['757', '479', '766', '25', '836', '106', '285', '71', '134', '935', '581', '957', '684', '185', '300', '740', '555', '533', '259', '354', '205', '440', '68', '116', '323', '153', '487']
['29', '860', '589', '41', '604', '879', '880', '286', '747', '350', '91', '804', '59', '152', '419', '591', '632', '902', '501', '814', '847', '828', '367', '744', '784', '979', '913', '499', '708', '452']
['6', '883', '212', '811', '154', '22', '764', '874', '268', '877', '812', '997', '423', '43', '510', '818', '943', '951', '157', '937', '542', '662', '603', '872', '532', '722', '124']
['844', '108', '312', '780', '417', '731', '571', '373', '2', '661', '799', '570', '179', '786', '424', '284', '180', '455', '767', '583', '142', '169']
['599', '681', '594', '238', '314', '736', '386', '136', '683', '421', '217', '838', '692', '9', '258', '470', '771', '292', '267', '429', '552', '97', '875', '644', '980', '669', '213', '873', '503', '537', '490', '76', '726', '891', '358']
['416', '971', '256', '260', '265', '671', '623', '447', '745', '567', '969', '544', '200', '723', '329', '819', '806', '586', '107', '309', '63', '36', '953', '988', '302', '870', '560']
['834', '322', '189', '341', '790', '805', '779', '79', '892', '321', '973', '863', '272', '509', '698', '605', '769', '574', '251', '856', '369', '535', '476', '601', '617']
['615', '227', '49', '579', '701', '330', '770', '829', '513', '66', '425', '16', '756', '627', '443', '271', '396', '133']
['117', '70', '332', '573', '620', '348', '95', '389', '186', '101', '141', '245', '208', '621', '77', '772', '320', '171', '400', '201', '458', '600', '987', '884', '922', '830', '282', '936', '127', '755', '516', '120', '507']
['214', '232', '676', '792', '527', '612', '360', '254', '825', '374', '370', '242', '845', '190', '505', '230', '950', '381', '32', '181', '196', '967', '737', '366', '168', '869', '129', '628', '391']
['261', '694', '895', '61', '752', '352', '761', '749', '703', '688', '624', '933', '785', '675', '147', '657', '864', '345', '809', '906', '448', '324', '618', '126', '35', '461', '444', '347', '477', '559']
['471', '993', '926', '696', '750', '377', '33', '801', '3', '705', '44', '917', '543', '402', '140', '734', '496', '10', '678', '105', '223', '170', '102', '832', '414', '920', '161', '495', '653', '394', '26', '24', '572', '229', '408', '865']
['991', '765', '316', '34', '250', '221', '78', '569', '472', '881', '855', '897', '383', '176', '910', '697', '42', '905', '199', '481', '118', '445', '289', '426', '854', '866', '651', '143', '86', '849', '762', '716', '517', '827', '717', '84', '346', '706', '451', '193']
['798', '203', '449', '530', '197', '826', '340', '580', '236', '952', '441', '547', '611', '494', '707', '442', '328', '194', '732', '608', '257', '652', '545', '244', '929', '459', '850', '914', '405', '679', '31', '550', '18', '777', '60']
['174', '220', '131', '206', '940', '630', '355', '304', '965', '231', '450', '299', '177', '996', '363', '699', '326', '283', '970', '921', '966', '397', '871', '643', '709', '549']
['249', '415', '493', '512', '788', '964', '128', '482', '710', '248', '680', '715', '145', '711', '119', '738', '886', '280', '437', '598', '8', '646', '237', '138', '554', '511', '977', '563', '103', '172', '266', '909']
['235', '187', '281', '887', '846', '727', '954', '14', '609', '114', '525', '898', '893', '990', '670', '900', '918', '521', '287', '924', '540', '721', '376', '673', '840', '255', '754', '760', '295']
['313', '468', '404', '412', '224', '666', '27', '75', '151', '823', '191', '978', '857', '927', '992', '93', '364', '718', '795', '497', '72', '728', '19', '484']
['188', '981', '962', '5', '565', '362', '246', '519', '388', '87', '498', '672', '175', '310', '318', '11', '480', '593', '584', '395', '478', '983', '815', '911', '216', '37', '276', '112', '303']
