['603', '833', '589', '698', '892', '693', '814', '711']
['987', '214', '110', '248', '153', '969', '30', '945', '816', '836', '795', '935', '64', '779', '25', '852']
['653', '785', '552', '647', '994', '411', '581', '611', '756', '457', '676', '532']
['848', '707', '661', '142', '633']
['198', '185', '404']
['321', '580', '983', '494', '36', '208', '745', '305', '961', '165']
['140', '977', '437', '515', '622', '37']
['89', '87']
['765', '169']
['166', '447', '491', '941', '7', '894', '290']
['754', '62', '995', '999', '371', '98', '176']
['695', '667', '893', '891', '951', '928', '882']
['128', '439', '122', '870', '335']
['38', '674', '624', '617', '462', '940', '506', '138', '316', '691', '163']
['641', '728', '492', '27', '381', '547', '863', '789', '899']
['6', '186', '94', '78', '713', '687', '230']
['614', '757']
['962', '229', '271', '742', '704', '197', '606', '483', '805', '644']
['788', '488', '57', '837', '422']
['619', '705', '184', '116']
['8', '804', '681', '867', '559', '293', '458', '553', '607', '525']
['787', '88', '469', '307', '595', '486', '329', '815', '635', '639', '396']
['22', '948', '740', '758', '850', '747', '180', '131', '813', '784', '890']
['188', '250', '446', '534', '936']
['727', '968', '455', '889']
['387', '741']
['390', '399', '182']
['906', '125', '54', '362', '871', '281', '709', '502', '367', '642']
['245', '476', '413', '260', '660', '549']
['546', '623', '417']
['540', '988', '402', '283']
['832', '507', '703', '699', '201', '103', '746', '475', '986', '189']
['489', '797', '171']
['23', '792', '776', '701', '204', '42', '334']
['529', '909', '855', '79', '513', '58', '872']
['473', '471', '170', '866', '556']
['338']
['53', '769', '117', '289', '312', '744', '875', '901']
['26', '107', '235', '395', '722', '868']
['615', '215', '683', '50', '771', '49', '397', '708', '389']
['819', '501', '192', '257']
['10', '350', '522', '121', '263', '285', '767', '739', '947', '16', '851', '143']
['854', '9', '183']
['342', '582', '108', '415', '266', '314', '584', '196', '561', '801']
['697', '896', '820', '299', '167', '958']
['613', '401', '398', '308', '930']
['157', '982', '880', '621', '105', '420', '827']
['340', '869', '735', '782', '750', '966', '365', '158', '45', '773']
['274', '616', '927']
['510', '651', '319', '578', '632', '560', '645', '763', '600', '574', '781', '443']
['646', '839', '456', '222', '932']
['427', '284', '733', '482', '602', '409', '716']
['996', '913', '203']
['898', '523', '106', '20']
['846', '346', '216', '598']
['720', '24', '403']
['696', '34', '241', '104', '236', '774', '264', '296']
['689', '479', '255']
['690', '593', '876', '267', '328', '780', '430', '956', '554']
['297', '258', '44', '238', '519']
['535', '723', '718']
['242', '991', '134']
['323', '569']
['220', '857', '497', '812']
['90', '223', '881', '700', '550']
['903', '634', '449']
['12', '980', '517']
['464', '368']
['33', '438', '972']
['527', '317', '762', '618', '485', '596', '759', '127', '474']
['243', '151', '380', '301', '934', '83', '374', '237']
['807', '144', '336', '453', '673']
['421', '686', '920', '358']
['668', '950', '648', '286', '490']
['61']
['29', '985', '706', '206', '518', '391', '657', '942', '68', '993']
['325', '466', '66', '99']
['997', '400']
['828', '303', '520', '662', '82', '918', '914', '538']
['965', '768', '971', '465']
['514', '351', '46']
['923', '366', '937', '772', '318', '275', '590', '287', '426']
['295', '558', '799', '195', '377', '829', '585']
['424', '908', '957', '460', '874']
['843', '570', '240']
['35', '322', '92', '173']
['724', '849', '14', '341', '194', '219', '349']
['339', '234']
['313', '123', '730', '643', '85', '955', '256', '320', '694']
['954', '732']
['838', '17', '604']
['272', '111', '731', '394', '376', '573', '834']
['262', '431', '856', '605', '902', '31']
['212', '810', '162']
['637', '806', '933', '114', '873']
['884', '736', '436', '818', '911', '43', '393', '688', '830', '484']
['588', '477', '13', '499', '273', '324', '174', '565', '798', '39']
['137', '640']
['946', '59', '309']
['512', '702', '119']
['531', '586', '738', '19', '853']
['347', '451', '463', '369', '160']
['753', '109', '95', '75', '51']
['246', '148', '205', '998']
['842', '268', '72', '808', '678']
['227', '952']
['577', '291', '597', '666', '712', '410', '943']
['202', '783', '360']
['159', '777', '575', '467']
['536', '407', '764', '726', '493', '628', '280']
['545', '132', '551', '800', '461', '251', '454', '28', '352']
['885', '444', '684', '572', '304', '155', '791', '631']
['859']
['357', '786', '721', '989', '793', '375', '620']
['858', '343', '418', '625', '672', '976', '231']
['306', '659', '355', '978', '80', '907', '278', '333']
['912', '831', '254', '649', '211', '669', '959', '445', '187', '944', '886', '76', '503', '364', '145', '481']
['71', '803', '18', '326', '500', '359', '207', '226', '361']
['530', '472', '629', '960', '922', '124', '419']
['156', '571']
['841', '247', '796', '609', '916', '60']
['69', '315', '5', '459', '152', '15', '414']
['372', '392', '877', '270', '748', '926', '363', '794', '249', '521', '992']
['311', '626', '511', '141', '115', '136', '835', '193', '809']
['568', '298']
['425', '179', '542', '32']
['388', '73', '900']
['579', '710', '101', '979', '630', '252']
['370', '70', '175', '563', '576', '921', '55', '288', '591']
['178', '656', '677', '685', '118']
['970', '743', '567', '601', '450']
['11', '826', '770', '200', '384', '665']
['555', '356', '81', '41', '802', '96']
['790', '348', '766', '864']
['533', '120', '562', '822']
['679', '276']
['953', '897', '97', '433', '344']
['964', '612', '878']
['470', '541', '126', '751', '232', '824']
['302', '452', '931']
['331', '224', '383', '77', '282', '84', '860', '749', '495']
['715', '610', '269', '775', '938', '406']
['564', '86']
['682', '654', '496', '817']
['599', '48', '40', '161']
['440', '354', '760', '259', '434']
['213', '67']
['887', '435', '405', '752', '583', '129']
['487', '210', '592', '265']
['608', '74', '209', '300']
['967', '130', '93', '177', '428']
['939', '670']
['379', '332', '658', '154', '680', '233']
['337', '3', '663', '429', '172']
['973', '638', '442']
['327', '2', '21', '385', '714', '509', '441', '917', '353']
['692', '915', '990', '294', '929', '244', '416']
['4', '112', '627', '883', '594']
['150', '292', '524', '650', '725', '963', '905', '543', '47', '1', '408']
['975', '468', '480', '924', '516']
['102', '191', '974', '664', '228', '811', '888', '719']
['847', '113', '566']
['655', '277', '225', '63']
['135', '984', '100', '279', '147']
['862', '587', '52', '505', '504', '729']
['778', '382', '168', '181', '330', '636']
['537', '498']
['190', '548', '253']
['239', '448', '879', '146', '910']
['675', '919']
['217', '528', '949', '261', '432']
['218', '737', '378', '865', '844', '478', '671']
['133', '149', '825', '895', '904', '925', '423', '221', '139']
['717', '65', '823', '386', '199', '557']
['0', '539', '981', '526', '310', '652', '821', '56']
['861', '840', '345', '761', '91', '373', '508', '164', '755', '734']
['412', '544', '845']
