['282', '390', '147', '350', '753', '694', '592', '746', '74', '673', '521', '271']
['65']
['502']
['632', '594', '431', '214']
['308']
['221']
['728', '526', '125', '413', '109', '668', '473']
['644']
['484', '210', '515', '92']
['28', '416', '564', '120', '447', '329', '418', '187']
['455']
['617', '8', '248', '35']
['704', '667', '50']
['236', '405', '615', '818', '652', '14', '178', '372', '433', '639']
['509']
['63', '204']
['155']
['321', '729']
['504', '480']
['1']
['195', '472']
['88', '569', '676', '648', '790', '159', '563', '562', '629']
['459']
['587', '190', '576', '590', '801']
['715', '638', '462', '404', '799', '137', '700', '183', '797']
['686', '731', '303', '79']
['811', '495']
['712', '227', '439', '697', '597', '467']
['213', '317', '300']
['376', '614', '23', '454', '352', '5', '764', '544', '169']
['417', '520', '46']
['482', '721']
['320', '360', '588', '553', '105', '305', '296', '367', '281']
['793', '725', '463', '568', '344']
['341']
['448', '382', '27', '507', '567', '191', '90', '211', '726', '369', '689', '651', '585']
['412', '663', '30', '616']
['179']
['691', '762', '379', '688', '2', '795']
['486', '314', '206', '253', '62', '278', '355']
['767', '810', '540']
['354', '318', '295', '736', '703']
['554', '110']
['387', '132']
['353', '21', '80']
['621', '144', '292', '301', '575', '267', '60', '792', '115']
['469', '650']
['345', '423', '760']
['358']
['107']
['226', '64']
['77', '39', '702', '643', '733', '343']
['319', '180', '450', '583', '678', '128', '280', '428']
['490', '531', '209', '453', '149', '212']
['47', '791', '114']
['324', '225', '313', '133']
['258', '374', '647', '625']
['730', '481', '89', '246', '218', '184', '25', '742', '97', '657', '58']
['291', '607', '207', '409', '361', '49', '78', '577', '761', '578', '543']
['779', '398', '627', '265', '161', '595', '535']
['85', '645', '356', '440']
['599', '772', '586', '408', '805', '40', '230', '522', '335']
['724', '235']
['196']
['442', '222', '170', '658']
['44', '608', '633', '560', '252', '542']
['747', '499']
['348']
['45']
['809', '580', '373', '717']
['457', '503', '156', '138', '336', '256']
['491', '415', '735', '670', '716']
['172', '685']
['501', '624', '297']
['53', '687', '714']
['332', '129', '131', '788', '264']
['153', '741', '4', '140', '547', '752', '363', '710']
['208']
['43', '71', '57', '498']
['93', '362']
['177']
['228', '508']
['406', '392', '237', '111', '808', '407', '411', '775', '605', '596', '684']
['659']
['41', '122', '514']
['458', '449', '19', '536', '518']
['266']
['284', '283', '794', '706', '166', '571', '338', '525', '234']
['349', '446', '782', '328', '124', '7', '91']
['401', '250', '217', '182', '102']
['558', '766', '192', '24']
['243', '254', '745', '233', '732', '13', '290']
['384']
['803']
['527', '396', '485', '517', '477']
['602']
['229', '664', '566', '422']
['609', '681', '310', '37', '69', '765']
['34', '813']
['347', '707', '456']
['121', '800', '763', '66']
['366', '817']
['744']
['101']
['76']
['285', '443', '276']
['316', '145', '680', '641', '806']
['665']
['768', '42', '154']
['548', '20', '113', '461']
['479', '216', '245', '692', '106', '194', '116', '698', '483']
['399', '175']
['11', '173', '420', '451', '279', '758']
['381', '755']
['589', '533', '529', '561', '158', '722', '94', '82', '199']
['98', '565', '87', '432', '739']
['814']
['322', '634', '489', '546', '73', '532', '148']
['642', '674', '631', '134']
['174']
['528', '331', '656', '273', '718']
['126', '816', '203']
['654']
['240', '619']
['261', '294', '672', '136', '690']
['198', '386', '255']
['573', '581']
['737', '33', '468', '26', '68', '441', '630', '371', '247']
['378', '385', '167', '130', '709', '302']
['488', '127', '244', '231', '36', '693', '176', '323', '610', '15', '611']
['117', '287', '708', '475']
['339', '334', '104']
['289', '103', '572', '139', '142', '516']
['67']
['789', '157']
['653', '474']
['785', '197', '669', '635', '582']
['242', '268', '75', '675']
['783', '59']
['16', '452']
['260', '682', '677']
['777', '330', '711']
['460', '118', '511', '523', '359', '397', '215', '232']
['759', '556', '394', '600', '288', '471', '430', '435']
['786', '579']
['618', '337', '151', '574', '636', '238', '6', '421', '312', '241', '425']
['751', '340', '601', '500']
['181', '510']
['357', '784', '756']
['342']
['465', '188']
['550', '123', '164', '249', '513']
['505', '263', '219', '438', '424', '496', '298', '749']
['773', '445', '12']
['388', '604', '72', '637', '119', '754']
['539', '444', '757']
['538', '150', '623', '593']
['200', '143', '436', '497']
['275', '646']
['780']
['470', '649', '54', '86', '223', '112', '18']
['719', '10', '389']
['393']
['83', '815', '17']
['530', '270', '370', '545', '315', '38']
['29', '740', '306']
['146', '224', '189', '549']
['748', '56', '168']
['414', '557', '598']
['202']
['727', '478']
['400', '346', '262', '3', '95', '299']
['163']
['705', '395']
['55', '640']
['492', '152', '165', '9']
['713', '351', '770', '493', '141', '99']
['383', '375', '559', '778']
['570', '769', '552', '84']
['660', '506', '591', '696']
['534', '666', '410', '257', '364', '555']
['402', '466']
['311', '612']
['272', '108', '476']
['186', '661', '620', '613']
['333', '193', '100', '683']
['274']
['391', '494']
['606', '774', '205', '701', '162']
['551']
['723', '437', '201']
['251', '512', '628', '81', '679', '537', '70']
['695']
['309', '380']
['804', '326']
['61', '325']
['771', '48', '429']
['524', '31', '487', '734', '798', '419', '662', '781']
['377', '776']
['220']
['239', '584', '368', '750']
['699', '32', '743', '626', '185']
['277', '655']
['269']
['365', '259']
['171', '160']
['427', '403', '52', '327']
['541', '307', '0', '22', '426', '812']
['434', '96', '796']
['671', '720', '603']
['286', '519', '738']
['807', '464']
['135', '802', '787', '622', '51', '293', '304']
