['465', '16', '221', '117', '297']
['127', '176', '283', '205', '367', '6']
['493', '305', '323', '243', '319', '443']
['214', '303', '157', '187', '130', '428']
['328', '257', '490', '467', '339', '126']
['158', '459', '423', '251', '131']
['414', '139', '175', '289']
['25', '185', '62', '480', '324']
['273', '484', '274', '106', '350', '144']
['426', '416', '486', '440', '204']
['96', '68', '412', '406', '202', '361']
['400', '365', '242', '336']
['49', '473', '390', '233']
['116', '254', '70', '113', '260', '145']
['315', '333', '344']
['402', '36', '401']
['353', '39', '393']
['499', '171', '137', '83']
['225', '433', '311', '75', '240', '226']
['222', '245', '437', '152', '79', '424']
['163', '100', '42', '0', '301', '345']
['267', '354', '197', '446']
['128', '496', '34', '355']
['90', '191', '264', '232', '119', '364']
['184', '102', '160']
['230', '165', '472', '495', '316']
['198', '120', '192', '164']
['294', '217', '54', '141', '466', '397']
['190', '413', '28']
['458', '17', '50', '468', '74', '461']
['218', '460', '135']
['491', '227', '69', '404']
['18', '92', '181', '95', '174']
['349', '327', '80', '441', '177']
['29', '448', '121']
['45', '193', '386', '48', '431']
['35', '429', '418', '93', '425']
['94', '302', '452']
['430', '170', '124', '215', '415']
['262', '248', '138', '314', '118']
['148', '470', '43', '73', '270', '159']
['439', '377', '63', '419', '71', '30']
['371', '268', '398', '234', '410', '351']
['32', '210', '112', '53', '331', '156']
['64', '206', '108', '290', '250', '252']
['332', '422', '40', '299', '26', '21']
['291', '436', '463', '72', '122', '475']
['456', '444', '438', '322', '161', '91']
['387', '310', '325', '265', '454', '281']
['320', '464', '115', '375', '105', '370']
['247', '97', '326', '295']
['363', '143', '229']
['298', '162', '383', '38', '76', '474']
['388', '318', '435', '396', '477', '382']
['3', '231', '201', '307', '149', '114']
['346', '241', '341', '403', '110', '236']
['125', '207', '269', '380', '77', '304']
['219', '109', '384', '278']
['186', '421', '453', '87', '330', '287']
['451', '488', '101', '286', '405', '85']
['275', '342', '258', '445', '154']
['300', '352', '195', '203', '11', '167']
['485', '255', '136', '239', '44', '471']
['84', '253', '41']
['60', '368', '277', '10', '81', '261']
['483', '24', '15', '200', '58', '150']
['7', '244', '372']
['178', '2', '20', '208', '338', '37']
['498', '56', '378', '46', '111', '12']
['259', '272', '199', '348', '238', '153']
['293', '479', '237', '183', '235', '147']
['369', '224', '223']
['329', '366', '182', '133', '216']
['249', '107', '494', '478']
['5', '343']
['376', '173', '497', '86', '134', '189']
['427', '188', '420', '196', '9']
['313', '360']
['379', '65', '321']
['246', '337', '450', '489', '335']
['61', '362', '411', '59', '23']
['271', '172', '211', '432', '389']
['457', '381', '482', '317']
['266', '284', '392', '169', '78', '209']
['33', '140', '374', '31', '8', '263']
['358', '103', '82', '123']
['356', '359', '146', '194']
['51', '228', '168', '47', '213', '340']
['220', '142', '67', '399', '166']
['280', '22', '312', '1', '276', '385']
['449', '481', '334', '347', '98']
['155', '14', '288', '469', '373', '13']
['55', '308', '306', '476', '442', '395']
['462', '212', '66', '180', '57', '487']
['256', '151', '391', '279', '132', '27']
['492', '455', '282', '104', '447']
['407', '179', '296', '409']
['394', '99', '292']
['417', '309', '4', '408', '52', '89']
['129', '434', '19', '357', '88', '285']
