['632', '661', '929', '448', '431', '88', '507', '437', '934', '81', '728', '390']
['277']
['862', '60', '812', '242']
['233', '333', '343', '568', '193', '724']
['43', '458', '190', '430', '163', '897', '919']
['422', '615', '692', '741', '285', '519', '856', '131', '293', '522', '903', '32']
['99', '471', '922', '221', '361', '718']
['173', '473', '695']
['654', '251', '775', '669', '179', '714']
['859', '572']
['346']
['143', '533']
['548', '680', '149', '545', '234', '288', '911', '296', '622']
['752', '415', '562', '725', '402', '909', '313']
['396', '411']
['314', '664', '536', '952', '518', '122']
['748', '136']
['825', '100', '266', '181']
['698', '127', '97', '563']
['736']
['315']
['881', '702', '822', '693', '77', '645']
['593', '118', '710', '837']
['949', '739', '852']
['570', '513', '44', '197', '717', '933', '75', '337', '380']
['194', '278', '925', '130', '663']
['947', '696', '730', '374', '369', '648', '673', '253', '256']
['191', '762', '742', '63', '773', '254', '261', '915']
['457', '459', '36', '109', '98', '874']
['619', '916', '808', '360', '515']
['659', '6']
['636', '538', '62', '582', '802', '33', '24', '228']
['153', '289']
['9', '51', '557']
['336', '391', '152', '258', '927']
['243', '432']
['284', '751', '133', '517', '106']
['39', '521', '665', '660', '329']
['487', '142']
['144']
['498']
['428', '341', '466', '585', '799', '566', '302']
['505', '469', '371', '420', '491']
['3', '779', '701', '734', '830', '747']
['890', '571']
['613', '601', '393', '641', '365']
['784', '433']
['819', '403', '540', '128', '580', '904', '421']
['906']
['304', '807']
['846', '229', '72', '199']
['470']
['935', '240']
['488']
['307', '441', '129', '704', '683']
['670', '772', '444']
['733', '770', '880', '801', '690', '542', '455', '839']
['263', '442', '141', '851', '298', '788', '379']
['42', '121', '886', '544', '732', '824', '850', '885', '101']
['769', '618']
['785', '945', '616']
['671', '339', '274', '597', '176', '905', '937', '868', '574']
['950']
['443', '867', '848']
['167', '317']
['514', '316', '320', '537']
['828']
['592', '398', '474']
['818', '40', '38', '954']
['481', '267', '15', '436']
['910', '503']
['709', '833', '740', '29', '18', '524', '560', '836']
['137', '845']
['527', '951', '643', '348', '132', '334', '758']
['842', '326', '414', '156']
['889', '335']
['244', '354', '223']
['838', '558', '265']
['810', '630', '419']
['490', '378', '901', '722', '753']
['463', '644', '715', '37', '182', '483', '367', '5', '224']
['178', '604', '614', '716', '480', '555']
['188', '139', '451', '409', '0', '569']
['786', '241']
['607', '792', '501']
['386', '528', '708', '854']
['227', '464', '456']
['494', '66', '858', '257', '135', '655', '682']
['388']
['287', '308', '351', '115', '946', '743']
['134', '375', '932', '512']
['798', '370']
['863', '325', '496', '90', '650']
['694', '201', '658', '50', '92', '794']
['372', '249', '147', '820']
['217', '85', '635', '883']
['679', '712', '750', '394']
['281', '552', '171', '637', '573', '8', '776']
['586', '629', '57', '412']
['579', '384', '434', '869', '823']
['666', '908']
['745', '771', '95', '502', '405', '311', '667', '208']
['358', '472', '827', '356', '625', '425', '41']
['387', '290', '948', '280', '805', '169']
['435', '389', '232', '526', '529', '323', '84', '577', '345', '260', '895', '738']
['603', '781']
['928', '564', '246', '259', '956', '756', '943']
['17', '324', '589']
['550']
['11', '713', '821', '230', '853', '213']
['377', '642', '49']
['482', '56', '125']
['269']
['944', '318']
['930', '239']
['735', '205']
['225', '686', '626']
['353', '646', '231', '170', '59', '376', '319']
['410', '65', '687', '305']
['424', '787']
['857', '924', '749']
['445', '110', '138']
['4', '192']
['492']
['796', '270', '292', '47', '184', '534', '124']
['729', '395', '209']
['759', '891']
['510', '429', '87']
['426', '723', '83']
['80', '813', '549', '74', '561', '803', '155', '26']
['416', '675', '383', '404']
['25', '588', '877']
['936', '453', '54']
['609', '406', '219']
['907', '476']
['154', '489']
['499', '89', '344', '864', '583']
['400']
['427', '923', '14', '689', '938', '166', '61', '602']
['662', '460', '385', '210']
['486', '363', '628', '553', '440']
['58', '216', '195', '357', '183', '282']
['485', '475']
['703', '364', '500', '189', '504']
['462', '401', '835', '271']
['275']
['31', '185', '532']
['783', '789', '126', '674']
['599', '76', '912', '691']
['52', '368']
['392', '286', '543', '10', '454', '567']
['651', '162', '67']
['28', '554', '778', '146', '447']
['235', '111', '882']
['408', '611', '22', '381']
['64', '452', '237']
['720', '763']
['811', '861']
['413', '509', '621']
['252']
['206', '175', '581']
['860', '584', '757', '214']
['203', '699', '342', '12']
['200', '920', '831', '438', '373']
['590', '731', '872', '594', '55', '309']
['520', '465']
['283', '843', '940', '48', '1']
['688', '495', '352']
['161', '399', '468', '633']
['879', '876', '79']
['870', '461', '340', '623']
['598', '755', '829', '656', '211', '226', '102', '104']
['45', '78', '449', '795']
['697', '777']
['68']
['705', '86']
['719', '407', '291']
['105', '107', '685', '565']
['338', '600', '918', '676', '417']
['941', '96']
['900', '681']
['591', '218']
['140', '484', '721', '94']
['168', '299']
['546']
['765', '931', '896', '809', '310']
['873', '113', '69', '902', '16']
['791', '20', '541']
['180', '303']
['123', '814', '834']
['497', '700', '539', '446', '157', '332', '587']
['578', '174']
['744', '215', '119']
['774', '145', '871']
['164', '103', '707', '780', '726']
['207', '322', '478', '82', '653']
['328', '953']
['165']
['841', '34', '198', '677', '506', '793']
['865', '23', '35', '678', '606']
['624', '849', '91', '640', '112', '297', '942', '899', '301']
['816', '817', '255', '247', '608']
['875', '71', '631', '273', '894', '893', '312']
['479', '767', '359', '800', '832']
['306', '511', '467']
['634', '605', '276']
['844', '93', '737', '300', '535']
['804', '939']
['815', '926', '684', '73', '21', '262']
['647', '158', '878']
['887', '547', '595', '7', '13']
['627', '46', '754', '382', '866']
['177', '855', '295', '19', '657', '649']
['797', '523', '151', '760']
['914', '366', '70']
['516', '120', '746', '160', '652']
['172', '202', '331', '764', '612', '186', '272', '159', '347']
['204', '639', '727', '620', '766', '330', '114']
['493', '248']
['575', '790']
['222', '556', '53', '847']
['806', '236', '921']
['418', '279', '559']
['268', '327', '212', '30']
['196', '423', '525', '711']
['638', '913', '362', '187', '477', '917', '596']
['220']
['531', '892']
['898', '397', '706', '450', '108', '840']
['238', '294', '148', '576']
['617', '116']
['117', '245', '321', '761', '888']
['150']
['551', '27', '350', '955']
['672']
['610', '355', '439']
['782', '508', '2']
['349', '668']
['530', '768', '250', '826', '884', '264']
