['75', '706', '247', '522']
['363', '680', '648']
['62', '128', '318', '78', '787', '380', '820', '421']
['826', '71', '635', '684', '741']
['229', '507', '807', '143', '748', '134', '538', '275']
['505']
['202', '503']
['639', '33', '675', '420']
['414', '13', '35', '429', '64']
['518', '112', '510']
['350', '454', '375', '626', '732', '148', '772']
['146', '446']
['79', '272', '124', '632']
['274']
['476', '761', '768', '294']
['808', '777', '705', '271']
['604', '87', '34', '681', '61']
['596']
['603']
['159', '516', '139', '619', '656']
['707']
['205', '795', '754', '763', '57', '756']
['91', '74', '410', '811', '158', '797', '803', '365', '547', '312']
['683', '283', '500', '469']
['793', '377', '496']
['290', '257', '23', '524', '465', '423', '323']
['167', '300', '38', '121', '357', '551']
['801', '263']
['555', '472']
['327', '568', '52', '750']
['829', '12', '230', '218', '790', '698', '45', '440']
['174', '15', '250', '406', '552', '775', '269', '473']
['816', '347', '433']
['560', '535']
['204', '232', '55', '198', '616', '481', '727']
['498', '511']
['293', '77']
['835', '166', '213', '478']
['81', '743', '288']
['305', '184', '83']
['209', '386']
['270', '712', '583', '30', '190', '685', '463', '722']
['177', '53', '514']
['427', '21', '63']
['822', '468', '236']
['452', '315', '800', '475', '652']
['731', '289', '309', '413', '378', '785']
['537', '563', '699', '416', '58']
['216', '382', '102']
['395', '825', '545', '692', '96']
['9', '201']
['203', '687', '228', '663']
['116', '796', '571']
['474', '311', '51', '286']
['690', '191']
['255', '636', '358']
['303', '7']
['186', '336']
['2', '161']
['676', '497']
['611', '115', '325', '759']
['720', '786', '176', '661']
['649', '717']
['72', '296', '550', '590', '103', '531', '123']
['664', '335', '456', '443']
['212', '140', '346']
['794', '19', '451']
['333', '606', '132', '182', '818']
['710', '589', '408']
['320', '548', '76', '292', '623', '345']
['480', '824', '157']
['502', '688']
['11']
['125', '673', '321']
['810', '561', '814']
['484', '48', '448', '225', '219', '813', '99', '239', '532']
['610', '686']
['653']
['464', '806', '471', '98', '68', '574']
['419', '252', '24', '695', '253', '693', '766']
['812', '449']
['399', '588', '152']
['276']
['86', '181', '329', '361', '770', '196']
['517', '718', '435']
['101', '67', '562', '70']
['60', '359']
['299']
['466', '370', '696', '534']
['735', '802', '135', '179', '401', '458']
['778', '713', '694']
['234', '579']
['126', '508', '582', '434', '36', '809', '254']
['526']
['185', '368', '578']
['217']
['418', '352']
['581', '430']
['544']
['627', '558']
['226', '425', '521']
['486']
['804', '42']
['163', '489', '739', '439']
['383', '730', '138', '621', '364']
['840', '715', '830', '227']
['137', '827', '624', '31', '455', '515']
['716']
['669', '237', '703']
['59', '447', '245']
['194', '89', '251']
['324', '672']
['682', '457', '493']
['133']
['54', '671']
['483', '662', '442', '773', '206']
['131', '337', '149', '752', '366', '495']
['93', '374']
['43', '387', '459']
['313', '80', '277', '751', '444']
['279']
['640', '836', '594', '789']
['330', '783', '482', '372', '3']
['171', '733', '755', '94', '285', '235', '88', '426', '14']
['597']
['242', '188', '654', '587']
['453', '540', '316']
['5', '781', '384']
['771', '381']
['44', '432']
['362', '650', '724']
['788', '513']
['344', '393', '643']
['162']
['56', '109']
['725', '369']
['709', '391', '542', '385', '260']
['243', '740', '170', '26', '765']
['536', '445']
['319', '584', '749']
['220', '304', '118']
['396', '689', '613', '599']
['1', '214']
['839']
['390', '708']
['404']
['541']
['415', '585', '6']
['37', '281', '211']
['160', '742', '302', '90']
['633', '612', '572', '150', '46']
['105', '642']
['525', '192', '348']
['111', '841', '543', '310']
['670']
['470', '641', '523']
['267', '658', '200', '647']
['837', '422']
['821', '317', '92', '69']
['106']
['222', '592']
['342', '554', '601']
['817', '462', '16', '339', '20']
['412', '557', '437']
['168', '95', '566', '842']
['764', '156', '519']
['210', '499', '747', '823']
['119', '721', '104', '622']
['556']
['261', '153']
['704', '249']
['719', '609', '838', '66']
['223', '431', '284']
['343', '389', '598', '461', '264']
['638', '512']
['47', '207', '774', '307', '679']
['73', '122', '175', '273', '332']
['667', '341']
['834', '402', '183', '295', '301']
['144', '805']
['145', '744']
['355']
['492', '757', '407', '792']
['142', '308', '411', '110']
['564', '746']
['630', '117']
['819']
['758', '467', '353']
['113']
['593']
['491', '591', '147', '50']
['291', '477']
['298', '567', '678']
['356', '833']
['49', '354', '494']
['256', '791', '644', '172', '224']
['4', '450']
['397', '403', '762', '27']
['674']
['17']
['580', '221', '265', '520', '815']
['326', '287']
['780', '85', '41']
['266', '576']
['605', '246', '10', '268']
['646', '634', '784']
['65', '114']
['25', '504', '509', '400']
['479', '373']
['697', '831']
['620', '193', '665', '677']
['233', '723', '608', '799', '417', '487']
['530']
['349', '779', '539']
['367']
['533', '546']
['666', '278', '280', '617']
['577', '700', '262', '360', '501']
['199', '100', '485']
['97', '657', '645', '559', '769']
['527', '586']
['506', '39']
['760', '734']
['798', '187', '668']
['84', '108', '409', '629', '618']
['322', '259', '314', '529']
['141', '738']
['340', '107', '569', '376']
['714', '328', '82']
['628', '238']
['165', '394', '637']
['22', '127', '702', '843']
['602', '614', '737', '565', '424', '297']
['701', '120']
['169']
['248', '40', '615']
['155', '338', '240', '782', '197', '180']
['436', '8', '28', '460', '164']
['351', '607']
['488', '331', '0']
['379', '306']
['549', '154', '655']
['32', '371', '844']
['828']
['334', '173']
['405', '691', '231']
['553', '215', '573']
['18', '736', '570', '189']
['388', '490', '595', '625']
['600', '753', '244']
['767']
['728', '631', '660']
['711', '729', '776', '659', '392', '438', '129', '651']
['151', '178', '726']
['428', '195', '208', '136', '258', '130']
['528', '832', '398', '241']
['745']
['441', '575', '29', '282']
