['138', '212', '425', '54', '62', '295', '28', '464', '476', '251', '298', '483', '321', '379', '146', '224', '448', '269', '340', '124', '266', '187', '307', '395', '409', '457', '401', '292', '117', '255', '485', '233', '183', '315', '285']
['320', '47', '495', '214', '282', '116', '92', '215', '283', '94', '218', '475', '58', '288', '194', '125', '268', '365', '126', '102', '167', '384', '152', '75', '160', '154', '6', '61', '227', '354']
['73', '454', '293', '70', '370', '417', '199', '114', '318', '488', '423', '115', '60', '133', '1', '270', '17', '461', '380', '200', '392', '412', '427', '101', '148', '443', '238', '261', '361', '462', '99']
['257', '383', '165', '21', '159', '372', '499', '55', '66', '219', '197', '432', '229', '65', '460', '496', '442', '317', '205', '78', '177', '333', '444', '77', '10', '67', '188', '294', '304', '302']
['440', '465', '459', '359', '397', '362', '366', '416', '198', '391', '455', '297', '19', '405', '330', '175', '178', '15', '373', '276', '43']
['352', '14', '32', '415', '360', '344', '82', '267', '155', '279', '150', '36', '239', '277', '494', '192', '308', '38', '364', '48', '479', '346', '7', '492', '299', '96', '343', '85', '498', '123', '93', '122', '350']
['174', '271', '83', '31', '195', '137', '39', '301', '171', '323', '248', '291', '253', '50', '179', '408', '23', '420', '2', '203', '76', '240']
['436', '478', '186', '170', '389', '209', '91', '387', '53', '185', '232', '86', '390', '27', '466', '121', '119', '246', '164', '237', '396']
['206', '419', '349', '153', '26', '275', '56', '45', '37', '325', '57', '51', '480', '404', '329', '489']
['132', '287', '16', '386', '202', '468', '181', '30', '316', '437']
['162', '33', '127', '487', '71', '371', '87', '112', '52', '142', '274', '35', '13', '331', '90', '220', '463', '111', '89', '250']
['74', '144', '368', '402', '156', '217', '446', '445', '231', '284', '486', '139', '34', '303']
['393', '161', '221', '235', '216', '431', '477', '84', '68', '140', '129', '64', '176', '449', '210', '388', '421', '105', '385', '110', '190', '439']
['22', '236', '473', '355', '130', '88', '407', '107', '256', '339', '18', '234', '367', '429', '469', '40', '131', '434', '319', '49', '356', '135', '145', '324', '204', '490', '273', '458']
['376', '363', '8', '328', '182', '242', '100', '59', '5', '95', '342', '211', '424', '332', '358', '97']
['337', '258', '280', '296', '430', '213', '4', '3', '118', '11', '414', '438', '72', '254', '345', '158', '435', '453', '189', '169', '341', '413', '326', '172', '309', '141', '470', '180', '481', '450', '201', '147', '305', '12', '265', '399']
['106', '306', '497', '44', '208', '263', '474', '46', '109', '25', '264', '168', '289', '157', '310', '382', '9', '394', '247', '347', '103', '113', '173', '63', '244', '193', '327', '491', '42', '20', '300', '335', '290', '400']
['351', '410', '411', '334', '467', '252', '259', '286', '447', '143', '336', '377', '348', '311', '452', '338', '81', '108', '226', '433', '422', '472', '120', '314', '471', '406', '272', '41']
['426', '262', '260', '241', '207', '0', '196', '104', '403', '281', '166', '482', '398', '369', '128', '230', '428', '149', '223', '441', '374', '381', '375', '136', '493', '456']
['378', '313', '184', '249', '243', '322', '225', '312', '228', '69', '80', '163', '222', '278', '418', '484', '353', '357', '79', '451', '98', '24', '245', '191', '134', '29', '151']
