['312', '750', '776', '565']
['598', '766', '300']
['3']
['127', '521', '406', '389', '456', '202', '161']
['740', '793', '667', '57', '58', '550']
['781', '85', '142', '410', '224', '283', '17']
['733', '547', '310', '350']
['485', '432', '516']
['414', '150', '745', '284', '230', '163']
['319', '189', '329', '427', '159', '277']
['201', '466', '210']
['367']
['255', '680', '44']
['500', '37', '454', '136', '732']
['171', '646', '32', '157', '502']
['438', '92', '433', '761']
['43', '784', '585', '247']
['66', '606', '510']
['721', '719', '625']
['601', '396']
['358', '342', '281', '412']
['633', '512']
['711', '704', '371']
['506', '111']
['630', '649', '271', '637', '15', '596', '219']
['586', '226', '609']
['349', '156', '772']
['325', '221', '450', '362']
['372', '797', '183', '551']
['575', '717', '178', '548', '569']
['265', '723', '404', '70', '434', '5', '409']
['324', '663', '76', '328', '651']
['383', '168', '790', '756', '536', '298']
['266', '413', '121', '228']
['672', '162', '326', '110', '469', '702']
['430', '306', '249', '282', '685']
['654', '584', '215']
['143', '301', '187', '729']
['629', '79', '195']
['578', '392', '134', '248', '218']
['791', '245', '61']
['491', '725', '540', '65', '474', '737', '741']
['620', '106']
['546', '498', '541']
['439', '744', '435']
['131', '767']
['683', '279', '442', '770', '241', '730', '59']
['340', '158', '84', '140']
['722', '375', '480', '708', '599', '291']
['799', '710', '594']
['544', '753', '553', '460']
['272', '107', '754', '56', '675']
['656', '595', '313']
['736', '519', '360']
['105', '484', '563', '113', '185']
['568', '184', '9']
['172', '223', '280']
['330', '479', '352', '591', '453']
['411', '566', '447']
['738', '42', '511']
['507', '46', '678', '81', '423']
['104', '779', '14', '579', '213', '545', '468']
['170', '115']
['436', '118']
['137', '645']
['671', '231', '147', '621']
['690', '288', '128', '688', '662']
['186', '333', '320', '169', '165', '639', '341']
['604', '203', '204', '177', '698', '206']
['603', '530', '631']
['726', '780', '379', '486', '55', '522', '62']
['785', '370', '743', '302', '653', '315', '227']
['261', '21', '73']
['405', '199']
['416', '509', '211', '356', '755', '417', '357']
['179', '626']
['701', '403', '440']
['269', '742', '35', '182', '707']
['296', '123']
['22', '234', '299', '235', '634']
['684', '428']
['437', '374', '69', '686', '451']
['747', '334', '338', '364', '24', '8']
['257', '713', '254', '644']
['473', '174', '307', '208', '295', '242']
['373', '103', '643', '64', '692']
['477', '623', '632', '748']
['23', '152', '264']
['95', '148', '581']
['789', '397', '34', '501']
['764', '216', '589', '481']
['297', '286', '628']
['771', '739', '727', '120', '679', '305']
['225', '648', '494']
['276', '200', '796', '49']
['664', '361', '83', '275', '93', '309', '769']
['149', '676', '268', '657']
['787']
['359', '98', '50']
['715', '209', '757', '393', '78', '386']
['323', '214', '207', '752', '63', '109', '795']
['471']
['619', '388']
['765', '114', '576']
['627', '655', '102']
['681', '492', '493', '642', '503', '570', '635']
['549', '38', '222', '138', '260', '617', '696']
['534', '293', '459', '532']
['699', '567', '117']
['348']
['259', '422', '731', '458']
['351', '478', '381']
['616', '267', '244', '335', '588']
['706', '36', '528', '608', '420']
['449', '263', '687']
['562', '7', '778']
['212', '382', '232', '181', '125']
['505', '518']
['124', '768', '612']
['74', '166', '783', '238']
['90', '504', '11', '659']
['673', '273', '175', '132', '94']
['369', '689']
['490', '190', '668', '759', '694']
['613', '464', '452']
['537', '82', '154', '240', '99']
['786', '101', '196', '346', '577', '572']
['445', '762', '253']
['290', '600']
['592', '258']
['573', '173', '557', '229']
['278', '363', '10', '394', '652']
['465', '192', '441']
['31', '792', '533', '515']
['463', '525', '365', '112', '455']
['155', '476', '75', '26']
['198', '669', '583']
['691', '68', '660', '191', '703', '758', '304']
['424', '782', '661', '712', '580', '285']
['292', '317', '41', '559']
['194', '87', '443', '470', '384', '144']
['429', '303']
['425', '13', '6', '524', '274', '135', '331']
['665', '605', '387']
['794', '564', '390']
['554', '467', '116', '514', '400', '399']
['96', '777']
['336', '529', '670', '674', '419', '270']
['658', '45', '97', '560']
['457']
['774', '556', '77', '60', '53']
['236', '345']
['327', '91', '256', '497', '145']
['19']
['527', '542', '431', '220']
['775', '205', '552', '164', '167', '318']
['517', '146', '695']
['119', '353', '602', '418', '322']
['354']
['308', '718', '647', '638']
['339', '593', '475']
['314', '385', '233', '798', '344', '72', '395']
['129', '402', '531', '391', '100']
['311', '197', '714', '666', '728']
['734', '407', '337', '735', '262']
['543', '749', '321', '615', '487']
['641', '763', '377', '33']
['636', '590']
['614', '462', '80']
['693', '18', '682', '332']
['483', '89', '705', '316']
['448', '217', '499', '287']
['561', '193', '376', '709', '160']
['378', '716']
['746', '347', '0', '496']
['426']
['446', '587', '520']
['25', '176', '489', '574', '40']
['243', '700', '773', '139', '12', '27']
['54', '444', '39', '724']
['538', '250']
['421', '610', '582', '47']
['48', '122', '788', '29']
['237', '677', '415']
['2', '133', '28', '252', '624']
['535', '526', '640', '607', '67']
['380', '482', '555']
['751', '571', '408', '141', '20']
['188', '151', '1', '86', '523']
['355', '611', '239', '539']
['294', '398', '126', '130', '366']
['488', '760']
['597', '401', '108']
['461']
['622']
['51', '251', '618', '495']
['180']
['16', '558', '343', '88', '697', '472', '513']
['246', '153', '71', '289']
['650', '368', '508', '30', '720', '52', '4']
