['899', '898', '572', '790', '994', '627', '563', '211', '96', '280', '480', '227', '178', '438', '52', '379', '192', '431', '131', '908', '680', '988', '381', '44', '933', '616', '936', '788', '791', '721', '811', '642']
['528', '43', '29', '476', '382', '37', '561', '513', '339', '351', '366', '375', '865', '78', '751', '918', '579', '259', '350', '298', '630', '586', '689', '218', '748', '871', '896', '704']
['531', '555', '240', '625', '415', '143', '410', '784', '685', '815', '454', '408', '508', '59', '515', '816', '267', '635', '598', '852', '164', '845', '221', '217', '297', '838', '344', '781', '361', '911']
['736', '530', '906', '243', '404', '190', '478', '456', '806', '969', '77', '580', '205', '416', '919', '363', '444', '126', '737', '547', '146', '700', '929', '133', '226', '810', '873', '7']
['886', '691', '432', '332', '176', '952', '302', '276', '137', '247', '57', '984', '618', '54', '90', '357', '236', '459', '33', '207', '822', '855', '656', '372', '511', '682', '168', '373', '849', '128', '744', '495', '387', '75', '309']
['545', '150', '19', '717', '741', '4', '475', '905', '40', '281', '392', '423', '141', '525', '184', '864', '774', '942', '937', '985', '982', '912', '853']
['711', '172', '355', '127', '265', '516', '643', '170', '649', '719', '493', '965', '99', '469', '705', '954', '821', '154', '352', '756', '436', '992', '452', '679', '828', '130', '354', '599', '893', '923', '296']
['576', '433', '897', '56', '710', '662', '693', '648', '6', '843', '653', '884', '482', '228', '87', '317', '451', '895', '330', '402', '411', '778', '10', '883', '135']
['142', '38', '314', '125', '306', '835', '512', '900', '81', '888', '327', '964', '566', '345', '668', '386', '850', '631', '65', '722', '747', '715', '812', '885', '294', '139', '640', '881']
['928', '769', '609', '282', '457', '551', '588', '637', '707', '854', '132', '84', '304', '333', '219', '428']
['437', '449', '340', '941', '814', '641', '258', '109', '401', '851', '9', '445', '200', '323', '735', '787', '405', '701', '827', '171', '546', '193', '263', '234', '686', '506', '362', '967', '369', '225', '79', '709', '114', '626', '610']
['462', '194', '977', '571', '924', '490', '773', '837', '202', '833', '573', '529', '841', '848', '727', '866', '453', '442', '813', '761', '518', '971', '48', '289', '45', '502', '80', '703', '74', '695', '699']
['887', '485', '663', '702', '779', '3', '203', '729', '94', '204', '659', '987', '447', '596', '76', '830', '492', '260', '922', '944', '489', '248', '972', '220', '533', '151', '726', '613', '514', '441', '16']
['477', '20', '119', '734', '973', '229', '742', '422', '384', '943', '162', '983', '666', '959', '713', '565', '594', '399', '718', '46', '925', '597']
['669', '823', '999', '188', '831', '487', '238', '604', '501', '385', '608', '590', '241', '272', '638', '998', '347', '570', '766', '968', '471', '548', '458', '650']
['440', '232', '894', '558', '398', '383', '343', '110', '499', '681', '21', '539', '368', '549', '427', '961', '177', '409', '762', '592', '215', '606', '817', '197', '230', '504']
['165', '257', '315', '286', '179', '36', '288', '732', '346', '318', '95', '497', '963']
['71', '181', '196', '448', '479', '995', '34', '312', '261', '266', '180', '503', '129', '921', '720', '584', '157', '104', '145', '325', '189']
['820', '519', '320', '605', '62', '183', '85', '589', '239', '733', '2', '777', '628', '945', '763', '914', '738', '755', '532', '290', '661', '93', '107', '585', '804', '316', '291', '64', '800']
['17', '708', '360', '824', '213', '698', '706', '976', '770', '574', '697', '802', '521', '523', '287', '623', '359']
['417', '63', '793', '836', '191', '807', '839', '270', '55', '268', '759', '223', '198']
['313', '825', '818', '524', '419', '927', '789', '797', '889', '986', '212', '100', '696', '916', '396', '665', '538', '60', '990', '324', '917', '407']
['13', '108', '688', '601', '978', '687', '844', '593', '406', '435', '775', '434', '98', '26', '724', '61', '483', '644', '554', '578', '684', '559', '173', '672', '58', '958', '42']
['124', '92', '617', '832', '595', '335', '175', '67', '624', '144', '646', '470', '488', '160', '776', '103', '322', '25', '27', '12', '377', '739', '429', '161', '753', '424', '365', '450', '72', '509', '620', '723']
['149', '939', '251', '18', '716', '380', '285', '356', '560', '652', '536', '562', '660', '931', '602', '543', '621', '83', '389', '69', '367', '463', '632', '14', '926', '465', '891', '51', '946', '639', '956']
['467', '676', '341', '651', '466', '311', '0', '993', '996', '370', '235', '474', '73', '683', '765', '163', '32']
['767', '292', '607', '105', '872', '772', '847', '690', '50', '615', '464', '116', '338', '106']
['750', '461', '714', '556', '857', '957', '673', '496', '39', '242', '901', '553', '805', '629', '520', '507', '293', '388', '426', '758', '8', '564', '654', '439', '364', '567', '152', '550', '671', '147', '829', '22', '418', '319']
['254', '522', '647', '253', '82', '329', '472', '121', '186', '206', '391', '867', '949', '920', '913', '300', '505', '658', '569', '214']
['557', '245', '860', '136', '271', '166', '760', '740', '979', '749', '934', '768', '195', '730', '358']
['443', '187', '980', '611', '752', '494', '334', '634', '603', '390', '328', '694', '403', '600', '612', '425', '134', '657', '249', '1', '903', '353', '348', '473', '28']
['414', '846', '878', '862', '395', '310', '112', '819', '374', '222', '746', '692']
['148', '786', '909', '801', '826', '23', '544', '754', '91', '541', '252', '68', '792', '799', '86', '307', '122', '517', '88', '41', '858', '70', '930', '856', '279', '991', '614', '902', '35']
['879', '283', '782', '199', '113', '262', '583', '421', '182', '743', '581', '460', '277', '582', '861', '446', '948', '575', '174', '155', '947', '342', '877', '412', '868']
['540', '783', '526', '970', '274', '764', '49', '5', '153', '870', '803', '840', '664', '231', '938', '295', '201', '981', '140']
['675', '636', '771', '66', '809', '745', '975', '53', '24', '120', '974', '757', '102', '935', '420', '915', '989', '568', '537', '455', '678', '156', '798', '796', '167', '591', '876', '158', '674', '962', '785', '808', '534', '484', '510', '301']
['371', '955', '413', '834', '101', '111', '904', '393', '667', '619', '875', '950', '960', '794', '303', '31', '587', '430', '337', '115', '308', '256', '394', '728', '633', '209', '15', '264', '216', '481']
['397', '331', '731', '275', '882', '97', '233', '244', '880', '907', '542', '677', '255', '169', '208', '378', '11', '940', '210', '953', '527', '795', '185', '910', '552', '321', '498', '468']
['159', '138', '224', '535', '349', '577', '645', '246', '123', '269', '622', '30', '951', '932', '486', '997', '47', '305', '655']
['299', '89', '336', '966', '400', '250', '874', '117', '670', '890', '326', '500', '118', '842', '859', '892', '725', '780', '284', '273', '491', '376', '237', '712', '863', '278', '869']
