['165', '993', '26', '823', '341', '222', '398', '5', '59', '672', '467', '430', '732', '721', '3', '280', '728', '294', '596', '484', '508', '211', '281', '713', '130', '74', '726', '698', '415', '445', '745', '427']
['347', '585', '869', '57', '102', '372', '167', '611', '749', '736', '761', '409', '960', '776', '858', '218', '700', '236', '531', '801', '386', '399', '46', '824', '82', '731', '254', '577', '235', '266', '505', '463']
['473', '844', '83', '534', '837', '606', '272', '333', '524', '201', '940', '144', '450', '586', '951', '127', '786', '442', '176', '854', '284', '939', '777', '550', '701', '592', '215', '91', '351', '816', '19', '189']
['763', '309', '249', '656', '538', '914', '651', '80', '52', '51', '907', '758', '39', '548', '163', '989', '369', '118', '514', '576', '549', '84', '94', '304', '250', '192', '502', '383', '795', '290', '446']
['238', '182', '361', '668', '8', '885', '678', '835', '967', '541', '875', '647', '481', '887', '848', '210', '170', '506', '417', '702', '733', '466', '407', '58', '328', '626', '720', '287', '535', '704', '882', '109']
['335', '971', '285', '140', '32', '930', '213', '29', '283', '917', '695', '593', '843', '173', '710', '278', '152', '76', '927', '537', '373', '573', '252', '198', '120', '12', '424', '406', '497']
['912', '976', '665', '849', '562', '397', '229', '353', '493', '313', '108', '470', '366', '807', '826', '916', '594', '597', '628', '667', '648', '141', '162', '759', '512']
['896', '559', '523', '322', '722', '440', '803', '528', '781', '988', '258', '877', '9', '507', '840', '271', '692', '808', '212', '778', '770', '847', '298', '706', '168', '364', '518', '393', '325', '107', '709', '326']
['894', '111', '131', '230', '421', '60', '601', '938', '633', '590', '676', '50', '522', '881', '143', '365', '425', '255', '71', '471', '312', '315', '56', '169', '246', '245', '288', '649', '371', '209', '461', '305']
['686', '862', '992', '500', '151', '689', '14', '101', '468', '605', '496', '157', '662', '47', '306', '110', '856', '126', '391', '515', '359', '270', '680', '154', '295', '569', '766', '744', '453', '25', '106', '669']
['953', '572', '981', '886', '434', '872', '946', '860', '608', '472', '355', '829', '338', '693', '790', '995', '208', '804', '655', '228', '327', '996', '13', '645', '566', '128', '579', '273', '631', '717', '414', '492']
['956', '4', '139', '959', '428', '332', '476', '719', '738', '751', '990', '970', '435', '905', '598', '714', '223', '684', '874', '475', '846', '75', '547', '149', '697', '935', '145', '199', '902', '737', '469', '947']
['941', '565', '133', '63', '765', '227', '171', '462', '491', '658', '812', '921', '426', '204', '903', '543', '286', '358', '320', '822', '900', '997', '915', '595', '86', '918', '323', '234', '616', '448', '98', '819']
['375', '661', '911', '707', '346', '413', '773', '191', '89', '979', '34', '815', '955', '607', '387', '948', '876', '735', '501', '314', '465', '503', '750', '160', '370', '623', '498', '740', '449', '164', '673']
['674', '987', '809', '842', '588', '116', '589', '741', '650', '828', '97', '653', '207', '797', '944', '360', '275', '891', '727', '185', '943', '16', '748', '564', '699', '357', '479', '685', '27', '48', '504']
['599', '855', '40', '36', '833', '200', '688', '115', '753', '390', '129', '100', '28', '739', '652', '793', '24', '769', '646', '880', '190', '924', '62', '261', '321', '487', '865', '362', '122', '72', '242', '447']
['747', '526', '423', '220', '68', '221', '342', '933', '343', '962', '615', '159', '437', '985', '580', '663', '172', '216', '771', '1', '533', '923', '879', '2', '485', '570', '904', '243', '746', '262', '775', '681']
['755', '634', '934', '379', '889', '984', '583', '536', '968', '895', '392', '225', '301', '670', '794', '87', '95', '825', '337', '374', '636', '834', '64', '443', '892', '317', '134', '277', '231', '591', '296', '403']
['994', '331', '344', '418', '181', '291', '798', '857', '664', '836', '802', '622', '920', '552', '817', '22', '998', '516', '945', '513', '977', '638', '194', '478', '380', '178', '898', '919', '757', '459']
['554', '54', '30', '754', '838', '404', '158', '897', '197', '61', '954', '419', '558', '620', '350', '928', '780', '851', '6', '274', '958', '7', '568', '788', '560', '112', '329', '114']
['899', '432', '319', '687', '520', '117', '734', '293', '381', '121', '883', '119', '451', '922', '81', '561', '384', '248', '555', '978', '517', '408', '982', '772', '950', '38', '890', '488', '509', '0', '961', '641']
['31', '619', '841', '969', '567', '482', '682', '35', '952', '166', '422', '578', '831', '980', '79', '486', '214', '458', '965', '132', '830', '690', '93', '394', '123', '460', '264', '644', '867', '494', '15', '525']
['806', '490', '44', '975', '155', '764', '410', '810', '991', '65', '311', '932', '206', '779', '551', '931', '499', '639', '401', '617', '316', '125', '868', '237', '232', '405', '148', '724', '705', '96', '581', '768']
['226', '382', '389', '268', '888', '827', '718', '845', '104', '137', '999', '913', '624', '675', '368', '352', '926', '299', '20', '630', '799', '436', '949', '267', '708', '17', '219', '202', '964']
['66', '542', '760', '88', '910', '260', '416', '457', '142', '861', '45', '789', '703', '694', '136', '184', '715', '546', '813', '557', '113', '33', '756', '11', '657', '187', '696', '660', '43', '974', '400', '986']
['354', '850', '832', '821', '196', '444', '963', '183', '762', '908', '864', '563', '489', '67', '972', '637', '936', '602', '973', '613', '942', '177', '729', '300', '308', '256', '241', '153', '69', '477', '957', '818']
['600', '77', '454', '455', '85', '297', '124', '604', '545', '571', '852', '791', '363', '150', '174', '635', '495', '303', '510', '396', '711', '863', '582', '553', '893', '767', '691', '983', '654', '70', '901', '251']
['253', '929', '203', '349', '257', '866', '725', '906', '205', '839', '233', '519', '37', '937', '743', '431', '179', '188', '78', '609', '217', '632', '530', '730', '629', '723', '785', '873', '441', '41', '621', '395']
['610', '135', '456', '21', '511', '239', '42', '310', '464', '529', '292', '640', '23', '712', '244', '224', '671', '811', '884', '438', '138', '307', '433', '853', '161', '302', '814', '186', '90', '584', '336', '334']
['587', '146', '55', '49', '614', '527', '480', '10', '92', '909', '412', '666', '276', '156', '265', '925', '521', '402', '356', '659', '193', '452', '575', '247', '752', '318', '796', '483', '99', '800', '871', '330']
['263', '429', '805', '642', '544', '792', '147', '18', '783', '782', '376', '73', '378', '439', '324', '859', '269', '966', '683', '175', '367', '540', '420', '625', '339', '539', '878', '618', '195', '345', '180', '532']
['774', '105', '53', '677', '679', '574', '612', '385', '348', '103', '259', '820', '870', '240', '627', '643', '279', '556', '282', '289', '787', '377', '784', '716', '742', '388', '474', '411', '340', '603']
