['176', '959', '745', '151', '867', '865', '792', '374', '985', '40', '864', '83', '845', '425', '675', '748', '843', '355', '142', '453', '858', '615', '352', '635', '199', '258', '482', '103', '534', '891', '260', '122', '287', '327', '367', '164', '132', '878', '42', '14']
['369', '568', '9', '466', '436', '925', '162', '824', '860', '67', '895', '857', '264', '592', '828', '552', '253', '291', '309', '225', '944', '638', '683', '359', '4', '991', '570', '312', '880', '420', '682', '430', '771', '798', '663', '560']
['585', '847', '949', '20', '428', '186', '618', '406', '911', '749', '60', '806', '422', '275', '660', '321', '139', '639', '807', '542', '398', '853', '624', '455', '185', '229', '303', '361', '903']
['319', '205', '293', '584', '513', '580', '701', '753', '148', '140', '175', '987', '86', '958', '992', '877', '887', '655', '721', '12', '145', '307', '118', '38', '929', '460', '404', '790', '685', '320', '222', '178', '524', '366', '127', '564', '282', '207', '975', '32']
['608', '231', '241', '48', '558', '137', '501', '19', '920', '346', '539', '45', '551', '160', '174', '403', '935', '804', '277', '94', '871', '364', '407', '18', '269', '688', '672', '268', '417', '628', '537', '957']
['485', '823', '479', '774', '873', '841', '670', '266', '648', '691', '783', '936', '194', '472', '221', '280', '952', '795', '335', '333', '839', '284', '59', '226', '136', '686', '933', '519', '596', '598', '144', '92', '25', '811', '750', '625', '604', '254', '193', '597']
['255', '924', '561', '631', '296', '822', '111', '439', '285', '244', '994', '814', '292', '846', '586', '389', '654', '324', '196', '636', '416', '7', '79', '637', '399', '757', '510', '189', '378', '751', '129']
['299', '237', '487', '658', '741', '623', '257', '645', '30', '401', '8', '426', '876', '87', '245', '81', '130', '762', '22', '775', '382', '910', '249', '538', '778', '587', '107', '371', '235', '375', '432', '486', '411', '117', '435']
['47', '517', '919', '262', '703', '35', '317', '495', '825', '442', '273', '699', '914', '159', '17', '467', '13', '125']
['11', '813', '646', '964', '763', '123', '621', '816', '95', '365', '314', '499', '37', '603', '393', '521', '213', '904', '461', '716', '358', '593', '930', '567', '983', '995', '134', '619', '351', '710', '182', '124', '354']
['505', '777', '463', '24', '356', '626', '986', '808', '855', '412', '796', '400', '723', '613', '956', '414', '705', '452', '146', '969', '742', '647', '153', '494', '353', '154', '694', '397', '31', '263', '496', '809', '246', '523', '979', '483', '201', '656', '632', '373']
['573', '684', '330', '498', '195', '471', '707', '97', '477', '786', '218', '119', '967', '802', '856', '197', '512', '614', '961', '204', '206', '571', '574', '643', '388', '481', '33', '113', '294', '984', '424', '982']
['326', '141', '765', '323', '888', '46', '203', '338', '734', '350', '78', '784', '909', '941', '392', '270', '301', '629', '168', '612', '454', '5', '423', '288', '251', '609', '832', '833', '511', '433', '902', '981', '874', '256']
['727', '236', '468', '531', '69', '545', '475', '801', '427', '26', '408', '283', '36', '200', '28', '805', '980', '308', '787', '714', '535', '341', '907', '90', '58', '915', '311', '295', '390', '772', '491', '766', '527', '61', '664', '600', '529', '744', '247', '363']
['484', '459', '210', '492', '63', '152', '768', '717', '831', '515', '349', '347', '469', '120', '267', '342', '810', '71', '183', '240', '75', '3', '785', '770', '248', '261', '687', '743', '976', '923']
['169', '662', '121', '444', '34', '724', '736', '298', '885', '502', '216', '198', '368', '300', '184', '735', '465', '815', '562', '695', '738', '782', '755', '649', '676', '526', '627', '339', '669', '413', '760', '674', '98', '166']
['434', '544', '926', '396', '773', '343', '464', '50', '565', '908', '0', '54', '679', '752', '789', '384', '898', '85', '473', '234', '259', '851', '583', '943', '875', '115', '143', '96', '622', '306', '659', '611', '973', '883', '10', '946']
['108', '109', '55', '372', '223', '817', '678', '607', '410', '2', '666', '215', '516', '302', '591', '769', '931', '77', '746', '449', '729', '409', '730', '150', '224', '894', '167', '126', '767', '610', '818']
['23', '173', '779', '912', '581', '579', '163', '272', '57', '488', '179', '39', '644', '418', '340', '971', '599', '588', '474', '362', '76', '278', '582', '381', '939', '575', '884', '377', '230', '456']
['866', '963', '862', '133', '872', '415', '954', '305', '387', '100', '532', '917', '536', '66', '345', '238', '147', '328', '429', '974', '731']
['797', '634', '104', '812', '462', '934', '370', '101', '594', '394', '391', '761', '882', '869', '901', '334', '106', '329', '951', '899', '332', '918', '102', '470', '692', '138', '889', '509', '836']
['870', '265', '357', '52', '879', '726', '525', '316', '91', '441', '577', '799', '739', '725', '576', '892', '732', '697', '835', '227', '29', '177', '754', '953', '171', '220', '211', '989', '968', '53', '756', '737', '728', '978', '116']
['657', '553', '665', '886', '641', '331', '840', '945', '633', '315', '800', '518', '281', '791', '940', '192', '310', '476', '405', '348', '764', '718', '861', '896', '506', '528', '693', '962', '881', '191', '165', '157', '385', '242']
['541', '630', '781', '578', '673', '16', '181', '589', '719', '239', '440', '803', '507', '842', '948', '514', '446', '827', '447', '503', '99', '563', '62', '44', '431', '820', '89', '161', '671', '905', '445', '325', '733', '93', '711', '690']
['709', '844', '530', '337', '202', '443', '927', '214', '208', '74', '837', '852', '402', '131', '500', '606', '668', '854', '921', '421', '190', '821', '747', '219', '780', '271', '549', '702', '863', '708']
['228', '859', '960', '652', '72', '700', '681', '533', '595', '27', '51', '546', '304', '993', '937', '480', '794', '274', '850', '156', '82', '451', '64', '376', '522', '508', '68', '43', '110', '380', '713', '569', '450', '667', '988']
['848', '916', '279', '759', '478', '73', '890', '556', '776', '913', '212', '457', '620', '965', '336', '6', '605', '158', '313', '297', '966', '493', '928', '65', '897', '149']
['616', '689', '826', '661', '458', '504', '437', '680', '550', '170', '180', '105', '155', '250', '1', '938', '21', '233', '650', '88', '554', '379', '932', '70', '720', '540', '243', '286', '704', '383', '942', '972', '112', '188', '990', '838', '555']
['438', '642', '15', '344', '322', '977', '793', '209', '490', '740', '419', '601', '135', '128', '232', '520', '893', '829', '617', '543', '590', '900', '318', '114', '172', '252', '548', '290', '276', '547', '834', '722', '572', '698', '395', '696', '386', '950', '557', '41']
['706', '677', '80', '849', '922', '868', '788', '651', '489', '187', '559', '830', '970', '360', '955', '56', '49', '217', '758', '448', '566', '712', '602', '906', '715', '640', '819', '497', '289', '947', '653', '84']
