['59', '180', '70', '438', '110', '667', '318', '694', '487', '112', '41', '106', '417', '250', '307', '676', '189', '232', '406', '444', '16']
['139', '314', '699', '695', '220', '87', '303', '522', '293', '196', '436', '679', '25', '172', '586', '481', '311', '557', '84', '248', '597', '175', '76', '168', '669', '157', '277', '291', '556', '567']
['509', '78', '639', '343', '465', '455', '171', '681', '517', '416', '182', '686', '166', '697', '476', '641', '321', '589', '230', '284', '206']
['296', '8', '579', '55', '605', '642', '1', '501', '649', '32', '604', '335', '404', '215', '493', '18', '92', '312', '64', '264', '270', '207']
['320', '261', '507', '34', '79', '340', '201', '535', '65', '504', '114', '6', '580', '548', '246', '237', '71', '656']
['527', '410', '673', '249', '17', '654', '93', '338', '208', '485', '136', '83', '613', '646', '44', '62', '251', '590', '165']
['523', '247', '147', '427', '322', '141', '369', '500', '290', '239', '460', '113', '367', '618', '645', '581', '583', '90', '634', '252', '299', '525', '325', '142', '297', '445']
['615', '490', '53', '515', '428', '434', '193', '170', '672', '162', '578', '530', '395', '602', '66', '74', '0', '184', '364', '662']
['511', '648', '14', '48', '353', '339', '502', '658', '349', '242', '379', '361', '94', '524', '453', '372', '506', '484', '630', '315', '156', '213', '188', '365', '159', '603']
['574', '178', '236', '570', '226', '245', '459', '285', '622', '145', '146', '363', '470', '300', '442', '52', '403', '219', '518', '477', '254', '36']
['279', '592', '109', '281', '348', '227', '526', '152', '553', '26', '15', '696', '632', '440', '57', '462', '202', '37', '489', '140', '295', '660', '627', '375', '30']
['116', '561', '449', '143', '128', '647', '496', '313', '155', '200', '61', '508', '337', '144', '350', '532', '9', '383', '280', '177', '413', '582', '539', '211']
['274', '498', '431', '625', '513', '422', '355', '4', '88', '214', '256', '58', '685', '231', '150', '692', '408', '167', '308', '394', '100']
['448', '542', '217', '81', '89', '316', '565', '693', '591', '616', '389', '562', '411', '674', '21', '7', '381', '137', '399', '98', '121', '127', '20', '401', '688', '533', '278', '577', '29', '593']
['430', '265', '588', '437', '687', '683', '503', '268', '623', '671', '69', '23', '262', '609', '289', '529', '472']
['275', '198', '482', '468', '240', '332', '531', '68', '631', '77', '380', '661', '402', '536', '72', '520', '181', '432', '235', '397', '689', '105', '544', '222', '608', '587', '115', '655', '327', '99']
['119', '366', '370', '228', '309', '421', '323', '43', '516', '483', '611', '5', '103', '653', '384', '255', '388', '358', '650', '439', '391', '259', '244', '354', '360', '606', '324', '336', '456', '514']
['564', '568', '118', '494', '491', '173', '619', '392', '528', '426', '161', '50', '160', '301', '243', '457', '359', '670', '101', '267', '260', '218']
['174', '341', '158', '377', '510', '600', '371', '120', '42', '612', '10', '287', '677', '49', '644', '154', '538', '558', '492']
['273', '345', '450', '269', '446', '441', '682', '86', '668', '124', '474', '126', '471', '241', '636', '334', '131']
['133', '234', '19', '176', '357', '505', '540', '292', '302', '28', '107', '585', '466', '378', '197', '203', '286', '185', '80', '541', '85', '134', '425', '479', '233', '691', '467', '164']
['405', '35', '54', '550', '330', '396', '288', '317', '122', '473', '409', '304', '129', '478', '209', '149', '47', '638', '169']
['108', '45', '374', '552', '306', '225', '67', '569', '60', '607', '598', '96', '229', '614', '657', '546', '224', '376', '543']
['11', '545', '328', '469', '368', '573', '148', '393', '497', '257', '554', '629', '117', '521', '186', '475', '253', '666', '2']
['560', '183', '407', '626', '512', '400', '276', '123', '461', '596', '412', '91', '135', '575', '610', '594', '22', '151', '342', '684']
['499', '651', '190', '102', '601', '386', '390', '187', '223', '385', '205', '637', '27', '31', '382', '452', '617', '635', '305', '595', '464', '3', '12']
['563', '423', '488', '572', '56', '199', '266', '495', '576', '111', '415', '447', '678', '204', '451', '443', '216', '418', '534', '424', '191', '433', '212', '555', '698', '652', '310', '680', '373', '347']
['326', '97', '690', '435', '271', '130', '39', '463', '38', '519', '33', '298', '628', '125', '282', '82', '620', '194', '675', '192', '40', '414', '13', '663', '51']
['537', '551', '63', '283', '643', '559', '665', '419', '640', '75', '599', '429', '486', '319', '46', '163', '584', '258', '272', '294', '454', '664', '73', '420', '344', '95', '104', '571']
['138', '387', '24', '333', '221', '346', '352', '356', '624', '179', '362', '659', '195', '210', '331', '132', '480', '238', '566', '153', '547', '458', '633', '549', '329', '621', '398', '351', '263']
