['449', '66', '355', '227', '204', '432', '59', '318']
['198', '488', '425', '431', '80', '15', '407', '60']
['165', '262', '169', '108', '237', '238', '401', '210', '281', '346', '189', '190']
['419', '357', '326', '264', '400', '22', '314', '447']
['64', '35', '261', '70', '91', '433', '307', '373', '315', '92', '63']
['391', '8', '265', '137', '330', '202', '329', '206', '138', '19', '467', '218', '475', '161', '302', '440']
['228', '229', '422', '277', '155']
['417', '225', '132', '231', '104', '139', '339', '85', '374']
['89', '100', '247', '136', '24', '444', '239']
['288', '291', '292', '453', '487', '182', '375', '56', '54', '125']
['353', '2', '39', '428', '430', '112', '114', '439', '187']
['371', '1', '370', '379']
['325', '455', '327', '394', '109', '251', '178', '147', '51', '183', '378', '443', '319']
['69', '390', '167', '42', '140', '268', '271', '208', '442', '149', '216', '90', '383']
['448', '65', '166', '296', '337', '181', '150', '151', '474', '253', '158']
['177', '49', '116', '308', '469', '215', '121', '350']
['256', '384', '131', '324', '5', '395', '269', '336', '84', '26', '34', '358', '295', '173', '242', '255']
['194', '11', '272', '342', '473', '154', '27', '219', '164', '484', '230', '294', '232', '361', '368', '313', '316', '381']
['352', '217', '458', '142', '174', '367']
['99', '170', '459', '332', '335', '82', '274', '409']
['115', '103', '123', '377', '122', '331', '188']
['258', '68', '398', '79', '408', '157', '222', '287', '163', '298', '234', '50', '119', '249', '250', '317', '382']
['98', '134', '9', '266', '105', '341', '280', '414']
['81', '195', '404', '102', '38', '362', '364']
['101', '387', '420', '53']
['321', '323', '263', '200', '360', '463', '113', '273', '275', '278', '120', '185']
['480', '257', '226', '486', '40', '328', '175', '465', '211', '148', '117', '276', '412']
['0', '192', '160', '67', '207', '241', '52', '340', '58']
['16', '212', '372', '245', '87', '297', '205']
['354', '485', '233', '426', '460', '13', '14', '402', '306', '55', '88', '57', '61']
['224', '466', '468', '141', '283', '461']
['32', '191', '483', '75', '270', '209', '179', '20', '403', '310', '23', '21', '478', '479']
['320', '421', '133', '201', '143', '213', '86', '437', '246', '441', '470', '347', '28', '152', '159']
['305', '37', '424', '363', '221', '46', '303']
['450', '386', '162', '418', '107', '366', '47', '309', '344', '410', '252']
['7', '457', '396', '78', '144', '406', '284', '93', '30', '95', '293', '106', '44', '429', '369', '180', '248']
['482', '435', '446', '359']
['196', '71', '10', '74', '236', '365', '145', '405', '184', '156', '349']
['416', '97', '96', '259', '4', '260', '454', '456', '43', '464', '146', '376']
['304', '17', '6', '168', '427', '254', '286']
['153', '451', '423', '12', '176', '436', '214', '25', '476']
['193', '33', '285', '290', '351', '301', '311', '186', '411', '413', '415']
['338', '300', '199', '312', '76', '477', '62']
['289', '434', '452', '197', '41', '172', '445']
['322', '3', '267', '462', '399', '48', '118', '94']
['240', '481', '130', '244', '279', '73', '223']
['128', '356', '388', '72', '489', '299', '397', '110', '345', '282', '29', '126']
['129', '171', '45', '333', '334', '220', '472', '348']
['385', '36', '389', '77', '18', '243', '83']
['135', '392', '393', '235', '203', '127', '111', '438', '471', '380', '124', '343', '31']
