['203', '260', '153', '276', '37', '210', '323', '25', '340', '28', '80', '104', '2', '31', '12', '351', '156', '235', '72', '289', '199', '352', '47', '86', '94', '15']
['105', '85', '337', '18', '74', '60', '237', '315', '233', '38', '342', '275', '138', '243', '234']
['150', '67', '220', '82', '209', '301', '96', '284', '219', '137', '205', '236', '335', '98']
['193', '145', '44', '0', '170', '324', '350', '255', '58', '302', '103', '332', '359', '333', '127', '146', '268']
['355', '165', '263', '298', '286', '212', '131', '27', '19', '154', '43', '225', '344', '11', '128', '226', '151', '240', '257']
['117', '184', '107', '265', '321', '171', '285', '242', '122', '54', '330', '112', '211', '41', '168', '306', '87', '6']
['134', '308', '295', '84', '282', '123', '239', '40', '292', '246', '55', '114', '349', '214']
['309', '66', '68', '200', '139', '48', '189', '201', '106', '223', '121', '231']
['227', '163', '16', '314', '7', '213', '124', '132', '166', '216', '52', '297', '185', '181', '247', '20', '290', '57', '120', '358', '77']
['126', '303', '278', '56', '299', '194', '93', '254', '162', '88', '343', '92', '34', '218', '152', '187', '95', '118']
['204', '8', '176', '69', '160', '22', '356', '111', '328', '325', '208', '89']
['264', '23', '17', '91', '24', '90', '316', '141', '300', '229', '280', '149', '186', '277', '113', '198']
['99', '177', '70', '129', '102', '339', '119', '360', '164', '230', '30']
['9', '110', '361', '157', '272', '269', '202', '238', '140', '326', '357', '222', '63', '53', '125']
['71', '294', '130', '51', '248', '274', '362', '35', '175', '312', '311', '270', '42', '133', '173', '266', '327', '142', '143']
['331', '319', '65', '273', '161', '345', '197', '73', '320', '249']
['191', '336', '287', '281', '279', '271', '50', '36', '100', '109', '252', '78', '304', '172', '180']
['144', '232', '33', '283', '310', '76', '155', '363', '108', '115', '221', '182', '313']
['288', '39', '79', '318', '147', '135', '136', '81', '256']
['5', '317', '13', '293', '353', '29', '1', '14', '262', '192', '217', '101', '207', '347', '305', '258', '188', '224', '10']
['322', '97', '26', '59', '169', '338', '228', '296', '116', '196', '179', '159', '32', '195', '206', '148', '253', '45', '291']
['341', '174', '3', '348', '178', '215', '49']
['21', '75', '329', '241', '250', '244', '261', '267', '307', '334', '251', '62', '64', '4']
['346', '245', '183', '259', '61', '83', '354', '190', '46', '167', '158']
