['263', '350', '315', '415', '18', '381', '300', '118', '291', '69', '150', '482', '326', '282', '494', '122', '251', '42', '479', '324', '348', '256', '466', '12']
['71', '477', '144', '426', '399', '293', '139', '465', '3', '13', '237', '37', '314', '96', '261', '307', '7', '145', '347', '355']
['164', '242', '232', '299', '257', '410', '406', '259', '302', '201', '165', '198', '335', '112', '384', '325', '130', '285']
['370', '311', '456', '156', '162', '106', '349', '443', '474', '81', '418', '433', '180', '36', '403']
['212', '43', '476', '316', '16', '374', '213', '401', '341', '469', '159', '80', '365', '21', '385', '46', '197', '74', '417', '23']
['203', '151', '392', '229', '266', '427', '455', '287', '227', '487', '161']
['121', '247', '329', '111', '467', '423', '123', '27', '35']
['59', '332', '430', '141', '48', '360', '473', '138', '483', '421', '275', '435', '45', '67', '128', '290', '184', '306', '78', '170', '133', '9', '72', '163']
['470', '183', '309', '320', '358', '353', '446', '269', '338', '113', '354', '396', '147', '191', '153']
['108', '497', '0', '234', '441', '464', '334', '351', '280', '6', '318', '414', '124', '462', '344', '54', '142', '363', '295', '171', '241', '149', '260', '240', '319']
['129', '29', '107', '458', '255', '44', '182']
['53', '28', '352', '432', '313', '327', '484', '19', '330', '490', '34', '221', '387', '194', '169', '486', '457', '70', '195']
['102', '26', '8', '250', '211', '98', '267', '51', '193', '73', '496', '246', '440', '214', '323', '253', '90']
['60', '453', '386', '322', '101', '148', '207', '5', '284', '218', '289', '375', '405', '460', '82', '188', '356', '146', '292']
['220', '225', '499', '303', '103', '154', '297', '31']
['49', '200', '447', '402', '109', '61', '277', '439', '243', '369', '264', '310', '492', '140', '436']
['33', '475', '215', '495', '471', '412', '304', '262', '468', '92', '398', '208', '65', '254', '377', '321', '205', '296', '175', '160', '30']
['268', '448', '361', '342', '493', '177', '176', '454', '120', '444', '63', '14', '58']
['119', '217', '2', '281', '75', '422', '397', '409', '93', '166', '105', '283', '189', '472', '127', '425', '438', '364', '288', '393', '157', '367', '125', '110', '76', '206', '478', '4', '79', '390', '389', '40']
['114', '485', '52', '24', '271', '179', '248', '131', '491', '17', '32', '89', '308']
['488', '64', '68', '451', '413', '452', '273', '115', '252', '463', '445', '55', '272', '317']
['77', '187', '383', '380', '498', '362', '238', '394', '244', '91', '231', '437', '15', '196', '230', '20', '95', '88', '449']
['429', '301', '278', '117', '459', '216', '431', '276', '168', '340', '357']
['39', '134', '57', '143', '336', '137', '404', '305', '22', '245', '345', '294', '378', '379', '99']
['87', '192', '100', '178', '328', '10', '279', '408', '152', '489', '419', '400', '428', '25', '424', '186', '219', '235', '411', '181']
['258', '337', '480', '66', '86', '298', '136', '173', '312', '416', '372', '359', '339']
['407', '135', '366', '1', '47', '223', '382', '94', '331', '174', '265', '395', '249', '274', '202', '368', '391']
['286', '420', '333', '132', '210', '84', '62', '41', '373', '236']
['450', '199', '85', '38', '226', '167', '481', '97', '104', '158', '11', '270']
['371', '190', '222', '388', '239', '233', '228', '461', '185', '126', '376', '434']
['56', '346', '224', '155', '83', '172', '442', '50', '204', '116', '209', '343']
