['ajy', 'apa', 'apd', 'akk', 'afo', 'asa', 'ain', 'adr', 'ano', 'asm', 'anu', 'alj', 'abq', 'asy', 'agv', 'aha', 'aqw']
['anp', 'ade', 'akp', 'alw', 'ahp']
['aac', 'afm', 'aaw', 'adm', 'apv', 'akz', 'agb', 'agh', 'aeb', 'alm', 'aja', 'aqr', 'aju', 'aon', 'amg', 'ahj']
['akd', 'ahr', 'ahs', 'arp', 'akj', 'aau', 'aku', 'abc', 'alc', 'ald', 'abl', 'aqj', 'agn', 'anz', 'ags', 'aom', 'aoo', 'amd', 'ahh']
['aoz', 'ahq', 'afh', 'add', 'apr', 'adl', 'akw', 'ads', 'agf', 'anq', 'aec', 'abv', 'aof', 'ajj', 'agy', 'agz']
['aez', 'abn', 'aet', 'agq', 'asz', 'ail', 'agu', 'aaq', 'ako', 'aas', 'aig', 'ajq', 'akx']
['asn', 'apn', 'apc', 'aaj', 'aod']
['ajo', 'abo', 'alp', 'ahz', 'akr', 'aoj', 'ank', 'ace', 'aqz', 'aes', 'afz', 'ado']
['adu', 'aox', 'aqe', 'anw', 'aal', 'aee', 'ahx', 'aoe', 'aek', 'aps', 'ajt']
['anh']
['aae', 'amn', 'amq', 'apf', 'aap', 'apm', 'apo', 'aax', 'aih', 'abe', 'air', 'anr', 'agi', 'alg', 'aob', 'alt', 'alz', 'arc', 'aex']
['abh', 'aqd', 'aka', 'akf', 'ahy', 'aqo', 'abw', 'als', 'acb', 'asj', 'agc', 'alb']
['aba', 'aoy', 'acq', 'acv', 'afp', 'aft', 'apu', 'aev']
['aso', 'ale', 'abj', 'afd', 'agp']
['ajx', 'aco', 'akm', 'akv', 'asg', 'aio', 'alo', 'aeg', 'ara', 'abx', 'aqs', 'aqv', 'ahe', 'aop', 'aeu', 'acl']
['age', 'ari', 'afb', 'afr', 'aht', 'apy']
['arg', 'aou', 'ahm', 'ams', 'arr', 'anb', 'akq', 'ahc', 'abg', 'abk', 'abr', 'abt', 'aoc', 'ajf', 'aei', 'agw', 'ama']
['ahl', 'amm', 'acr', 'arn', 'agm', 'aix', 'acx', 'akt', 'aeq']
['aov', 'aqc', 'amp', 'ake', 'aro', 'asu', 'aqi', 'aef', 'apk', 'ael', 'aoi', 'ajl', 'asf', 'amf', 'ann']
['acm', 'aow', 'aij', 'alh', 'aiu', 'aak', 'aln', 'aoa', 'akl', 'aat', 'afs', 'aly', 'aii', 'ajp', 'aip']
['aor', 'aqu', 'ast', 'anl', 'aph']
['aff', 'ars', 'ada', 'aav', 'ane', 'ash', 'adn', 'ans', 'agj', 'aqh', 'aiy', 'alu', 'ajn', 'acg', 'acj', 'are', 'ajv']
['acp', 'aqg', 'akg', 'art', 'aao', 'abu', 'aru', 'amz', 'ahi', 'abf']
['aml', 'aai', 'ape', 'akh', 'aki', 'acy', 'amw', 'apj', 'aar', 'aie', 'apt', 'abb', 'asp', 'agl', 'ahg', 'aep', 'aoq']
['amv', 'api', 'amx', 'adc', 'afq', 'afv', 'aqa', 'adz', 'anx', 'ajc', 'aje', 'atd', 'aog', 'agx', 'aer', 'aci', 'aos']
['aey', 'asx', 'aif']
['aqy', 'aeh', 'afn']
['aid', 'and', 'adb']
['amk', 'ais', 'asr', 'ali', 'adx', 'akc', 'acw', 'afj', 'ahw', 'arv', 'aqq', 'adf', 'apx', 'adq', 'asl']
['amh', 'apg', 'aam', 'arw', 'anj', 'aga', 'adv', 'aiv', 'abm', 'asw', 'aql', 'abz', 'ahb', 'acf', 'amc', 'arf']
['apq', 'asd', 'adk', 'amr', 'aqm', 'amu', 'aqn']
['aad', 'ask', 'anf', 'ang', 'afx', 'aim', 'ack']
['ajg', 'afg', 'apz', 'arb', 'ame', 'agd']
['agg', 'adw', 'aqf', 'ark', 'acu', 'asv', 'ajb', 'amt', 'aan', 'atb', 'arz', 'ajk', 'asc', 'ani', 'ach']
['ary', 'ate', 'afl', 'ajd', 'aot']
['adt', 'arh', 'akb', 'ass', 'aed', 'agt', 'aem', 'app', 'aky', 'adp']
['amj', 'afc', 'adi', 'aea', 'asi', 'afw']
['ahk', 'aej', 'aeo', 'anv', 'alk', 'abs', 'aol']
['ami', 'afa', 'amo', 'afe', 'arx', 'adg', 'afu', 'abi', 'aiz', 'ata', 'aji', 'alx', 'ajm', 'aqx', 'ahf', 'ajs']
['aiq', 'alf', 'ahn', 'ant', 'arm', 'act', 'acc', 'afy']
['acn', 'arj', 'asq', 'aah', 'alr', 'aia', 'aqt', 'aca', 'anc', 'aok', 'atf']
['aic', 'aoh', 'ahu', 'ahv', 'ala']
['ajw', 'ajh', 'aby', 'arl', 'afk', 'ard', 'aqp']
['aaf', 'ady', 'aag', 'any', 'alq', 'aib', 'asb', 'aks', 'acd', 'aay', 'ajr', 'apw', 'abd']
['aqb', 'ait', 'afi', 'acz', 'alv', 'aen', 'ase', 'ahd', 'aik']
['amy', 'aab', 'aho', 'adh', 'apb', 'amb']
['atc', 'abp', 'aiw']
['anm', 'acs', 'all', 'aqk', 'aew']
['agk', 'arq', 'agr', 'ana', 'adj']
['aaa', 'ajz', 'ago', 'apl', 'akn', 'aaz']
