['73', '133']
['201']
['259', '131', '253']
['65', '49', '75', '92', '15']
['179', '28']
['0', '129', '269']
['145', '3']
['51', '244', '264', '127', '239']
['204', '182']
['88', '213', '261', '95']
['206', '38', '175']
['192', '121', '183']
['64', '268', '189', '70']
['19', '165', '102', '219', '126']
['191', '115', '55']
['185']
['132', '45']
['184']
['120', '27']
['217', '82']
['241', '50', '242', '101', '200', '136']
['67', '227', '141', '109', '254']
['167', '266', '267', '205', '208', '21', '57', '124']
['171', '93', '111']
['8', '211', '247']
['56', '250', '157', '134']
['26', '36', '119', '58', '11', '142']
['138', '181', '7']
['147']
['176', '193', '80', '180', '106', '187']
['60', '236']
['140', '4', '223']
['77']
['113', '85', '249', '107', '44']
['128', '34', '87']
['52', '222', '143']
['161', '178', '35', '262', '237']
['163', '29']
['22', '151']
['40', '41', '148', '238']
['100', '164', '117', '122', '216', '234', '221']
['226', '252', '20', '246']
['162', '156', '230']
['1', '2', '5']
['224', '33', '86', '123', '9', '139']
['260', '68', '89', '91', '76']
['188']
['160', '112', '90', '198', '154', '62', '47']
['186', '159']
['32', '172']
['72', '257', '153']
['83']
['48', '194', '210', '149', '42']
['130', '158', '150']
['256', '25', '10', '233']
['196']
['63']
['18', '37', '30', '6']
['232', '98', '43', '144']
['16', '169', '94', '31']
['174', '103']
['105', '195', '116', '263']
['251', '229']
['235', '108', '61', '166']
['96', '81', '53', '78']
['97', '84', '245', '231', '152', '220']
['66']
['17', '228', '13', '215']
['209', '118', '79']
['258', '170', '155', '203']
['114', '243', '146', '207']
['225', '14']
['168', '39', '69', '71']
['125', '212', '173', '255']
['240', '99', '197', '135', '248', '12', '190']
['177', '59']
['104', '54']
['23']
['46', '265', '202', '214']
['24']
['199', '137', '74', '110', '218']
