['108', '54']
['335']
['253']
['341', '47']
['123', '124']
['390', '254']
['358']
['146', '308', '125', '58', '269']
['343']
['328', '61', '174']
['315', '85']
['101']
['344', '399', '183']
['128', '233', '106', '199']
['331']
['218', '195']
['241', '86', '10', '317', '397']
['302']
['349']
['0']
['299']
['338', '284', '310', '55', '236', '189', '375']
['219', '206']
['104', '313', '290']
['153', '291']
['352', '168']
['363', '228']
['240', '321', '175']
['235', '14', '271']
['75', '348']
['43', '223']
['282', '77']
['376', '42']
['148', '326']
['266']
['336', '89', '194']
['141']
['20', '294']
['232', '66']
['295']
['377', '178']
['88', '305', '204', '277']
['140']
['102']
['177', '76', '276']
['273', '300', '103']
['52']
['385', '147', '372']
['72', '306']
['2', '109', '90']
['185', '53', '157']
['26', '156']
['280']
['143']
['120']
['113', '82', '346', '379', '15']
['231']
['250', '333', '220', '293']
['279', '247']
['57']
['4', '365', '270']
['151']
['78']
['167', '196', '383']
['51']
['309']
['257', '162', '60']
['265', '258', '267', '1']
['249']
['187']
['245']
['45']
['186', '388']
['197']
['353']
['296', '50']
['256', '173', '111']
['129']
['137']
['354']
['44']
['283', '35', '212']
['136', '145']
['17']
['281', '138']
['345']
['127']
['351']
['339']
['30']
['182']
['56', '260']
['107', '325', '117']
['99', '215']
['248', '46']
['160', '121', '355']
['221']
['330', '164']
['154']
['192', '371']
['37']
['360', '237']
['11', '188', '126']
['122', '79', '71']
['142', '364', '134']
['396']
['149']
['64']
['161', '193', '307']
['318', '246']
['27', '380']
['118']
['3', '329', '139']
['130', '261']
['29']
['112', '41']
['176', '367']
['93', '62', '278']
['359', '239']
['96', '48']
['95']
['94']
['259', '91', '387']
['289', '374']
['33', '238']
['272', '25']
['304', '368', '255']
['312', '203', '287', '311']
['292']
['198']
['205', '59', '179']
['214', '7']
['393', '226']
['81', '131', '5', '262', '366']
['92']
['334']
['159', '28', '303']
['69']
['211']
['234', '342']
['34']
['70']
['165']
['264', '398', '191']
['172', '155', '132']
['181']
['370', '251', '395', '36']
['394', '63']
['320', '350', '200', '158', '184']
['274', '381']
['392']
['210', '84']
['32', '65']
['67']
['316']
['243']
['21', '391']
['298', '83', '6']
['114', '116', '39']
['40', '18', '263']
['288', '166']
['386', '74', '362']
['163', '244']
['190']
['22']
['369', '180', '389', '297', '378']
['268']
['337', '9', '275']
['208', '105', '230']
['213']
['110']
['217', '209']
['216', '201', '13', '382']
['80']
['12']
['97', '169', '207']
['319']
['8']
['144', '171']
['227']
['224', '322']
['24', '49', '347']
['361']
['115']
['314']
['152', '332', '285', '324']
['38']
['202', '286', '119']
['340', '327', '23']
['133']
['16', '170', '150']
['31']
['384', '225', '87']
['356', '373']
['100', '135']
['242']
['73', '301']
['323', '19']
['98', '68', '357', '222']
['252', '229']
