['190', '134', '206']
['105']
['194', '147']
['201', '241']
['28']
['236', '24', '42', '130', '140']
['239', '106', '245', '11']
['175', '202', '36', '123']
['200', '18', '185']
['183', '213', '180']
['26']
['178', '32']
['184', '82']
['115', '136', '217', '216', '224']
['165', '205', '152', '50', '138']
['118']
['72', '243', '181']
['44', '104', '193', '234']
['233', '195', '133']
['227', '142']
['221', '177', '219']
['164', '12', '119', '151', '67', '103', '40']
['23', '163']
['144', '188']
['38']
['99', '6']
['83']
['65', '25', '117']
['173']
['171', '210']
['52']
['94']
['116']
['145', '189', '135', '156']
['93']
['109']
['84']
['159', '87', '98']
['169']
['1']
['139']
['186']
['131', '124']
['125']
['229']
['160', '69', '199', '129']
['141']
['237', '215', '78']
['146']
['247']
['8', '68', '47', '235', '22']
['48', '121']
['231', '167', '35']
['248']
['226', '56']
['77']
['225']
['60']
['74', '150', '162']
['197', '107']
['97', '63', '192', '143']
['209', '148', '79']
['51', '110', '127']
['53']
['211', '174', '128', '114', '155']
['198', '21']
['4', '37']
['196']
['149', '238', '232']
['88', '45', '191', '179', '86']
['54', '73', '91', '100']
['153', '89']
['207']
['0']
['14']
['244']
['29', '166']
['122']
['240', '228']
['27', '64']
['168']
['13']
['19', '70']
['214']
['80', '39']
['81']
['120', '137', '95', '170', '92']
['154', '187']
['49', '46']
['203', '9']
['176']
['112']
['249']
['41', '102']
['126']
['220']
['34']
['161']
['10']
['33']
['212']
['16', '7', '111', '182']
['61']
['158']
['90']
['17', '242']
['113']
['5']
['59']
['71']
['43', '222', '204', '75']
['223']
['30']
['132']
['3', '66']
['108', '218']
['157', '96', '208', '2']
['15']
['58']
['101']
['62', '246']
['172']
['76', '31', '57']
['20']
['85']
['230', '55']
