['138lol', '200lol', '446lol', '417lol', '297lol', '83lol', '93lol', '110lol', '463lol', '266lol', '259lol', '280lol']
['278lol', '461lol', '178lol', '197lol', '220lol', '426lol', '494lol']
['3lol', '152lol', '50lol']
['57lol', '416lol', '260lol', '356lol', '37lol', '74lol']
['98lol', '30lol', '394lol', '15lol', '157lol', '183lol', '8lol', '294lol', '415lol']
['97lol', '47lol', '42lol', '367lol', '328lol', '26lol', '65lol']
['10lol', '483lol']
['182lol', '374lol', '353lol', '301lol', '299lol', '101lol', '136lol']
['193lol', '490lol', '88lol', '324lol', '457lol']
['434lol', '192lol', '352lol', '337lol']
['163lol']
['472lol', '242lol', '481lol', '234lol', '251lol']
['181lol', '492lol', '300lol', '381lol', '307lol', '85lol', '439lol', '71lol', '164lol', '283lol']
['469lol', '351lol']
['393lol', '346lol', '171lol', '277lol', '48lol', '179lol', '343lol']
['305lol', '443lol', '334lol', '437lol']
['366lol', '87lol']
['133lol', '156lol']
['282lol', '364lol', '105lol', '460lol', '86lol', '89lol']
['177lol', '131lol', '76lol', '187lol', '184lol', '143lol', '360lol', '368lol']
['230lol', '395lol', '452lol', '253lol']
['332lol', '361lol']
['75lol', '39lol', '355lol', '267lol', '126lol', '262lol', '185lol', '268lol', '118lol', '129lol', '221lol', '59lol']
['139lol', '308lol', '125lol', '321lol', '286lol', '358lol', '13lol']
['173lol', '106lol', '241lol', '168lol', '450lol']
['349lol', '132lol', '482lol', '440lol', '213lol']
['176lol', '155lol']
['263lol', '293lol', '319lol']
['442lol']
['130lol', '120lol']
['205lol', '144lol', '214lol']
['318lol']
['66lol', '466lol']
['23lol', '225lol']
['207lol', '112lol', '96lol', '331lol', '468lol']
['123lol', '233lol', '296lol', '208lol', '149lol', '333lol', '227lol']
['215lol']
['2lol', '5lol', '68lol', '322lol', '413lol', '147lol', '448lol']
['55lol', '250lol', '90lol']
['383lol', '18lol']
['104lol', '4lol', '29lol', '386lol']
['365lol', '311lol', '314lol', '392lol', '451lol', '14lol', '309lol', '36lol', '166lol', '400lol']
['255lol']
['140lol', '162lol', '124lol', '109lol', '471lol', '77lol', '373lol', '424lol', '418lol', '44lol', '216lol', '258lol']
['16lol', '478lol', '145lol', '423lol', '117lol', '20lol', '27lol']
['444lol', '24lol', '453lol', '326lol']
['402lol', '489lol', '235lol', '354lol', '33lol', '12lol', '454lol', '175lol', '476lol', '224lol', '270lol']
['475lol', '409lol', '470lol', '422lol', '323lol', '21lol', '202lol', '419lol']
['107lol', '387lol', '153lol', '350lol', '371lol', '320lol']
['435lol', '81lol', '154lol', '51lol', '191lol', '186lol', '304lol']
['108lol', '41lol', '363lol', '31lol']
['445lol', '170lol', '151lol', '188lol', '252lol']
['204lol', '189lol', '474lol', '180lol', '290lol', '431lol', '56lol', '338lol', '496lol', '209lol', '379lol']
['447lol', '425lol', '438lol']
['1lol', '487lol', '335lol', '428lol', '92lol', '25lol', '403lol']
['401lol', '479lol', '249lol', '46lol', '285lol', '201lol']
['67lol', '127lol', '45lol', '238lol']
['254lol', '119lol', '398lol']
['211lol', '223lol', '53lol']
['344lol', '269lol', '291lol', '128lol', '378lol']
['404lol', '427lol', '78lol']
['148lol', '114lol', '430lol', '385lol', '347lol']
['196lol']
['95lol', '122lol', '362lol', '54lol']
['82lol', '160lol', '146lol', '32lol', '433lol', '341lol']
['134lol', '289lol']
['330lol', '495lol']
['226lol', '410lol']
['141lol', '491lol', '264lol']
['498lol', '159lol', '345lol', '488lol']
['313lol', '281lol', '484lol', '9lol']
['113lol', '302lol', '212lol', '462lol', '6lol', '248lol']
['256lol', '194lol', '389lol', '236lol', '72lol']
['298lol', '247lol', '103lol', '165lol']
['91lol', '473lol', '467lol']
['219lol', '35lol', '456lol', '421lol', '19lol', '203lol', '257lol', '377lol', '357lol', '465lol']
['100lol']
['116lol', '407lol', '396lol', '380lol', '315lol', '240lol']
['411lol']
['405lol', '329lol']
['206lol']
['190lol', '412lol', '61lol', '340lol', '276lol', '477lol', '217lol']
['375lol', '493lol']
['485lol', '455lol', '339lol', '11lol']
['464lol', '70lol']
['115lol', '62lol', '121lol', '449lol', '408lol', '229lol']
['370lol', '397lol', '287lol', '150lol', '231lol']
['388lol']
['28lol', '273lol']
['218lol', '429lol', '288lol']
['60lol', '111lol', '336lol', '0lol', '73lol']
['137lol', '172lol', '135lol']
['486lol', '84lol']
['376lol', '40lol']
['284lol']
['80lol', '414lol']
['239lol', '228lol', '52lol', '99lol', '292lol', '310lol', '271lol', '158lol', '390lol', '327lol', '34lol', '275lol', '64lol']
['279lol', '7lol', '245lol', '372lol', '199lol', '232lol', '198lol', '102lol', '222lol', '265lol', '306lol', '295lol', '161lol', '246lol']
['316lol', '342lol', '436lol', '63lol', '432lol', '480lol', '210lol']
['420lol', '441lol']
['237lol', '169lol', '459lol', '497lol', '38lol', '303lol', '142lol', '94lol', '17lol', '382lol', '174lol', '348lol']
['359lol', '499lol', '458lol', '391lol', '58lol', '167lol', '406lol']
['49lol']
['325lol', '384lol', '244lol']
['369lol', '272lol', '317lol', '399lol', '274lol', '261lol', '312lol']
['195lol', '69lol', '79lol', '22lol', '43lol', '243lol']
