['32', '450', '4', '484', '464', '435', '308', '472', '220', '285', '62']
['193', '163', '268', '205', '332', '305', '178', '408', '121', '157', '415']
['321', '33', '427', '81', '84', '214', '215', '344', '315', '221', '216']
['229', '263', '299', '463', '368', '276', '373', '246', '87', '57', '127']
['449', '354', '451', '226', '13', '143', '47', '19', '21', '445', '255']
['144', '51', '228', '133', '151', '72']
['323', '10', '428', '179', '340', '310', '348', '158', '284', '30']
['273', '197', '311', '380', '236', '366', '175']
['192', '257', '34', '202', '461', '241', '403', '149', '341', '118']
['386', '132', '70', '104', '137', '488', '136', '139', '459', '393', '16']
['256', '103', '232', '201', '170', '203', '334', '475', '441', '347', '476']
['385', '439', '486', '107', '429', '302', '240', '247', '411', '316', '126']
['280', '6', '359', '169', '146', '436', '440', '122', '29']
['2', '482', '134', '267', '364', '473', '28', '117', '281', '252', '349']
['129', '362', '204', '365', '242', '404', '245', '88', '185', '222']
['227', '7', '424', '301', '336', '49', '306', '279', '153']
['82', '467', '218', '190', '414']
['196', '165', '327', '200', '272', '113', '466', '211', '58', '413', '254']
['3', '324', '262', '76', '187', '397', '208', '402', '343', '91', '382']
['224', '105', '363', '140', '206', '369', '83', '25', '442', '95', '447']
['387', '357', '328', '168', '112', '116', '437', '150']
['481', '307', '181', '264', '249', '124', '345']
['448', '352', '295', '74', '108', '45', '22', '375', '313', '154']
['293', '294', '102', '75', '109', '346', '152', '186', '155', '253', '223']
['322', '291', '456', '141', '147', '52', '377', '156', '286']
['92', '400', '80', '176', '470', '438', '443', '412']
['131', '231', '457', '270', '207', '17', '275', '213', '282', '219']
['290', '471', '395', '460', '18', '148', '23', '183', '120', '188', '61']
['342', '278', '63', '94', '287']
['320', '261', '360', '235', '303', '465', '50', '407', '312', '250', '189']
['1', '67', '195', '423', '329', '78', '271', '432', '468', '119', '283']
['420', '164', '39', '135', '331', '431', '338', '372', '469', '56', '318']
['356', '454', '44', '378', '398', '367', '145', '277', '54', '55', '26']
['96', '115', '296', '458', '59', '237']
['65', '225', '259', '452', '422', '233', '298', '238', '430', '85', '478']
['269', '167', '73', '266', '333']
['258', '100', '421', '138', '182', '374', '248', '474']
['35', '355', '389', '69', '419', '446', '9', '89', '60', '350']
['64', '161', '418', '38', '166', '46', '401', '114', '433', '212', '27']
['66', '194', '455', '265', '426', '12', '180', '405', '217', '90']
['0', '97', '160', '292', '392', '330', '110', '174', '337', '370', '244']
['289', '260', '390', '326', '8', '297', '274', '53', '409', '123', '319']
['384', '130', '198', '15', '335', '209', '20', '86', '406', '477', '191']
['36', '351', '487', '41', '361', '396', '14', '339', '376', '184', '31']
['417', '358', '199', '40', '234', '77', '462', '304', '243', '410', '251']
['480', '162', '99', '483', '453', '42', '300', '177', '379', '444', '381']
['353', '325', '43', '11', '171', '142', '239', '434', '309', '125', '479']
['128', '388', '391', '394', '172', '79', '48', '314']
['416', '288', '37', '230', '71', '101', '485', '173', '111', '24', '317']
['159', '98', '68', '5', '425', '106', '399', '210', '371', '93', '383']
