['258', '195', '264', '267', '20', '85', '92', '33', '42', '234', '236', '173', '237', '240', '243', '58', '252', '253', '128']
['70', '7', '8', '71', '72', '79', '82', '282', '26', '156', '293', '298', '109', '176', '52', '182', '186', '124']
['134', '200', '73', '141', '205', '206', '17', '213', '150', '279', '155', '95', '224', '40', '43', '172', '114', '179', '51', '118']
['130', '135', '203', '146', '18', '153', '27', '28', '284', '285', '286', '289', '101', '103', '108', '177', '188', '190']
['260', '201', '16', '145', '273', '19', '211', '87', '216', '31', '97', '164', '37', '166', '295', '296', '44', '180', '64']
['34', '245', '294', '54', '62', '112']
['133', '261', '197', '139', '13', '144', '83', '149', '25', '121', '288', '162', '100', '169', '106', '178', '184', '185', '123']
['194', '67', '198', '140', '143', '152', '218', '158', '159', '161', '291', '228', '38', '167', '104', '41', '233', '175', '117', '192']
['98', '105', '266', '11', '300', '50', '86', '23', '22', '183', '122']
['290', '36', '174', '148', '84', '181', '250', '126']
['53', '247', '55', '57', '204', '61', '30']
['281', '163', '132', '39', '171', '111', '239', '209', '147', '214', '246', '249']
['1', '131', '3', '74', '14', '210', '215', '89', '220', '94', '225', '165', '230', '46', '47', '113', '242', '56', '59', '254']
['99', '4', '69', '265', '75', '283', '77', '110', '93', '63', '219', '221', '127', '32']
['66', '10', '76', '12', '80', '81', '151', '24', '90', '154', '91', '96', '297', '299', '116', '125', '191']
['65', '259', '292', '35', '170', '235', '45', '78', '142', '49', '274', '275', '241', '88', '255']
['2', '226', '196', '5', '263', '168', '9', '231', '138', '15', '272', '115', '278', '187', '189', '223']
['257', '269', '270', '271', '276', '277', '21', '280', '29', '157', '160', '60', '207', '208', '222', '232', '244', '120', '251', '256']
['129', '227', '68', '229', '6', '136', '137', '202', '107', '268', '48', '212', '287']
['193', '102', '199', '262', '238', '119', '248', '217']
