['385', '48', '118', '451', '135', '62']
['46', '53', '488']
['371', '456']
['87', '128', '259', '410', '378']
['388', '126', '356', '267']
['176', '130', '204', '396', '119', '434', '19']
['493', '464', '106', '147', '156', '418']
['320', '269', '399', '49', '318']
['216', '66', '31', '329']
['143', '297', '229', '175', '151', '201', '280', '117']
['270', '425', '11', '102', '400', '462', '471', '142']
['64', '469', '21', '67', '230', '335']
['28', '490', '168', '351', '227', '203']
['449', '109', '244', '222']
['189', '362', '391', '340', '352', '9']
['266', '474', '466', '393', '91', '447', '475', '134']
['179', '333', '65']
['264', '185', '350', '124', '321', '73', '163']
['103', '394', '177', '325']
['56', '372', '171', '299', '235']
['315', '55', '39', '257', '495']
['420', '75', '111', '496', '390', '149', '468']
['428', '334', '90', '206']
['271', '433', '178', '458', '374', '138', '414']
['209', '499', '392', '398', '370']
['460', '305', '1', '290']
['312', '25', '226', '303', '72', '256', '491']
['219', '2', '487', '205']
['4', '421', '358', '397', '12']
['411', '158', '427', '24', '210', '170', '155']
['500', '440']
['273', '196', '314']
['354', '489', '443']
['366', '429', '376', '197']
['93', '71', '275', '435', '164', '27', '262', '442']
['182', '81', '387', '485', '306', '254', '317']
['190', '44', '292', '498', '338']
['483', '252', '457', '83', '192', '154']
['16', '165']
['248', '59', '79']
['40', '78', '453', '379']
['63', '246', '405', '454', '238', '382']
['169', '23', '101']
['184', '395']
['258', '413', '120', '473']
['92', '95', '82', '461', '291']
['60', '140', '139', '115', '33', '181', '188', '215']
['307', '403', '467', '100', '37']
['384', '344', '481', '479']
['214', '284', '108', '35', '191', '477', '236', '6']
['408', '452', '300', '150', '180', '233', '386', '68']
['361', '97', '183', '472', '57']
['253', '202']
['319', '276', '38', '367', '18']
['172', '94', '240', '455', '409', '96', '45', '5', '89', '365']
['121', '373']
['129', '80']
['322', '22', '381', '7', '51', '476', '285', '289']
['20', '298', '424', '465', '324', '422']
['15', '441', '213', '225', '47', '224', '36']
['104', '14', '52', '401', '416', '13']
['114', '76', '159', '125', '330', '423', '274']
['58', '200', '486', '251', '26', '353', '241']
['98', '70', '199', '406']
['360', '310', '348', '295', '268', '136']
['439', '157', '69']
['293', '208', '99', '113']
['339', '279', '450', '380', '166', '363']
['84', '105']
['294', '88', '286', '263', '407']
['161', '357', '426', '237', '482']
['301', '463', '438']
['389', '198']
['145', '167', '162', '195', '347', '228']
['492', '326', '342', '343']
['346', '85', '364', '459', '186']
['255', '383', '232', '337', '137']
['132', '444', '50', '283', '174']
['144', '160', '446', '8', '331', '480', '432', '355', '345']
['234', '359', '332', '341']
['309', '311', '133', '86', '10']
['221', '484']
['261', '316', '245']
['77', '308', '239']
['207', '448', '242', '54', '415', '123', '323', '152', '61', '43']
['220', '173', '281', '265', '412']
['249', '3', '211', '217', '107']
['470', '212']
['223', '30', '494', '260', '122', '278', '141']
['497', '478', '187', '328', '148']
['349', '112', '419', '282', '194']
['313']
['42', '304', '296', '431']
['218', '288', '116', '231', '34']
['287', '29']
['417', '369', '336']
['74', '247', '131', '193']
['32', '445', '127', '327', '277', '375', '110', '146']
['17', '243', '404']
['272', '250', '153', '437', '368', '430', '377', '302', '41', '402', '436']
