['cx', 'hk', 'cw', 'fb', 'w', 'ex', 'hz', 'fn', 'kb', 'ig']
['dj', 'c', 'bo', 'bj', 'b', 'fj', 'is', 'kk', 'gh', 'cf']
['it', 'ae', 'bc', 'iy', 'cj', 'dr', 'j', 'co', 'r', 'jq']
['hu', 'i', 'df', 'gq', 'bb', 'km', 'f', 'ew', 't', 'bx']
['iz', 'ah', 'cu', 'y', 'fe', 'at', 'in', 'er', 'aa', 'dl']
['em', 'gv', 'dh', 'cr', 'cp', 'u', 'dw', 'eu', 'ij', 'bs']
['bf', 'ak', 'iv', 'bm', 'ff', 'jy', 'd', 'cb', 'hs', 'jf']
['gt', 'fy', 'am', 'jo', 'eg', 'gc', 'jr', 'cn', 'gj', 'ke']
['jv', 'ad', 'o', 'aj', 'ge', 'ck', 'dp', 'dq', 'fo', 'jw']
['gw', 'hj', 'di', 'kn', 'ek', 'ej', 'jx', 'du', 'fl', 'je']
['el', 'gz', 'ao', 'hg', 'fh', 'ir', 'jd', 'do', 'cd', 'fp']
['jc', 'hi', 'dg', 'hb', 'da', 'jz', 'n', 'cc', 'if', 'kd']
['eo', 'gs', 'ee', 'ef', 'an', 'gf', 'he', 'kf', 'il', 'kg']
['cs', 'hr', 'ai', 'fa', 'ja', 'ci', 'bu', 'ax', 'ie', 'hq']
['ab', 'dk', 'm', 'k', 'fx', 'fz', 'gg', 'bi', 'gm', 'z']
['ei', 'cq', 'q', 's', 'fc', 'jh', 'ap', 'go', 'ez', 'ev']
['eh', 'ed', 'bn', 'aq', 'iq', 'ch', 'cm', 'ay', 'ce', 'ju']
['v', 'fu', 'ba', 'db', 'dv', 'gn', 'bp', 'l', 'jj', 'ht']
['ag', 'g', 'fv', 'fw', 'ha', 'av', 'fk', 'bv', 'gi', 'jt']
['bz', 'al', 'ka', 'ct', 'ga', 'js', 'hy', 'ep', 'im', 'ib']
['fq', 'jl', 'kl', 'gy', 'dt', 'bt', 'fm', 'h', 'p', 'hp']
['cy', 'be', 'jm', 'ey', 'gb', 'jp', 'aw', 'bw', 'es', 'by']
['af', 'ic', 'fd', 'gd', 'au', 'ip', 'cl', 'bq', 'ca', 'cg']
['dd', 'jn', 'dx', 'bh', 'as', 'fg', 'gk', 'eq', 'a', 'jg']
['cz', 'fs', 'bd', 'ki', 'ho', 'fi', 'hx', 'az', 'ia', 'dn']
['gu', 'hl', 'hc', 'ih', 'gl', 'et', 'iw', 'br', 'dm', 'ac']
['bg', 'hm', 'bl', 'hf', 'ea', 'ji', 'ik', 'e', 'x', 'io']
['kj', 'en', 'kh', 'hn', 'cv', 'dc', 'iu', 'zz', 'ix', 'hw']
['fr', 'ft', 'gp', 'de', 'dz', 'ec', 'eb', 'bk', 'ds', 'kc']
['hh', 'gr', 'gx', 'dy', 'hd', 'ar', 'jb', 'ii', 'jk', 'hv']
