['UmG', 'Afe', 'upV', 'rz4', 'lKO', '9ug', 'tFU', 'Hyj', '6pB', 'z1H', 'Z7b', 'NyP']
['W8n', 'ZFU', 'rXN', 'UDc', 'nRH', 'HvR', 'Ihb', '5n5', 'gEU']
['6Hl', '6sH', '4gy', 'ZQL', 'tKI', '8uz', 'rGT', 'a4K', '0RD', 'czy', '0Qs', 'xz4']
['D5B', 'wwD', 'Eou', 'X5a', 's3z', 'QDa', 'VVW', 'blA', 'iW8', 'ZxX', 'YFC']
['8j5', 'rgC', '4LY']
['2UA', 'n99', 'PPi', 'IJ1', 'zEh', '1QY', 'XlR', 'J8r', 'aLB', 'b99', 'ttO', 'uQL']
['6na', 'mUL', 'Qyh', 'pf5', 'kYz']
['c3v', 'VAV', '0ID', 'Wmv', 'SMj', '1RB', 'CU9', '1uW', 'JcP', 'cEk', '27J', 'Twl']
['AHs', 'XMr', 'bDO', 'Hxo', 'zgJ', 'EJa', 'nc0', '9F9', '5zB', 'uGP', '3kn', 'cDc']
['W4L', 'Kn8', 'iba', '28R', 'sfk', 'YMC', 'tEu', '4nb', 'JyM', 'txp', '17Q', 'AcJ']
['SmS', 'a55', 'JLF', 'oSh', 'MrD', 'f9z', 'PQT', 'bLd', 'nkl', 'klv', 'Qa3', '5i6']
['KS2', 'WLo', '4KN', 'ziA', 'iTo', 'cmd', 'Pas', 'Xim', '5qS']
['xx7', 'fQ3', 'v6U', 'KZy', 'psG', 'qkE', 'mRG', '2vJ', 'hdp', 'e8d', 'U4K', 'gkI']
['LiP', 'bAf', 'PlJ', 'QEF', 'tfQ', 'ptf', 'fFE', 'wgA', 'VZ7', 'Fmb', 'u1N', 'hYw']
['slQ', '5jv', 'Hbr', 'euj', 'HWv', 'Y2z', 'ewc', 'x8V', 'YBr', 'qLD', 'uii', '5Li']
['h3r', '69w', 'hct', 'yAp', 'E2A', 'PoH', 'mLL', 'hQH', 'HkK', 'EJD', 'bA6']
['SFn', 'F9o', 'dNX', 'qDy', 'O2z', 'VoJ', 'i9C', 'Ql9', 'gfv', '1xS', 'YEe']
['i4H', 'yLV', 'Zc5', 'FbA', '1gc', 's1n', 'mLF', 'UPL', 'Ns3', 'JfN', 's6M', 'PqY']
['e6S', 'kZ0', '00m', 'Swe', 'aTI', 'Jgp', 'ux2', 'Ot9', 'zfD', 'Epk', 'Qtt', 'oSw']
['ISX', 'cFa', 'Tn8', 'AKr', 'YUZ', 'emD', 'mGb', 'NGB', 'xqY', 'VPb', 'KRy', '2mv']
['tm4', 'I2i', 'x86', 'SV9', 'Hi0', 'Fws', 'h6l', 'gEp', '4p5', 'nqI', 'aZv', 'uVg']
['0gI', 'CwC', 'GRw', 'DoC', 'W2Z', 'Gu6', 'etm', 'j3s', 'jGk', 'QhQ', 'I2S', 'LTB']
['70K', '8nm', 'NqO', 'jEj', 'mFO', 'Qti', 'dlb', '19T', 'G2k', 'xpw', 'D40', 'xxJ']
['4Nd', 'fKV', 'FEQ', 'dLc', 'gVV', 'Bfu']
['iiE', 'qPq', 'b9f', 'BDE', 'VCH', 'Ke0', 'FkC']
['AJT', 'WXJ', '3QX', 'm5j', 'ULj', 'nf5', 'YNK', 'NiX', 'zTH', 'd60', 'kte', '8uu']
['zfK', 'wGp', 'X5J', 'vca', 'hiF', 'L1u', 'NXP', 'sKX', 'MNb', 'OCL', 'nQv', 'kiK']
['GpL', 'WB2', 'hHB', 'ZNv', 'KGR', 'e8H']
['stN', '1aX', 'u9Q', 'PJa', 'N08', 'mcI', 'jWX', '6Ip', 'XHa', 'btz', 'oPH', 'uH4']
['eGG', 'iFt', 'MQT', 'P8b', 'BV4', 'CYA', '96X', 'rmu', 'oak', 'IZQ', '9NA', 'pTi']
['EoI', 'H68', 'TUB', 'IU6', 'ZY3', 'rMd', 'Mvm', 'xRH', '81k', '4fp', 'gTC', 'dvU']
['oUs', 'lsG', 'kT2', 'jFu', 'vyM', 'gE4', 'H9O', 'qmj', 'vJC', 'uZt', 'oZQ', 'AK4']
['GUX', 'iS6', 'USE', 'FzE', 'Itn', 'BPL', 'WLk', '5U2', 'tK7', 'xLA', '0oy', '6ro']
['X9s', 'ZVF', 'mIe', 'g08', 'wqW', 'rC8', 'fFJ', 'iGU', 'gWT', 'PiG', 'U0Z', 'JWV']
['Jla', 'U0P', 'B99', 'nQj', 'rYU', 'JYa', '8VG', 'SiL', 'dSZ', 'tpP', 'b7z', 'JVP']
