['223', '262', '199', '77', '144', '48', '275', '181', '23', '56', '185', '93', '287']
['121', '227', '196', '237', '208', '276', '244', '254', '30', '182', '94', '62']
['70', '6', '296', '249', '186', '206']
['1', '194', '292', '293', '75', '238', '270', '16', '273', '177', '54', '247', '218', '253', '286']
['89', '229', '71', '231', '74', '43', '269', '174', '239', '176', '217', '26', '219', '159']
['289', '98', '37', '198', '5', '263', '169', '10', '107', '271', '112', '179', '243', '28']
['162', '201', '203', '141', '178', '147', '210', '51', '214', '152', '90', '222', '95']
['184', '204', '86', '207']
['2', '34', '7', '41', '170', '110', '242', '115', '116', '55', '57']
['291', '133', '261', '143', '117', '21', '88', '251', '190', '158']
['64', '257', '258', '32', '134', '154', '297', '267', '44', '13', '109', '87', '279', '122', '252']
['224', '225', '97', '129', '259', '69', '4', '39', '168', '268', '12', '284', '60', '191']
['161', '17', '139', '78', '15']
['35', '103', '137', '298', '73', '236', '46', '52', '157', '125', '31']
['3', '228', '131', '68', '106', '114', '211', '120']
['65', '72', '140', '14', '145', '212', '277', '27', '189']
['96', '36', '135', '202', '180', '183', '216', '58', '283', '92', '126']
['256', '294', '265', '240', '274', '246', '119', '91']
['193', '66', '167', '233', '235', '113', '241', '19', '118', '155', '255']
['192', '266', '20', '278']
['288', '130', '149', '123', '250', '299', '142']
['45', '85', '295']
['128', '99', '138', '205', '148', '221', '281', '188', '61', '63']
['230', '8', '200', '42', '40', '108', '234', '172', '272', '82', '83', '22', '280', '59', '220']
['160', '164', '197', '38', '232', '264', '11', '79', '47', '209', '50', '146', '187', '285']
['290', '163', '195', '166', '102', '171', '175', '80', '245', '151', '282']
['0', '105', '173', '150', '153']
['226', '165', '136', '104', '76', '49', '213', '25', '124']
['101', '9', '111', '18', '53', '248', '156', '29']
['33', '67', '260', '132', '100', '81', '84', '215', '24', '127']
