['Ariela', 'Charyl', 'Ashlie', 'Allix', 'David', 'Angela', 'Annabel', 'Catlee', 'Alysa', 'Cacilia']
['Bride', 'Aaren', 'Benita', 'Casandra', 'Christan', 'Adelice', 'Ardra', 'Babara']
['Cesya', 'Billie', 'Andrea', 'Austina', 'Annabelle', 'Amanda', 'Babbette', 'Agatha', 'Brigida', 'Berty']
['Alexi', 'Aubine', 'Barbey', 'Babita', 'April', 'Bethany', 'Caron', 'Cammi', 'Candis']
['Alexia', 'Carole', 'Betteann', 'Agnola', 'Bert', 'Alyda', 'Catie', 'Cassondra', 'Ashli', 'Aubrette']
['Charin', 'Alicea', 'Carolina', 'Bobinette', 'Cheslie', 'Betty', 'Celestine', 'Ardene', 'Carrissa', 'Bobbie']
['Cammy', 'Alissa', 'Aimil', 'Alvira', 'Annelise', 'Audy', 'Carlyn', 'Bess', 'Arlene']
['Arliene', 'Bernadine', 'Penny', 'Athene', 'Alayne', 'Amy', 'Athena', 'Catlaina']
['Augusta', 'Bernardine', 'Abby', 'Cassy', 'Brittaney', 'Carmelita', 'Calli', 'Aili', 'Ashlen', 'Carri']
['Beverie', 'Anastasia', 'Billi', 'Alice', 'Anthiathia', 'Brier', 'Annabela', 'Anatola', 'Chelsey', 'Barbra']
['Carena', 'Angel', 'Barbabra', 'Caralie', 'Anica', 'Adoree', 'Bobby', 'Charlot', 'Belva', 'Bernardina']
['Cherilyn', 'Carmel', 'Calida', 'Allegra', 'Astrix', 'Chelsy', 'Anne', 'Caryl', 'Babs', 'Berri']
['Belita', 'Caril', 'Alejandra', 'Christabella', 'Chiquia', 'Berna', 'Annora', 'Bobbye', 'Babette', 'Anjela']
['Benetta', 'Angelina', 'Blanche', 'Blinnie', 'Christye', 'Adorne', 'Caryn', 'Candra', 'Christyna', 'Cariotta']
['Christel', 'Cherise', 'Anet', 'Ambur', 'Carlynn', 'Blancha', 'Anabelle', 'Bren', 'Brigid', 'Brandea']
['Adelheid', 'Berni', 'Ardeen', 'Beatrice', 'Catherine', 'Babbie', 'Alexandrina', 'Aurelea', 'Barbaraanne', 'Charleen']
['Anastassia', 'Bernete', 'Angil', 'Caren', 'Bibbie', 'Ailene', 'Aveline', 'Arlie', 'Allissa', 'Anabal']
['Caro', 'Andi', 'Annadiane', 'Carmine', 'Alanah', 'Aile', 'Bobette', 'Alie', 'Callida', 'Casie']
['Blythe', 'Almeda', 'Alisun', 'Cami', 'Brandy', 'Bonnee', 'Cathrine', 'Billy', 'Brandie', 'Bertine']
['Bliss', 'Carina', 'Addi', 'Analiese', 'Aliza', 'Bryna', 'Asia', 'Bessy', 'Arlina', 'Catriona']
['Celie', 'Binni', 'Aeriel', 'Auroora', 'Bettine', 'Angie', 'Celestyn', 'Catharine']
['Bellanca', 'Agace', 'Abra', 'Bunni', 'Carlye', 'Bobbee', 'Amabel', 'Caroljean', 'Carolyn']
['Bill', 'Betti', 'Ara', 'Carlee', 'Camella', 'Aurore', 'Andriana', 'Camel', 'Calla', 'Cele']
['Brandi', 'Amargo', 'Annamaria', 'Alverta', 'Chanda', 'Charmion', 'Alys', 'Cherrita', 'Alix', 'Alikee']
['Bridgette', 'Brandise', 'Cody', 'Ada', 'Charity', 'Bunny', 'Ali', 'Christal', 'Chiarra']
['Andree', 'Berta', 'Bamby', 'Antoinette', 'Anni', 'Cal', 'Cherye', 'Ardella', 'Anallese', 'Avis']
