['49', '34', '3']
['161', '165', '198', '183', '168']
['224', '212']
['201', '233', '85', '199']
['179', '28']
['184', '1']
['160']
['17']
['186', '59']
['89', '84', '69']
['240', '203', '245', '247']
['129', '226', '146', '106', '142']
['244']
['96', '67']
['163', '238']
['128', '76', '53']
['79']
['103']
['102', '190']
['214', '246', '24', '11', '204', '235']
['242']
['155', '12']
['98', '29', '126', '87']
['77', '70']
['140', '125', '239']
['169', '175']
['144', '170', '139', '172']
['45', '39']
['156', '149']
['64', '73']
['188']
['135']
['33', '227', '6', '217', '189', '14']
['176', '164', '52']
['43']
['18', '7']
['117', '13']
['187']
['234', '111']
['236']
['99']
['191']
['65', '194', '180', '196']
['153', '173']
['232', '42', '220']
['114']
['193', '86', '92', '93', '30']
['243', '63']
['38']
['124', '127', '119']
['108']
['115', '44', '22']
['192', '145', '131', '166', '23', '151']
['50', '82', '56', '58', '91', '31']
['2', '27']
['209', '229']
['26', '68', '36']
['152', '177', '178']
['88', '225', '210', '207']
['75', '21', '54']
['181']
['0', '230']
['97', '74', '83', '62']
['130', '122']
['159', '137', '78', '55']
['123']
['25', '250']
['136', '205']
['35', '237', '222']
['4', '37']
['72', '121', '48', '134']
['113', '107', '101']
['94']
['162', '51', '118', '57', '171']
['148', '219', '228']
['157', '143']
['112', '40', '109']
['182']
['202', '133']
['197']
['216']
['138', '95']
['167', '185', '158', '60', '174']
['81']
['116', '141']
['211', '213']
['208', '218', '221']
['46']
['147', '132', '110']
['90', '61', '66']
['20', '71', '150', '15']
['241', '195', '100', '231', '104', '120']
['80', '9', '5']
['248']
['249', '154', '206']
['200', '215']
['8', '16']
['41', '10', '19', '47']
['32', '105']
['223']
