['2', '258', '135', '136', '329', '10', '268', '84', '25', '27', '156', '223', '34', '100', '102', '106', '365', '177', '370', '312', '59']
['326', '395', '332', '82', '339', '274', '22', '280', '217', '281', '411', '289', '227', '377', '301', '45', '184', '121']
['327', '398', '20', '154', '348', '222', '351', '30', '418', '294', '295', '296', '40', '303', '178', '249', '126', '191']
['129', '263', '202', '81', '209', '23', '345', '414', '101', '166', '175', '113', '51', '308', '116', '119']
['193', '99', '228', '389', '262', '391', '362', '203', '314', '17', '405', '310', '341', '58']
['192', '320', '257', '264', '331', '86', '151', '88', '155', '412', '161', '97', '229', '167', '44', '109', '46', '52']
['224', '4', '36', '230', '396', '269', '141', '335', '176', '239', '367', '241', '112', '24', '410']
['64', '385', '288', '419', '39', '267', '145', '19', '115', '342', '374', '246', '220', '158']
['321', '323', '359', '299', '240', '180', '313', '31']
['194', '83', '196', '149', '122']
['0', '225', '361', '252', '21', '376', '346', '188', '318']
['160', '3', '139', '315', '407', '218', '347', '350', '95']
['1', '132', '200', '16', '211', '344', '349', '287', '226', '163', '358', '171', '366', '238', '48', '53', '54', '317']
['32', '386', '69', '392', '298', '235', '206', '142', '79', '242', '403', '120', '123', '152', '216']
['256', '354', '164', '76', '333', '273', '338', '369', '18', '404', '278', '91']
['195', '383', '72', '14', '272', '210', '90', '284', '221', '416', '417', '96', '103', '234', '179', '247', '56', '378', '190', '63']
['66', '388', '198', '8', '12', '205', '336', '148', '213', '150', '157', '375', '98', '309', '55', '185', '189', '319']
['400', '371', '293', '117', '71', '75', '302']
['244', '261', '245', '360', '172', '110']
['322', '131', '324', '292', '9', '237', '78', '80', '114', '406', '282', '379', '254']
['387', '197', '325', '199', '394', '330', '146', '277', '219', '33', '291', '35', '104', '108', '173', '174', '236', '50', '186', '380', '253']
['384', '65', '67', '5', '70', '265', '137', '201', '140', '334', '401', '409', '26', '89', '92', '29', '285', '94', '352', '364', '47', '368', '125', '250', '61']
['134', '231', '138', '300', '305', '118', '57', '28', '413']
['357', '73', '169', '13', '399', '15', '49', '402', '306', '85', '408']
['128', '260', '6', '7', '105', '266', '363', '204', '107', '111', '311', '381', '286', '127']
['130', '356', '328', '168', '232', '233', '11', '77', '170', '207', '372', '182', '343', '124']
['37', '393', '187', '271', '208', '304', '276', '373', '183', '283', '62']
['259', '133', '143', '147', '279', '153', '415', '162', '290', '165', '297', '42', '43', '181', '316', '68', '337', '340', '214', '215', '353', '382']
['390', '41', '74', '397', '270', '275', '307', '212', '251', '60', '93']
['159', '355', '38', '144', '243', '87', '248', '255']
