['321', '193', '386', '450', '451', '328', '137', '329', '139', '461', '80', '19', '20', '217', '285', '157', '95', '289', '34', '33', '294', '296', '112', '177', '368', '307', '245', '312', '311', '313', '315']
['259', '67', '68', '69', '200', '12', '269', '205', '403', '344', '347', '413', '225', '97', '228', '485', '486', '40', '235', '109', '376', '56']
['0', '63', '66', '263', '142', '465', '466', '467', '404', '151', '27', '94', '98', '166', '422', '487', '175', '49', '176', '372', '442', '123', '125', '254']
['198', '395', '400', '338', '340', '218', '89', '90', '91', '158', '288', '359', '168', '104', '428', '300', '111', '115', '435', '371', '317']
['454', '199', '76', '16', '274', '211', '148', '31', '32', '480', '96', '483', '293', '229', '103', '232', '107', '171', '498', '179', '251', '444', '189']
['129', '1', '138', '14', '272', '273', '405', '23', '284', '291', '44', '301', '51', '52', '183', '57', '59', '446', '87', '86', '470', '346', '357', '230', '490', '105', '236', '237', '114', '247', '249', '379', '124', '126', '127']
['192', '130', '452', '133', '453', '326', '271', '280', '286', '162', '482', '36', '423', '424', '493', '46', '302', '304', '244', '246', '54', '373', '184', '185', '380', '448']
['320', '449', '389', '8', '77', '270', '336', '278', '343', '282', '155', '156', '219', '477', '478', '223', '479', '290', '481', '356', '231', '299', '494', '431', '242', '499', '180', '445']
['256', '65', '195', '258', '196', '197', '6', '327', '79', '335', '81', '85', '22', '25', '475', '476', '414', '224', '37', '488', '42', '489', '365', '45', '174', '305', '50', '308', '121', '58']
['384', '260', '71', '73', '394', '460', '141', '337', '146', '468', '26', '411', '355', '419', '421', '484', '167', '43', '366', '433', '116', '55', '382', '383']
['128', '4', '7', '265', '397', '268', '206', '207', '152', '28', '412', '417', '108', '434', '369', '178', '438', '253', '318']
['385', '387', '388', '455', '458', '331', '332', '396', '204', '84', '149', '212', '24', '345', '474', '221', '159', '416', '432', '496', '497', '53', '120', '62']
['131', '132', '456', '267', '75', '15', '399', '214', '279', '88', '348', '29', '93', '227', '41', '303', '437', '60', '61', '190']
['323', '5', '134', '391', '392', '70', '9', '266', '457', '74', '275', '21', '150', '215', '472', '92', '354', '420', '292', '226', '295', '361', '427', '426', '491', '173', '370', '309', '310', '443']
['2', '261', '82', '83', '407', '408', '153', '471', '283', '342', '216', '352', '418', '35', '165', '360', '170', '298', '234', '106', '430', '47', '110', '238', '440', '64']
['3', '324', '393', '201', '203', '462', '143', '463', '144', '18', '464', '209', '154', '220', '38', '297', '492', '364', '113', '306', '191']
['401', '402', '147', '406', '409', '39', '187', '319', '447', '72', '202', '210', '213', '353', '102', '362', '363', '243', '374', '375', '122']
['390', '136', '264', '135', '11', '145', '17', '276', '281', '160', '161', '172', '429', '436', '181', '441', '186', '78', '351', '350', '367', '240', '117', '118', '248', '381']
['257', '398', '277', '410', '287', '425', '182', '188', '316', '322', '325', '330', '339', '469', '222', '358', '239', '495', '378', '241', '119', '250', '252']
['262', '10', '140', '13', '30', '415', '163', '164', '169', '48', '439', '314', '194', '459', '333', '334', '208', '341', '473', '349', '100', '99', '101', '233', '377', '255']
