['33', '274', '8', '11', '286']
['64', '66', '226', '167', '282']
['409', '146', '195']
['114', '363', '78', '79']
['192', '193', '190', '15']
['281', '161', '308', '71']
['385', '130', '420', '383']
['106', '108', '229']
['134', '422', '137', '124', '95']
['18', '260', '21', '182', '398']
['376', '196', '52', '53']
['30']
['338', '307', '5', '311', '152']
['144', '275', '116', '219', '349']
['369', '2', '402', '72', '93']
['92', '357', '222']
['290', '246', '247', '313', '143']
['185']
['288']
['56', '131', '406', '399']
['68', '122', '264', '234', '315']
['17', '258', '25', '426', '94']
['194', '322', '99', '326', '408']
['155']
['312', '45', '309', '277']
['211', '69', '390', '235', '159']
['48', '212', '154', '333', '174']
['384', '410', '394', '199']
['404']
['109', '135']
['416', '232', '285', '374']
['38', '61', '198']
['244', '255']
['213', '63', '214', '175']
['169', '245', '206']
['396', '84']
['80', '105', '397']
['176']
['200', '26', '4']
['400', '328', '378', '14', '127']
['85', '86']
['162', '83', '165', '12', '142']
['368', '123', '412']
['101', '102', '424', '171', '168']
['320', '257', '279']
['40', '268', '341']
['393', '60', '41', '239']
['150', '230']
['228', '76']
['201', '373', '413']
['240']
['272', '331', '411', '50']
['296', '355', '365', '158']
['96', '337', '177', '387', '149']
['401', '22', '54', '24', '250']
['178', '366', '98']
['160', '58', '339']
['379', '310']
['36', '117']
['49', '188', '125', '148']
['67', '261']
['377', '82', '39']
['249', '342', '103']
['129', '62', '295']
['34', '356', '87', '297', '254']
['186', '126', '183']
['184']
['280', '9', '350']
['111']
['388', '421', '238', '191']
['120', '395', '253']
['321', '265', '263', '391']
['138', '291', '220']
['336', '113', '330', '299', '332']
['248', '35', '283', '329']
['319', '359', '218', '90', '375']
['292', '380', '189', '334', '31']
['352', '382', '6']
['10', '271']
['51', '23', '73', '251', '236']
['37', '237']
['256', '405', '89', '202', '207']
['294', '153', '306', '414']
['59', '187', '20', '215']
['43']
['345', '298', '381']
['361', '386', '389', '367']
['88', '180', '151']
['81', '358', '262']
['403', '44', '203']
['371', '372', '141']
['304', '170', '115', '133']
['181', '57', '157', '46', '335']
['1', '156', '407']
['164', '317', '118']
['300', '136', '75', '104', '29']
['353', '241', '242', '110', '351']
['32', '227', '216', '314', '204']
['289', '418', '259', '7', '343']
['145', '419']
['340', '119', '392', '27', '287']
['179']
['0', '293', '327', '360', '270']
['107', '3', '267', '269']
['42', '205', '370']
['224', '121', '278']
['65', '417', '210', '91']
['362', '172']
['233', '74', '28', '346', '415']
['112', '100', '140', '364']
['323', '324']
['354', '55']
['16', '223', '132', '77', '303']
['221', '225', '316', '13']
['425', '348', '231']
['70', '302', '47', '305', '276']
['273', '347', '284', '139']
['252', '166']
['97', '163', '325']
['128', '301', '173', '217', '318']
['344', '209', '243', '197']
['423', '266', '208', '19', '147']
