['66', '67', '399', '16', '80', '403', '339', '150', '152', '155', '284', '286', '418', '290', '103', '40', '170', '235', '236', '123', '47', '181', '375', '376', '59', '319']
['197', '137', '396', '400', '401', '272', '340', '85', '406', '212', '158', '417', '105', '377', '110', '111', '178', '373', '56', '57', '187', '380']
['196', '264', '9', '171', '397', '398', '365', '18', '20', '21', '310', '249', '29', '30', '287']
['228', '41', '394', '42', '395', '333', '78', '307', '115', '182', '374', '94', '350', '95']
['256', '257', '258', '3', '64', '324', '255', '71', '79', '402', '275', '82', '341', '342', '361', '368', '114', '55', '248', '62', '191']
['128', '416', '5', '70', '265', '138', '75', '266', '109', '271', '154', '251', '252', '285', '127']
['261', '262', '72', '11', '12', '142', '210', '282', '219', '358', '39', '296', '239', '304', '50', '179', '378', '379']
['323', '387', '133', '35', '132', '329', '330', '203', '297', '305', '148', '223']
['139', '267', '331', '205', '336', '211', '278', '408', '409', '25', '156', '355', '36', '102', '173', '174', '176', '51', '53', '311', '316', '382']
['385', '195', '213', '24', '28', '32', '288', '226', '293', '294', '233', '234', '175', '48', '241', '189', '253']
['0', '320', '131', '388', '135', '74', '140', '338', '277', '151', '90', '99', '167', '298', '299', '49', '306', '52', '54', '318', '383']
['129', '73', '202', '269', '209', '22', '88', '89', '218', '91', '412', '413', '348', '349', '163', '100', '101', '238', '370', '247', '125']
['192', '384', '321', '84', '149', '23', '345', '347', '108', '301', '366', '367', '303', '116', '121', '122']
['322', '291', '58', '326', '327', '391', '207', '279', '346', '60', '93', '31']
['68', '8', '136', '200', '328', '217', '26', '283', '220', '157', '353', '162', '354', '37', '357', '169', '300', '177', '369']
['225', '230', '7', '38', '104', '295', '45', '119']
['1', '130', '263', '334', '144', '145', '87', '411', '414', '289', '227', '164', '43', '44', '107', '46', '363', '124', '244', '117', '118', '183', '188']
['193', '2', '65', '198', '201', '143', '276', '86', '214', '221', '96', '97', '98', '356', '165', '229', '242', '243', '245', '120', '185', '61']
['386', '389', '6', '268', '13', '274', '405', '160', '33', '34', '166', '302', '186', '315', '63', '206', '83', '343', '344', '222', '224', '381', '254']
['4', '392', '14', '273', '17', '147', '404', '407', '280', '281', '415', '419', '292', '180', '309', '308', '317', '190', '69', '77', '208', '81', '337', '351', '352', '232', '364', '237', '371', '372']
['259', '260', '390', '393', '10', '270', '146', '19', '410', '159', '161', '168', '184', '194', '215', '92', '360', '362', '240', '112', '113', '250']
['134', '141', '15', '153', '27', '172', '312', '313', '314', '325', '199', '76', '332', '204', '335', '216', '359', '231', '106', '246', '126']
