['s298', 's63', 's389', 's94', 's426', 's420', 's77', 's488', 's153', 's224']
['s209', 's133', 's173', 's33', 's306', 's450', 's410', 's96', 's241']
['s58', 's480', 's395', 's400', 's357', 's137', 's93', 's386', 's132', 's97']
['s116', 's455', 's253', 's194', 's419', 's428', 's41', 's166', 's321', 's151']
['s435', 's1', 's325', 's334', 's27', 's297', 's397', 's13', 's272']
['s442', 's98', 's356', 's266', 's255', 's146', 's21', 's277', 's499', 's190']
['s391', 's79', 's453', 's324', 's496', 's20', 's335', 's118', 's167', 's487']
['s60', 's165', 's363', 's223', 's329', 's393', 's260', 's149', 's75', 's351']
['s196', 's482', 's228', 's213', 's140', 's364', 's148', 's243', 's481', 's226']
['s337', 's207', 's267', 's208', 's273', 's377', 's231', 's446', 's425']
['s30', 's401', 's278', 's396', 's367', 's44', 's444', 's246', 's198', 's403']
['s138', 's62', 's495', 's418', 's326', 's359', 's299', 's454', 's473', 's375']
['s315', 's73', 's178', 's303', 's181', 's128', 's308', 's456', 's160', 's352']
['s462', 's311', 's103', 's436', 's317', 's392', 's192', 's494', 's423', 's105']
['s344', 's407', 's110', 's461', 's139', 's15', 's17', 's365', 's8', 's242']
['s191', 's464', 's210', 's70', 's431', 's112', 's71', 's14', 's353', 's485']
['s222', 's268', 's265', 's235', 's263', 's115', 's170', 's212', 's275', 's131']
['s72', 's2', 's475', 's316', 's47', 's448', 's256', 's376']
['s31', 's7', 's101', 's92', 's463', 's331', 's176', 's388', 's493', 's296']
['s350', 's340', 's483', 's142', 's427', 's143', 's302', 's289', 's320', 's312']
['s411', 's332', 's134', 's460', 's46', 's261', 's341', 's276', 's378', 's471']
['s26', 's32', 's36', 's422', 's445', 's366', 's441', 's322', 's186', 's373']
['s399', 's328', 's251', 's4', 's244', 's491', 's283', 's187', 's440', 's3']
['s102', 's477', 's288', 's59', 's163', 's83', 's417', 's200', 's305']
['s141', 's490', 's74', 's80', 's258', 's95', 's372', 's484', 's465', 's122']
['s314', 's114', 's51', 's360', 's111', 's274', 's327', 's474', 's476', 's383']
['s270', 's136', 's217', 's339', 's124', 's197', 's45', 's189', 's467', 's345']
['s429', 's479', 's336', 's129', 's310', 's147', 's254', 's290', 's211', 's169']
['s414', 's154', 's406', 's56', 's361', 's469', 's123', 's309', 's368', 's180']
['s432', 's245', 's29', 's164', 's188', 's239']
['s24', 's459', 's374', 's199', 's135', 's313', 's179', 's185', 's78']
['s182', 's195', 's107', 's338', 's458', 's404', 's415', 's22', 's232']
['s120', 's117', 's42', 's291', 's126', 's81', 's264', 's16', 's412', 's87']
['s492', 's19', 's25', 's279', 's113', 's468', 's161', 's125', 's90', 's293']
['s18', 's67', 's497', 's405', 's451', 's358', 's307', 's91', 's76']
['s249', 's285', 's162', 's64', 's257', 's104', 's304', 's119', 's52', 's50']
['s430', 's408', 's159', 's280', 's387', 's88', 's156', 's379', 's218', 's109']
['s99', 's457', 's447', 's301', 's183', 's371', 's229', 's390', 's171', 's108']
['s287', 's252', 's269', 's89', 's221', 's174', 's271', 's348', 's127']
['s292', 's61', 's294', 's284', 's489', 's343', 's323', 's382', 's449', 's438']
['s144', 's57', 's347', 's145', 's466', 's69', 's82', 's203', 's355', 's349']
['s416', 's443', 's300', 's201', 's206', 's238', 's175', 's259', 's413', 's385']
['s433', 's281', 's5', 's155', 's106', 's86', 's319', 's237', 's486', 's168']
['s184', 's177', 's121', 's394', 's204', 's65', 's370']
['s34', 's227', 's48', 's225', 's478', 's216', 's37', 's215', 's157', 's236']
['s193', 's43', 's282', 's452', 's498', 's66', 's248', 's220']
['s262', 's240', 's424', 's295', 's152', 's247', 's54', 's0', 's286', 's470']
['s49', 's472', 's437', 's234', 's342', 's384', 's12', 's6', 's172', 's55']
['s38', 's23', 's230', 's330', 's202', 's11', 's398', 's68', 's10', 's402']
['s318', 's409', 's381', 's346', 's380', 's40', 's369', 's354', 's28', 's250']
['s233', 's35', 's362', 's39', 's434', 's130', 's85', 's150', 's84']
['s333', 's100', 's53', 's421', 's439', 's214', 's158', 's205', 's219', 's9']
