['257', '66', '68', '69', '199', '73', '266', '330', '332', '77', '142', '335', '145', '210', '343', '284', '286', '31', '225', '162', '357', '38', '40', '297', '383']
['130', '322', '265', '12', '269', '205', '399', '206', '334', '78', '209', '211', '22', '280', '24', '97', '290', '355', '170', '299', '53', '313', '186', '191']
['192', '258', '263', '76', '340', '21', '345', '282', '217', '347', '346', '226', '100', '169', '107', '109', '112', '49', '113', '307', '372', '376', '125', '62']
['352', '0', '354', '244', '6', '121', '364']
['259', '392', '201', '329', '203', '204', '271', '274', '82', '87', '88', '25', '154', '93', '349', '351', '32', '361', '42', '365', '309', '56', '379', '252', '189']
['2', '194', '261', '325', '9', '139', '268', '141', '400', '148', '90', '228', '103', '360', '171', '300', '363', '237', '47', '304', '240', '374', '120', '187', '253']
['320', '3', '132', '324', '10', '11', '74', '16', '339', '152', '281', '220', '221', '288', '224', '293', '238', '367', '177', '242', '51', '245', '250', '251']
['193', '386', '133', '197', '7', '8', '328', '336', '80', '150', '344', '153', '283', '223', '227', '230', '232', '44', '381', '179', '308', '375', '317', '318']
['128', '207', '17', '18', '275', '29', '157', '353', '166', '295', '167', '362', '108', '45', '174', '239', '368', '50', '182', '246', '314']
['131', '4', '319', '70', '398', '303', '208', '114', '54', '184', '89', '348', '127']
['129', '387', '135', '136', '394', '138', '140', '337', '213', '119', '219', '247', '158', '95', '165', '39', '236', '173', '241', '115', '180', '311', '122', '188', '255']
['256', '321', '389', '198', '75', '396', '13', '397', '143', '83', '85', '341', '215', '214', '30', '287', '161', '34', '35', '291', '105', '298', '302', '60', '61']
['323', '195', '67', '327', '15', '79', '84', '212', '86', '26', '356', '37', '294', '234', '235', '366', '243', '373', '118']
['382', '388', '391', '168', '14', '270', '350', '63']
['98', '296', '395', '81', '338', '371', '58', '59', '28']
['1', '134', '262', '147', '278', '155', '91', '94', '289', '101', '106', '43', '175', '124', '52', '55', '312', '57', '378', '315', '316', '190']
['384', '5', '267', '272', '144', '19', '156', '292', '164', '41', '172', '46', '48', '310', '65', '200', '218', '222', '229', '110', '111', '117', '248', '123', '254']
['260', '390', '264', '20', '149', '279', '23', '27', '159', '160', '33', '163', '176', '178', '342', '96', '231', '104', '116', '377', '380']
['385', '99', '358', '102', '326', '233', '273', '370', '306', '369', '277', '216']
['393', '137', '146', '276', '151', '285', '36', '301', '305', '181', '183', '185', '64', '196', '71', '72', '202', '331', '333', '92', '359', '249', '126']
