['462', '403', '98', '101', '458', '103', '104', '38', '340', '151', '88', '447', '207', '144', '317', '13', '369', '11113', '301', '119', '243', '236']
['106', '43', '293', '161', '278', '279', '160', '84', '266', '258', '26', '261', '262', '254', '315', '306', '366', '184', '69', '418', '117', '54']
['350', '226', '229', '48', '211', '30', '214', '454', '391', '1115', '11119', '25', '136', '201', '7', '8', '9', '11116', '12', '368', '370', '371', '430', '11114', '238', '414', '290', '409']
['321', '466', '47', '46', '217', '156', '132', '187', '178', '385', '318', '319']
['44', '100', '456', '35', '37', '461', '39', '5', '41', '95', '28', '273', '2', '90', '206', '141', '208', '145', '443', '257', '64', '65', '1111', '250', '56', '57', '251', '122', '176', '11121']
['107', '224', '464', '162', '165', '220', '91', '401', '216', '152', '386', '77', '432', '72', '434', '73', '437', '131', '182', '248', '300', '363', '188', '423', '296', '355', '299']
['441', '402', '286', '11127', '277', '11128', '341', '11123', '212', '213', '304', '455', '11111', '204', '27']
['283', '459', '167', '330', '267', '1116', '323', '137', '314', '11', '128', '247', '360', '124', '177', '241', '416', '288', '55']
['465', '227', '228', '343', '99', '344', '271', '334', '85', '289', '79', '263', '231', '130', '311', '61', '62', '244', '114', '232', '233', '53']
['352', '1119', '467', '345', '102', '36', '460', '40', '94', '158', '332', '275', '81', '19', '435', '316', '191', '66', '421', '298', '358']
['292', '351', '463', '42', '11117', '413', '11118', '457', '222', '0', '400', '450', '272', '3', '444', '384', '209', '439', '200', '71', '20', '255', '74', '75', '138', '59', '113', '115', '235']
['45', '4', '163', '164', '1113', '166', '397', '221', '159', '392', '326', '23', '268', '16', '381', '380', '135', '17', '253', '375', '357', '1112', '183', '295', '297', '51', '169', '291']
['173', '404', '285', '331', '86', '265', '269', '379', '76', '11126', '245', '307', '310', '364', '175', '365', '242', '354']
['440', '252', '382', '256', '377', '129', '339', '361', '419', '125', '24', '11120', '260']
['172', '347', '280', '29', '147', '32', '34', '21', '328', '448', '259', '389', '322', '373', '139', '68', '362', '424', '116', '52']
['174', '230', '406', '218', '336', '154', '451', '333', '394', '445', '449', '6', '196', '320', '199', '313', '202', '374', '436', '10', '11125', '308', '309', '422', '58', '60', '240']
['407', '219', '337', '155', '93', '96', '31', '274', '33', '87', '11112', '388', '14', '82', '134', '433', '376', '192', '193', '194', '428']
['110', '338', '157', '97', '335', '325', '11122', '327', '142', '438', '146', '312', '426', '50', '185', '302', '303', '120', '121', '239', '123', '415', '180', '170']
['411', '11110', '1', '223', '92', '453', '148', '150', '203', '22', '205', '446', '387', '78', '378', '80', '197', '83', '70', '189', '126', '127', '367', '305', '425', '179', '171']
['237', '225', '109', '346', '215', '429', '186', '1114', '396', '390', '393', '140', '143', '372', '249', '234', '356', '359', '118', '105']
['133', '18', '198', '442', '190', '287', '276', '63', '398', '417', '281', '270', '67', '431', '420', '89', '181', '168']
['342', '282', '405', '246', '210', '1118', '11129', '452', '11124', '149', '264', '395', '112', '153', '324', '15']
['410', '412', '108', '353', '111', '284', '383', '11115', '195', '399', '427', '1117', '294', '49', '348', '329', '408', '349']
