['ZFO', 'UGW', 'DJA', 'GUR', 'KLM', 'VFV', 'UHE', 'QCJ', 'CGD', 'HBC', 'UZU', 'TQB', 'POJ', 'IIT', 'OHR', 'FJH', 'NJD', 'UFK', 'AHE', 'MED', 'HQB', 'CNU', 'CYA', 'PVS', 'JTZ']
['FMU', 'PGE', 'JDC', 'GPL', 'PON', 'OII', 'MIN', 'QTJ', 'MBZ', 'KMP', 'IKW', 'LWA', 'IUE', 'BCW', 'OON', 'VYF', 'HPV', 'ZCY', 'XWK', 'EAA', 'ZCF', 'HNC', 'SFJ', 'OXU', 'UZY']
['MSC', 'NXU', 'YKQ', 'QIB', 'NLS', 'YUG', 'AZD', 'CAO', 'IAM', 'PIL', 'QIK', 'CEY', 'TGW', 'QNG', 'FCJ', 'IFO', 'ZPA', 'ZFU', 'SNM', 'WTX', 'JZY', 'XXQ', 'LBW', 'ASO', 'DHT']
['XEN', 'OFJ', 'SUP', 'TWL', 'NUG', 'AIM', 'LZI', 'CIH', 'LZP', 'HYW', 'LZE', 'CRF', 'DMN', 'TSS', 'FOD', 'QZB', 'DMH', 'TGH', 'YSM', 'PYK', 'IYH', 'QDB', 'EZU', 'YYU', 'SGT']
['FOW', 'IPV', 'VAC', 'KVD', 'VRD', 'IQJ', 'SQR', 'KXZ', 'BRY', 'PAS', 'MJR', 'JXZ', 'XOE', 'FXI', 'JZV', 'JHO', 'XIY', 'YWW', 'ACJ', 'KSW', 'XEO', 'FKU', 'ZKY', 'PCL', 'KDV']
['RXD', 'FPT', 'YSD', 'MUL', 'PMO', 'WED', 'WHJ', 'JMT', 'OLD', 'EDP', 'SAQ', 'EUK', 'TMD', 'BDX', 'PJW', 'SYQ', 'ALI', 'JMO', 'AUL', 'GLR', 'KNO', 'EKJ', 'RKH', 'YTR', 'OZT']
['KVY', 'OVZ', 'QJK', 'ULP', 'UHU', 'HGF', 'JWQ', 'WJS', 'FDS', 'GGA', 'SCK', 'XJW', 'NDJ', 'GUQ', 'NLI', 'UDD', 'RBJ', 'FUR', 'POC', 'JXM', 'WWT', 'YDL', 'ONX', 'TKB', 'NSI']
['WUI', 'IPG', 'CFJ', 'UNW', 'TFN', 'UKO', 'EBA', 'VWX', 'MAC', 'SUQ', 'CCY', 'SDH', 'MNB', 'BFH', 'ACP', 'UKF', 'VWR', 'QAM', 'CHA', 'SFD', 'YSP', 'HJA', 'CZB', 'SGO', 'PGO']
['TFT', 'YDT', 'HZF', 'DNE', 'DFW', 'UTL', 'XCX', 'KJN', 'LWH', 'YEN', 'NXI', 'MIE', 'AYJ', 'PVQ', 'EPR', 'QQN', 'JSL', 'VXB', 'GMF', 'JME', 'AJB', 'ZJU', 'VTH', 'TLC', 'ITN']
['QTR', 'WSD', 'LTC', 'TBT', 'EEA', 'DTU', 'DRX', 'RZW', 'MUV', 'MLN', 'DYU', 'MLH', 'GEF', 'SCS', 'BTJ', 'CXP', 'FPR', 'FHI', 'SCX', 'NDI', 'IPK', 'GUE', 'FXH', 'WKY', 'BHL']
['WDF', 'IYD', 'WLU', 'EQX', 'WCD', 'FWA', 'HGD', 'HTW', 'ZQN', 'EDD', 'XFW', 'HPH', 'ESU', 'VZX', 'NOP', 'GUN', 'NHA', 'MOH', 'DZR', 'WJI', 'HXZ', 'MZP', 'ELO', 'YNR', 'CJB']
['PBP', 'FTE', 'AYK', 'MWQ', 'VMJ', 'MVB', 'ODG', 'PME', 'LOQ', 'YKH', 'PDU', 'RIX', 'UEN', 'FWB', 'XDE', 'NTW', 'NDB', 'DAW', 'YER', 'RJS', 'SDF', 'GGP', 'KUO', 'OEN', 'DMP']
['SRB', 'ALL', 'VMW', 'MMS', 'CFP', 'YHX', 'AMV', 'THJ', 'YYG', 'KMD', 'WER', 'ZGL', 'MCI', 'GYM', 'IDJ', 'FSW', 'ZRO', 'DXK', 'AQN', 'PZA', 'FTI', 'OCI', 'ECG', 'PAU', 'CGQ']
['WMY', 'YOA', 'MUO', 'NNG', 'JGS', 'VCY', 'DAT', 'BCI', 'RIA', 'FWN', 'SMM', 'TVZ', 'PTX', 'QLI', 'MSE', 'XRV', 'FEV', 'CUZ', 'QEP', 'QTQ', 'RKO', 'UCH', 'JII', 'IEK', 'FTL']
['XVQ', 'YVQ', 'RUR', 'JKL', 'KAJ', 'BZI', 'TQM', 'SFK', 'CDW', 'WIF', 'XHQ', 'UOM', 'LGP', 'NPS', 'QFE', 'YPX', 'IDO', 'YKR', 'ZNQ', 'EWG', 'QLH', 'INO', 'YAR', 'EOF', 'RSG']
['GXJ', 'HUN', 'MJV', 'QMI', 'UIO', 'KNZ', 'GSB', 'WWL', 'MVS', 'HHK', 'RNU', 'APD', 'RNM', 'ROL', 'BBZ', 'AWX', 'XVF', 'LXJ', 'POR', 'JOQ', 'CDZ', 'KLV', 'ELJ', 'DCZ', 'SFB']
['JZA', 'SRP', 'NGH', 'QVI', 'MYN', 'TFQ', 'RYT', 'XQI', 'QRE', 'TBN', 'UMO', 'BLK', 'DOT', 'SCZ', 'JUQ', 'FCU', 'GWT', 'WCB', 'RYE', 'GGM', 'VFM', 'RDG', 'TDJ', 'IPY', 'IKN']
['CHR', 'KLS', 'IUY', 'HCD', 'NFI', 'SQS', 'SUT', 'EBY', 'HIG', 'SNS', 'NGI', 'PAX', 'LHQ', 'YLS', 'TUK', 'YYC', 'VQR', 'ABC', 'BEQ', 'JJB', 'DTW', 'FJL', 'WGY', 'DTS', 'YYJ']
['ZIT', 'KEQ', 'TMR', 'ALG', 'GPH', 'LLX', 'BJR', 'RYA', 'NQL', 'LUT', 'LJA', 'AGI', 'HMT', 'XKQ', 'WZL', 'LMU', 'IFU', 'QBJ', 'ARM', 'GFL', 'RUP', 'YKF', 'KLZ', 'FQC', 'WYK']
['HXF', 'TVY', 'XNY', 'SNW', 'YTQ', 'KZQ', 'RSJ', 'XPW', 'IIY', 'ZFK', 'PKK', 'ARV', 'LHD', 'JVR', 'IKB', 'GBL', 'FXX', 'ZBF', 'EBB', 'QYA', 'GUT', 'NWB', 'ZBU', 'DWU', 'BIN']
