['064', '004', '135', '455', '072', '206', '464', '274', '467', '468', '472', '091', '415', '098', '420', '486', '424', '490', '365', '431', '112', '434', '435', '445']
['198', '144', '148', '470', '216', '352', '292', '356', '122', '359', '171', '427', '492', '174', '366', '244', '247', '377', '442']
['387', '199', '200', '266', '016', '145', '083', '151', '153', '477', '349', '353', '164', '357', '167', '170', '173', '303', '111', '177', '116', '443', '190']
['386', '259', '269', '014', '211', '155', '412', '033', '227', '104', '169', '491', '237', '430', '368', '242', '249', '252', '383']
['256', '385', '449', '452', '397', '461', '399', '463', '465', '209', '404', '411', '220', '222', '287', '416', '161', '417', '031', '483', '102', '168', '045', '302', '184']
['000', '450', '265', '141', '333', '462', '338', '275', '347', '286', '478', '223', '375', '354', '482', '036', '042', '175', '176', '371', '311', '186', '062', '319']
['002', '006', '008', '010', '012', '140', '332', '272', '276', '021', '406', '028', '160', '288', '037', '296', '297', '298', '493', '049', '376', '189']
['258', '195', '076', '077', '270', '271', '339', '341', '279', '408', '409', '345', '290', '035', '229', '231', '040', '363', '246', '253', '314', '061']
['384', '065', '321', '068', '069', '392', '329', '139', '401', '402', '214', '026', '027', '090', '029', '480', '289', '487', '051', '308', '053', '378', '127', '381', '447']
['196', '324', '134', '009', '394', '137', '015', '146', '019', '277', '022', '213', '086', '281', '215', '089', '421', '423', '300', '109', '114', '310', '182', '312']
['193', '005', '262', '261', '326', '327', '142', '081', '210', '342', '024', '413', '159', '422', '047', '372', '374', '318', '191']
['257', '149', '280', '025', '218', '476', '285', '414', '293', '103', '361', '106', '107', '108', '110', '113', '307', '115', '119', '120', '313', '058', '059', '380', '255']
['451', '388', '325', '454', '075', '078', '079', '017', '082', '283', '096', '295', '233', '498', '499', '117', '121', '123']
['129', '130', '003', '322', '133', '391', '136', '138', '011', '204', '013', '143', '084', '221', '034', '291', '226', '294', '232', '236', '239', '304', '240', '243', '126']
['192', '067', '323', '390', '459', '460', '335', '208', '278', '154', '156', '350', '095', '099', '172', '309', '118', '055', '057', '316', '063']
['320', '131', '453', '070', '457', '334', '018', '212', '343', '410', '282', '474', '157', '419', '038', '039', '488', '362', '364', '048', '305', '306', '373', '439', '382']
['128', '263', '393', '074', '395', '207', '400', '466', '469', '023', '088', '475', '030', '479', '248', '163', '228', '100', '484', '489', '043', '301', '056', '250', '124']
['194', '197', '328', '073', '267', '398', '273', '020', '405', '348', '360', '299', '495', '432', '369', '370', '179', '436', '437', '181', '183', '245', '188', '317']
['260', '264', '396', '268', '032', '418', '166', '041', '426', '429', '050', '178', '052', '441', '315', '446', '066', '071', '092', '094', '097', '485', '497', '379', '254']
['001', '389', '007', '150', '284', '158', '162', '044', '046', '433', '448', '456', '202', '205', '337', '340', '087', '344', '217', '346', '219', '224', '225', '494', '496']
['132', '147', '407', '152', '165', '180', '054', '440', '187', '330', '203', '331', '458', '080', '336', '085', '471', '093', '351', '481', '101', '234', '235', '238', '367']
['355', '185', '230', '358', '425', '201', '105', '428', '060', '241', '403', '438', '473', '251', '444', '125']
