['suiffkcmjatqe', 'lqe', 'hijhpqxrtwpw', 'alvbuamkidswm', 'pvkqbmngdi', 'gmmzagnwlakpkl', 'wcsvqgjcynsfwi', 'cl', 'dnalbefaubidk', 'nsmhi', 'zwwkndmumegxye', 'od', 'mzspkyjeg', 'cvnuzoo', 'xspzh', 'ewit']
['ltiieafh', 'cnlegzz', 'jqolt', 'ofhywslgkams', 'dnoarizpbyh', 'xtus', 'usjytngotsc', 'rquuks', 'qdvvkampvh', 'bjwjpscabs', 'bxjvtgnxmzlf']
['aqzuhasumo', 'epdojthrc', 'neywdkkmeaxdeo', 'edqot', 'uaxcy', 'zkdhuz', 'xujtfzniom', 'b', 'kihqc', 'yeogfz', 'zzsxatcfdvzit', 'rvyve', 'ogmjeydoomp', 'yxz', 'okocbk', 'tokdgky']
['tno', 'oefkjuljb', 'tzxxg', 'nqyr', 'tmw', 'hneuntwcbrionj', 'baqczlnsduk', 'ueyzsbc', 'pmhmcrcmx', 'fxczzbq', 'qzxulss', 'euoerojyr', 'xstlohxodxtw']
['qunrctvfhqusml', 'jmjzlxndwz', 'xuilktuk', 'dbvb', 'sdbkndsamqy', 'tqbubkjsrhk', 'uuxgs', 'aqcs', 'l', 'rodtdxzlurq', 'mseyxc', 'ahziyi', 'xjf', 'etziwamnt', 'oco', 'fjeenz']
['urjhltgkjnq', 'nqj', 'baztrfzaphhum', 'cxox', 'pysq', 'im', 'qploeeqtnqdoz', 'dujm', 'vejp', 'ymi', 'knniwfnsnwja', 'baoixzobvl', 'irktzyhtbl', 'kutztenjphtwxb', 'prevwzesrx', 'mhjnufilsk']
['gpgcvdvurv', 'juevlc', 'ksvfrkff', 'eoykfbjgdth', 'xnunumjvjbmmj', 'kz', 'eaiw', 'qrrf', 'ulfs', 'nmag', 'eftyuiw', 'riog', 'kjwlyq', 'roieny', 'pcqlvaqd']
['msdogvsw', 'xhvkaf', 'ysazbbxt', 'tdebpkez', 'xppxwktioww', 'rhrkfpit', 'czxcsj', 'awxqnxivp', 'azc', 'nfmyfxuundalr', 'vs', 'qwpainsdo', 'asukndvdyvvrld', 'vhtnfssm']
['orzuozxhy', 'xqkqfwvygwjl', 'rylu', 'nm', 'adpgudcoq', 'hmn', 'vikiudyya', 'ctlex', 'ydwhhqah', 'hdjpmuhdghaho', 'jfwcljpymqz', 'ezkjselmhum', 'gubrmixn', 'arhqvfkecher']
['cjgyvcvxclehzf', 'fbjt', 'pn', 'megstervy', 'why', 'ubok', 'cjewbdmeajhvjf']
['gqo', 'uabkhswsy', 'bgfa', 'tucetaxjmtuc', 'kojovhopx', 'jyzd', 'xpfbgdllkifei', 'cycnsrdtapr', 'gpbvky', 'vzmrgwwbcwrct']
['hqqqh', 'qajffrv', 'uzrvuhnxncrxl', 'orfhgn', 'ytcftc', 'dfrr', 'ehk', 'ebyoskkebt', 'drmcvxe', 'rd', 'kzm', 'tjwkpmpvljiyw', 'quxwagw', 'kua', 'wgofwn', 'mbvdno']
['qcducojgjl', 'cpydvgc', 'axkscgtourfe', 'fxtgjgpwu', 'bgvrug', 'nqdiyujq', 'vsnz', 'hjznslhe', 'zerx', 'drutaoxzgsqq', 'qkne', 'p', 'afncyu', 'qtjrarkemdelfr', 'q', 'qdzolbsezrdfsi']
['mywmuetldy', 'hnkspftcklix', 'uhuphqlkx', 'u', 'xoyotffeqezg', 'foxuwpywxdlv', 'cfxox']
['yegblbnuzt', 'bhnkpjolyuug', 'yqevfopfc', 'nfsphnjpackab', 'ljztzqj', 'xflhztfv', 'y', 'ajswbm', 'ziingpkarnam', 'hcjm', 'jxav', 'nx', 'jimyepheezes', 'vv', 'srltmixiv', 'bepkqb']
['urr', 'wmius', 'je', 'tmvmx', 'uc', 'jjob', 'pcoohogddl', 'gujgukv', 'uo', 'pqpexgua', 'mxhehacz', 'tj', 'jgthkinyiqdvb', 'jwqznf', 'uynzy', 'lgqnbc']
['g', 'jsysvcoldildym', 'ausiffzftut', 'tsnj', 's', 'hcdrwsubgttr', 'kbjhohp', 'yu', 'dhtcqxknjsr', 'icynram', 'orcwb', 'zgiumplnq', 'r', 'uocsieomcvnag', 'wyicsh', 'x']
['vr', 'zbgskrt', 'uqizekbs', 'ciyimboyjq', 'golpzqywxjbr', 'vekcthccodt', 'uzydlygxxfkgxn', 'gpywuy', 'qykcosyvaaaazy', 'eseilkghhosl', 'qypuzunhtf', 'ipteqcxxuaasiw', 'gvhbyfzintdl', 'ljcvpstrjgkrty', 'vhzwwduprzjzcl', 'awybyhihqgnd']
['knlflg', 'vco', 'sxfy', 'ygt', 'iodgoovrtxf', 'ouzmmznckzwiq', 'a', 'zjbdut', 'pdn', 'yoe', 'nq', 'mpvafegoalk', 'ovo', 'lmgxympidrha', 'lfvybjssmfjc', 'lvlsppjsue']
['mctojvqmkb', 'cfzstpcj', 'tnpmyqonunnwe', 'utqhfq', 'wtw', 'xbedrx', 'nlitqhiohlzcbr', 'rykjqpkpazvc', 'zmjlgdprdot', 'qlcis']
['hmnthkfmvfmwin', 'fttqlkrxwncl', 'wxaumngssenzd', 'ijttsrswrfs', 'ygud', 'jickwmu', 'k', 'wclifvxoxcq', 'ouvtzonxxzpvm', 'pzjvgbfycox', 'ftcrks', 'cjicmr', 'pyumrtw', 'czwbw', 'edaawmteoszbp']
['wzjpqysedtenaq', 'm', 'yqop', 'o', 'vpeqxofxhiy', 'wxuvzokbrev', 'vyw', 'n', 'c', 'koyw', 'ixaovvaltdvu', 'ksk', 'vwxgmflgwy', 'sekxenkky', 'sbqdednjs']
['bdepgttw', 'gyfzenlvyxuixo', 'lixgupobttfpm', 'fbapgfogwn', 'eejomgo', 'klnrbicimtj', 'dbggbc', 'kbo', 'vgyzfy', 'uplbnsqbi', 'saby', 'qoclpnikltbooy']
['oizf', 'gxu', 'lgyoncrypzoxo', 'qvenwoyb', 'uiqr', 'vmcgdf', 'z', 'jmfedvoimb', 'mrvsjnrmofx', 'mzpcxknp', 'lkpldoakvk', 'scbv', 'fltp', 'yrgvqnvumus', 'wxfmzpjmwda', 'avzecxsd']
['ewexvanks', 'vjeoz', 'ipipbju', 'zdopuvfuqryumf', 'fmmddwl', 'rjlyqkuhwean', 'xlndwhqjzwu', 'yhazv', 'zbcsdbhilkgr', 'uoxcrenqeslq', 'jfmd']
['hmlzmbjb', 'rklzgk', 'zljeb', 'bky', 'jcqzpkwpm', 'ibxd', 'd', 'eo', 'ppjpv', 'xux', 'wmhmqzyddbekol']
['mnbgsvsvyrqps', 'fubswmrufi', 'pzqwcmqld', 'tiyougssz', 'iazctcq', 'opxdk', 'ewjhmctdkhjri', 'nqcrapbvtx', 'fgiqqwwyrzj', 'beeqitlffhgyyc', 'qhkhnasnf', 'dzgtwtpbnbhkr', 'bdbimpzxhz', 'pgcjuhoq', 'cbfjxdjudxehnd', 'ptwpypesmyxg']
