['195', '130', '289', '98', '190', '350', '30', '59', '440', '117', '179', '305', '456', '102']
['353', '96', '478', '90', '472', '332', '454', '67', '62', '178', '177', '175', '173', '429', '169', '39', '38', '36', '164', '161', '32', '415', '158', '159', '408', '24', '405', '148', '275', '18', '272', '394', '138', '388', '2', '368', '107', '360']
['483', '227', '355', '352', '93', '345', '344', '470', '83', '336', '335', '72', '70', '453', '68', '66', '61', '60', '297', '41', '423', '425', '35', '160', '284', '149', '132', '251', '123', '379', '371', '239', '101']
['99', '417', '288', '414', '413', '409', '342', '150', '406', '211', '402', '399', '201', '265', '199', '136', '133', '131', '3', '449', '433', '231', '293']
['34', '349', '477', '89', '338', '81', '207', '331', '74', '330', '200', '108', '124', '428', '171', '170', '40']
['482', '290', '480', '416', '286', '476', '92', '474', '84', '465', '363', '316', '118', '113', '241', '229', '421', '298', '37']
['221', '473', '88', '407', '467', '82', '461', '76', '459', '140', '395', '328', '10', '69', '387', '386', '1', '382', '380', '120', '439', '434', '238', '365', '234', '165', '356']
['354', '97', '283', '154', '281', '23', '22', '341', '403', '14', '270', '204', '266', '390', '389', '323', '0', '253', '377', '438', '50', '48', '302', '301', '44', '366', '426', '358', '295', '166', '228']
['225', '29', '21', '20', '464', '80', '78', '143', '142', '15', '393', '264', '455', '327', '197', '263', '392', '8', '191', '189', '185', '311', '310']
['481', '320', '95', '192', '384', '86', '466', '337', '16', '45', '104']
['418', '91', '218', '25', '153', '87', '19', '146', '401', '208', '205', '11', '458', '451', '257', '188', '58', '186', '378', '376', '119', '373', '116', '370', '299', '362', '359', '294']
['256', '447', '222', '381', '317', '361', '314', '245', '79', '367', '457', '168', '135']
['157', '348', '219', '285', '411', '151', '276', '333', '141', '203', '202', '269', '198', '321', '246', '181', '180', '308', '243', '432', '47', '240', '237', '235']
['351', '31', '155', '468', '460', '329', '325', '196', '258', '319', '312', '182', '437', '436', '51', '114', '112', '364', '422']
['162', '223', '156', '441', '17', '400', '463', '334', '77', '300', '75', '105', '232', '100']
['163', '419', '217', '280', '471', '279', '274', '271', '268', '427', '259', '194', '63', '375', '435', '307', '49', '430', '43', '296', '103']
['226', '282', '85', '209', '391', '7', '262', '5', '129', '128', '383', '446', '315', '122', '442', '306', '176', '46']
['450', '12', '412', '346', '121', '249', '431', '398', '236', '233', '357', '324']
['224', '94', '215', '213', '462', '71', '445', '187', '183', '53', '42', '291', '278', '404', '397', '396', '139', '13', '137', '260', '385', '255', '254', '126', '244', '115', '242', '109', '106', '230']
['33', '287', '479', '127', '28', '347', '410', '27', '4', '313', '214', '56', '184', '54', '172', '73', '424', '452']
['343', '340', '212', '339', '326', '322', '193', '64', '65', '318', '444', '443', '55', '52', '304', '303', '174', '167', '152', '145', '9', '6', '125', '250', '248', '374', '372', '369', '111']
['220', '475', '216', '469', '210', '206', '448', '57', '309', '420', '292', '26', '277', '147', '273', '144', '267', '134', '261', '252', '247', '110']
