['128', '259', '196', '328', '269', '86', '285', '286', '223', '224', '352', '358', '41', '123', '44', '243', '52', '310', '250', '187', '188']
['257', '70', '135', '7', '263', '265', '71', '205', '273', '213', '151', '280', '88', '162', '100', '165', '43', '365', '111', '49', '378']
['386', '69', '264', '392', '75', '338', '83', '276', '23', '222', '34', '103', '168', '301', '366', '176', '370', '182']
['384', '163', '388', '58', '230', '391', '361', '236', '29', '308', '341', '57', '218', '444', '349']
['0', '64', '324', '198', '139', '396', '333', '335', '400', '210', '215', '282', '221', '353', '99', '167', '110', '47', '240', '178', '56']
['3', '132', '11', '78', '15', '148', '84', '87', '217', '347', '156', '30', '287', '160', '33', '415', '114', '309', '438', '184', '189']
['320', '193', '144', '18', '82', '55', '214', '408', '35', '292', '421', '423', '104', '425', '298', '235', '183', '376', '377', '314', '443']
['321', '138', '74', '268', '140', '270', '13', '147', '407', '225', '229', '40', '302', '46', '304', '434', '374', '313']
['256', '449', '194', '66', '327', '12', '143', '274', '85', '119', '414', '32', '97', '174', '303', '179', '375', '379', '254']
['329', '394', '202', '77', '206', '79', '17', '278', '344', '283', '350', '159', '416', '36', '300', '172', '238', '180', '246', '251', '61']
['68', '454', '399', '272', '208', '410', '157', '288', '231', '233', '170', '426', '171', '431', '367', '113', '306', '436', '437', '440', '383']
['448', '368', '145', '201', '340', '297', '363']
['129', '6', '262', '395', '22', '216', '90', '27', '91', '219', '93', '94', '355', '106', '362', '45', '439', '59', '319']
['322', '4', '325', '267', '331', '204', '339', '405', '98', '294', '296', '424', '430', '435', '373', '253', '122', '316', '125', '382']
['67', '451', '5', '261', '197', '8', '76', '402', '149', '409', '281', '284', '429', '305', '244', '53', '116', '248', '442', '446', '447']
['89', '2', '185', '228', '260', '133', '131', '166', '102', '299', '245', '121', '445', '25']
['192', '326', '456', '10', '332', '146', '21', '412', '92', '348', '220', '161', '354', '419', '226', '295', '173', '249', '315', '124', '318']
['96', '450', '195', '199', '393', '397', '81', '177', '411', '252', '62']
['323', '398', '271', '80', '337', '275', '19', '356', '38', '359', '42', '108', '428', '239', '432', '115', '126', '255']
['258', '387', '293', '390', '232', '137', '73', '360', '200', '48', '212', '312', '413', '158']
['385', '130', '65', '389', '134', '453', '72', '209', '277', '150', '279', '152', '345', '28', '169', '105', '109', '112', '181', '54', '247']
['1', '142', '403', '406', '155', '417', '418', '291', '289', '420', '311', '190', '330', '343', '227', '237', '242', '372', '118', '381', '127']
['290', '452', '39', '136', '266', '364', '346', '207', '433', '211', '20', '307', '404', '153', '26', '63', '95']
['101', '422', '9', '234', '334', '369', '50', '401', '120', '441', '186', '380', '317', '24', '31']
['141', '14', '16', '154', '164', '37', '427', '175', '51', '60', '191', '455', '203', '336', '342', '351', '357', '107', '241', '371', '117']
