['12', '389', '461', '290', '366']
['225', '493', '62', '115', '321']
['346', '383', '224', '195', '52', '479', '357']
['0', '231', '351', '119']
['344', '382', '488', '463', '363', '318', '228', '397', '223', '232']
['92', '207', '194', '304', '14']
['374', '151', '188', '35', '271']
['438', '65', '432', '396', '87', '385']
['32', '409', '421', '20', '171']
['413', '200', '7', '183', '97', '387', '153', '317', '301', '210']
['280', '79', '388', '126']
['265', '241', '192', '456', '42']
['240', '124', '274', '244', '370', '41', '103']
['358', '428', '427', '328']
['497', '342', '341', '418', '40', '226']
['384', '320', '306', '481', '459']
['148', '411', '324']
['138', '222']
['247', '309', '260', '391', '458']
['452', '134', '426', '93', '11', '330', '333']
['270', '489', '145']
['149', '146', '108']
['266', '470', '90', '295', '299', '50', '364', '28', '155', '156']
['38', '5', '167']
['107', '392', '204', '59', '336', '394']
['15', '360', '76', '258']
['71', '414', '362', '125', '434']
['214', '267']
['402', '24', '429', '113']
['112', '2', '486', '289']
['18', '285', '110', '422']
['61', '220', '129', '468', '446']
['57', '314', '410']
['298', '380', '403', '100', '437', '4', '74', '319', '199', '313']
['202', '185', '142', '45', '82', '286', '353']
['83', '381', '201', '399', '294', '127']
['254', '292', '440', '476', '54']
['378', '451', '484', '209', '46', '293']
['359', '178', '211', '169', '47', '94']
['492', '430', '236', '296']
['114', '453', '206', '186', '131', '325', '212', '163']
['48', '56', '255', '424', '372', '128', '248', '491']
['462', '123', '25', '239', '158']
['104', '36', '105', '96', '281', '400']
['412', '393', '165', '249', '279']
['230', '180', '332']
['152', '177', '70', '160']
['86', '60', '345', '246', '23', '498']
['10', '144', '44', '256']
['348', '67', '120', '473', '496']
['350', '431', '16']
['43', '95', '454', '234', '176', '361']
['181', '8', '455']
['29', '98', '367', '371', '340', '172', '91']
['179', '233', '415', '416', '64', '390']
['6', '34', '466', '439', '68', '227', '478', '311', '326', '276', '3', '471', '277']
['356', '175', '262', '141']
['154', '282', '494', '472', '245']
['99', '303', '469', '349', '482', '143']
['485', '111', '189', '78']
['300', '187', '460', '257', '417']
['310', '273', '31', '335', '81']
['420', '58', '302', '22']
['237', '170', '157', '291']
['136', '398', '442', '450', '433', '72', '425', '377']
['140', '327', '229', '297']
['219', '166', '259']
['316', '495', '106', '135']
['375', '121', '162']
['63', '443', '85', '284', '449', '191', '404', '215']
['75', '9', '130', '406']
['203', '190', '347', '315', '19', '89']
['261', '109', '182', '263']
['490', '308', '441', '173']
['369', '132', '196', '288', '118']
['213', '379']
['337', '30', '242', '339', '73']
['66', '365', '218', '386', '168']
['278', '283', '264', '305', '436', '355', '102']
['467', '26', '147']
['307', '49', '419']
['368', '373', '405', '272']
['480', '84', '275', '139', '1']
['55', '243', '343', '312', '150']
['268', '88', '101']
['445', '338', '448', '17', '487', '33', '174', '457']
['27']
['216', '164', '354', '477', '464', '253', '334', '193']
['423', '331', '499', '197']
['474', '444', '117']
['159', '235', '205', '376', '269']
['161', '37', '401', '69', '238']
['483', '122', '133', '287', '13', '221', '252', '137']
['53', '447', '217']
['80', '251', '21', '116']
['352', '323']
['39', '407', '408', '435', '184', '475', '77']
['329', '250']
['51', '465', '395', '198', '322', '208']
