['194', '388', '262', '390', '199', '328', '394', '14', '210', '342', '151', '214', '281', '345', '412', '286', '222', '481', '162', '354', '101', '103', '45', '176', '305', '373', '443', '381', '447']
['65', '130', '3', '386', '261', '323', '452', '198', '9', '71', '459', '332', '80', '337', '213', '411', '219', '91', '415', '289', '225', '422', '231', '41', '109', '112', '243', '437', '123', '318']
['387', '67', '205', '207', '273', '402', '212', '22', '407', '88', '27', '349', '163', '420', '165', '38', '484', '357', '427', '43', '432', '113', '436', '250', '60']
['321', '326', '266', '331', '333', '401', '275', '339', '277', '55', '86', '218', '478', '360', '300', '173', '492', '365', '497', '499', '309', '374', '311', '312', '189']
['257', '451', '69', '391', '457', '75', '21', '152', '154', '94', '419', '230', '168', '110', '240', '242', '246', '186', '253']
['32', '77', '238', '496', '146', '147', '115', '307', '85', '471', '475', '220']
['99', '247', '78', '18', '114', '498', '347', '343', '216', '379', '63']
['68', '136', '73', '138', '137', '11', '74', '81', '82', '467', '283', '477', '351', '164', '39', '487']
['131', '132', '264', '265', '330', '140', '142', '15', '144', '400', '463', '23', '472', '410', '482', '35', '355', '227', '40', '377', '107', '430', '48', '52', '54', '118', '249', '122', '382', '127']
['256', '1', '129', '320', '133', '325', '327', '399', '79', '215', '408', '284', '352', '161', '417', '97', '100', '421', '296', '105', '171', '44', '429', '314', '364', '366', '434', '439', '58', '319']
['192', '385', '4', '6', '200', '268', '461', '90', '414', '287', '479', '96', '418', '480', '232', '170', '108', '174', '303', '49', '369', '245']
['248', '166', '201', '141', '46', '270', '371', '53', '280', '153', '57']
['128', '224', '288', '356', '486', '358', '234', '460', '301', '111', '306', '126', '187', '445', '254']
['446', '196', '324', '455', '10', '458', '396', '206', '17', '403', '211', '278', '344', '476', '285', '223', '423', '490', '172', '177', '241', '51', '308', '435', '181', '56', '62']
['384', '258', '322', '454', '139', '334', '335', '20', '148', '119', '89', '120', '413', '221', '159', '228', '376', '294', '361', '233', '182', '438', '184', '441', '315']
['389', '5', '392', '329', '404', '406', '279', '409', '29', '98', '293', '37', '167', '424', '313', '317', '299', '428', '104', '106', '175', '363', '237', '495', '185', '442', '59', '444', '61', '383']
['448', '449', '66', '450', '260', '453', '135', '7', '395', '203', '204', '405', '24', '346', '157', '30', '375', '416', '160', '291', '489', '426', '236', '239', '304', '368', '179', '310', '183']
['336', '474', '26', '13', '362']
['33', '2', '259', '298', '493', '494', '47', '16', '83', '372', '149', '469', '350']
['145', '466', '180', '8', '252']
['292', '485', '102', '370', '276', '117', '378', '188']
['263', '393', '271', '19', '25', '158', '431', '316', '190', '64', '193', '197', '70', '338', '340', '470', '95', '229', '491', '116', '244', '121', '251', '380', '255']
['0', '397', '269', '150', '156', '295', '297', '42', '302', '440', '202', '76', '462', '208', '209', '341', '217', '348', '353', '226', '235', '125']
['483', '134', '359', '12', '28', '367', '272', '465', '178', '464', '433', '282', '155', '92', '93', '191']
['267', '398', '143', '274', '31', '290', '34', '36', '425', '169', '50', '195', '456', '72', '84', '468', '87', '473', '488', '124']
