['98', '203', '367', '112', '337', '274', '373', '184', '409', '410', '446']
['407', '355', '483', '414', '425', '211', '436', '245', '406', '311', '254']
['193', '197', '199', '301', '14', '400', '432', '372', '346', '475']
['416', '100', '264', '170', '333', '397', '495', '178', '149', '442', '93']
['65', '322', '481', '487', '456', '106', '113', '411', '439', '247', '349']
['320', '160', '260', '36', '455', '103', '41', '45', '78', '15', '250']
['480', '195', '396', '205']
['449', '324', '90', '293', '423', '73', '362', '142', '114', '474', '28']
['224', '390', '454', '7', '91', '171', '462', '82', '148', '152', '315']
['225', '163', '296', '490', '75', '307', '147', '467', '312', '63', '223']
['386', '35', '363', '12', '398', '174', '176', '143', '54', '345', '94']
['450', '265', '267', '144', '370', '181', '281', '187', '60', '157', '383']
['97', '418', '488', '392', '138', '44', '207', '48', '215', '124', '447']
['323', '360', '457', '299', '335', '180', '437', '342', '88', '220', '286']
['0', '420', '361', '10', '13', '493', '498', '243', '212', '280', '477']
['167', '74', '108', '336', '81', '241', '466', '22', '120', '249', '123']
['122', '375', '42', '444', '62', '191']
['18', '4', '340', '374', '58', '219', '461']
['478', '359', '200', '491', '240', '116', '85', '89', '347', '412', '350']
['130', '451', '70', '327', '298', '492', '434', '115', '57', '379', '189']
['32', '101', '422', '262', '358', '364', '109', '338', '381', '469', '445']
['1', '259', '424', '233', '428', '46', '497', '53', '472', '25', '287']
['37', '263', '328', '458', '206', '465', '435', '343', '253']
['385', '77', '302', '303', '17', '50', '150', '440', '185', '61']
['289', '162', '419', '104', '168', '8', '236', '270', '151', '251', '222']
['353', '291', '269', '271', '177', '278', '23', '155', '316', '221', '159']
['366', '117', '470', '24', '218', '443', '380', '479']
['128', '5', '105', '235', '43', '464', '339', '19', '341', '121', '255']
['453', '166', '268', '332', '463', '306', '403', '52', '217', '29', '415']
['321', '99', '39', '395', '300', '433', '468', '244', '156', '126', '319']
['66', '290', '230', '198', '201', '330', '277', '246', '248', '377', '188']
['384', '129', '228', '6', '71', '49', '210', '83', '313', '413', '351']
['153', '387', '459', '331', '365', '47', '182', '310', '408', '86', '284']
['257', '161', '452', '489', '394', '496', '208', '402', '471', '279', '317']
['196', '276', '20', '118', '72', '107', '79']
['96', '67', '292', '132', '135', '429', '110', '304', '80', '242', '499']
['482', '133', '393', '140', '76', '172', '239', '368', '21', '282', '318']
['256', '3', '388', '389', '486', '421', '329', '169', '309', '56']
['354', '68', '485', '229', '391', '460', '141', '209', '275', '376', '30']
['2', '227', '356', '357', '326', '297', '494', '399', '51', '26', '190']
['352', '131', '145', '405', '344', '314', '125', '95']
['295', '232', '426', '139', '234', '369', '179', '371', '404']
['226', '69', '102', '325', '127', '273', '154', '252', '158', '31']
['34', '258', '134', '427', '272', '146', '87', '55', '378', '27', '92']
['33', '484', '40', '137', '266', '202', '237', '173', '308', '438', '186']
['16', '213', '294', '111']
['448', '192', '261', '38', '204', '473', '175', '119', '216', '441', '348']
['9', '476']
['64', '194', '164', '231', '430', '334', '238', '283', '214', '59', '382']
['288', '417', '165', '136', '11', '431', '401', '305', '84', '183', '285']
