['246', '192', '297', '304', '356', '194', '98', '186', '198', '129', '302', '329', '190', '182', '86']
['362', '289', '299', '1', '184', '368', '11', '281', '285', '381', '95', '374', '100', '399', '124', '346', '292', '233', '17', '284']
['23', '290', '363', '369', '276', '74', '344', '207', '209', '111', '213', '78', '277', '34', '16', '282', '286', '136', '326', '106']
['92', '152', '361', '62', '160', '221', '200', '146', '241', '247', '7', '258', '385', '141', '400', '294']
['52', '2', '112', '165', '118', '345', '205', '219', '104', '102', '386', '296', '103', '349', '96', '188', '327', '87', '203', '283']
['226', '318', '243', '223', '199', '225', '319', '309', '392', '220', '305', '259', '159', '332', '273', '210', '142', '125', '236', '312']
['382', '376', '41', '228', '37', '230', '256', '378', '79', '373', '325', '248', '334', '380', '224']
['27', '5', '191', '249', '217', '251', '38', '364', '30', '348', '208', '252', '324', '372', '26', '245', '166', '216', '260', '244']
['341', '176', '47', '20', '335', '171', '59', '347', '45', '342', '300', '328', '179']
['397', '70', '99', '114', '360', '155', '352', '331', '167', '303', '169', '101', '238', '75', '218', '119', '157', '143', '358', '212']
['398', '150', '388', '135', '351', '267', '242', '132', '240', '231', '187', '375', '340', '336', '354']
['139', '128', '33', '384', '366', '168', '222', '28', '123', '255', '69', '239', '370', '67', '127', '254', '291', '298', '288', '306']
['177', '161', '196', '164', '178', '323', '269', '97', '58', '175', '227', '56', '105', '162', '158', '134', '201', '237', '63', '163']
['206', '138', '50', '232', '154', '145', '14', '170', '10', '57', '279', '270', '88', '151', '211', '156', '64', '174', '8', '387']
['343', '108', '71', '389', '357', '280', '268', '173', '130', '293', '32', '116', '261', '12', '266', '55', '287']
['215', '185', '9', '189', '93', '19', '172', '274', '214', '390', '180', '396', '120', '81', '235', '4', '338', '35', '29', '110']
['257', '253', '46', '197', '107', '36', '73', '234', '133', '153', '202', '68', '21', '117', '183', '262', '113']
['13', '149', '122', '126', '72', '65', '76', '44', '82', '15', '131', '250', '263', '121', '137', '355', '77', '40']
['383', '353', '317', '18', '391', '359', '313', '307', '320', '377', '394', '53', '315', '60', '330', '109', '314', '322', '54']
['301', '308', '42', '195', '310', '193', '61', '94', '83', '48', '49', '51', '271', '31', '275', '25', '85', '3', '337', '89']
['278', '350', '311', '264', '204', '316', '272', '91', '229', '22', '321', '80', '24', '90', '365']
['379', '367', '6', '147', '39', '144', '265', '339', '393', '66', '43', '84', '395', '333', '115', '295', '148', '181', '140', '371']
