['128', '453', '199', '326', '78', '80', '15', '208', '210', '339', '84', '25', '286', '32', '99', '221', '297', '316']
['417', '158', '70', '230', '457', '331', '45', '188', '403', '88', '186', '154', '59', '87', '159']
['456', '73', '10', '273', '407', '285', '289', '228', '300', '489', '364', '174', '367', '374', '182', '443', '446']
['376', '268', '204', '14', '399', '76', '418', '424', '109', '495', '433', '497', '231', '176', '122', '250']
['2', '132', '455', '136', '21', '344', '216', '416']
['133', '9', '460', '11', '156', '287', '348', '483', '102', '177', '298', '113', '307', '54', '117', '118', '247', '313', '126']
['256', '419', '229', '41', '330', '238', '431', '17', '499', '436', '279', '309', '183', '479', '157']
['278', '323', '217', '39', '104', '362', '173', '372', '275', '23', '474', '281', '187', '115', '29']
['258', '386', '454', '72', '89', '354', '227', '420', '485', '234', '490', '43', '112', '240', '435', '438', '368', '444']
['312', '224', '360', '106', '458', '75', '473', '20', '482', '127']
['322', '201', '209', '146', '85', '150', '57', '477', '484', '169', '107', '363', '430', '370', '378', '317']
['441', '103', '134', '262', '426', '337', '179', '467', '244', '439', '409', '249', '282']
['161', '425', '461', '432', '305', '434', '19', '440', '24', '379', '33', '320']
['192', '257', '3', '69', '140', '332', '82', '272', '18', '74', '16', '406', '478', '346', '353', '239', '56', '315']
['448', '475', '290', '196', '486', '220', '405', '469', '22', '46', '93', '185', '94']
['476', '259', '164', '198', '168', '236', '442', '429', '44', '274', '382', '123', '223', '31']
['218', '108', '12']
['1', '194', '261', '395', '13', '398', '212', '254', '345', '34', '166', '487', '423', '375', '377', '189', '319']
['67', '131', '384', '391', '171', '144', '180', '86', '343', '27', '61']
['191', '355', '68', '308', '235', '175']
['464', '40']
['119', '373', '359', '215', '49']
['163', '341', '311', '411', '271']
['0', '5', '325', '200', '138', '79', '110', '466', '147', '349', '310', '55', '155', '413']
['321', '162', '100', '167', '105', '77', '396', '491', '37', '365', '401', '447']
['288', '449', '422', '303', '397', '205', '241', '141', '336', '468', '381', '481']
['26']
['299', '421', '202', '233', '392', '152', '350', '404']
['390', '450', '195', '324', '197', '328', '265', '203', '81', '400', '280', '151', '30', '91', '225', '356', '181', '62', '385']
['260', '60', '6', '361', '302', '139', '334', '463', '496', '50', '371', '480', '253']
['415', '380', '470', '121', '412', '366']
['96', '129', '394', '351', '347', '64']
['114', '295', '472', '8', '459', '318', '47']
['214', '335']
['65', '58', '270']
['130', '35', '488', '493', '172', '494', '237', '145', '148', '276', '255']
['83', '38']
['97', '213', '263', '184', '492']
['98', '135', '7', '267', '427', '333', '465', '178']
['389', '498', '36', '219', '222', '207']
['66', '226', '101', '357', '51', '402', '211', '245', '120', '63', '471']
['352', '137', '269', '142', '242', '252', '437', '414']
['53', '445', '206']
['452', '387', '116', '277', '246', '314', '190', '160']
['294', '388', '327', '71', '301', '340', '283', '125']
['306', '291', '193', '304', '95']
['383', '451', '165', '4', '232', '28', '329', '393', '428', '462', '124', '149', '248', '410', '251', '284']
['264', '170', '266', '143', '111', '296', '369', '338', '92']
['153', '292', '293', '408', '90']
['358', '42', '52', '243', '342', '48']
