['240', '337', '64', '238']
['1', '29', '260', '138', '461']
['449', '33', '195', '100', '169', '300']
['178', '405', '262', '7', '11']
['289', '77', '157', '470']
['293', '41', '43', '399', '176', '91', '477', '95']
['416', '257', '5', '264', '394', '171', '236', '333', '334', '244', '88', '346']
['304', '209', '433', '259', '261', '203', '206']
['369', '66', '468', '197', '69', '24']
['322', '2', '324', '387', '231', '234', '76', '275', '93', '216', '413', '445']
['258', '297', '170', '299', '269', '142', '437', '123']
['18', '51', '389', '341', '361', '205', '14']
['482', '355', '39', '360', '336', '213', '22', '155', '476', '317']
['129', '196', '263', '104', '458', '490', '434', '370', '435', '406', '185', '122', '284']
['163', '133', '149', '488', '136', '159']
['131', '183', '378', '222', '398']
['418', '134', '331', '271', '339', '467', '279', '186']
['366', '143']
['0', '162', '67', '119', '71', '63']
['384', '97', '165', '478', '265', '110', '16', '280', '473', '381', '286']
['96', '417', '427', '140', '237', '13', '243', '251']
['68', '214', '328', '266', '270', '239']
['225', '338', '92', '493', '494']
['107', '242', '114', '276', '84', '247', '475', '94']
['80', '388', '54']
['193', '215', '148', '479']
['318', '145', '194', '101', '245', '26', '462']
['290', '357', '74', '363', '492', '335', '373', '87', '120']
['354', '319', '457', '429', '127']
['128', '273', '452', '436', '350']
['130', '35', '485', '106', '459', '460', '272', '343', '344', '57', '349']
['146', '19', '59', '125', '79']
['291', '228', '326', '391', '200', '393', '45', '86', '376', '121', '30']
['323', '12', '301', '307', '212', '345', '27', '382']
['40', '277', '229', '342']
['305', '474', '374']
['352', '491', '463', '431', '208', '274', '495', '308', '23', '438', '311', '20', '409', '314', '287']
['496', '310', '296', '424']
['98', '164', '42', '108', '15', '112', '82', '115', '306', '85', '217', '188', '446', '383']
['17', '58', '347', '325']
['256', '392', '441', '156', '407', '249', '443', '412', '253', '223']
['32', '362', '267', '47', '400', '404', '53', '411']
['320', '483', '113', '371', '179', '471', '315', '351']
['184', '353', '379']
['321', '161', '118', '281', '187']
['386', '390', '46', '327']
['440', '153', '154', '447', '303']
['99', '295', '72', '25', '442', '191']
['448', '224', '226', '48', '56', '31']
['294', '422', '62', '126', '139', '44', '78']
['419', '451', '3', '454', '302', '430', '401', '210', '220']
['65', '83', '4', '486', '456']
['288', '52', '199', '250', '283', '332']
['241', '50', '469', '313', '377', '204', '285']
['312', '487', '55']
['89', '309', '117', '375']
['147', '230', '423', '472', '426', '152']
['177', '132', '137', '414', '175']
['227', '201', '235', '395', '207', '465', '116', '282', '444']
['292', '484', '359', '167', '233', '49', '81', '278', '151', '61']
['6', '135', '358', '202', '340', '180', '124', '221']
['246', '316', '172', '28', '158']
['439', '348', '173', '218', '380', '365']
['144', '466', '420', '248', '105', '109']
['356', '36', '38', '168', '232', '364', '368', '403']
['166', '455', '10', '428', '396', '367', '211', '255']
['190', '189', '150', '111']
['192', '489', '425', '60', '9']
['480', '481', '103', '329', '298', '75', '141', '181']
['385', '402', '102', '182']
['34', '8', '397', '432', '464', '219']
['160', '450', '37', '453', '198', '330', '268', '372']
['21', '410', '252', '254', '415']
['421', '70', '73', '174', '408', '90']
