['20', '244', '308', '39', '296', '253', '359']
['386', '147', '343', '186', '282', '269']
['161', '72', '218', '10', '216']
['64', '128', '136', '27', '45']
['33', '311', '155', '12', '31']
['300']
['290', '146', '7', '11', '350']
['3', '260', '70', '303', '337', '277', '93', '190']
['169', '267', '117']
['35', '116']
['138', '315', '87', '223']
['273', '294']
['89', '357', '21', '15']
['127', '29', '159']
['369', '178', '347', '37']
['98', '274', '180', '166', '249', '92']
['42', '123', '151']
['211', '23', '102', '119', '396', '332']
['96', '65', '203']
['305', '265', '75', '61', '377']
['288', '135', '25', '397', '398']
['284']
['384', '1', '261', '214', '360', '106', '173']
['144', '275', '345', '380', '286']
['221', '202', '325', '231']
['184', '100', '6', '230']
['353', '237']
['8', '153', '95']
['141']
['212', '199']
['112', '185', '263', '295']
['336', '207']
['241', '229', '139', '285', '126']
['32', '394', '156']
['304', '22', '168', '362', '251', '44']
['83', '344', '104', '77', '111']
['192', '193', '52', '149', '358', '150']
['280', '319']
['292', '84', '327', '349', '287']
['137', '59', '382']
['256', '368', '322', '181', '41', '154', '331']
['172', '316']
['0', '36']
['306', '238', '103']
['224', '78', '297', '299', '334']
['56']
['191', '165', '390', '351', '145', '379', '317', '222', '255']
['129', '164', '53']
['339', '163', '314', '206']
['328', '281', '388', '342']
['399', '217', '79']
['245']
['97', '43', '124', '335']
['376', '354', '340']
['120', '228']
['160', '48']
['101', '356', '389']
['176', '132', '86', '88', '234']
['34', '204', '55']
['257', '71', '302', '175', '16', '113', '209', '179']
['240', '195', '270']
['298']
['49', '68', '262']
['352', '293', '90', '283', '364', '333', '76']
['226', '4', '5', '264', '208', '80', '373', '348']
['157']
['272', '243', '58', '125', '62']
['24', '177', '233']
['131', '197', '122', '391', '171', '140', '246', '346']
['194', '387', '152', '187', '188']
['2', '381', '196', '326', '393', '301', '94']
['46', '201', '330', '9']
['200', '170', '14', '367']
['162', '312', '134', '232', '57']
['318', '239']
['291', '268', '183']
['248', '242']
['220', '118']
['17', '276', '28', '278']
['148', '341', '236', '189', '143']
['252', '110']
['18', '108', '142']
['105', '371', '174']
['320', '321', '99', '392', '250', '205', '30']
['225', '355', '115', '313', '361']
['307', '227', '365', '158']
['19', '289', '66', '91']
['114', '235', '133', '63']
['107', '324']
['81', '395', '213']
['198', '374', '40', '121', '74']
['26', '54', '375']
['82', '210', '258', '109']
['385', '69', '182', '60', '366', '47']
['309', '247', '73', '279', '271']
['50', '215', '329', '378', '13', '383']
['338', '51', '370']
['130', '323', '38', '167', '85']
['266', '363', '372', '219']
['310', '67', '259', '254']
