['318', '257', '446', '198', '361', '75', '141', '270', '436', '276', '151', '282', '317', '286']
['2', '322', '453', '199', '8', '72', '329', '339', '404', '91', '93', '478', '482', '102', '306', '51', '184', '252', '126']
['129', '67', '77', '462', '271', '335', '471', '476', '351', '355', '486', '423', '360', '170', '303', '177', '185', '250', '319']
['388', '454', '359', '457', '267', '173', '496', '498', '371', '23', '89', '124']
['65', '131', '196', '260', '133', '132', '328', '408', '415', '417', '419', '295', '105', '106', '108', '499', '58']
['288', '96', '420', '394', '428', '367', '337', '119', '472', '219', '63']
['0', '194', '451', '450', '325', '366', '15', '22', '54', '120', '382']
['264', '301', '398', '79', '18', '467', '86', '475', '31']
['226', '434', '435', '372', '76']
['386', '154', '232', '169', '40', '107', '493', '78', '410', '205', '84', '313', '186', '59', '61']
['448', '103', '327', '135', '491', '208', '49', '83', '87', '153', '127']
['130', '35', '364', '238', '47', '433', '180', '215', '123', '383']
['265', '298', '43', '74', '336', '466', '308', '310', '214', '280', '349', '479']
['385', '33', '37', '293', '230', '427', '44', '461', '110', '378', '20', '117', '218', '251']
['401', '465', '164', '312', '347', '396', '414']
['26', '4', '237', '437']
['326', '134', '136', '41', '203', '332', '109', '235', '171', '125', '441', '477']
['481', '162', '228', '200', '393', '111', '368', '373', '409', '442']
['225', '82', '52', '294', '183', '239']
['452', '458', '269', '142', '274', '307', '114', '281']
['179', '220', '300']
['416', '229', '70', '204', '492', '334', '370', '403', '278', '27', '157', '158']
['422', '490', '11', '187', '46', '413', '149', '407', '379', '29', '62']
['480', '489', '36', '311']
['32', '272', '323', '390', '231', '42', '460']
['321', '483', '299']
['289', '66', '297', '234', '331', '118', '344', '121', '474', '283', '30']
['97', '291', '69', '261', '487', '45', '302', '14', '209', '210', '443']
['392', '253', '174', '447']
['224', '353', '256', '387', '363', '172', '464', '343']
['376', '73', '365', '463', '48', '175', '305', '275', '468', '248', '411', '156', '222']
['64', '1', '400', '101', '213']
['473', '369', '115', '85', '182', '249', '412', '94']
['240', '212', '485', '424', '57', '395', '430']
['128', '290', '99', '197', '166', '201', '137', '333', '81', '50', '309', '440', '216', '285', '223']
['160', '80', '405', '7', '152']
['320', '161', '263', '397', '13', '207', '497', '338', '470', '439']
['5', '3', '389', '429']
['193', '259', '357', '425', '140', '143', '304', '17', '53', '374', '90', '350']
['418', '163', '324', '488', '268', '92', '144', '88', '316']
['192', '484', '68', '362', '432', '273', '113', '21', '341', '279', '24', '217', '315', '221']
['195', '456', '9', '266', '145', '469', '150', '406', '342', '346', '348', '227', '292', '39', '104', '233', '112', '56', '255']
['449', '431', '242', '19', '116', '211', '188', '191']
['354', '98', '71', '138', '236', '399', '241', '340', '245', '55', '122', '190', '95']
['352', '202', '10', '494', '176', '16', '147', '247', '287']
['100', '165', '296', '60', '495', '146', '28']
['358', '330', '12', '206', '178', '148', '181', '377']
['421', '38', '391', '6', '262', '139', '277', '246', '380', '314', '155', '444']
['384', '167', '243', '438', '375', '25', '284']
['159', '258', '34', '356', '455', '168', '426', '459', '402', '381', '244', '345', '189', '254', '445']
