['131', '260', '133', '391', '392', '393', '457', '14', '145', '20', '151', '90', '347', '229', '101', '167', '239', '111', '241', '243', '373', '248']
['66', '132', '389', '452', '455', '8', '143', '464', '276', '149', '343', '87', '346', '283', '415', '287', '288', '479', '165', '423', '295', '360', '50']
['257', '324', '261', '462', '334', '206', '19', '84', '22', '86', '31', '161', '34', '421', '234', '363', '237', '174', '176', '370', '122', '444', '61']
['2', '5', '325', '328', '201', '74', '459', '204', '77', '472', '344', '282', '92', '223', '37', '173', '242', '308', '118', '375', '186', '316', '62']
['321', '262', '7', '200', '73', '332', '400', '272', '212', '157', '221', '32', '354', '98', '420', '298', '42', '305', '246', '315', '124', '126', '128']
['129', '258', '327', '395', '331', '80', '211', '213', '26', '156', '158', '482', '227', '164', '41', '171', '45', '366', '368', '306', '52', '439', '253']
['4', '68', '135', '13', '205', '271', '461', '273', '406', '342', '473', '218', '33', '289', '230', '107', '178', '309', '438', '119', '380', '127', '448']
['194', '3', '383', '70', '456', '399', '144', '279', '88', '217', '485', '422', '102', '232', '236', '304', '113', '247', '317', '254', '319']
['1', '388', '330', '401', '274', '147', '403', '337', '83', '345', '476', '220', '95', '97', '249', '291', '355', '106', '110', '117', '55', '57', '250']
['451', '134', '12', '78', '209', '18', '340', '468', '215', '219', '413', '356', '424', '169', '104', '105', '362', '430', '46', '177', '436', '182', '251']
['193', '322', '387', '320', '208', '85', '408', '411', '286', '94', '162', '36', '359', '43', '108', '301', '48', '435', '180', '185', '123', '190', '192']
['259', '79', '409', '153', '477', '222', '96', '163', '228', '357', '100', '39', '40', '297', '168', '427', '426', '358', '367', '432', '49', '307', '116']
['130', '454', '263', '137', '269', '207', '16', '402', '404', '277', '278', '350', '376', '418', '483', '59', '47', '252', '369', '51', '440', '187', '60']
['386', '197', '6', '199', '138', '11', '139', '397', '463', '471', '280', '412', '290', '302', '431', '238', '115', '244', '312', '314', '188', '381', '446']
['390', '198', '71', '329', '384', '203', '141', '339', '470', '89', '154', '285', '30', '414', '417', '44', '175', '379', '64']
['196', '69', '10', '270', '148', '28', '159', '160', '226', '235', '428', '112', '371', '445', '382', '191']
['65', '450', '72', '75', '460', '142', '338', '405', '216', '410', '155', '348', '29', '93', '224', '484', '231', '296', '429', '53', '184', '377', '318']
['385', '323', '67', '453', '264', '266', '333', '275', '150', '475', '284', '416', '35', '170', '300', '364', '125', '245', '311', '441', '378', '443', '189']
['268', '407', '24', '27', '38', '299', '172', '433', '434', '179', '437', '202', '465', '210', '467', '81', '341', '91', '352', '353', '481', '240', '120']
['136', '396', '15', '146', '21', '152', '25', '425', '303', '310', '54', '76', '82', '474', '99', '361', '114', '374', '121', '255', '256']
['281', '419', '326', '9', '458', '394', '267', '109', '398', '336', '372', '214', '183', '313', '442', '478', '447', '58']
['265', '140', '17', '23', '292', '293', '166', '294', '181', '56', '63', '449', '195', '335', '466', '469', '349', '351', '480', '225', '103', '233', '365']
