['196', '197', '135', '71', '137', '201', '202', '268', '73', '271', '19', '214', '25', '284', '34', '230', '47', '177', '181', '249', '186']
['129', '193', '3', '68', '203', '216', '29', '221', '163', '168', '233', '169', '108', '174', '115', '188', '190']
['38', '294', '10', '172', '240', '209', '49', '83', '84', '147', '247', '87', '58', '253', '63']
['4', '133', '14', '208', '279', '281', '154', '156', '285', '39', '297', '238', '176', '242', '244', '62', '126']
['265', '270', '272', '17', '274', '22', '32', '99', '165', '40', '111', '243', '179', '119', '120', '183', '125', '255']
['258', '195', '6', '75', '141', '275', '149', '86', '89', '158', '288', '161', '228', '105', '235', '122', '187', '256']
['194', '290', '162', '5', '9', '205', '142', '143', '50', '148', '180', '52', '121', '90', '123']
['81', '164', '157', '104']
['102', '167', '74', '138', '234', '145', '114', '117', '278', '23', '184', '251', '220', '127']
['132', '199', '263', '77', '78', '273', '211', '245', '26', '155', '28', '95', '287']
['1', '2', '131', '7', '264', '266', '16', '18', '210', '277', '152', '218', '97', '227', '292', '36', '37', '100', '296', '231', '43', '300', '241', '182', '192']
['259', '260', '69', '70', '72', '269', '80', '213', '280', '224', '295', '232', '42', '44', '110', '113', '57', '250', '59']
['130', '35', '67', '299', '204', '267', '76', '46', '144', '212', '254', '223']
['33', '66', '101', '166', '170', '112', '51', '151', '24']
['136', '12', '13', '276', '21', '88', '217', '283', '289', '98', '226', '41', '106', '237', '175', '178', '55', '56', '60', '128', '64']
['261', '198', '171', '140', '109', '206', '79', '146', '85', '215', '185', '153', '189', '31']
['236', '124', '173', '48', '53', '54', '282', '27', '252', '93', '191', '160']
['134', '262', '11', '139', '107', '116', '150', '222', '286']
['257', '225', '229', '293', '103', '8', '298', '45', '207', '15', '82', '20', '118', '246', '219', '92', '61', '94']
['65', '291', '200', '239', '248', '91', '30', '159', '96']
