['193', '164', '40', '105', '11', '205', '141', '218', '62']
['16', '115', '150']
['201', '266', '171', '42', '176', '243', '214', '252']
['129', '261', '267', '77', '239', '80', '17', '50', '276', '22', '151', '88', '251']
['33', '66', '291', '68', '293', '99', '233', '270', '175', '142', '19', '83', '148', '246', '26']
['97', '130', '65', '6', '295', '204', '82', '118', '87', '152', '153', '186', '188', '285', '254']
['224', '36', '70', '200', '238', '111', '272', '189', '54', '119', '122', '123', '125', '191']
['0', '170']
['29', '71']
['59', '275', '221', '23']
['225', '162', '2', '163', '197', '135', '73', '140', '45', '47', '147', '56', '58', '91', '95']
['32', '137', '213']
['258', '195', '229', '298', '282', '268', '44', '143', '177', '185', '250', '124', '30']
['155', '55', '94', '247']
['106', '286', '138']
['53', '85', '120', '139', '61', '219', '255']
['192', '259', '230', '296', '104', '299', '76', '92', '241', '21', '245', '149', '183', '156', '25']
['35', '132', '39', '231', '199', '174', '210', '211', '146', '51', '279', '217', '283', '28', '93']
['98', '5', '102', '232', '41', '271', '208', '24']
['288', '34', '169', '43', '207', '242', '117', '89', '154', '27', '190', '57']
['160', '3', '196', '228', '297', '269', '46', '273', '81', '116', '281', '284', '158']
['256', '161', '227', '166', '7', '109', '179', '215', '280', '287']
['289', '134', '72', '74', '108', '12', '236', '144', '114', '248', '184']
['290', '260', '265', '203', '78', '240', '145', '209', '113', '187', '126', '223']
['226', '292', '133', '4', '167', '264', '202', '107', '110', '14', '15', '244', '52', '278']
['131', '100', '38', '263', '136', '75', '206', '181', '249', '31']
['96', '64', '8', '168', '173', '237', '84', '90', '220', '127']
['257', '37', '262', '9', '235', '274', '86', '216', '121', '253', '63']
['128', '194', '69', '101', '103', '10', '13', '112', '48', '18', '180', '20', '157', '159']
['1', '67', '165', '198', '294', '234', '172', '79', '49', '178', '212', '277', '182', '60', '222']
