['64', '128', '9', '139', '271', '149', '280', '219', '155', '285', '29', '164', '292', '40', '169', '305', '187', '63']
['66', '195', '259', '134', '8', '264', '211', '148', '20', '31', '167', '295', '106', '172', '303', '113', '122', '61']
['160', '33', '112', '22', '281', '284', '78']
['193', '290', '168', '205', '110', '14', '16', '114', '146', '245', '309', '283', '188', '93']
['1', '191', '2', '229', '266', '42', '109', '269', '47', '209', '182', '312', '185', '250', '95']
['226', '196', '294', '234', '173', '80', '241', '210', '244', '212', '85', '121', '125']
['192', '69', '237', '174', '19', '52', '215', '56', '57', '27', '254', '216']
['97', '4', '73', '298', '12', '238', '124', '145', '25', '90', '156', '189']
['133', '198', '135', '218', '98', '165', '105', '107', '235', '302', '111', '304', '308', '117', '119', '313']
['161', '130', '225', '131', '166', '39', '6', '299', '236']
['0', '289', '162', '96', '263', '103', '297', '77', '46', '176', '17', '53', '86', '55', '251']
['207', '18', '255', '262', '26', '76', '159']
['101', '38', '71', '70', '138', '43', '202', '144', '278', '151', '248']
['36', '261', '75', '268', '206', '79', '273', '147', '214', '152', '253']
['81', '35', '197', '136', '59', '157', '143']
['3', '67', '213', '150', '21', '89', '183', '220', '291', '186', '44', '239', '115', '116', '247', '58', '252', '127']
['256', '265', '141', '272', '275', '23', '153', '28', '30', '301', '175', '306', '243', '307', '51', '249', '60']
['163', '102', '231', '296', '137', '199', '201', '140', '48', '177', '92', '287']
['257', '129', '260', '270', '208', '279', '24', '217', '223', '224', '34', '293', '37', '104', '233', '45', '178', '50']
['65', '258', '228', '170', '171', '242', '311', '84', '179', '310', '246', '154', '222', '158']
['32', '194', '100', '132', '7', '232', '72', '41', '13', '142', '49', '83', '276', '277', '181', '184', '88', '190']
['99', '5', '200', '10', '203', '11', '282', '267', '82', '87', '62', '126', '94', '286']
['288', '227', '68', '230', '74', '123', '204', '108', '300', '15', '240', '274', '180', '118', '54', '120', '91', '221']
