['ebexhbz', 'zrimkhj', 'raymfyf', 'zvuccyi', 'jtkovjl', 'opcamxc', 'jplsynx', 'jnwitwp', 'pcdlpcz', 'bnyrwnb', 'atfmxqs', 'szriiex', 'gceicua', 'kuhueyd', 'werprzm', 'qwcwszq']
['ygoytty', 'cewygrc', 'rnluyib', 'sipicas', 'ksjmenx', 'yfabxdu', 'yiuitfo', 'jaikykc', 'ozoxsck', 'rqdjqiq', 'rorsdzp', 'ovyjjfm', 'dtfwkrc', 'urujvnn', 'dlfncva']
['vshvlic', 'rbpdoot', 'vvjtuhb', 'jbhevly', 'tgshqis', 'nsjgubf', 'bbevbps', 'capkmzr', 'odoqgfk', 'gmapuez', 'fzplaod', 'jygmmrk']
['gbuoffj', 'ytvwmpd', 'upucitb', 'uhhhxgy', 'iuddtax', 'aowxwvx', 'omyynfi', 'iudsrjy', 'jnfpvkg', 'jxlxfoo', 'dnxxgal', 'ljxgjfb', 'ksrplzq', 'szlzdlt', 'cutedox', 'hqikiss']
['pcrzoox', 'awftunn', 'ktyynlr', 'lfxhllc', 'jrguwdk', 'ojujfds', 'mltjlsu', 'hnpufhr', 'oayxvdx', 'nkylhqw', 'oikctcj', 'momhmut', 'pwaalip', 'clcozil', 'mbrlttj', 'wznyiaw']
['frxrjcw', 'qimiqpx', 'uitiunf', 'ohgorzn', 'nvjeors', 'jigaagt', 'ymwwchd', 'bwxgkld', 'gevooyy', 'yvvwjem', 'tfsfpnw', 'jwpfwqz', 'nndfzgt', 'ehcdgdr', 'xxhgtbs']
['uuqtrnp', 'ljxjare', 'fgubrui', 'uahwspd', 'kolwqja', 'zxijrwr', 'atvqyki', 'kpqzpfs', 'vmrdoff', 'uwgeeaz', 'noyikuy', 'iiybggp', 'dmsftgx', 'uckdnaa', 'nqmwwmz', 'fzsjvuk']
['dtmsxwk', 'ydirvrp', 'zhdvxfc', 'hxlagmh', 'wklasyt', 'amfrehb', 'yqtlogi', 'okdlbya', 'ebtqhua', 'ntanocw', 'shztxik', 'fdccgyr', 'pmckuxh', 'xabjjff', 'mqeymdi', 'aocuywp']
['kctacue', 'dpgzdmu', 'vogmqqe', 'efrtcpo', 'xxqfkzr', 'bhbfrfj', 'ciynmhw', 'qxwwqfk', 'xdofsvh', 'rxngmkt', 'ptcbphe', 'qlgkouj', 'hwprfxd', 'zexclum', 'bxtdbjc']
['rljbssd', 'qccnlus', 'sfjkptj', 'jcoguvu', 'cjhldsy', 'ulpkpaf', 'gmqbbof', 'owgzpow', 'axxwrug', 'wdahnhw', 'ljllxhw', 'yssbhls', 'xsjadss']
['puotspj', 'xaawrda', 'rroxpwu', 'gdvcboj', 'nrctxxu', 'vbcaiur', 'joerrak', 'bolryno', 'korcvcx', 'glkfhro', 'engjphl']
['mclspox', 'mtrmooo', 'hfzbxzo', 'bymyfhs', 'eezxrdd', 'vfebggx', 'bkrlzdx', 'rfhgsrd', 'bpbiuoh', 'joqmipo', 'hscfpsc', 'jdufzkb', 'cmlcnuo', 'eghatxl', 'kjhsxww']
['jzqcfee', 'newswsl', 'vahwsck', 'xxradgz', 'bundjpw', 'upgszso', 'ximpauw', 'drtgipl', 'wmodcaj', 'crclbim', 'skvsmyl', 'lmgvnku', 'oqqfikf', 'ptpmisy', 'ynxyoyb', 'douqsoq']
['vrvkaaa', 'jojnukl', 'npbmbcl', 'ljqttnn', 'asyegiw', 'eiuywkb', 'xuppdvy', 'brpqwlx', 'liqhklu', 'vuedrix', 'dgvegls', 'wxbassh', 'kuwyrgr', 'pojnkue']
['mgtzswf', 'gmultvj', 'uekjkik', 'upxaolv', 'spgwzqj', 'otmayxy', 'poyacsv', 'qifpupk', 'hylhzqr', 'ofsoyop']
['ehfkaur', 'sfzipfj', 'hvnuihp', 'aytcnpm', 'emqikpe', 'idyyroc', 'lqjdzbc', 'jbockfp', 'pxgrikq', 'ugpqnzn']
['mqwftjq', 'coupfju', 'wlhpnux', 'fxswbii', 'gnlcixq', 'kvfjhzh', 'oegoznu', 'zfqckzr', 'bwpwdoy', 'igtcqiv', 'dazkzcz', 'dsvowko', 'aslzxho']
['grhnknx', 'vxktmpe', 'olzxpzb', 'fhrabmr', 'afvpuoz', 'sfjvtxw', 'egfbifk', 'dqbtiaw', 'lucqgzc', 'aenkmpt', 'znskrzx', 'acgwdsb']
['bnuxlph', 'njoxkmb', 'urudgpc', 'sgrvtpg', 'mbzuntj', 'ypwfljl', 'ipxjgfz', 'xcjwaaa', 'mmsicju', 'tqjelgo', 'hlkffeh', 'jgbbizt', 'bfonhts', 'lehooqa', 'uckaokp']
['abxurqr', 'vwcmgzh', 'huzgikq', 'ulqqnrx', 'kiwoauy', 'lpzovzo', 'ckbpvbd', 'vkrrkcg', 'dcysunk', 'qhwwalp', 'ueyjznc', 'laxdipx']
['cvokrsd', 'nlfhgdx', 'nbhknmw', 'jmjdmxv', 'jhstklj', 'fhuqtfp', 'kitxrio', 'wqohgce', 'crmjrbf', 'qgpciwf', 'edebgoj', 'zrhphdg', 'ktqbsnt', 'ekbghpg', 'qqeafqd', 'zxlpndu']
['adzdoyj', 'sieoave', 'hrmwoaf', 'tdrolvx', 'whaalyx', 'pjsyeez', 'aadjodd', 'yoqrhdw', 'ylnttkr', 'zxtfzys', 'ngznfds', 'pnnzbti', 'apuclff', 'rxnxrbl', 'itivxup', 'hncniof']
['dubzmmn', 'xlypwfl', 'vvadaaj', 'vowjmgf', 'djzcmeu', 'jivtfds', 'wenwqgs', 'azzpyql', 'rbwdwlz', 'goxywvb', 'nrplxxf', 'rqevvql', 'nzhlxzk']
['qufxqvh', 'igvkuru', 'mlehrqr', 'gdkxxon', 'kzgbgcg', 'fufnjyf', 'emvhlci', 'fieuife', 'lcmynyw', 'qerzkir', 'bvvitzv', 'zmgjecs', 'mnxptfo']
['nehlpbv', 'etkmfom', 'qavmxlu', 'lpzhylm', 'vjpstks', 'wjosnfy', 'huwkfqk', 'tjtezbn', 'ylscqcm', 'reolqff', 'fhflmkc', 'alvvzcr', 'mirwseo', 'mcirxcd', 'vvwlixv']
['hlruggb', 'crzdxig', 'tjcagrq', 'egezjtl', 'ultrowi', 'ypncztk', 'thidksk', 'nbftfsb', 'dwfazac', 'dpmxdni']
['upzignf', 'kadvzfh', 'wellvsr', 'labghhm', 'mtbiczg', 'pkosxjv', 'owvackd', 'roothgi', 'hutontm', 'ndqmeid', 'cjyrens', 'quaahkj', 'weondbg', 'ftbfwum', 'pvwdbuk']
