['68', '389', '396', '404', '148', '212', '247', '477', '40', '123', '428', '429', '237', '365', '240', '241', '245', '439', '121', '442', '59', '127', '381', '383']
['385', '388', '265', '138', '267', '334', '149', '213', '409', '93', '481', '164', '356', '231', '488', '426', '236', '302', '113', '242', '308', '119', '58', '61', '63']
['5', '134', '7', '137', '394', '395', '18', '22', '410', '156', '158', '34', '162', '174', '303', '176', '307', '443', '60', '447', '197', '198', '453', '74', '75', '472', '218', '224', '225', '98', '230', '115']
['199', '10', '11', '140', '463', '80', '465', '210', '147', '466', '469', '214', '91', '223', '292', '421', '102', '362', '175', '239', '370', '499', '54', '187']
['322', '76', '143', '274', '471', '408', '346', '220', '350', '417', '422', '39', '425', '106', '108', '372', '120']
['448', '2', '195', '69', '12', '398', '14', '86', '23', '217', '415', '163', '420', '357', '172', '433', '313']
['192', '257', '449', '3', '72', '332', '333', '337', '277', '345', '90', '219', '348', '30', '222', '99', '103', '43', '435', '180', '436', '250', '316', '446']
['256', '4', '390', '135', '391', '136', '264', '139', '15', '399', '146', '150', '419', '297', '46', '52', '53', '183', '56', '315', '317', '318', '190', '194', '464', '209', '339', '84', '226', '483', '100', '371', '374', '122', '379']
['323', '260', '132', '326', '327', '392', '458', '270', '81', '19', '279', '94', '160', '168', '232', '427', '496', '306', '243', '244', '251', '62']
['129', '386', '67', '6', '70', '393', '16', '145', '473', '31', '95', '352', '353', '354', '355', '166', '423', '359', '361', '42', '490', '304', '182', '312']
['321', '201', '205', '78', '400', '82', '87', '282', '27', '412', '288', '418', '227', '487', '170', '234', '177', '373', '377', '254']
['128', '8', '456', '202', '203', '460', '459', '462', '336', '340', '407', '29', '484', '37', '167', '299', '364', '434', '441', '314']
['193', '450', '259', '325', '329', '268', '397', '269', '77', '461', '273', '211', '341', '151', '24', '153', '215', '155', '482', '36', '169', '298', '493', '50', '185', '186']
['387', '405', '21', '281', '25', '157', '416', '295', '41', '173', '431', '432', '51', '310', '335', '208', '338', '344', '92', '221', '358', '489', '491', '494', '238', '110', '497', '498', '117', '118', '375', '380']
['320', '131', '451', '452', '262', '196', '328', '144', '85', '216', '88', '476', '286', '159', '294', '296', '181', '440', '252', '382']
['384', '324', '457', '330', '141', '275', '470', '343', '480', '161', '290', '291', '376', '293', '301', '369', '179', '248', '188', '445']
['64', '204', '13', '206', '89', '474', '284', '28', '414', '289', '486', '367', '49', '116', '309', '438', '57']
['66', '133', '271', '401', '283', '478', '35', '228', '165', '101', '492', '300', '366', '47', '378', '189', '126']
['1', '130', '261', '9', '142', '272', '17', '402', '403', '406', '287', '424', '44', '55', '319', '79', '475', '349', '495', '112', '368', '124']
['97', '363', '107', '109', '48', '83', '276', '467', '468', '249', '411', '285', '479']
['258', '20', '26', '154', '413', '45', '430', '178', '311', '184', '191', '65', '200', '73', '207', '342', '347', '96', '485', '105', '235', '111', '246', '255']
['0', '263', '266', '278', '152', '280', '32', '33', '38', '171', '305', '437', '444', '454', '455', '71', '331', '351', '229', '104', '360', '233', '114', '125', '253']
