['8', '105', '201', '269', '114', '179', '213', '277', '189', '157']
['64', '130', '99', '197', '166', '230', '234', '267', '237', '279', '52', '119', '245', '23', '188']
['133', '263', '107', '236', '76', '172', '15', '81', '242', '117', '246', '248', '92', '190', '223']
['224', '289', '226', '2', '36', '101', '198', '39', '260', '297', '74', '78', '150', '87', '251']
['129', '98', '163', '262', '104', '11', '75', '241', '178', '116', '181', '250', '253', '222', '255']
['33', '193', '227', '169', '218', '299', '206', '14', '183', '215', '60', '61', '126']
['160', '258', '132', '187', '142', '79', '303', '86', '247', '25', '123', '125', '95', '31']
['288', '4', '294', '134', '72', '296', '298', '204', '240', '177', '146', '53', '122']
['137', '266', '138', '28', '13', '80', '49', '48', '208', '212', '83', '275', '51', '59', '156']
['225', '291', '228', '200', '73', '171', '268', '144', '305', '145', '17', '85', '118', '62', '127']
['131', '100', '292', '102', '40', '41', '43', '300', '45', '44', '207', '273', '22', '219', '287']
['32', '185', '164', '249', '58', '199', '42', '141', '174', '239', '272', '278', '121', '26', '94']
['96', '34', '68', '261', '139', '271', '176', '50', '55', '88', '281', '155', '152', '24', '216']
['256', '0', '1', '136', '9', '108', '82', '30', '124', '254']
['192', '65', '229', '265', '106', '301', '302', '238', '120', '115', '21', '280', '153', '91', '284']
['257', '161', '69', '37', '38', '233', '16', '113', '149', '54', '184', '217', '27', '285', '159']
['128', '67', '165', '71', '10', '205', '110', '143', '274', '29', '148', '56', '93', '158']
['5', '135', '232', '173', '46', '111', '47', '210', '214', '90', '63']
['162', '194', '293', '295', '203', '270', '175', '304', '19', '244', '180', '252', '89', '283', '220']
['66', '259', '3', '167', '7', '103', '235', '18', '20', '84', '151', '191']
['290', '35', '196', '70', '170', '282', '12', '140', '77', '306', '147', '211', '182', '186', '221']
['97', '195', '6', '231', '264', '168', '202', '109', '112', '209', '243', '276', '57', '154', '286']
