['Annabelle', 'Kamryn', 'Summer', 'Savanna', 'Ashleigh', 'Shyanne', 'Adrianna', 'Lily', 'Erica', 'Esther']
['Melody', 'Chyna', 'Breanna', 'Alisha', 'Allyson', 'Luz', 'Alexa', 'Leslie', 'Makenzie', 'Carly']
['Jazmine', 'Julissa', 'Madisyn', 'Sadie', 'Caitlyn', 'Eleanor', 'Alicia', 'Miriam', 'Elisabeth', 'Autumn']
['Miranda', 'Angie', 'Raquel', 'Laura', 'Andrea', 'Helen', 'Kaitlin', 'Arielle', 'Sofia', 'Jenny']
['Bailee', 'Hope', 'Lydia', 'Monique', 'Kiera', 'Brittany', 'Liliana', 'Pamela', 'Litzy', 'Rebekah']
['Gisselle', 'Danielle', 'Michelle', 'Francesca', 'Ariel', 'Tiana', 'Gina', 'Marisol', 'Jaqueline', 'Daisy']
['Maddison', 'Jayda', 'Bethany', 'Courtney', 'Daniela', 'Angelina', 'Jacqueline', 'Kaylin', 'Brisa', 'Lesly']
['Georgia', 'Brooke', 'Irene', 'Kirsten', 'Madalyn', 'Kate', 'Julianne', 'Lorena', 'Britney', 'Chelsea']
['Natasha', 'Alexandria', 'Sabrina', 'Heidi', 'Ashton', 'Dominique', 'Tori', 'Allie', 'Nancy', 'Cassidy']
['Ava', 'Mallory', 'Clare', 'Naomi', 'Isabel', 'Payton', 'Alison', 'Macy', 'Cameron', 'Hanna']
['Marissa', 'Zoe', 'Briana', 'Erin', 'Natalia', 'Jasmin', 'Ashlynn', 'Lindsey', 'Mariah', 'Tatyana']
['Angela', 'Carmen', 'Layla', 'Genesis', 'Carley', 'Carissa', 'Tyler', 'Tianna', 'Skylar', 'Leilani']
['Alina', 'Heaven', 'Teresa', 'Krystal', 'Rosa', 'Tamara', 'Jazmin', 'Susan', 'Tessa', 'Mariana']
['Virginia', 'Isabelle', 'Kaitlynn', 'Kelli', 'Madelynn', 'Harley', 'Mayra', 'Cora', 'Linda', 'Angelica']
['Aileen', 'Mckayla', 'Emely', 'Tia', 'Krista', 'Ciara', 'Chelsey', 'Nina', 'Kendall', 'Jacquelyn']
['Tara', 'Casey', 'Aaliyah', 'Sonia', 'Paulina', 'Nadia', 'Charlotte', 'Sandra', 'Paola', 'Ruby']
['Amber', 'Esperanza', 'Melanie', 'Madeline', 'Zoey', 'Iris', 'Makayla', 'Destinee', 'Melissa', 'Kristin']
['Juliana', 'Lacey', 'Alana', 'Katie', 'Riley', 'Haylee', 'Cassandra', 'Sidney', 'Charity', 'Alyson']
['Adrienne', 'Camryn', 'Cassie', 'Julie', 'Melina', 'Theresa', 'Kaleigh', 'Kiara', 'Esmeralda', 'Dakota']
['Deanna', 'Cindy', 'Josie', 'Raven', 'Christine', 'Kimberly', 'Sydnee', 'Macey', 'Eva', 'Yasmin']
['Jessie', 'Brandy', 'Maya', 'Carla', 'Eliana', 'Mercedes', 'Lauryn', 'Felicia', 'Kylee', 'Elisa']
['Alejandra', 'Veronica', 'Alanna', 'Brooklyn', 'Regina', 'Cristal', 'Ella', 'Tania', 'India', 'Lizbeth']
['Ayanna', 'Peyton', 'Alissa', 'Tiara', 'Skyler', 'Tatiana', 'Kassandra', 'Kasey', 'Tamia', 'Brenda']
['Amelia', 'Gabrielle', 'Sylvia', 'Halle', 'Heather', 'Arianna', 'Emilie', 'Tatum', 'Alayna', 'Kali']
['Mya', 'Madeleine', 'Cecilia', 'Kayleigh', 'Taryn', 'Toni', 'Jayla', 'Gloria', 'Kylie', 'Renee']
['Cristina', 'Janelle', 'Yesenia', 'Jillian', 'Jocelyn', 'Alexus', 'Eliza', 'Jaclyn', 'Katelynn', 'Crystal']
['Catherine', 'Gabriela', 'Kailee', 'Madyson', 'Kathryn', 'Jordyn', 'Kendra', 'Faith', 'Patricia', 'Bianca']
['Cheyanne', 'Tierra', 'Brenna', 'Mia', 'Aubrey', 'Brandi', 'Cierra', 'Cara', 'Kyra', 'Maggie']
['April', 'Angel', 'Genevieve', 'Erika', 'Marilyn', 'Molly', 'Karina', 'Barbara', 'Kira', 'Tiffany']
['Deja', 'Gianna', 'Vivian', 'Desiree', 'Felicity', 'Tyra', 'Amari', 'Addison', 'Ellen', 'Monica']
['Joanna', 'Margaret', 'Noelle', 'Shannon', 'Shayla', 'Kristina', 'Breana', 'Vanessa', 'Kennedy', 'Katrina']
['Kailey', 'Bridget', 'Annie', 'Jane', 'Jada', 'Sierra', 'Carolyn', 'Regan', 'Leah', 'Caitlin']
['Athena', 'Fatima', 'Gracie', 'Anastasia', 'Dana', 'Lexi', 'Ashlee', 'Jamie', 'Annika', 'Zaria']
['Nichole', 'Jayden', 'Priscilla', 'Jade', 'Evelyn', 'Madelyn', 'Adriana', 'Kara', 'Selena', 'Karla']
['Ashlyn', 'Baylee', 'Carlie', 'Elise', 'Tabitha', 'Rylee', 'Amaya', 'Paige', 'Gillian', 'Bryanna']
['Kaila', 'Kelly', 'Serena', 'Hunter', 'Jordan', 'Marie', 'Janae', 'Michaela', 'Alaina', 'Clara']
['Precious', 'Claire', 'Kelsie', 'Kelsey', 'Kiersten', 'Shania', 'Colleen', 'Aurora', 'Christina', 'Ann']
['Guadalupe', 'Martha', 'Elaina', 'Sara', 'Jenna', 'Meghan', 'Ana', 'Diana', 'Eden', 'Chasity']
['Mary', 'Giselle', 'Talia', 'Paris', 'Tayler', 'Clarissa', 'Joy', 'Sage', 'Trinity', 'Fiona']
['Whitney', 'Kassidy', 'Phoebe', 'Caroline', 'Gabriella', 'Lucy', 'Rhiannon', 'Perla', 'Ellie', 'Anahi']
['Kristen', 'Larissa', 'Nia', 'Audrey', 'Haleigh', 'Kierra', 'Rachael', 'Cynthia', 'Amy', 'Mikayla']
['Deborah', 'Camille', 'Malia', 'Nora', 'Asia', 'Holly', 'Valerie', 'Hallie', 'Rose', 'Ariana']
['Angelique', 'Kiana', 'Julianna', 'Sasha', 'Logan', 'Josephine', 'Callie', 'Yasmine', 'Mckenzie', 'Alma']
['Marisa', 'Imani', 'Avery', 'Makenna', 'Claudia', 'Cheyenne', 'Shelby', 'Kaylee', 'Kaley', 'Abby']
['Serenity', 'Lesley', 'Katelyn', 'Carrie', 'Kaylie', 'Denise', 'Elena', 'Kyla', 'Kathleen', 'Devin']
['Karissa', 'Brittney', 'Hayley', 'Ruth', 'Justine', 'Janet', 'Mikaela', 'Lillian', 'Katlyn', 'Carolina']
['Johanna', 'Karen', 'Skye', 'Hailee', 'Meagan', 'Brooklynn', 'Lisa', 'Anne', 'Miracle', 'Emilee']
['Lindsay', 'Eve', 'Mckenna', 'Piper', 'Valeria', 'Jaden', 'Sophie', 'Ivy', 'Kiley', 'Bailey']
['Celeste', 'Alondra', 'Kenya', 'Wendy', 'Reagan', 'Aliyah', 'Marlene', 'Sharon', 'Viviana', 'Meredith']
['Delaney', 'Lilly', 'Marina', 'Diamond', 'Alexia', 'Alice', 'Macie', 'Abbey', 'Lucia', 'Daniella']
