['194', '323', '132', '262', '391', '8', '198', '199', '328', '200', '141', '333', '334', '146', '340', '21', '280', '93', '352', '290', '376', '41', '370', '244', '246', '312', '315', '188', '63']
['128', '66', '68', '70', '73', '397', '142', '206', '207', '208', '276', '341', '217', '57', '96', '40', '298', '172', '238', '303', '48', '378', '51', '115', '371', '372', '185', '186', '318', '127']
['256', '133', '265', '278', '23', '22', '216', '155', '160', '356', '358', '233', '234', '235', '45', '366', '309', '310', '118', '56', '252']
['0', '257', '326', '329', '394', '204', '399', '24', '153', '285', '221', '350', '295', '359', '232', '43', '107', '304', '50', '311', '121', '59', '126']
['64', '65', '195', '361', '299', '140', '301', '300', '365', '75', '183', '313', '90', '189', '254']
['192', '129', '322', '264', '268', '19', '342', '29', '97', '35', '163', '164', '165', '239', '307', '180', '116', '117', '375', '250', '123', '124']
['131', '330', '203', '13', '205', '17', '18', '34', '38', '42', '111', '47', '177', '240', '241', '60']
['1', '2', '193', '6', '71', '72', '269', '16', '210', '211', '150', '215', '88', '87', '26', '27', '31', '288', '33', '291', '99', '360', '297', '175', '112', '113', '54', '249']
['3', '69', '135', '263', '202', '76', '77', '156', '349', '158', '159', '32', '100', '105', '106', '178', '52', '190']
['355', '388', '168', '11', '332', '396', '302', '174', '336', '331', '179', '317', '94']
['259', '5', '230', '9', '74', '137', '398', '271', '272', '273', '308', '149', '157', '253', '191']
['384', '320', '386', '321', '327', '393', '14', '339', '277', '86', '152', '28', '284', '362', '173', '368', '49', '181', '251', '383']
['385', '387', '201', '236', '44', '237', '15', '338', '255']
['258', '395', '275', '344', '25', '282', '220', '184', '169', '363', '108', '109', '110', '247', '120', '187']
['390', '136', '335', '80', '281', '283', '348', '36', '37', '58', '228', '122', '170', '171', '243', '373', '374', '314', '382']
['4', '389', '196', '7', '197', '143', '144', '209', '82', '20', '279', '30', '286', '287', '223', '351', '227', '357', '102', '364', '176', '369', '114', '53', '316']
['10', '267', '270', '145', '151', '154', '289', '161', '162', '292', '293', '166', '296', '305', '55', '319', '79', '346', '218', '347', '219', '98', '104', '242', '377', '379', '125']
['224', '67', '325', '294', '103', '138', '266', '78', '81', '147', '84', '245', '182', '119', '380', '89', '92', '95']
['225', '226', '354', '353', '101', '261', '167', '46', '274', '83', '148', '306', '381', '248', '62', '91', '61', '222']
['130', '324', '260', '229', '231', '392', '134', '39', '139', '12', '367', '337', '212', '213', '214', '85', '345', '343']
