['337', '250', '100', '89', '298', '252', '253']
['368', '351', '343', '348', '239']
['35', '67', '147', '196']
['360', '137', '290', '175']
['150']
['113', '132', '165', '198', '107', '301', '207']
['281', '364']
['53', '248', '204', '142', '303']
['112', '185', '80', '93']
['116', '118', '90', '190', '238']
['177', '339', '52', '105', '397']
['304', '97', '193', '385', '71', '378']
['293', '78']
['96', '258', '210', '379', '141']
['176', '365', '75', '117']
['313', '271', '79']
['273', '275', '215', '328', '330']
['257', '11', '7']
['321']
['154', '102']
['180', '358', '390', '41', '269', '399']
['161', '162', '163', '103', '295', '350']
['91', '133', '23']
['354', '29', '264', '170', '12', '13']
['120', '121', '291']
['63', '211', '285', '157', '159']
['240', '179', '218', '139', '77', '206', '270']
['1', '186', '372', '284']
['153', '203', '398', '299']
['128', '130', '125', '384']
['288', '305', '64', '192']
['342', '70', '263']
['88', '393', '27']
['272', '42', '341']
['145', '194', '131', '164', '166']
['168', '151']
['18', '227', '167', '234', '171']
['355']
['260', '311', '297', '59', '28', '31']
['94']
['242', '195', '308', '216', '363', '316', '317']
['369', '356', '4', '73', '346']
['386', '197']
['296', '312', '383']
['57', '261', '244', '373']
['326', '347', '172', '205', '287']
['396', '331', '44', '209']
['16', '219', '388']
['226', '371', '214', '300', '127']
['129', '229', '231']
['83', '246', '87', '249', '108', '76']
['148', '86']
['324', '217', '332', '62', '286']
['191', '146', '5', '202', '109', '111']
['224', '43', '36']
['48', '50', '20']
['208', '0', '366', '30']
['352', '353']
['336']
['334', '262']
['382', '294', '72', '74', '237', '302']
['160', '306', '68', '85', '309', '235']
['344', '182', '392', '345', '95']
['307', '340', '104', '8', '25']
['32', '40', '380']
['212', '318', '14']
['99', '119', '152', '314', '123', '220', '46']
['136', '61']
['325', '6']
['233', '282', '236', '92']
['38', '39']
['225', '10', '357', '135']
['2', '259', '3', '243', '310', '376', '255']
['65', '377', '181', '15']
['374', '387', '277', '158']
['320', '323', '45']
['230', '183']
['338', '359', '21', '319']
['33', '394', '115', '114']
['98', '391']
['24', '370']
['156', '110', '367']
['66', '327', '26', '188', '173', '174', '47']
['268', '37']
['49', '19', '69', '22', '361', '333']
['81', '389', '265', '122', '267', '189', '9']
['34', '274']
['144', '51', '149', '55']
['241', '395', '124', '254']
['381', '228', '245', '247', '58', '221', '223']
['322', '292', '126']
['280', '82', '213', '232', '266', '283']
['178', '276', '375', '60', '222']
['138', '143']
['335']
['200', '256', '201', '199']
['56', '329', '17']
['289', '101', '134', '169', '140', '54', '155']
['362', '315', '278', '279']
['106', '187', '84', '184', '251', '349']
