['260', '8', '13', '270', '271', '272', '273', '461', '465', '276', '468', '86', '87', '217', '348', '29', '223', '482', '483', '425', '361', '174', '367', '178', '181', '117', '439', '59', '60', '445']
['193', '68', '196', '71', '11', '203', '205', '148', '216', '222', '415', '160', '94', '418', '172', '108', '109', '239', '373', '183', '186', '447']
['65', '258', '131', '324', '201', '457', '139', '463', '403', '470', '343', '153', '25', '412', '158', '164', '100', '358', '40', '424', '105', '362', '173', '493', '175', '433', '437', '55', '381', '190']
['385', '392', '264', '459', '77', '142', '143', '80', '338', '339', '342', '472', '32', '227', '295', '487', '297', '170', '104', '44', '488', '368', '306', '115', '180', '245', '54', '375', '376', '380']
['192', '67', '133', '454', '393', '137', '266', '79', '208', '335', '278', '407', '280', '281', '411', '27', '33', '296', '490', '427', '429', '495', '432']
['128', '320', '386', '322', '453', '328', '394', '74', '398', '207', '337', '340', '84', '213', '474', '476', '30', '31', '478', '291', '421', '229', '41', '42', '298', '240', '113', '442', '444', '253']
['449', '261', '75', '397', '78', '334', '18', '404', '89', '346', '347', '218', '219', '349', '479', '288', '352', '101', '166', '168', '171', '491', '494', '434', '179', '443', '318']
['451', '388', '390', '326', '405', '150', '214', '92', '477', '95', '416', '224', '162', '353', '37', '360', '169', '46', '370', '114', '182', '185', '254', '255']
['256', '4', '399', '402', '408', '344', '282', '93', '287', '420', '235', '428', '176', '50', '242', '243', '309', '251']
['129', '194', '6', '206', '15', '83', '279', '23', '410', '156', '220', '351', '225', '99', '36', '356', '357', '230', '486', '430', '302', '47', '244', '120', '313', '379']
['448', '130', '3', '9', '329', '267', '12', '396', '466', '212', '22', '24', '473', '39', '167', '359', '103', '299', '231', '374', '248', '249']
['382', '456', '146', '467', '345', '154', '26', '475', '34', '294', '102', '106', '236', '364', '310', '314', '123', '124', '62', '319']
['2', '323', '200', '10', '145', '275', '211', '21', '90', '283', '38', '45', '305', '51', '308', '441', '58']
['64', '450', '195', '389', '134', '391', '73', '204', '76', '14', '20', '285', '414', '161', '226', '35', '485', '233', '111', '496', '49', '369', '307', '435', '52', '112', '116', '312', '127']
['384', '257', '321', '387', '452', '198', '135', '331', '268', '460', '464', '209', '210', '85', '152', '355', '292', '492', '301', '431', '48', '497', '438', '118', '252', '189']
['1', '259', '197', '7', '72', '265', '138', '336', '469', '409', '157', '286', '350', '96', '481', '97', '228', '422', '43', '110', '303', '241', '188', '119', '57', '316', '317', '126']
['136', '400', '401', '17', '277', '406', '289', '417', '419', '440', '184', '455', '330', '332', '462', '82', '98', '484', '498', '372', '247', '383']
['262', '395', '141', '16', '144', '19', '149', '413', '163', '423', '304', '311', '446', '199', '327', '202', '333', '215', '221', '232', '238', '499', '125']
['0', '5', '269', '151', '159', '165', '426', '300', '436', '56', '187', '315', '66', '325', '70', '69', '458', '81', '471', '88', '91', '480', '354', '107', '363', '237', '365', '371', '121', '250']
['132', '263', '140', '274', '147', '155', '28', '284', '290', '293', '177', '53', '61', '63', '191', '341', '489', '234', '378', '366', '246', '377', '122']
