['2', '4', '452', '326', '9', '73', '13', '21', '219', '478', '94', '97', '356', '103', '104', '106', '239', '379']
['129', '131', '10', '267', '141', '274', '210', '27', '220', '477', '160', '161', '292', '51', '122', '251', '252', '381']
['192', '3', '398', '81', '408', '31', '481', '121', '100', '294', '425', '430', '495', '433', '434', '49', '184', '377', '189', '447']
['0', '385', '130', '65', '394', '272', '339', '467', '277', '471', '90', '36', '293', '491', '428', '172', '176', '497', '370', '371']
['1', '453', '201', '268', '332', '145', '338', '213', '92', '353', '163', '227', '358', '302', '47', '304', '243', '375']
['194', '68', '134', '422', '392', '202', '12', '77', '334', '79', '240', '407', '185', '282']
['64', '387', '138', '205', '275', '404', '405', '285', '222', '167', '44', '429', '366', '111', '117', '182', '253']
['132', '198', '15', '401', '215', '88', '26', '346', '347', '351', '224', '483', '228', '232', '234', '427', '307', '376', '124', '63']
['325', '389', '330', '462', '150', '413', '229', '231', '169', '363', '368', '373', '120', '123', '316', '383']
['259', '5', '261', '197', '199', '393', '328', '456', '207', '342', '24', '350', '225', '420', '108', '114', '498', '372', '55', '444']
['421', '230', '41', '395', '492', '461', '314', '303', '474', '23', '89', '58', '221', '382', '159']
['6', '200', '203', '271', '281', '412', '415', '33', '290', '484', '359', '489', '426', '46', '60', '319']
['69', '454', '8', '397', '206', '399', '16', '464', '336', '19', '345', '218', '416', '166', '168', '488', '364', '301', '48', '318']
['74', '11', '266', '270', '466', '344', '223', '32', '486', '295', '43', '367', '181', '245', '247', '441']
['384', '98', '35', '450', '42', '235', '331', '396', '241', '499', '52', '214', '87', '374', '191']
['449', '451', '260', '137', '463', '335', '212', '276', '473', '410', '237', '180', '437', '62', '188', '254']
['128', '66', '72', '75', '14', '80', '83', '151', '158', '352', '417', '226', '45', '493', '244', '436', '187']
['257', '258', '71', '329', '143', '402', '146', '154', '349', '312', '165', '40', '110', '308', '53', '438', '248', '442']
['423', '135', '78', '142', '208', '337', '18', '116', '148', '152', '249', '125', '30', '57']
['193', '265', '139', '269', '209', '406', '470', '86', '411', '162', '418', '432', '309', '311', '56', '250', '380']
['280', '355', '195', '485', '362', '460', '115', '340', '84', '440', '409', '28', '25', '479']
['448', '390', '327', '7', '171', '400', '179', '310', '157']
['457', '144', '273', '341', '217', '91', '348', '29', '96', '482', '37', '38', '296', '297', '361', '174', '112', '126', '190', '255']
['70', '136', '469', '22', '279', '216', '156', '95', '288', '99', '105', '299', '305', '178', '113', '242', '119', '186', '59', '446']
['320', '289', '323', '101', '357', '487', '490', '459', '369', '147', '439', '155']
['196', '39', '264', '391', '360', '76', '238', '496', '177', '93', '343', '183', '61', '286']
['262', '455', '204', '236', '365', '175', '82', '468', '54', '118', '313']
['256', '263', '17', '149', '284', '287', '34', '419', '291', '170', '431', '306', '435', '315', '67', '324', '458', '102', '378', '127']
['386', '388', '133', '140', '403', '20', '153', '283', '164', '443', '317', '445', '322', '333', '472', '475', '480', '354', '107', '246']
['321', '424', '233', '298', '300', '109', '494', '173', '465', '50', '211', '85', '278', '476', '414']
