['439', '483', '300', '71', '441', '154', '44']
['404', '423']
['321', '323', '37', '389', '172', '428', '207', '283', '19', '339', '187']
['369', '418', '194', '260', '421', '447', '399']
['161']
['387', '115', '149', '246', '8']
['48', '289', '482', '294', '204']
['94', '434', '459', '14']
['496', '209', '99', '67', '475']
['377', '159']
['472', '456']
['212']
['175', '34', '293', '454', '424', '104', '79']
['135', '249', '330', '11', '219']
['2', '73', '10', '176', '148', '372', '469', '471', '182', '276', '218']
['205', '325']
['236', '269', '343']
['25', '395', '174', '7']
['191', '446', '170', '491', '468', '406', '443', '190', '415']
['259', '360', '425', '427', '273', '18', '179', '21', '313', '285']
['24']
['42']
['345', '394', '267', '49', '305', '180', '245', '309', '87', '344', '57', '287']
['193', '450', '6', '108', '334', '213', '54', '214', '277', '250', '124', '413']
['352', '354', '485', '165', '453', '264', '141', '111', '146', '55']
['130', '490', '284']
['411']
['432']
['81', '118']
['0', '177', '419', '186', '28']
['444', '61', '342']
['355', '4', '420', '391', '327', '9', '173', '430', '82', '275', '86', '153']
['132', '69', '100', '455', '396', '77', '241', '499', '407', '311', '62']
['400', '52']
['228', '262', '105', '139', '271', '208', '306', '217']
['349']
['41', '122']
['409', '203', '29']
['386']
['168', '429', '46']
['299', '302', '95']
['304', '497', '487', '282', '458', '331']
['64', '258', '72']
['488', '314', '123', '143']
['1', '121']
['224', '384', '451', '38', '106', '298', '47', '374', '88']
['147', '477']
['116', '493']
['438', '230']
['33', '322', '50', '70', '460', '333']
['380', '332', '189', '359']
['288', '3', '405', '184', '233', '474', '13']
['35', '486', '231', '235', '140', '301', '370', '117', '470', '216', '60']
['257', '226', '390', '199', '78', '337', '251', '220', '221']
['68', '357', '328', '457', '362', '296', '365', '494', '442', '316', '158', '223']
['16', '385', '324', '136', '92']
['155']
['397', '463']
['465', '452']
['401', '101', '56', '137', '206', '31']
['290', '53', '215', '74', '476', '76', '431']
['120', '297', '403', '436']
['484', '5', '85', '157', '247', '410', '125', '351']
['417', '113', '227', '376', '378', '366']
['163', '188', '295', '479']
['185']
['248', '210']
['498', '84', '341', '119', '440']
['320', '162', '356', '164', '202', '398', '142', '336', '126', '414']
['252', '263']
['225', '261', '383', '265', '303', '402', '371', '178', '281', '379', '317', '350', '127']
['256', '32', '197', '266', '45', '461', '145', '473', '315', '93']
['416', '98', '291', '492', '240', '466', '338', '435', '244', '183', '90', '59']
['237', '335', '279']
['80']
['66', '234', '156', '134']
['200', '358', '198', '103']
['448', '97', '51', '30', '169', '268', '110']
['152', '426', '243']
['128', '382', '102', '75', '368', '340', '373', '22', '222']
['480', '195', '166', '39', '489', '393', '361', '114', '83', '23', '20', '181', '375', '347', '381']
['478', '232', '201', '15', '112', '433', '253', '318']
['312', '58', '109', '445']
['131', '363', '422', '91', '43', '63', '255']
['160', '144', '254', '464']
['36']
['449', '437']
['151', '280', '27', '138', '107']
['272']
['270']
['171', '495']
['17', '346', '467', '229']
['408', '40', '462']
['129', '388', '329', '274', '242', '307', '26', '348', '286']
['89', '196']
['392']
['167', '12', '238', '367', '278', '319']
['96', '353', '192', '481', '65', '133', '326', '211', '150']
['412', '310']
['364', '292', '308', '239']
