['9804', '9846']
['85', '214', '182']
['9975', '9798', '187']
['29', '9947', '9918']
['9864']
['9808', '9775', '9834']
['58', '186', '46', '40']
['173', '9843', '9981', '179']
['194']
['65', '168', '9751', '188', '9852', '30', '32']
['245']
['217', '191', '9797']
['240']
['9991', '9972', '9796', '102', '9850']
['9945', '39', '9758', '9757']
['97', '4', '22', '158', '111']
['136', '9935']
['164', '54', '3', '9937']
['98', '199']
['9840', '9839', '163', '28', '9924', '9825']
['132', '9830', '131', '9869']
['9828', '93', '147']
['204']
['142', '9770', '143']
['9780', '205', '9816']
['13', '9750']
['165', '106', '90']
['202', '150', '9953']
['9956']
['9876', '9978', '9885']
['9823']
['9912']
['221', '9958', '42']
['9946', '9938', '170', '239']
['248', '133', '9781']
['9900']
['169', '9795', '68', '108', '229', '9827']
['9868']
['144', '140']
['208', '9870', '12', '78', '9771', '174']
['9949']
['9844', '9762', '135']
['9959', '149', '9767']
['9778']
['99']
['9954', '9930', '9774']
['82', '145', '9916', '48', '9952']
['9820', '203', '9948']
['9974', '31', '9854', '155']
['130', '9801']
['224', '118']
['197', '9865', '9817']
['9768', '26', '9950', '9791', '222']
['101', '6', '9837']
['9971', '9998', '9779']
['9892', '9891', '9997', '9901']
['9763', '59', '9898', '9829']
['9966', '35', '9838', '9782']
['9832', '9831']
['70', '9906', '9777']
['112', '121', '9787', '7']
['9792', '9813', '72', '9873']
['9962', '15', '9886']
['124', '9783', '9977']
['10', '9942', '86', '9773']
['9983', '9819', '9766']
['88', '64', '9936']
['9931', '126', '9914']
['9860', '9845']
['9760', '9847', '220', '189', '246', '119', '9761']
['238', '9765']
['5', '9976']
['218', '175']
['9923', '154', '9961', '9980']
['9899', '80', '9984']
['9979', '9986', '9818']
['206', '215']
['100', '66']
['14', '9903', '44']
['128', '9902', '9941', '9932', '207']
['9897', '9857', '9917', '37', '38', '9849']
['49', '9884', '9803', '9883']
['160', '9988']
['171', '213', '167']
['192', '21', '122']
['89', '9922', '9814']
['228']
['216', '9769']
['237', '91', '247']
['104', '9764']
['81']
['9910']
['209', '9908', '201', '9905']
['9', '9835', '110', '115']
['9894', '219']
['56']
['9951', '9866', '9940']
['18', '138', '9957', '9882', '103', '9809']
['236', '159']
['137', '23', '24']
['9967', '9810']
['57', '105', '9871', '244', '16']
['9848', '123', '9996']
['9927', '141', '9815', '127']
['9955', '9999', '9863', '9862', '9939']
['9915', '83', '9973']
['180', '176', '52']
['25', '162', '9890', '223', '9944']
['200', '55', '183']
['9970']
['120']
['9880', '181', '9985']
['9842', '9878', '151', '9889']
['9879', '94', '9920']
['9824', '109', '134']
['67', '107', '9964', '9921', '9963', '9754']
['156', '53', '9836', '62', '198']
['113', '227']
['212', '9800']
['50', '8']
['9812', '9811', '60']
['232', '9776', '249']
['9987', '157']
['74']
['69', '9907', '9858']
['9786', '9785']
['9960']
['63']
['9759', '19', '250']
['193', '161', '76']
['185', '9926', '234', '9933', '9995', '9859']
['33', '146', '9826']
['75', '9925', '9989', '9789', '9893', '230']
['92', '195', '9913']
['17', '51', '210', '125', '9992']
['9799', '9841']
['96', '9856', '9911', '95', '231']
['196', '9881', '9821']
['34', '211', '9805']
['73', '129', '84', '9969', '9928']
['9794', '36', '9793']
['9982', '79', '114']
['190', '243']
['45', '9904']
['61']
['184', '9943', '27', '172', '9772', '9867', '9874']
['117', '71', '9802', '235']
['139']
['9872', '9752', '9753']
['9855']
['41', '9968']
['241', '242']
['9919', '9790', '20']
['1', '148', '47']
['9934', '9807', '9806', '9861']
['9990', '9887', '9909']
['9822', '9965', '9875', '166', '87']
['9784', '225', '9896', '116', '9929']
['9756', '9755', '2']
['77', '9851', '226', '43']
['152', '9788']
['9895', '11', '9853']
['177', '178', '9833']
['9877']
['9994', '9993']
['9888', '233', '153']
