['266', '255', '140', '303', '338', '54', '119', '249', '5', '152', '278', '106', '240', '343', '185', '166', '136', '29', '189']
['50', '271', '7', '2', '302', '162', '4', '83', '327', '198', '80', '133', '205', '281', '59', '113', '138', '0', '390', '395', '191', '69', '299']
['227', '364', '298', '143', '30', '180', '353', '78', '306', '41', '367', '155', '354', '387', '366', '89', '323', '371', '172', '70', '267', '224', '273', '375']
['392', '345', '100', '48', '316', '309', '22', '121', '365', '146', '384', '381', '38', '378', '321', '93', '169', '292', '357', '72', '296', '84', '175', '35']
['219', '380', '265', '342', '63', '97', '74', '116', '220', '285', '295', '134', '199', '383', '193', '286', '313', '379', '3']
['373', '178', '163', '243', '358', '237', '259']
['36', '45', '141', '158', '262', '148', '79', '67', '341', '320', '200', '176', '51', '68', '287', '291', '85', '66', '248', '344']
['347', '25', '326', '104', '330', '118', '71', '372', '184', '187', '334', '181', '274', '34', '20', '151', '257', '102', '53', '160', '188', '21', '107']
['127', '144', '186', '98', '213', '305', '351', '225', '197', '206', '368', '37', '233', '322', '168', '52', '1', '117', '340', '399', '132', '157', '14']
['214', '108', '179', '360', '324', '171', '234', '216', '149', '18', '376', '363', '75', '192', '272', '238', '288', '111', '94', '27', '396', '90', '236']
['212', '317', '282', '393', '312', '241', '76', '183', '228', '77', '332', '359', '44', '142', '43', '173', '245', '276']
['389', '252', '62', '211', '398', '361', '356', '15', '253', '16', '42', '159', '137', '251', '304', '223', '333', '96', '103', '92', '73', '57']
['128', '201', '222', '8', '95', '60', '154', '87', '11', '13', '268', '226', '308', '349', '311', '280', '91', '246', '12', '6', '239', '153', '209', '221']
['17', '370', '196', '126', '101', '290', '336', '232', '9', '114', '105', '19', '397', '394', '319', '135', '264', '23', '314', '161', '355', '123']
['182', '112', '207', '331', '204', '275', '31', '217', '377', '293']
['362', '325', '210', '382', '270', '300', '33', '385', '337', '318', '258', '47', '88', '235', '156', '346', '261', '350', '177', '260', '130', '386', '147']
['391', '174', '167', '263', '202', '348', '32', '49', '256', '294', '244', '203', '99', '81', '139', '115', '164', '65', '129', '125', '86', '230']
['352', '307', '388', '374', '208', '56', '40', '277', '315', '231', '328', '190', '64', '194', '150', '254', '122']
['131', '289', '46', '279', '335', '310', '339', '242', '39', '28', '26', '229', '195', '110', '269', '165', '215']
['145', '10', '284', '369', '124', '283', '24', '297', '82', '329', '58', '61', '55', '218', '301', '109', '170', '250', '247', '120']
