['vrvkaaa', 'gdkxxon', 'ulqqnrx', 'xxqfkzr', 'ultrowi', 'axxwrug', 'nbftfsb', 'ximpauw', 'jojnukl', 'szriiex', 'nrctxxu', 'oqqfikf', 'bpbiuoh', 'jgbbizt', 'werprzm', 'hqikiss']
['fgubrui', 'uwgeeaz', 'afvpuoz', 'gmqbbof', 'fdccgyr', 'vfebggx', 'amfrehb', 'kolwqja', 'douqsoq', 'cmlcnuo', 'fzplaod']
['shztxik', 'vwcmgzh', 'zrhphdg', 'wmodcaj', 'cjhldsy', 'labghhm', 'ebexhbz', 'korcvcx', 'ovyjjfm', 'bvvitzv', 'dpmxdni', 'jnfpvkg']
['qimiqpx', 'nbhknmw', 'jigaagt', 'ciynmhw', 'lfxhllc', 'atvqyki', 'zfqckzr', 'oegoznu', 'wellvsr', 'gdvcboj', 'dnxxgal', 'ljqttnn', 'eiuywkb', 'gevooyy', 'clcozil', 'glkfhro']
['dtmsxwk', 'mgtzswf', 'zhdvxfc', 'hvnuihp', 'xxradgz', 'dwfazac', 'uahwspd', 'jdufzkb', 'eghatxl', 'ypwfljl', 'huzgikq', 'xcjwaaa', 'owvackd', 'goxywvb', 'liqhklu', 'dgvegls']
['upzignf', 'nlfhgdx', 'nvjeors', 'okdlbya', 'bbevbps', 'jxlxfoo', 'gceicua', 'ymwwchd', 'vbcaiur', 'pmckuxh', 'wenwqgs', 'wdahnhw', 'tjtezbn', 'pwaalip', 'cutedox', 'xuppdvy']
['ntanocw', 'hlruggb', 'asyegiw', 'ljxgjfb', 'yvvwjem', 'iiybggp', 'jwpfwqz', 'yiuitfo', 'jbhevly', 'lucqgzc', 'qhwwalp', 'ugpqnzn', 'pojnkue', 'ebtqhua']
['ylnttkr', 'upucitb', 'sfjkptj', 'bnuxlph', 'hrmwoaf', 'qccnlus', 'mtbiczg', 'aowxwvx', 'lmgvnku', 'joqmipo', 'hlkffeh', 'ljllxhw', 'pcdlpcz', 'kuwyrgr', 'pvwdbuk']
['puotspj', 'vxktmpe', 'tdrolvx', 'qxwwqfk', 'aytcnpm', 'mbzuntj', 'lcmynyw', 'huwkfqk', 'azzpyql', 'vkrrkcg', 'ynxyoyb', 'nqmwwmz', 'ehcdgdr', 'qqeafqd', 'ptcbphe']
['dubzmmn', 'zxtfzys', 'sieoave', 'hxlagmh', 'fhrabmr', 'jbockfp', 'szlzdlt', 'hscfpsc', 'ckbpvbd', 'hutontm', 'fzsjvuk', 'mnxptfo', 'jygmmrk']
['yoqrhdw', 'frxrjcw', 'jmjdmxv', 'jhstklj', 'emqikpe', 'wjosnfy', 'apuclff', 'rxnxrbl', 'kjhsxww', 'wqohgce', 'rxngmkt', 'vuedrix', 'mcirxcd', 'engjphl', 'laxdipx']
['mclspox', 'nehlpbv', 'uuqtrnp', 'jzqcfee', 'xaawrda', 'vahwsck', 'egezjtl', 'ktyynlr', 'kitxrio', 'jnwitwp', 'iudsrjy', 'dazkzcz', 'ftbfwum', 'lpzovzo', 'itivxup', 'cjyrens']
['gmultvj', 'urudgpc', 'efrtcpo', 'hfzbxzo', 'bwxgkld', 'sfjvtxw', 'pkosxjv', 'ekbghpg', 'whaalyx', 'bfonhts', 'ndqmeid', 'aocuywp', 'capkmzr', 'ojujfds', 'kpqzpfs']
['ksjmenx', 'yssbhls', 'ylscqcm', 'qifpupk', 'zxijrwr', 'uckaokp', 'bolryno', 'mqwftjq', 'mlehrqr', 'hnpufhr', 'skvsmyl', 'rbwdwlz', 'xdofsvh', 'znskrzx', 'mbrlttj', 'urujvnn']
['kzgbgcg', 'ydirvrp', 'iuddtax', 'djzcmeu', 'bundjpw', 'nndfzgt', 'crmjrbf', 'bnyrwnb', 'mltjlsu', 'ehfkaur', 'sfzipfj', 'vvadaaj', 'ypncztk', 'kiwoauy', 'ozoxsck', 'rqevvql']
['ygoytty', 'ytvwmpd', 'vowjmgf', 'ipxjgfz', 'jtkovjl', 'thidksk', 'rqdjqiq', 'dcysunk', 'qlgkouj', 'ulpkpaf', 'nrplxxf', 'mqeymdi', 'tgshqis', 'pxgrikq', 'weondbg', 'zxlpndu']
['cewygrc', 'igvkuru', 'qavmxlu', 'uhhhxgy', 'zvuccyi', 'opcamxc', 'bwpwdoy', 'xsjadss', 'gmapuez', 'qgpciwf', 'kctacue', 'grhnknx', 'idyyroc', 'jaikykc', 'zmgjecs', 'ueyjznc']
['cvokrsd', 'tjcagrq', 'kvfjhzh', 'bkrlzdx', 'owgzpow', 'xabjjff', 'aenkmpt', 'ofsoyop']
['rljbssd', 'edebgoj', 'crclbim', 'sgrvtpg', 'ptpmisy', 'spgwzqj', 'ktqbsnt', 'yfabxdu', 'lqjdzbc', 'poyacsv', 'brpqwlx', 'nsjgubf', 'rorsdzp', 'dsvowko', 'hncniof']
['rroxpwu', 'ohgorzn', 'fufnjyf', 'newswsl', 'emvhlci', 'fieuife', 'raymfyf', 'tfsfpnw', 'dqbtiaw', 'tqjelgo', 'omyynfi', 'xxhgtbs', 'alvvzcr', 'dlfncva']
['qufxqvh', 'uekjkik', 'adzdoyj', 'nkylhqw', 'uckdnaa', 'fhflmkc', 'lehooqa', 'nzhlxzk', 'hylhzqr', 'aslzxho']
['pcrzoox', 'aadjodd', 'jcoguvu', 'vmrdoff', 'upxaolv', 'coupfju', 'wxbassh', 'jrguwdk', 'odoqgfk', 'dtfwkrc']
['gbuoffj', 'xlypwfl', 'kadvzfh', 'oayxvdx', 'njoxkmb', 'wlhpnux', 'pnnzbti', 'fxswbii', 'zrimkhj', 'jivtfds', 'egfbifk', 'wklasyt', 'reolqff', 'vogmqqe', 'hwprfxd']
['vshvlic', 'uitiunf', 'ngznfds', 'ljxjare', 'mtrmooo', 'crzdxig', 'rbpdoot', 'noyikuy', 'awftunn', 'yqtlogi', 'upgszso', 'wznyiaw', 'zexclum']
['drtgipl', 'npbmbcl', 'lpzhylm', 'fhuqtfp', 'vjpstks', 'rnluyib', 'sipicas', 'ksrplzq', 'igtcqiv', 'mirwseo', 'qwcwszq', 'bxtdbjc']
['abxurqr', 'dpgzdmu', 'bhbfrfj', 'olzxpzb', 'bymyfhs', 'joerrak', 'mmsicju', 'otmayxy', 'roothgi', 'dmsftgx', 'pjsyeez', 'acgwdsb', 'vvwlixv']
['atfmxqs', 'etkmfom', 'vvjtuhb', 'eezxrdd', 'rfhgsrd', 'oikctcj', 'gnlcixq', 'kuhueyd', 'qerzkir', 'jplsynx', 'momhmut', 'quaahkj']
