['96', '36', '6', '7', '264', '40', '72', '167', '179', '22', '88']
['0', '67', '71', '201', '106', '14', '270', '240', '116', '181', '212', '254']
['295', '104', '140', '205', '110', '49', '87', '94']
['289', '258', '260', '18', '147', '19', '52', '86', '245', '280', '210', '126']
['32', '85', '119', '200', '127', '190', '175']
['259', '261', '294', '138', '209', '242', '185', '90', '59']
['193', '163', '255', '70', '43', '204', '13', '173', '80', '48', '157', '223']
['194', '53', '154', '283', '286']
['198', '122', '202', '47', '208', '143', '182', '152', '58', '284']
['229', '38', '136', '232', '76', '46', '79', '144', '16', '213', '246', '279', '249', '93']
['65', '34', '292', '44', '142', '239', '115', '244', '149', '125']
['128', '89', '8', '73', '10', '186', '109', '78', '25', '282', '222', '158']
['1', '2', '299', '180', '151', '281', '247', '188', '62']
['291', '170', '236', '237', '111', '176', '83', '121']
['160', '225', '35', '3', '5', '68', '263', '74', '269', '243', '275', '150', '183']
['66', '132', '196', '105', '15', '29', '51', '215', '253', '31']
['276', '133', '168', '155', '174']
['248', '103', '296', '108', '207', '113', '177', '145', '252', '23', '120', '26', '27', '124']
['130', '4', '166', '234', '235', '75', '28', '274', '184', '217', '156', '221']
['288', '33', '287', '137', '45', '114', '211', '84', '60', '95', '159']
['98', '195', '164', '135', '266', '77', '206', '117', '54', '24', '285', '219', '189', '191']
['290', '227', '197', '39', '267', '171', '273', '21', '218']
['161', '162', '228', '262', '199', '169', '12', '112', '50', '250']
['129', '131', '293', '214', '123', '153', '11']
['101', '230', '91', '203', '172', '241', '17', '82', '251', '220']
['20', '165', '102', '41', '61', '271']
['64', '97', '69', '37', '265', '42', '268', '141', '81', '55', '56', '57', '187', '30']
['192', '99', '231', '9', '297', '139', '277', '118', '278']
['256', '224', '226', '134', '233', '272', '178', '216', '92', '63']
['257', '100', '298', '107', '238', '146', '148']
