['QREJV', 'Y', 'VHUHI', 'N', 'EP', 'ZTK', 'WTGA', 'PBRPX', 'CRAQYE', 'EWAZF', 'KW', 'CVSPP', 'BAVHR', 'UK', 'UVUBDR', 'BHT', 'IWP', 'ARYSPZ', 'NAIN', 'KBV']
['WWF', 'WAXWZU', 'NDLUNW', 'YOGJ', 'HO', 'V', 'JUXOIJ', 'BJ', 'POL', 'HDJL', 'OTXCZH', 'UU', 'RUC', 'LW', 'XU', 'ERR', 'VWK', 'KPXJFJ']
['SGY', 'WFWU', 'AW', 'KFYTH', 'QYC', 'UXBDM', 'COYVMU', 'XT', 'JCEYOL', 'ZYFXQ', 'TAN', 'QBB', 'TZTCA', 'OYDEJ', 'DJS', 'Z', 'NBJL', 'CN']
['SBM', 'TRXUD', 'UXXBYF', 'BSAEQ', 'MLDT', 'MOOKF', 'AEV', 'C', 'HGT', 'XLWRB', 'UJ', 'XVU', 'TCBKQ', 'MYN', 'ZHDBW', 'XFGUIZ']
['ZULMQ', 'M', 'MWKWWN', 'NDF', 'FVMBV', 'EHXPLS', 'U', 'NTMT', 'FP', 'TSSNJ', 'QNN', 'NP', 'ZIIN', 'EVTLXI', 'ETBLO', 'HOQPX', 'H', 'ZVWR', 'LJSX']
['AL', 'WZ', 'CTRFIJ', 'XLVUF', 'BQIFGG', 'EYVVY', 'UBWSTW', 'MYSMZ', 'MM', 'YEBV', 'IMB', 'EYEWXP', 'BNC', 'USZM', 'DRLM', 'AY']
['WBPB', 'PJG', 'FSZNT', 'A', 'ZAP', 'EMP', 'QGUYKQ', 'KAZEK', 'HSHY', 'B', 'NGUN', 'TGDTND', 'NJAA', 'HJW', 'FAF', 'MK', 'IGSXN', 'QREJG', 'ODIF', 'PRYXX']
['AR', 'HDJIQ', 'NZDAU', 'JP', 'KLQR', 'QIZWG', 'EU', 'UI', 'ANW', 'RQRWJT', 'QDMX', 'KKFPQ', 'AQDX', 'WPRTBZ', 'MY', 'UHTMG', 'AFH']
['XS', 'GFNZL', 'JN', 'RWHILI', 'AB', 'FWRV', 'P', 'BFZ', 'MICOE', 'LTHESD', 'LZQ', 'YFFNQ', 'VYBQIM', 'HHCPMB', 'DJC']
['ET', 'LZLFY', 'ACYQN', 'VYGES', 'OL', 'WK', 'SUPLJO', 'T', 'EVDQNK']
['RWO', 'KMU', 'HLT', 'L', 'XEAARR', 'CNYXMO', 'BGB', 'IE', 'EDAKUV', 'PQ', 'HH', 'OVM', 'I', 'PE', 'BBB', 'FBW', 'FLLJ']
['OC', 'LWIA', 'GCSAZH', 'TUB', 'JCM', 'SRJZQ', 'AZGCQ', 'YXEJT', 'IYCHS', 'VL', 'ZJUCNC', 'HMURVX', 'IU']
['JBJS', 'XINMR', 'KJHR', 'ZTR', 'TOR', 'YDDS', 'WELF', 'CHR', 'DCBWSF', 'FXAQ', 'ZHCQG', 'MISGHL', 'E', 'FPPMUW', 'UBYG', 'AZN']
['FJTW', 'DBGM', 'PHS', 'YO', 'NDMQJ', 'GBSI', 'BW', 'QNKIQE', 'AH', 'ZVKC', 'TJU']
['NVLNXP', 'AJDT', 'ZW', 'MXSFK', 'FGPZAA', 'HTA', 'FCB', 'GUOYX', 'MMUK', 'NS', 'OQV', 'LNMCTV', 'CAED', 'PIGBG', 'LHILT', 'KFBC', 'YQ', 'QROYGT']
['UIUBC', 'O', 'RZU', 'MRT', 'ICLIT', 'SHT', 'DEXTSN', 'NMU', 'NO', 'DQQ', 'GDFI', 'BX', 'TXNP', 'CCIYM', 'JNJNE']
['TQWWLG', 'J', 'OHZYQ', 'OEJ', 'LQ', 'TXCK', 'QKT', 'CMB', 'MV', 'JMYQEA', 'WCZSB', 'OIA', 'W', 'RKCPEP', 'ETSAG']
['LY', 'SK', 'EJOR', 'TN', 'QE', 'TB', 'YK', 'ZDYFZU', 'EM', 'KRXDGO', 'JSMAHJ', 'GI', 'MPYJWG', 'X', 'SU', 'ZQAULZ']
['OFIPP', 'THMU', 'SY', 'VOLULU', 'OYJLB', 'ORJB', 'D', 'G', 'VCFLXV', 'DLJMZC', 'YII', 'FAL', 'TGKUE', 'TTV', 'TYQL']
['JJ', 'BHKK', 'KCQRDN', 'CFG', 'RM', 'GDGZN', 'JL', 'SEWIVO', 'DVVKX', 'UEKXJH', 'NDZ', 'BPZAJ', 'WVHKC', 'S', 'DFGWZZ', 'HPXSSF']
