['256', '6', '70', '78', '14', '273', '81', '275', '152', '281', '219', '92', '37', '235', '121', '122']
['64', '2', '194', '261', '74', '204', '143', '144', '16', '148', '28', '284', '158', '31', '288', '225', '291', '230', '42', '108', '238', '176', '183', '126', '62']
['35', '68', '5', '75', '140', '271', '272', '177', '239', '180', '181', '247', '184', '217', '216']
['227', '243', '244', '248', '56', '44', '111']
['0', '129', '197', '262', '71', '141', '270', '208', '213', '277', '153', '282', '91', '30', '223', '112', '245']
['224', '296', '265', '73', '171', '72', '174', '79', '50', '151', '185', '283', '188', '222']
['228', '38', '103', '136', '172', '109', '114', '61', '253', '94', '287']
['259', '135', '138', '269', '142', '240', '249', '58']
['96', '236', '45', '46', '47', '19', '280', '90', '252', '254']
['160', '130', '132', '164', '220']
['32', '161', '260', '293', '179', '52', '26', '251']
['131', '195', '196', '198', '200', '77', '205', '15', '210', '22', '278', '36', '295', '105', '170', '299', '298', '178', '51', '123']
['192', '67', '133', '9', '11', '13', '149', '87', '221', '286']
['294', '175', '29', '85', '117', '120', '250', '125', '255']
['86', '215', '27', '139', '159']
['128', '226', '163', '34', '7', '167', '41', '264', '49', '209', '274', '20', '63']
['66', '290', '137', '268', '12', '48', '113', '276', '150', '214', '190']
['168', '98', '104']
['193', '3', '100', '231', '8', '232', '202', '82', '147', '279', '88', '218', '187', '189', '191']
['134', '39', '206', '80', '145', '18', '119', '24', '157']
['17', '266', '25', '199']
['257', '99', '101', '106', '173', '211', '84', '53', '124']
['289', '33', '65', '4', '40', '297', '107', '43', '267', '116', '23']
['1', '292', '76', '83', '182', '89', '154', '59', '60']
['165', '246', '201', '155', '93', '57']
['162', '115', '166', '118', '203', '110']
['229', '102', '69', '169', '146', '186', '285', '95']
['97', '258', '233', '21', '54']
['10', '237', '207', '212', '156', '127']
['263', '234', '241', '242', '55']
