['AlexAbrines', 'JustinJackson']
['LeBronJames', 'JaeCrowder']
['MarqueseChriss', 'JaylenBrown']
['ChrisPaul', 'JasonTerry']
['BamAdebayo', 'FrankKaminsky']
['JeremyLamb', 'LukeKennard']
['EricBledsoe', 'JuliusRandle']
['AnthonyDavis', 'DonovanMitchell']
['AnthonyTolliver', 'RussellWestbrook']
['CristianoFelicio', 'TobiasHarris']
['JonasValanciunas', 'CoryJoseph']
['JimmyButler', 'JohnWall']
['DejounteMurray', 'AndreDrummond']
['PaulGeorge', 'JonasJerebko']
['GaryHarris', 'MasonPlumlee']
['JusufNurkic', 'DanteCunningham']
['PaulZipser', 'LauriMarkkanen']
['TonySnell', 'WesleyIwundu']
['AronBaynes', 'DraganBender']
['EkpeUdoh', 'DavisBertans']
['DwyaneWade', 'DeMarcusCousins']
['JerrydBayless', 'KyleKuzma']
['BrandonIngram', 'TyrekeEvans']
['JabariParker', 'JeffGreen']
['TaureanWallerPrince', 'BismackBiyombo']
['KarlAnthonyTowns', 'JamalCrawford']
['IshSmith', 'WilsonChandler']
['LucMbahaMoute', 'JohnHenson']
['JoshHuestis', 'DougMcDermott']
['GiannisAntetokounmpo', 'BuddyHield']
['DelonWright', 'DeMarDeRozan']
['ShaunLivingston', 'NickYoung']
['NicolasBatum', 'RichaunHolmes']
['MichaelKiddGilchrist', 'SergeIbaka']
['BrynForbes', 'PatrickMcCaw']
['StanleyJohnson', 'ThonMaker']
['GorguiDieng', 'StephenCurry']
['KentBazemore', 'TJWarren']
['BlakeGriffin', 'MilosTeodosic']
['RickyRubio', 'JarellMartin']
['RondaeHollisJefferson', 'TylerZeller']
['AmirJohnson', 'PatConnaughton']
['JarrettAllen', 'CJMcCollum']
['CoreyBrewer', 'JRSmith']
['MikeScott', 'WillBarton']
['MarcusMorris', 'AndrewHarrison']
['JoshHart', 'MichaelCarterWilliams']
['JamesEnnis', 'IsaiahTaylor']
['MikeMuscala', 'ShabazzNapier']
['WillieCauleyStein', 'JustiseWinslow']
['ClintCapela', 'AveryBradley']
['JoeIngles', 'PJTucker']
['LouWilliams', 'KevinDurant']
['RyanAnderson', 'DerrickFavors']
['JonathonSimmons', 'KellyOubre']
['TrevorAriza', 'TyusJones']
['DevinBooker', 'SamDekker']
['JamesJohnson', 'RobertCovington']
['DillonBrooks', 'MarkieffMorris']
['PauGasol', 'RodneyHood']
['MalcolmBrogdon', 'MarcusSmart']
['AlexLen', 'BrookLopez']
['FrankNtilikina', 'BradleyBeal']
['DevinHarris', 'JoshRichardson']
['KembaWalker', 'DwightHoward']
['MarcinGortat', 'TomasSatoransky']
['DavidWest', 'DeAaronFox']
['TimotheLuwawuCabarrot', 'KyleOQuinn']
['ZachCollins', 'KyleKorver']
['EricGordon', 'KrisDunn']
['MarioChalmers', 'ManuGinobili']
['JarrettJack', 'AndreIguodala']
['WayneEllington', 'JamalMurray']
['ThaddeusYoung', 'DennisSmith']
['DavidNwaba', 'DannyGreen']
['ETwaunMoore', 'BobbyPortis']
['StevenAdams', 'RoyceONeale']
['EmmanuelMudiay', 'KhrisMiddleton']
['AlFarouqAminu', 'AlHorford']
['DeAndreJordan', 'MontrezlHarrell']
['MalcolmDelaney', 'YogiFerrell']
['JoseCalderon', 'CediOsman']
['DewayneDedmon', 'GarrettTemple']
['CarisLeVert', 'SpencerDinwiddie']
['ZazaPachulia', 'MauriceHarkless']
['EvanFournier', 'RaymondFelton']
['NikolaMirotic', 'EdDavis']
['GeorgeHill', 'TylerJohnson']
['PascalSiakam', 'BenMcLemore']
['AaronGordon', 'QuincyAcy']
['LaMarcusAldridge', 'VictorOladipo']
['EnesKanter', 'JoeHarris']
['KentaviousCaldwellPope', 'TroyDaniels']
['LanceStephenson', 'PatrickPatterson']
['OGAnunoby', 'PaulMillsap']
['ReggieJackson', 'IanClark']
['JrueHoliday', 'DarioSaric']
['NemanjaBjelica', 'TristanThompson']
['BenSimmons', 'SalahMejri']
['KlayThompson', 'WesleyJohnson']
['BogdanBogdanovic', 'NeneHilario']
['RudyGay', 'GoranDragic']
['OttoPorter', 'DAngeloRussell']
['TylerUlis', 'JoshJackson']
['CarmeloAnthony', 'ElfridPayton']
['DennisSchroder', 'JohnCollins']
['JaysonTatum', 'KyrieIrving']
['FredVanVleet', 'SindariusThornwell']
['RudyGobert', 'DeMarreCarroll']
['KellyOlynyk', 'JamesHarden']
['CJMiles', 'AlJefferson']
['ShelvinMack', 'TreyLyles']
['DJAugustin', 'AndreRoberson']
['SemiOjeleye', 'TerryRozier']
['KostaKoufos', 'MichaelBeasley']
['JJBarea', 'MaxiKleber']
['EvanTurner', 'MylesTurner']
['MarvinWilliams', 'LangstonGalloway']
['CourtneyLee', 'TimHardaway']
['TJMcConnell', 'AlecBurks']
['RajonRondo', 'AustinRivers']
['AndrewWiggins', 'ZachRandolph']
['PattyMills', 'KyleAnderson']
['DenzelValentine', 'NikolaVucevic']
['SkalLabissiere', 'JeffTeague']
['JameerNelson', 'JeramiGrant']
['MarcoBelinelli', 'ErsanIlyasova']
['DamianLillard', 'DanielTheis']
['JustinHoliday', 'MalikMonk']
['MarcGasol', 'DeyontaDavis']
['DwightPowell', 'DomantasSabonis']
['BojanBogdanovic', 'JoeYoung']
['JJRedick', 'JoelEmbiid']
['IanMahinmi', 'HarrisonBarnes']
['JakobPoeltl', 'TysonChandler']
['ShabazzMuhammad', 'KyleLowry']
['ReggieBullock', 'MarioHezonja']
['JordanClarkson', 'LarryNance']
['DariusMiller', 'JaredDudley']
['JodieMeeks', 'TreveonGraham']
['HassanWhiteside', 'DionWaiters']
['KevinLove']
['RobinLopez', 'JerianGrant']
['LanceThomas', 'LonzoBall']
['GeraldGreen', 'TorreyCraig']
['TajGibson', 'DraymondGreen']
['DirkNowitzki', 'WesleyMatthews']
['NikolaJokic', 'DarrenCollison']
['KristapsPorzingis', 'AllenCrabbe']
['JaMychalGreen', 'SterlingBrown']
