['KM', 'RS', 'OU', 'LW', 'OI', 'FC', 'CI', 'BY', 'FL']
['BX', 'TB', 'EG', 'LX', 'PQ', 'HV']
['FD', 'PV', 'SH', 'EM', 'KR', 'DP']
['MB', 'SU', 'CA', 'PD']
['JR', 'IV', 'DZ', 'KC', 'SE', 'NM', 'OB', 'IJ', 'DC']
['EE', 'JU', 'CH', 'IM', 'GD', 'H', 'II']
['QD', 'OL', 'HI', 'ES', 'IN', 'IA', 'DS', 'TC', 'MS']
['SK', 'BG', 'EQ']
['EH', 'QY']
['SP', 'C', 'EL', 'NY', 'EF', 'ON', 'DN', 'NC']
['MD', 'MG', 'CR', 'BK']
['MV', 'OO', 'MC', 'OC', 'NL', 'MY', 'HS']
['BR', 'RK', 'RJ', 'LS']
['PH', 'DE', 'JF', 'JY', 'DB', 'GM']
['MJ', 'W', 'IX', 'PB', 'CK']
['FN', 'TD']
['BF', 'HQ', 'EX', 'DF', 'LG', 'IU', 'FK']
['K', 'SC', 'QF', 'KG']
['PJ', 'IS', 'PG', 'IZ']
['RD', 'HR', 'KW', 'LA']
['A', 'LB', 'CL', 'CO', 'JW']
['PX', 'R', 'QQ', 'OW', 'EJ', 'DU', 'OR', 'EA', 'NS', 'SV']
['CD', 'CX', 'RP', 'FG', 'KX', 'KY']
['IW', 'RZ', 'FO', 'L', 'BI']
['GB', 'NJ', 'QE', 'MN']
['HG', 'MA', 'BT', 'D', 'HM', 'NF', 'JL', 'JN', 'RE']
['GS', 'ER', 'KV', 'DO', 'KN']
['GI', 'QP', 'QS', 'CE']
['JX']
['PU', 'GC', 'OV', 'MX', 'MH', 'CS', 'DG']
['FS', 'KZ', 'SS', 'LL', 'FQ', 'QV', 'RQ', 'PR', 'LP', 'LK']
['Y']
['EI', 'V', 'BU', 'Q', 'RR', 'PL']
['QU', 'KI', 'ET', 'SB', 'TE', 'SJ', 'FZ', 'DD']
['KS', 'IL', 'NW', 'B', 'FF', 'JB']
['SY', 'LI']
['OP', 'ND', 'JV', 'P']
['PK', 'PI', 'OY', 'CB', 'BD', 'IR']
['EO', 'OF', 'KP', 'HN', 'GH', 'JS']
['OJ', 'SZ', 'BJ', 'GW', 'PM', 'QH', 'HA']
['GP', 'EK', 'NT', 'HH', 'N', 'IH', 'OA', 'SN', 'M', 'CY']
['BW', 'Z', 'IF', 'HU', 'KE']
['QI', 'SW', 'DQ', 'ED', 'FY', 'NI', 'FV']
['QA', 'HD', 'DI', 'RF', 'QT', 'OM']
['CJ', 'CM', 'RM', 'GN', 'OK', 'KK', 'LF', 'CV']
['RC', 'FU', 'LQ']
['QO', 'QZ', 'PZ', 'RH', 'FM']
['CT', 'DY', 'IP', 'FB', 'MQ']
['PN', 'BV', 'OH', 'NX', 'E', 'GF']
['MT', 'LY', 'NZ', 'MK']
['DT', 'KT', 'BS', 'HY', 'GG']
['BP', 'PA', 'QW', 'HL']
['KA', 'BE', 'QL', 'IY', 'I', 'BQ', 'HX', 'LR', 'DV', 'ME']
['CP', 'FE', 'KQ', 'GO']
['HP', 'QN', 'DX', 'DL']
['NV', 'DA', 'FH', 'NG', 'PF', 'TF', 'JJ', 'FR']
['NH', 'LN']
['BL', 'CU']
['JP', 'HF', 'DH', 'CQ', 'MO', 'NN', 'GX']
['RT', 'DK', 'TA', 'JC', 'EZ', 'JG']
['J', 'IC', 'DW']
['RV', 'BN', 'SD', 'JA']
['X', 'ML', 'FX', 'MW']
['IB']
['QR', 'QC', 'RL', 'JZ']
['LJ', 'OX', 'LZ']
['IO', 'GY']
['BC', 'JD', 'QX', 'KF', 'GA']
['F', 'HC', 'IQ', 'NK']
['EP', 'IE', 'GV', 'NQ']
['FP', 'QJ', 'HJ', 'S', 'QM']
['RX', 'LO', 'SF', 'JT', 'PO', 'EU']
['NO', 'GE', 'BO', 'JK', 'KJ']
['IG', 'MF', 'BA', 'EW', 'GR', 'CW']
['FW', 'OE', 'JM', 'LH', 'LD']
['GQ', 'CG', 'GU']
['OD', 'KL', 'NE']
['PW', 'NB', 'G', 'PC', 'SI', 'KD', 'LU']
['JQ', 'SM', 'RW', 'HB', 'MZ', 'BM']
['FI']
['RG', 'NA', 'NP']
['PY', 'GZ', 'MI', 'PS', 'ST']
['LM']
['RO', 'NR', 'HK', 'KH', 'EY']
['FA']
['SL', 'MU', 'HW']
['LT', 'O', 'KO', 'RB', 'BH', 'GT', 'RI']
['IT', 'OQ', 'EV', 'PP', 'OZ']
['KB', 'EB', 'JE', 'LV']
['IK', 'EC', 'U', 'HE', 'RY', 'LE', 'GK']
['FJ', 'T', 'CF', 'CN', 'QB', 'RU']
['DJ', 'SO', 'FT', 'DR', 'SG', 'PT', 'QK']
['MR', 'JH', 'SA']
['OG', 'SQ', 'QG', 'SX', 'PE']
['SR', 'CC', 'HO', 'HT', 'MP']
['KU', 'GJ', 'OT']
['OS', 'RA', 'LC', 'RN', 'JI', 'BB', 'HZ', 'NU']
['CZ', 'MM', 'EN', 'ID']
['JO']
['DM', 'GL', 'BZ']
