['Dawn']
['Stacy', 'Kristina']
['Cindy', 'Hillary', 'Justin', 'Damian', 'Carole', 'Salvatore', 'Fletcher']
['Cyndy', 'Lori', 'Jerome', 'Douglas', 'William', 'Lowell', 'Octavia']
['Rena', 'Anna', 'Bobby', 'Felipe']
['Leigh', 'Barry', 'David', 'Joyce', 'Christian', 'Cathleen', 'Shante']
['Melissa', 'Benjamin', 'Samantha', 'Sam', 'Warren']
['Lacey', 'Wade', 'Chelsea', 'Peter', 'Todd']
['Christine', 'Christiana', 'Lottie', 'Melanie']
['Timothy', 'Corinne', 'Jonathon', 'Maybell', 'Ralph']
['Matt', 'Lorena', 'Harold', 'Ericka', 'Catherine', 'Jammie', 'Donna']
['Virginia', 'Rebecca', 'Cedric', 'Stephanie', 'Johnnie', 'Antonio']
['Wilfredo']
['Delia', 'Roy', 'Mei', 'Maureen', 'Eric', 'Joan', 'Jasmine']
['Bernard', 'Noma', 'Tommie', 'Kyle', 'Johnathan', 'Julie']
['Alonzo', 'Johnny', 'Alvin', 'Monica', 'Antonietta', 'Hilton', 'Josie']
['Toni', 'Emily', 'Shirley', 'Regina', 'Larry', 'Vanessa']
['Newton', 'Edward', 'Derrick', 'Esther', 'Brett', 'Vicente', 'Cameron']
['Carmen', 'Erica', 'Lillie', 'Nancy', 'Pearl', 'Wilbur', 'Helen']
['Teresa']
['Lauren', 'Jean', 'Gene', 'Kelly', 'Mario', 'Adrian']
['Casandra']
['Ada']
['Jason', 'Weldon']
['Cleo', 'Shawna', 'Jewell', 'Richard', 'Alberta', 'Jonathan', 'Randy']
['Craig', 'Jerry']
['Ladonna']
['Brenda', 'Chris', 'Joseph']
['Mari', 'Blanche', 'Dolores', 'Rhonda', 'Isaac', 'Lexie']
['Porfirio', 'Tammy', 'Tom', 'Randall', 'Lizzie', 'Carroll', 'Debra']
['Byron', 'Brian', 'Lena', 'Barbara', 'Barbra', 'Mark', 'Gladys']
['Brandon', 'John', 'Peggy', 'Jane', 'Beatrice', 'Ruth', 'Vance']
['Victor']
['Stanley']
['Paul', 'Deandre']
['Gilbert']
['Phillip', 'Tommy', 'Eunice', 'Jayne', 'Sarah', 'Matilda']
['Trenton', 'Chester', 'Carla']
['Roberta']
['Loretta', 'Clara', 'Wanda', 'Sharon']
['Paula', 'Mary', 'Doris', 'Rachel']
['Levi', 'Ivan', 'Claudia']
['Raquel', 'Fred', 'Patrice', 'Grace', 'Latonya', 'Margaret', 'Erma']
['Gordon', 'Iris']
['Kimberly', 'Dena']
['Colin', 'Joshua', 'Christopher', 'Mona', 'Thelma', 'Merle', 'Virgie']
['Gerald', 'Carlos']
['Harry', 'Katie', 'Rory', 'Sara', 'Aron', 'Eduardo', 'Brittany']
['Joy', 'Renee']
['Steven', 'Sandra', 'Andre', 'Lucille']
['Anthony', 'Lela']
['Sheldon', 'Lydia', 'Pamela', 'Megan', 'Leola']
['Fay']
['Arthur', 'Alex', 'Bonita', 'Marybeth', 'Mae', 'Danielle']
['Jim']
['Marcus', 'Carlton', 'Bernadette', 'Julius', 'Lidia']
['Hildegard']
['Tanya', 'Sulema', 'Curtis']
['Darrin']
['Carl', 'Lorenzo', 'James', 'Dewayne', 'Martha']
['Carol', 'Dennis']
['Michelle', 'Mireya', 'Maryann', 'Tracy', 'Donald']
['Ella', 'Jessie', 'Janice', 'Crystal', 'Darryl']
['Joel', 'Olive', 'Karen', 'Hugo', 'Juan', 'Miriam', 'Amanda']
['Clyde', 'Charles']
['Oscar', 'Walter', 'Albert', 'Dwayne', 'Cynthia']
['Bernice', 'Charlotte', 'Erik', 'Mitchell', 'Andrea']
['Arturo', 'Mildred', 'Joe', 'Shaun']
['Patrick', 'Katrina', 'Shelly', 'Jeremy']
['Vickie', 'Marie', 'Lawrence', 'Dorothy', 'Leo', 'Carrie', 'Earl']
['Bessie']
['Mamie', 'Philip', 'Jeffrey']
['Jami']
['Nicholas', 'Allen', 'Gerard', 'Devon', 'Jodi', 'Fredrick', 'Frida']
['Tim', 'Stephen']
['Norma', 'Ricardo']
['Daniel']
['Susan', 'Henry', 'Kurt', 'Houston']
['Manuel', 'Evelyn', 'Adam']
['Desiree', 'Mavis', 'Kelli', 'Lester', 'Cara']
['Laurie', 'Lorene', 'Bruce']
['Theresa', 'Alice', 'Ruthie', 'George', 'Jessica', 'Harriet', 'Debbie']
['Kathleen', 'Shawn']
['Claire', 'Myra', 'Molly', 'Kristine', 'Tonya']
['Julia', 'Robin', 'Beverly', 'Minnie', 'Carolyn', 'Billie', 'Sheila']
['Nellie', 'Ethel', 'Anne']
['Scotty', 'Dan', 'Ernest']
['Rueben', 'Jacqueline', 'Eva', 'Ashley', 'Elizabeth']
['Emerson', 'Rick']
['Krista']
['Jeff', 'Ronald', 'Beatriz', 'Austin']
['Rod', 'Melvin', 'Gregory']
['Keith', 'Tomas', 'Abdul', 'Vera', 'Doretha', 'Arline', 'Cheryl']
['Patsy', 'Gloria', 'Aileen', 'Clifford']
['Shane']
['Pauline', 'Frank']
['Emilee', 'Annie', 'Vicky', 'Kristen']
['Ray', 'Marta', 'Raymond', 'Daphne']
['Jewel']
['Katherine', 'Horace']
['Alan', 'Marjorie']
['Tabatha', 'Kathryn', 'Melony']
['Isabelle', 'Michael', 'Maria', 'Kenneth', 'Judith', 'Martin', 'Rocio']
['Pat', 'Milton']
['Esta', 'Kim', 'Gale', 'Kathryne', 'Justine', 'Janet', 'Luis']
['Marla', 'Cheri', 'Steve']
['Angel', 'Tiara', 'Evan', 'Cesar', 'Marge', 'Harriett', 'Laura']
['Roger', 'Irene', 'Argentina']
['Nathaniel', 'Patricia', 'Dottie']
['Carina', 'Gary', 'Victoria', 'Kelvin', 'Sally', 'Jennifer', 'Geraldine']
['Elvera', 'Sheryl', 'Robert']
['Brooks', 'Louis']
['Colleen', 'Esperanza', 'Zachary', 'Russel', 'Phyllis', 'Josephine', 'Linda']
['Kay', 'Hector', 'Heidi', 'Reggie', 'Heather', 'Hazel']
['Kenny', 'Gail']
['Guadalupe', 'Lucy']
['Lakesha']
['Rafael', 'Jeffery', 'Jeanette']
['Roberto', 'Ted', 'Maxine']
['Betty', 'Anita']
['Antoinette', 'Quentin', 'Samuel', 'Lisa', 'Thomas', 'Terry', 'Matthew']
['Diane']
['Marion', 'Louise']
['Deborah', 'Frances', 'Lucia', 'Bernie', 'Edwin']
