['204', '106', '325', '116', '86', '274', '194', '144', '30', '300', '251', '158', '22', '1', '95', '180']
['166', '189', '54', '346', '117', '268', '242', '161', '82', '75', '163', '363', '297', '260', '103', '76']
['256', '162', '375', '232', '309', '97', '223', '40', '120', '77', '92', '33', '349', '60', '203', '146']
['269', '130', '169', '282', '136', '197', '308', '364', '291', '283', '267', '320', '119', '202', '225', '74']
['123', '96', '16', '69', '228', '252', '285', '281', '345', '134', '305', '219', '3', '347', '313', '149']
['2', '12', '246', '318', '81', '108', '289', '210', '337', '273', '372', '90', '132', '215', '131', '165']
['329', '128', '126', '183', '212', '71', '222', '312', '288', '348', '28', '8', '192', '43']
['186', '353', '350', '184', '359', '85', '113', '177', '200', '369', '243', '187', '181']
['265', '374', '298', '190', '270', '14', '79', '271', '39', '247', '59', '334', '259', '37', '55', '290']
['293', '278', '52', '236', '324', '50', '201', '315', '249', '237']
['176']
['206', '354', '261', '284', '147', '217', '339', '263', '321', '253', '303', '15', '36', '124', '80', '143']
['344', '78', '87', '358', '191', '368', '302', '332', '198', '220', '109', '101', '127', '111', '155', '157']
['245', '231', '234', '336', '188', '218', '306', '51', '67', '64', '361', '193', '21', '211', '27', '6']
['45', '168', '84', '61', '257', '32', '182', '7', '213', '294', '179', '63', '341', '9', '208', '31']
['100', '18', '99', '331', '311', '49']
['328', '370', '140', '107', '342', '264', '333', '277', '233', '229', '150']
['174', '62', '250', '115', '20', '17', '148', '13', '178', '102', '89', '141']
['248', '41', '68']
['5', '35', '26', '296', '227', '65', '159', '272', '340', '173', '239', '373', '254', '153', '286']
['316', '23', '240', '226', '24', '42', '326', '93', '125', '275', '362', '47']
['154', '279', '142', '216', '356', '110', '185', '138', '258', '104', '34', '330', '156', '292', '351', '287']
['29', '83', '238', '175', '280', '135', '221', '53']
['72', '214', '307', '244', '338', '365', '199', '66', '360']
['357', '94', '355', '209', '224', '73', '151', '343', '266', '112', '25', '133', '91', '314', '366']
['241', '319', '301', '322', '195', '255', '167', '323', '335', '19']
['299', '352', '276', '11']
['295', '10', '58', '122', '38', '371', '129', '4', '137', '230', '205']
['46', '310', '139', '262', '105', '56']
['48', '170', '160', '88', '317', '152', '70', '207', '172', '367', '118']
['145', '121', '327', '304', '171', '196']
['44', '235', '164', '114', '98', '57']
