['201', '130', '125', '103']
['163', '76']
['16', '126', '238', '154', '206', '63']
['216', '185', '114', '212']
['49', '211', '7', '58', '156', '205', '46']
['161', '162', '37', '198', '197', '56', '170']
['150', '104', '203', '77', '78', '127']
['71', '73', '111', '84', '85', '180', '59', '158']
['96', '68', '166', '199']
['17', '233', '138', '139', '155']
['200', '62']
['165', '102', '40', '42', '74', '177', '242', '213']
['1', '97', '99', '228', '231', '106', '108', '173', '57', '60']
['64', '66', '230', '135', '113', '23', '118', '247', '92']
['128', '67', '5', '232', '171', '237', '240', '144', '245', '187']
['208', '194', '47']
['159', '3', '169', '107', '175']
['153', '19', '182', '151']
['24', '146', '101', '239']
['0', '229', '22', '152', '110']
['65', '82', '36', '6', '28']
['98', '202', '45', '119', '120', '121', '123', '124', '95']
['32', '35', '132', '133', '134', '186', '218', '27']
['176', '51', '147', '149']
['8', '20', '21', '86', '88', '91', '30', '31']
['227', '4', '83', '244', '246', '235', '44']
['160', '209', '164', '183', '141', '191']
['33', '117', '168', '219', '220', '221', '222']
['129', '196', '72', '204', '243', '61', '55', '184', '157']
['193', '81', '18', '70', '43', '94']
['225', '39', '136', '174', '143', '80', '178', '89', '29']
['34', '131', '248', '217', '75', '79']
['48', '145', '137', '241', '53', '9', '140']
['148', '41', '234', '236', '190']
['2', '38', '54', '93', '142']
['224', '26', '214', '87', '249', '90']
['226', '100', '109', '15', '210', '50', '122']
['69', '105', '112', '179', '115', '116', '223']
['10', '11', '12', '14', '207', '52', '215', '25', '188']
['192', '195', '167', '172', '13', '181', '189']
