['205', '79', '15', '97', '226', '34', '100', '37', '38', '167', '41', '49', '53', '126', '183', '62']
['3', '36', '69', '10', '138', '188', '22', '95', '92', '31', '32']
['230', '102', '239']
['195', '165', '40', '60', '204', '210', '30', '212', '180', '214', '215', '156', '190']
['103', '104', '201', '140', '13', '111', '18', '115', '149']
['106', '139', '84', '240']
['25', '203', '51', '246']
['78', '142', '143', '81', '83', '23', '153', '26', '27', '223', '231', '235', '172', '116', '182', '118', '120']
['70', '202', '207', '16', '17', '155', '93', '224', '33', '43', '108', '110', '47', '114', '181', '249', '187', '127']
['124', '125']
['65', '98', '57', '236', '173', '174']
['194', '5', '6', '197', '234', '206', '247', '216', '88', '121', '192']
['196', '71', '8', '9', '200', '12', '80', '211', '218', '154', '29', '225', '113', '242', '178', '244', '56']
['229', '233', '11', '44', '238', '145', '150', '220', '157']
['4', '144', '86', '89', '90', '96', '162', '163', '228', '122', '48', '112', '179', '245', '63', '186', '61', '191', '128']
['99', '227', '35', '7', '171', '175', '241', '19', '24', '219']
['66', '134', '135', '72', '146', '213', '28', '222', '166', '39', '232', '169', '170', '177', '50', '117', '248', '185', '123']
['193', '2', '130', '132', '68', '198', '76', '148', '151', '152', '217', '221', '160', '101', '109', '52', '55', '250']
['67', '133', '74', '141', '14', '209', '82', '147', '20', '158', '159', '94', '168', '42', '107', '45', '46', '58', '59']
['164', '237', '73', '91', '105', '137']
['161', '1', '77', '87']
['243', '208']
['64', '184']
['129', '131', '199', '75', '176', '54', '119', '189']
['136', '21', '85']
