['2961DB', 'A911EF', '068D28', '5A3E90', '4430C2', '40C7FF', 'C54164', '7FADE3', '25B295', '718436', '1E571E', 'D31361', 'EC35B5', '2E4B9D', '2DE42A', 'BA6187', '4E8355', '28CCA5', '92C42A', '4C1D36']
['83ACF7', '38515C', 'B78EF9', 'B6FA16', '5BC875', '0525B9', '5E4F6B', 'C0EA59', 'E93252', '5C016B', '326662', '62BC31', 'FD1DAC', '420711', '3963FC', '69FD70', 'E479C8', 'F545E1', 'FF3177', 'C19610']
['83752D', '5BEDDF', 'C60FE7', '0B99EF', '177A03', '81DA52', '7C8A3D', '66C38E', '6E7E64', 'C07CCC', 'BC38A8', '6E3DED', '9BAC71', 'A1D29E', '66547C', '85CFC7', '31B17E', '34E9FE', 'CE0D10', '398310']
['1A770B', '865328', '608F21', '1DD8D0', '943005', '1D528C', 'CD374A', '3E7F60', 'AB96B9', '244528', '5C4F81', 'E277CB', 'F1DB81', '98497D', 'F4EDF8', '6C3CD5', '18AEFC', 'FB3B86', '3D4600', '5D4F2F']
['45CE10', '0FE5DD', '74ADA7', '0E6FA7', 'CBE0EA', '20C0D0', '5F88E7', '5C5B8D', 'E8A38A', 'FAB638', '10BBE1', '75C017', 'F9011B', '1743CD', '80F9BC', 'EE9200', '9CE56C', '6D4C8F', 'B8B01F', 'E2701A']
['29267F', '82B105', '54C37C', 'D8A834', 'D2BDB6', 'E3583F', '9C4CA5', 'EEF23E', '478A7C', '66B93A', 'EDB261', '1350AD', 'C8F1A7', 'D0E5BE', 'F61AD7', '113E1F', '4BBAFA', 'F85131', 'C748A2', '8963E1']
['463E2C', 'EB90EE', '6EEE66', '73271F', 'BCD2F5', '71AE93', '3E6399', 'C34593', '60B803', '4DBE20', '4BC7D0', 'A5F27A', '8BEC15', '09FFA6', '7B306C', 'F1B367', 'CC4384', '2BEC39', 'AAAF0B', '882258']
['CC9A13', '66F8EA', 'DF5F9C', '5C0D69', '43FE78', '2B8E0B', 'CA893B', 'D50881', 'E77DD8', 'D883C0', '71AC6D', 'DDB7C8', '77042F', 'C5416A', '2B8F4B', '2D56C1', '219F75', '24A4D1', '920715', '917501']
['739ABF', '78DB65', 'B2C27D', 'CB5EDA', '56B4C2', 'A4F4BB', '255208', '8D43AD', '273165', 'FCD63D', '4A32EA', 'F4C13E', '037831', 'B13536', '026256', '2C02B7', '58ED2B', '5AF312', 'E4F6EF', 'C9EF6D']
['400D20', 'FECCAB', 'B85F11', '31B801', '1656DC', '9ABAFB', '52FB79', 'D049CD', 'E15D93', 'A89402', '4AE7C7', '4EBF50', '88FFF8', 'E33128', '0FC6EE', '6D4DDC', 'CED5FC', 'C4882F', '51197D', 'D2EB79']
['99392B', 'B00B7F', '26DB4C', '316244', 'B32674', '0231A4', '0C4437', '4D74EB', '6246E1', 'A03FB7', '33ABEE', '1866E0', '552199', '0A3E48', '292CB3', '81E0FA', '3235BA', '5332A9', '31C6A3', '09944C']
['3B6837', '1330B3', 'B4BD91', '1D9893', '7647CD', '76131B', '5ABFA9', '7B325B', 'E1B665', '00CD58', '369765', 'D8849E', '9DF876', '05F2DC', '14A3E7', '893D61', '593AF4', '1F4650', 'B2A692', 'DE6241']
['D65E29', '628552', '605983', '7FE1F2', 'CC66B0', 'D78522', '929578', '823C51', '22394B', '9FCB42', '7C730C', '41AFC9', '940AC5', 'C96CD6', '2D4D61', 'EB9D60', '601CA7', '7334F9', 'D9180C', '57FCD8']
['00C269', '42EE34', '846154', '2215AE', '565E46', '8AC55C', '3D046E', '5ADC6D', '380FF7', '1F6554', '81A0D3', '73F93C', '94AED5', '9923B4', '7D4045', '1B06C5', '1D0C35', '539972', '1986A0', '5A681E']
['B4257C', 'D98FB6', 'F37211', 'C1CAB9', '3F75A9', '1600AD', 'B0F05D', '72D023', 'A4EAD9', '95F017', '5C91EE', '99E133', '118FE2', 'E81232', '747199', 'F448AE', '34ACF3', '8ECA84', '98B1CA', '861E09']
['75002A', '9D6554', 'C69699', 'A34095', 'F3EDD7', '47063A', '7AADBC', 'DBDDB5', '5D5C76', 'B166D1', '29BFBC', '8E8C76', '9D8AD8', 'EED7BB', '187923', 'F7F9CB', '81A856', '364B78', 'BE3703', '848C87']
['B49939', 'D6F426', '3D830C', '7848BA', '90E78E', '935873', 'F13455', 'A4FCD1', '0CFFC9', '0C3AFF', 'AF83FA', 'E0044F', '26C6B9', 'A0DDCD', 'D0E36A', '89372A', '1D39ED', 'EF37A6', 'BB9072', '9C4F00']
['6C1A62', 'D78532', 'F28C7F', 'E4C3BA', '26DA83', '5A5DE8', '29D22B', '2F584A', '052CC7', 'ABE83F', 'DDA295', '8EC8D8', '36FCBF', '923B8C', '15AA36', '35DA72', '03B42D', '029563', '992AEE', 'FFD642']
['3FAE1E', 'FCB503', '18D668', 'C2A74D', '6AFCAC', '5E2607', '189812', '77EB41', '3EF396', '1D4417', '503A55', '2D2248', '93D432', '8883AC', 'DB6CBF', '55B952', '1E0B30', 'E1A380', 'E9F19A', 'F32B0B']
['B0C2D3', '0D6A28', 'DF44F5', 'E8C5B8', '0AC7A0', 'CD5322', '6DCBC8', '099A40', 'EB7E6A', '30C157', '01E026', '1D216B', '9C0B9D', '38EA17', '78E144', '8FF839', '30EA83', 'AC34B5', '82BD08', '770A4C']
['FD33F7', '9C5DCF', 'FE7E47', 'EFBA0C', 'FBF275', 'DBF47C', '7CC3A7', 'C0A19A', '4BD8B1', 'F2B7FD', 'DFE9C6', '89A551', '88E0AE', 'F33ACF', '6BF4D3', '97D861', 'D79D49', 'DCB902', '39CAB7', 'FBB00D']
['E492E0', '2819EE', 'FC75E7', '09CFE9', '5248A9', '414B77', '2E6B38', '82F466', '468F31', 'E7EFA5', '2EDC82', 'D83AF7', 'EB3718', '0264AF', 'CC08F5', '672145', '1FBE40', '6833E8', '511040', 'C3678B']
['8DF985', 'D363AB', '4AC817', '5B4152', '04279E', '8254EB', 'D2F8E5', '49EEB4', '3228BB', '26B294', '206150', 'D6DD9E', '696B37', '19EFAF', '94C20E', '1C3933', '3A0D10', '8F75EC', '49EB71', 'B56D74']
['E191B0', '8806E7', '05473A', '035E05', '0AFD91', '833C34', '77B9A5', '4FCF52', 'B6ACFC', 'F8B91A', 'BB986B', 'EC2626', '46371B', '1CAAAC', '6C5208', '3CB50A', 'AD6105', 'B38307', 'D8492F', '160ED4']
['7F8E1D', '9B09E5', 'BA7ED0', '9330C0', 'D324E7', '2B3DD7', '5451FF', '593840', '43F505', '2F46CD', '87EE7F', '4C0FCD', 'F9EB1F', 'E46F9E', 'B2C529', '52BFE5', 'BE5B1D', '415552', '0E78AA', 'B2CB4D']
