['196', '5', '70', '74', '13', '79', '21', '149', '161', '36', '41', '43', '175', '189', '125', '190']
['1', '67', '133', '135', '136', '203', '205', '78', '83', '24', '25', '218', '94', '224', '163', '176', '50', '52', '53', '188']
['97', '99', '40', '91', '187', '240', '48', '242', '61', '113', '27', '93']
['6', '7', '199', '76', '77', '16', '148', '215', '92', '157', '31', '225', '100', '54', '246', '118', '57']
['194', '3', '9', '139', '207', '210', '84', '85', '150', '214', '87', '159', '226', '227', '102', '232', '172', '45', '238', '181', '117', '185', '60']
['128', '200', '138', '108', '146', '19', '20', '213', '151', '156', '223']
['34', '122', '134', '72', '201', '137', '206', '209', '179', '147', '184', '58', '28', '29', '127']
['211', '103', '216', '59', '158']
['195', '132', '141', '111', '82', '180', '55', '126']
['130', '101', '38', '104', '233', '107', '208', '114', '119', '88']
['64', '197', '198', '112', '17', '178', '51', '56', '217', '154']
['228', '166', '109', '80', '177', '245', '183', '152', '120']
['121', '129', '164', '165', '249', '69', '229', '202', '42', '14', '243', '23', '153', '90']
['0', '68', '4', '11', '12', '75', '15', '144', '89', '220', '222', '32', '162', '44', '237', '46', '244']
['193', '35', '37', '230', '71', '168', '231', '170', '171', '142', '47', '247', '186', '123', '63']
['2', '116', '95', '219', '140', '62', '239']
['98', '167', '212', '30', '191']
['65', '131', '8', '73', '204', '241', '18', '145', '115', '22', '26', '124', '221']
['192', '96', '66', '169', '234', '236', '174', '81', '182', '155']
['160', '33', '39', '105', '106', '235', '10', '173', '110', '143', '49', '86', '248']
