['482', '387', '454', '231', '490', '491', '494', '114', '21', '471', '473', '314']
['259', '164', '294', '202', '203', '275', '52', '87', '183', '281', '58', '253']
['384', '228', '326', '392', '424', '394', '372', '186', '379', '383']
['191', '354', '484', '421', '402', '436', '439', '25', '412', '413', '95']
['194', '198', '41', '75', '332', '495', '464', '49', '181', '443', '124', '189']
['480', '290', '291', '488', '361', '270', '433', '53', '278', '280', '94', '287']
['129', '3', '452', '455', '72', '396', '493', '209', '499', '468', '150', '215']
['483', '324', '389', '6', '197', '10', '363', '300', '173', '143', '306', '339']
['386', '419', '132', '4', '391', '74', '397', '369', '117', '118', '341', '376']
['56', '390', '295', '170', '299', '77', '461', '496', '466', '469', '88', '474']
['225', '102', '362', '109', '366', '175', '336', '435', '348', '380', '444', '311']
['353', '382', '121', '133', '359', '393', '138', '236', '368', '119', '249', '350']
['320', '64', '265', '459', '463', '370', '375', '187', '125']
['448', '418', '103', '360', '430', '239', '432', '206', '403', '343', '317', '126']
['66', '457', '78', '302', '176', '81', '179', '316', '472', '185', '476', '184']
['128', '2', '99', '408', '345', '233', '340', '342', '279', '152', '151']
['161', '68', '9', '492', '172', '237', '465', '498', '244', '470', '155']
['325', '166', '135', '456', '489', '367', '307', '216', '377', '318']
['39', '328', '427', '462', '334', '335', '338', '115', '344', '346', '59', '222']
['352', '226', '195', '261', '12', '308', '245', '214', '24', '283', '29', '62']
['65', '449', '293', '105', '139', '238', '149', '246', '438', '219', '28', '381']
['416', '256', '98', '312', '420', '422', '167', '210', '178', '248', '218', '223']
['385', '35', '38', '40', '42', '15', '48', '243', '84', '374', '57', '26']
['417', '101', '453', '486', '201', '458', '171', '431', '497', '276', '437', '120']
['192', '400', '71', '89', '347', '93', '286']
['32', '97', '321', '0', '356', '364', '398', '304', '177', '19', '409', '221']
['100', '5', '423', '13', '142', '301', '46', '337', '14', '17', '309', '31']
['258', '323', '260', '322', '200', '107', '45', '113', '18', '20', '406', '92']
['289', '162', '292', '263', '298', '207', '273', '147', '55', '159']
['69', '165', '313', '329', '234', '331', '303', '86', '440', '441', '60', '415']
['193', '67', '247', '169', '425', '30']
['145', '405', '22', '168', '266', '157', '111']
['160', '355', '319', '330', '76', '79', '144', '50', '310', '477', '190', '479']
['37', '426', '460', '429', '268', '112', '305', '242', '212', '90', '411', '445']
['1', '257', '227', '34', '478', '451', '297', '269', '180', '182', '156', '446']
['36', '134', '296', '205', '82', '371', '277', '85', '217', '27', '252', '414']
['229', '70', '262', '208', '274', '146', '83', '410', '251', '351']
['204', '16', '434', '116', '213', '23', '407', '373', '91', '188', '349', '158']
['163', '485', '230', '8', '43', '123', '333', '211', '122', '475']
['272', '130', '136', '104', '61', '174', '127']
['224', '481', '450', '388', '357', '196', '232', '395', '428', '153', '378', '447']
['33', '250', '11', '365', '442', '241', '404', '282', '315', '63']
['288', '487', '7', '106', '267', '140', '108', '467', '54', '154', '254']
['96', '131', '199', '327', '73', '137', '141', '399', '240', '401', '51', '148']
['358', '264', '235', '44', '110', '271', '47', '80', '220', '284', '285', '255']
