['259', '263', '136', '8', '266', '138', '73', '75', '271', '217', '282', '100', '167', '170', '106', '44', '302', '303', '187', '126']
['258', '132', '135', '265', '139', '140', '81', '146', '83', '287', '227', '293', '304', '176', '53', '254']
['128', '256', '2', '193', '6', '137', '142', '15', '18', '214', '221', '222', '97', '294', '43', '111', '306', '249', '125']
['178', '147']
['130', '7', '274', '82', '150', '25', '219', '29', '33', '172', '300', '239', '112', '177', '50', '242', '183', '189']
['131', '196', '68', '199', '76', '141', '205', '210', '149', '92', '157', '162', '233', '105', '173', '113', '246', '56', '127']
['261', '71', '200', '203', '208', '84', '215', '218', '27', '156', '223', '292', '295', '40', '231', '234', '250', '109', '110', '58']
['64', '257', '66', '195', '10', '269', '270', '279', '154', '28', '158', '94', '38', '108', '45', '47', '240', '114', '248', '186']
['117', '118', '104', '11', '299', '255']
['260', '198', '23', '88', '155', '91', '220', '96', '161', '35', '164', '171', '236', '237', '305', '241', '51', '55', '121', '60']
['13', '77', '143', '144', '79', '80', '148', '86', '93', '95', '289', '99', '41', '301', '46', '49', '116', '185', '62']
['129', '4', '264', '9', '202', '207', '16', '22', '151', '225', '98', '291', '229', '165', '232', '115', '244', '57']
['65', '67', '26', '39', '298', '272', '21', '184', '122', '152', '190', '159']
['89']
['19', '216', '297', '42', '107', '191']
['90']
['226', '278', '72', '169', '235', '188', '31']
['253', '14']
['74', '69', '78', '247']
['192', '267']
['194']
['163', '307', '213', '54', '296', '283']
['101', '133', '168', '12', '238', '124', '20', '120', '284', '285']
['1', '134', '262', '204', '206', '211', '277', '87', '281', '32', '228', '166', '102', '123', '245', '182', '119', '59', '252', '63']
['34', '70', '103', '268', '174', '175', '273', '17', '209', '212', '275', '153', '30']
['179', '276', '181']
['160', '197', '145', '243', '180']
['0', '224', '290', '36', '48', '52', '85', '280', '24', '251', '61']
['288', '3', '37', '5', '230', '201', '286']
