['1', '198', '457', '76', '272', '400', '274', '80', '466', '339', '470', '217', '26', '90', '95', '162', '356', '493', '430', '114', '499', '117', '439', '313', '317']
['326', '391', '264', '454', '12', '340', '341', '216', '25', '154', '413', '161', '34', '227', '421', '39', '167', '359', '232', '43', '429', '302', '47', '494', '50', '51', '438', '188']
['257', '70', '135', '199', '328', '11', '461', '343', '218', '220', '31', '288', '289', '33', '351', '424', '170', '171', '300', '108', '239', '433', '307', '371', '249', '316', '62']
['386', '450', '197', '263', '138', '141', '79', '18', '275', '147', '23', '24', '221', '159', '225', '163', '185', '37', '360', '490', '428', '495', '381', '125', '57', '187', '60', '61', '255']
['130', '259', '325', '134', '456', '139', '268', '77', '270', '337', '277', '346', '286', '287', '224', '290', '98', '293', '102', '295', '487', '238', '181', '182', '441', '446', '127']
['128', '67', '4', '133', '5', '196', '392', '324', '195', '16', '406', '156', '223', '291', '357', '122', '231', '488', '492', '177', '115', '58', '189', '254']
['452', '459', '333', '206', '271', '215', '89', '410', '411', '155', '284', '352', '38', '368', '244', '310', '120', '191']
['320', '65', '394', '395', '334', '402', '146', '20', '405', '150', '83', '408', '87', '471', '473', '94', '353', '418', '419', '166', '237', '113', '242', '179']
['68', '262', '267', '144', '464', '86', '409', '474', '478', '164', '42', '235', '44', '123', '366', '303', '432', '49', '309', '373', '247', '443', '252']
['384', '129', '449', '389', '72', '9', '74', '332', '145', '401', '19', '467', '151', '344', '345', '282', '27', '92', '477', '480', '226', '35', '485', '103', '363', '236', '372', '183', '186', '124']
['64', '7', '17', '278', '56', '219', '36', '104', '40', '169', '175', '112', '306', '180', '53', '375', '376', '63']
['0', '451', '69', '15', '209', '404', '347', '29', '312', '484', '422', '41', '234', '106', '172', '173', '174', '48', '497', '440', '377', '382', '319']
['385', '131', '200', '393', '458', '396', '13', '335', '465', '211', '468', '416', '97', '425', '489', '107', '308', '118', '55', '184', '379']
['2', '258', '261', '10', '142', '336', '81', '276', '149', '407', '281', '283', '412', '348', '30', '479', '354', '483', '292', '100', '296', '301', '109', '304', '241', '243', '116', '437', '246', '314']
['193', '323', '73', '460', '78', '463', '462', '208', '212', '85', '213', '472', '153', '350', '165', '294', '423', '297', '426', '361', '245', '311', '378', '190']
['256', '448', '194', '3', '260', '66', '6', '329', '330', '203', '140', '91', '160', '417', '96', '355', '229', '299', '491', '45', '110', '111', '367', '434', '436', '380', '253', '447']
['132', '265', '266', '273', '148', '285', '32', '435', '52', '322', '453', '71', '201', '204', '205', '338', '469', '214', '88', '486', '233', '364', '374', '383']
['321', '481', '444', '388', '455', '136', '427', '14', '143', '431', '496', '207', '403', '54', '342', '442', '475', '28']
['387', '8', '137', '397', '21', '279', '280', '152', '420', '178', '59', '192', '202', '75', '82', '84', '93', '349', '228', '358', '105', '362', '365', '240', '370', '248', '121', '250', '126']
['390', '269', '398', '399', '22', '157', '414', '415', '158', '168', '298', '46', '176', '305', '315', '445', '318', '327', '331', '210', '476', '222', '482', '99', '101', '230', '369', '498', '119', '251']
