['11', '21', '151', '24', '283', '221', '158', '289', '225', '227', '168', '298', '299', '175', '182', '183']
['257', '290', '131', '258', '136', '76', '237', '301', '273', '307', '284', '252']
['256', '35', '132', '36', '251', '211', '215', '216', '123']
['192', '161', '229', '294', '231', '295', '8', '9', '238', '150', '119', '155', '157']
['208', '52', '37', '102', '201', '44', '45']
['202', '203', '13', '15', '275', '179', '243', '59', '60']
['98', '99', '194', '69', '198', '104', '137', '232', '297', '12', '46', '16', '240', '276', '117']
['2', '6', '139', '14', '82', '279', '280', '282', '61']
['1', '260', '133', '199', '207', '144', '145', '143', '146', '286', '107', '236', '302', '48', '241', '112']
['193', '226', '163', '68', '70', '71', '80', '81', '210', '242', '25']
['32', '165', '200', '235', '79', '177', '115', '83', '281', '189', '63']
['195', '264', '105', '169', '204', '205', '20', '23', '120', '185', '218']
['261', '167', '300', '77', '244', '309', '181', '247', '246', '249', '245', '254', '253', '30']
['164', '291', '156', '292']
['128', '97', '224', '134', '78', '88', '89', '27', '127', '126', '255']
['296', '74', '187', '92', '209', '121', '122', '91', '188', '93', '191']
['176', '130', '85', '7', '72', '73', '172']
['65', '33', '259', '303', '304', '271', '272', '148', '118', '287']
['288', '34', '101', '38', '265', '266', '110', '113', '17', '19', '18']
['0', '66', '230', '103', '233', '170', '75', '269', '47', '114', '90']
['64', '67', '196', '228', '268', '111', '86', '248', '152', '190']
['162', '262', '41', '234', '43', '171', '178', '277', '214', '53', '57', '285', '223']
['154', '4', '222', '62']
['129', '180', '263', '135', '58', '206']
['160', '5', '293', '108', '109', '51', '213', '26', '28', '29', '159']
['96', '100', '197', '174', '308', '186', '220', '94']
['3', '39', '40', '106', '140', '141', '142', '305', '147', '22']
['56', '274', '84', '125']
['42', '306', '212', '278', '217', '250', '124']
['166', '138', '267', '10', '173', '270', '49', '50', '55', '54', '87', '153', '219', '95']
['239', '116', '149', '184', '31']
