['161', '385', '198', '296', '330', '11', '175', '239', '306', '442']
['417', '389', '168', '9', '493', '367', '253', '284', '189', '30']
['72', '105', '492', '47', '79', '80', '369', '214', '474', '414']
['421', '203', '83', '339', '405', '310', '279', '469', '285']
['194', '197', '265', '362', '207', '464', '244', '254']
['289', '418', '131', '196', '55']
['394', '363', '431', '335', '81', '50', '86', '311']
['35', '68', '169', '45', '462', '495', '61', '399', '302', '381']
['481', '388', '262', '391', '395', '499', '245', '409', '31']
['451', '292', '424', '297', '303', '247', '215', '249']
['193', '160', '260', '360', '393', '365', '281', '316', '32', '192']
['274', '195', '19', '10', '174', '255', '128']
['1', '322', '291', '294', '379', '336']
['102', '358', '440', '139', '317', '206', '191']
['28', '307', '25', '445', '348', '350', '446', '319', '416']
['457', '171', '364', '269', '300', '56', '411', '157', '448']
['408', '234', '427', '491', '372', '277', '88', '220', '280', '95']
['65', '226', '100', '41', '301', '403', '309', '382']
['135', '106', '460', '77', '272', '435', '116', '213']
['268', '263', '40', '185', '475', '140', '271']
['225', '20', '148', '487', '327', '121', '320']
['98', '18', '420', '325', '22', '107', '349']
['354', '484', '261', '38', '104', '494']
['75', '76', '204', '43', '49', '210', '82', '276', '125', '318']
['211', '441', '42', '62', '143']
['97', '456', '490', '432', '406', '473', '346', '443', '252', '479']
['402', '480', '422', '64']
['129', '37', '165', '231', '170', '16', '344', '412']
['36', '133', '488', '201', '332', '308', '314', '60', '477', '413']
['218', '230', '138', '237', '240']
['227', '383', '454', '73', '44', '463', '219', '223']
['482', '3', '122', '229', '12', '241', '149', '374', '26']
['259', '134', '267', '141', '181', '182', '375', '151', '315', '63']
['99', '250', '71', '425', '186']
['293', '70', '497', '434', '436', '180', '119', '155']
['74', '429', '398', '368', '144', '23', '345', '415']
['323', '356', '453', '423', '328', '177', '115', '248', '377', '478']
['273', '387', '380', '142', '351']
['290', '298', '331', '235', '14', '340', '216', '59', '93', '352']
['17', '101', '400', '396', '96', '176']
['483', '132', '54', '278', '187', '222']
['5', '329', '15', '112', '338', '437', '471', '447', '256']
['257', '164', '461', '212', '373', '89', '444', '288']
['449', '39', '136', '428', '111', '209', '87', '376', '58', '156']
['450', '324', '326', '199', '202', '299', '266', '371', '117']
['4', '166', '232', '13', '397', '498', '118', '246', '439', '29']
['361', '305', '401', '404', '85', '21', '150', '154', '91', '92']
['33', '67', '103', '137', '205', '430', '366', '84', '384']
['386', '179', '251', '341', '486', '264', '283']
['321', '359', '7', '78', '46', '113', '51', '147', '153', '90']
['162', '275', '500', '342', '120', '152', '109']
['353', '258', '458', '172', '173', '304', '343', '282', '188']
['489', '178', '158']
['66', '390', '6', '236', '108', '145', '467', '184', '313', '159']
['465', '228', '8', '455', '200', '190', '224']
['355', '163', '233', '270', '242', '146', '24', '57']
['217', '2', '243', '485']
['34', '452', '295', '334', '238', '110', '468', '438', '470', '123']
['130', '419', '69', '167', '337', '466', '433', '52', '221', '286']
['496', '48', '114', '53', '472', '378', '347', '476', '287']
['392', '370', '94', '183', '124', '126']
['357', '426', '459', '333', '208', '407', '312', '410', '27', '127']
