['Fredericka', 'Marcella', 'Mechelle', 'Gae', 'Cristen', 'Katti', 'Jorrie', 'Bekki', 'Cassandra', 'Sheila', 'Joanna', 'Pammy', 'Sada', 'Lorie', 'Agatha']
['Rowena', 'Noreen', 'Dominica', 'Ranice', 'Gwennie', 'Gaby', 'Ansley', 'Aviva', 'Serena', 'Matilde', 'Babara', 'Veradis', 'Lorena', 'Amalee', 'Rosene']
['Doris', 'Anastassia', 'Casi', 'Yoshi', 'Corly', 'Dotti', 'Paulina', 'Kala', 'Ramonda', 'Kellie', 'Tanitansy', 'Sherrie', 'Sula', 'Natalya', 'Laverne']
['Stormi', 'Dena', 'Euphemia', 'Stesha', 'Malva', 'Mair', 'Anette', 'Brigitte', 'Kathy', 'Cristabel', 'Selinda', 'Marris', 'Lynnet', 'Vonni', 'Alyson']
['Britteny', 'Dee', 'Claudie', 'Idelle', 'Frankie', 'Desiri', 'Yolanda', 'Anabel', 'Randie', 'Agnese', 'Britney', 'Della', 'Mirna', 'Andie', 'Antonietta']
['Orsa', 'Reggi', 'Charita', 'Oralee', 'Addi', 'Corinne', 'Edith', 'Oliy', 'Marabel', 'Gianina', 'Rosana', 'Neile', 'Birgitta', 'Janice', 'Cherilynn']
['Rosamond', 'Tamara', 'Tiffy', 'Leanora', 'Jen', 'Charmine', 'Lorain', 'Clemmie', 'Adiana', 'Willi', 'Emelda', 'Shanie', 'Stefa', 'Erica', 'Sandie']
['Terese', 'Alia', 'Marijo', 'Estella', 'Melinde', 'Collete', 'Silva', 'Allene', 'Belle', 'Faythe', 'Quintana', 'Winifred', 'Austina', 'Yovonnda', 'Adriane']
['Vanni', 'Alexandrina', 'Joelly', 'Cheslie', 'Nancie', 'Tani', 'Lulu', 'Doroteya', 'Avivah', 'Noell', 'Sadye', 'Flory', 'Catha', 'Nelie', 'Athena']
['Kara', 'Agneta', 'Camala', 'Krissy', 'Idalina', 'Marlena', 'Anabelle', 'Chelsy', 'Vinni', 'Melloney', 'Tarra', 'Meggi', 'Bernice', 'Hortense', 'Mella']
['Jaynell', 'Marcie', 'Ingunna', 'Lydie', 'Diahann', 'Rhodia', 'Tiphanie', 'Caryn', 'Jessamyn', 'Clemence', 'Conchita', 'Jemie', 'Fernande', 'Brook', 'Kathryn']
['Mariellen', 'Thia', 'Maddalena', 'Haley', 'Cassondra', 'Kathleen', 'Erminia', 'Annice', 'Rivkah', 'Georgiana', 'Helyn', 'Bertie', 'Sonni', 'Ulrike', 'Millisent']
['Eran', 'Netty', 'Fawnia', 'Mei', 'Ruperta', 'Allie', 'Anabal', 'Shirl', 'Paige', 'Kellsie', 'Angelica', 'Danni', 'Yetta', 'Harriet', 'Kiele']
['Brittan', 'Brear', 'Rhody', 'Myrtle', 'Risa', 'Arlee', 'Carri', 'Else', 'Opal', 'Kittie', 'Julie', 'Karie', 'Vicky', 'Zenia', 'Jacqui']
['Bridgette', 'Nissie', 'Dorine', 'Martina', 'Leda', 'Carroll', 'Shoshana', 'Sile', 'Ronnica', 'Tamra', 'Missy', 'Georgeanne', 'Estele', 'Nedda', 'Roxane']
['Josepha', 'Clarissa', 'Stephannie', 'Madelena', 'Drusy', 'Maxie', 'Gavra', 'Patty', 'Marlie', 'Fran', 'Peg', 'Lira', 'Kaitlynn', 'Daphene', 'Monique']
['Delly', 'Andromache', 'Tallie', 'Colline', 'Valli', 'Moyna', 'Morena', 'Nanon', 'Inga', 'Debora', 'Eulalie', 'Eolanda', 'Bonita', 'Sileas', 'Elvera']
['Agnes', 'Nicki', 'Sofie', 'Lotte', 'Cristionna', 'Dita', 'Dyane', 'Marisa', 'Demetria', 'Jesse', 'Johanna', 'Mufinella', 'Lyda', 'Zulema', 'Rita']
['Latisha', 'Hedwiga', 'Teddi', 'Nicoli', 'Tim', 'Cathryn', 'Kaitlin', 'Lisette', 'Eve', 'Xylina', 'Gabbie', 'Carla', 'Lesly', 'Tiffany', 'Jolie']
['Kania', 'Beatrice', 'Lani', 'Korney', 'Briny', 'Starlin', 'Cindie', 'Livy', 'Fania', 'Gerry', 'Roslyn', 'Diane', 'Brunhilda', 'Gale', 'Row']
