['270']
['234', '214']
['102', '10', '301', '334', '119', '248', '379', '95']
['394']
['115', '316', '349']
['289', '194', '67', '255', '117', '169', '57']
['224', '5', '310', '39', '397']
['97', '261', '333', '151']
['42', '350', '367']
['17', '324', '197', '84', '245', '382']
['69']
['178', '163', '71', '205', '30']
['216', '258']
['352', '305', '147', '125', '188', '13', '319']
['56', '43', '93']
['290']
['385', '156', '53', '135', '346', '108']
['243', '276', '70', '103', '61']
['123', '259', '134']
['204']
['49', '99', '390', '159']
['288', '393']
['225', '14']
['300']
['252', '268']
['203', '227']
['52', '101', '168', '152', '207']
['320', '371', '279']
['287']
['98', '323', '231']
['50', '372', '154']
['184', '127']
['8']
['153', '265', '375']
['257', '35', '196', '266', '11', '76', '78', '399']
['269', '183']
['148']
['354', '132']
['19', '340', '293', '230', '75', '60']
['0', '292', '278', '104', '88']
['112', '72', '199']
['200', '285']
['29', '118']
['3', '263']
['380', '111']
['33']
['131']
['297', '193']
['256', '363']
['304', '83', '106', '331', '126']
['251']
['185', '322']
['40', '281']
['77']
['32']
['96', '250', '295']
['336', '260']
['232', '286']
['192']
['348']
['160', '353', '368', '344', '92', '94']
['221', '206']
['37']
['377', '59', '391']
['165']
['36', '215']
['87']
['302']
['373', '395', '141']
['355', '366', '219']
['201', '282', '271']
['124', '20', '335']
['369', '386', '130', '242', '325', '381', '383']
['136', '140', '149']
['65', '171', '28', '387']
['48', '223', '343', '345', '47']
['158', '262']
['6']
['299', '44', '311']
['208', '9', '220', '142']
['240', '364']
['274']
['306', '229', '198', '54', '264']
['85']
['360', '21', '182']
['236', '294']
['176', '291', '217', '389', '133', '361']
['113', '170', '338', '143']
['358']
['272', '12']
['121', '186', '226', '166']
['398']
['58']
['314']
['81']
['89']
['7']
['376', '195', '79']
['1', '249', '38', '172', '45', '15', '277', '25', '313', '318']
['64', '187', '244', '22']
['120']
['337', '326']
['24', '362', '27']
['218', '175']
['378', '284', '238', '359']
['181']
['162', '150']
['384', '74']
['370', '122']
['138']
['145', '307']
['296']
['144']
['82', '309', '213']
['16', '347']
['129', '18', '342', '237', '63']
['241', '68', '86', '332', '174', '351']
['189']
['392', '80', '315', '283']
['312', '202', '66']
['211', '246']
['356']
['329', '330']
['280', '339']
['179']
['228']
['4', '23']
['327']
['321', '51', '388', '105', '396']
['308']
['110', '2', '107', '374']
['298', '190', '239']
['275']
['137']
['146', '90']
['328', '209', '267', '116']
['41']
['273', '100', '62', '222', '254']
['139', '212', '173', '303']
['26']
['317', '46', '31']
['73', '34', '341']
['177', '114', '164', '91', '365']
['357', '157', '191']
['210']
['253', '167']
['235', '180', '109']
['128']
['233', '155', '55']
['161', '247']
