['65', '132', '327', '392', '12', '398', '17', '287', '33', '97', '354', '37', '167', '297', '114', '53', '117', '57', '59', '191']
['194', '71', '271', '88', '217', '154', '218', '91', '31', '163', '294', '360', '171', '46', '238', '50', '307', '371', '126', '62']
['385', '387', '5', '326', '144', '337', '25', '346', '284', '224', '164', '295', '104', '105', '234', '364', '178', '244', '184', '318']
['1', '258', '14', '341', '150', '30', '158', '162', '98', '358', '103', '168', '122', '368', '305', '373', '374', '248', '250', '254']
['256', '257', '4', '196', '136', '395', '396', '11', '399', '21', '216', '283', '292', '356', '359', '235', '236', '237', '115', '316']
['129', '193', '3', '322', '389', '393', '394', '74', '334', '145', '214', '28', '94', '96', '365', '49', '54', '314', '315']
['259', '69', '391', '269', '77', '20', '148', '340', '280', '95', '299', '44', '111', '251', '179', '245', '56', '123', '380', '253']
['197', '204', '205', '209', '276', '212', '151', '343', '219', '29', '159', '289', '249', '102', '309', '119', '185', '125', '319']
['320', '9', '211', '84', '220', '348', '349', '351', '161', '353', '291', '357', '40', '233', '361', '362', '182', '311', '246', '187']
['192', '268', '15', '79', '18', '210', '82', '22', '87', '27', '347', '222', '228', '293', '298', '42', '110', '52', '118', '376']
['225', '34', '195', '227', '68', '166', '169', '170', '43', '172', '140', '310', '55']
['321', '261', '70', '201', '141', '147', '345', '156', '101', '231', '107', '45', '301', '173', '241', '372', '121', '381']
['64', '2', '325', '266', '397', '16', '81', '223', '288', '290', '99', '296', '232', '240', '177', '247', '377', '317', '188', '61']
['388', '390', '199', '8', '72', '328', '272', '208', '274', '86', '279', '165', '363', '108', '304', '306', '308', '183', '58', '383']
['384', '206', '80', '342', '352', '226', '35', '41', '300', '302', '176', '48', '112', '242', '243', '116', '120', '60', '382']
['260', '133', '262', '200', '332', '273', '275', '213', '24', '286', '32', '160', '36', '174', '239', '51', '180', '181', '313', '255']
['128', '66', '324', '100', '6', '139', '109', '366', '303', '336', '369', '146', '83', '312', '26']
['0', '355', '229', '198', '7', '265', '137', '329', '270', '277', '278', '23', '221', '155', '189', '190', '127']
['130', '134', '10', '149', '281', '38', '39', '47', '175', '63', '330', '331', '339', '90', '93', '350', '230', '370', '379', '252']
['386', '263', '135', '138', '267', '142', '152', '153', '282', '285', '186', '67', '75', '203', '78', '215', '89', '106', '367', '378']
['131', '264', '13', '143', '19', '157', '323', '73', '202', '76', '333', '207', '335', '338', '85', '344', '92', '113', '375', '124']
