['54', '256', '144', '37', '383', '166', '198', '151', '306', '263', '495', '310', '466', '26']
['80', '192', '130', '171', '189', '237', '163', '135', '293']
['479', '398', '384', '74', '109', '29', '262', '433', '366', '377', '322', '346', '342', '309', '41']
['489', '114', '282', '223', '48', '372', '411', '412', '32', '385', '395', '370', '83']
['82', '394', '145', '498', '111', '66', '91', '73', '471']
['492', '107', '78', '200', '488', '115', '72', '379', '230', '254', '90', '58']
['137', '236', '212', '353', '396', '452', '275', '465', '315', '450']
['40', '280', '423', '277', '408', '457', '228']
['31', '334', '60', '17', '182', '36', '476', '24', '157']
['484', '207', '481', '101', '415']
['393', '159', '68', '241', '12', '25', '49', '407', '251', '186', '97', '388', '427', '18']
['386', '338', '67']
['104', '341', '432']
['170', '434', '7', '365']
['142', '474', '424', '382', '95', '85', '483', '279', '99', '367', '461', '38', '260', '335', '62']
['285', '351', '138', '438', '304', '257']
['81', '118', '120', '247', '134']
['168', '87']
['84', '233', '100', '271', '103', '239', '269', '56']
['378', '47', '375', '447', '175']
['276', '184', '11', '475', '255', '469', '307']
['359', '205', '299', '225', '174', '295', '259', '265', '431', '235']
['22', '219', '302', '332', '197', '337', '397', '324']
['183', '389', '288', '258', '64']
['485', '209', '116', '371', '139', '290', '34', '250', '132', '331']
['349', '216', '336', '246', '373', '274', '344', '348', '172']
['190', '231', '403', '141', '154', '459', '323', '318', '10', '273', '117', '327', '15', '380', '468']
['98', '162', '455', '240', '453', '105', '326', '496', '272', '227']
['490', '362', '44', '63', '470', '356', '340', '284', '405']
['215', '176', '487', '238', '486', '350', '437']
['0', '360', '458', '418', '406', '204', '52', '352', '491', '113', '71', '376']
['357', '124', '143', '69', '297', '9', '381', '317', '160', '451']
['86', '127', '448', '177', '193']
['497', '128', '57', '136', '110', '33', '61', '312', '173', '43', '153', '300']
['39', '42', '321', '89', '467', '333', '270', '420', '267']
['494', '477', '23', '155', '150', '77']
['211', '363', '291', '210', '441', '125', '325', '283', '493']
['4', '387', '419', '443', '75', '292', '14', '185', '460', '480', '169', '53', '217', '206', '401', '429', '402']
['261', '266', '199', '410', '179', '281', '343']
['202', '355', '224', '319', '108', '440', '27']
['21', '296', '428', '308', '328']
['92', '1', '213', '203', '416', '178', '28']
['473', '313', '369', '413', '16', '140', '158', '180', '45', '102', '456', '156', '345']
['194', '354', '131', '70', '146', '316', '181']
['444', '234', '46', '422', '430', '421', '253', '220', '167', '435', '439', '446', '425', '417']
['187', '50', '278', '218', '244', '245', '358', '445', '339', '390', '499', '426', '35', '76']
['286', '229', '59', '6', '294', '303', '195', '264', '464', '5', '164']
['454', '191', '79', '188', '232', '311', '289', '3', '414', '482']
['301', '226', '368']
['320', '19', '196', '463']
['122', '399', '119', '392', '96', '252', '8']
['347', '201', '449', '221', '2', '314', '93', '361']
['364', '214', '161', '248', '165', '442', '208', '112', '268', '147', '329', '106', '472']
['152', '20', '133', '330', '436', '242', '51', '404', '305', '65']
['123', '129', '287', '243', '30', '298', '409', '462']
['13', '149']
['391', '126', '222', '88', '249', '478']
['400', '121', '374', '55', '94', '148']
