['q', 'O', 'qq', 't', '88', 'YYY', 'sss', 'RRRR', 'ttttt', 'IIIIII', 'eeee', 'eeeeee', 'g', 'oo', 'hh', 'ppppp', 'gggggggg']
['H', 'zzz', 'zzzz', 'YY', 'dddd', 'ZZZZZ', 'kkkkkkkk', '1', 'vv', 'uuuuuu', '1111111', 'uuuuuuu', 'nnnnnnnn', 'h', 'pp', 'VV', '33333', 'VVVVVVV', 'VVVVVVVV']
['GGG', 'zzzzz', 'yyyyyy', 'yyyyyyy', 'PPPPPPP', 'GGGGGGGG', 'yyyyyyyy', 'zzzzzzzz', '7', '888', 'kkkkkk', 'dddddd', 'CCCCC', 'SSSSSS', 'E', 'gggg', '4444', 'oooo', 'hhhhhhhh']
['mm', 'BBBBB', 'mmmm', 'aaaa', 'OOOOO', 'KKKKKK', 'HHHHHHHH', 'w', 'EEEEE', 'RRRRR', 'pppppp', 'ooooooo', 'BBBBBBB', '44444444']
['a', 'i', 'bb', '555555', 'iiiiiiii', 'aaaaaaaa', 'ssss', 'RRRRRRR', 'uuu', 'TTT', 'SSSS', 'CCCC', 'DDDDDD', 'SSSSSSS', 'o', 'FF', '4444444']
['m', 'P', 'OO', 'OOO', 'CCC', 'yyyy', 'mmmmmmm', 'OOOOOOO', 'mmmmmmmm', '66666666', 'ddd', 'llll', 'BBBB', 'QQQQQQQQ']
['rrr', 'rrrrr', 'bbbbbbb', 'WWWWWWWW', 'qqqqqqqq', 'rrrrrrrr', '8', 'lll', 'IIIII', '77777', '77777777', 'BBBBBBBB', 'eee', 'DDD', '222222', 'CCCCCCC', 'nnnnnnn', 'CCCCCCCC', 'DDDDDDD', 'ww', 'www', 'ooo', 'wwwww', 'NNNNNNNN']
['z', 'PP', '555', '666', 'jjjjjj', 'WWWWWWW', 'QQQ', 'IIII', 'JJJJJJ', 'ttttttt', 'vvv', 'eeeee', 'vvvvvvvv', 'p', 'FFFF', 'ooooo', 'ppppppp']
['ss', 'YYYY', '8888', 'QQQQQ', 'ssssss', 'RRRRRR', 'cccccccc', 'dddddddd', 'RRRRRRRR', 'ffff', 'TTTT', 'CCCCCC', 'M', '3', 'N', 'EE', '333', 'MMMM', 'xxxx', 'MMMMM', 'wwwwww']
['jjj', 'iiii', '6666', 'PPPPPP', 'bbbbbb', 'qqqqqqq', 'd', 'pppp', 'JJJJJ', 'BBBBBB', 'pppppppp', 'oooooooo', 'llllllll']
['zzzzzzz', 'OOOOOOOO', 'R', 'RRR', 'kkkkkkk', 'K', '11', 'ff', 'KKKK', 'nnnn', 'vvvvvvv', 'DDDDDDDD', 'U', 'F', 'UU', 'xxx', 'hhhhhhh']
['y', '6', 'iii', 'PPPPPPPP', 'B', 'AAA', 'ttt', 'BBB', 'sssssss', 'IIIIIII', '7777777', 'e', 'ee', '22', 'KKK', '111', 'LLL', 'KKKKK', 'TTTTT', '111111', 'UUUUUU', 'NNNNNN']
['2', 'D', 'zz', 'HH', 'HHHHHH', 'HHHHHHH', 'Z', 'kkk', 'FFF', 'YYYYYYY', 'YYYYYYYY']
['aa', 'XX', 'WWW', 'yy', '55', 'PPP', 'iiiii', 'FFFFFFFF', 'AA', 'ZZ', 'JJJJ', 'YYYYY', 'ZZZZZZ', 'ZZZZZZZZ', 'T', 'SS', 'uuuuu', '2222222', 'uuuuuuuu', 'NNN', 'wwwwwww', 'xxxxxxxx']
['b', 'aaaaaa', 'QQ', 'lllllll', 'L', 'uu', 'f', 'SSS', 'LLLL', '2222', 'VVVVV', 'nnnnnn', 'KKKKKKK', 'fffffff', 'eeeeeeee', 'ffffffff', 'hhhhh', 'xxxxxx', '3333333', 'wwwwwwww']
['u', '4', 'jj', 'dd', 'JJJ', 'XXXXX', 'ccccccc']
['C', 'KK', 'uuuu', 'PPPP', 'qqqqq', 'WWWWW', 'OOOOOO', '88888', 'XXXXXXXX', '333333', 'cc', 'JJ', 'EEEE', 'FFFFF', 'gggggg']
['W', '5', 'ii', 'qqqq', 'XXXX', 'HHHH', 'XXXXXX', 's', 'Q', 'ZZZ', 'cccc', 'QQQQQQQ', 'TTTTTT', 'xx', 'NNNN', 'ggggg', 'NNNNN']
['MMMMMMMM', 'r', 'TT', 'WWWW', 'DDDDD', 'GGGGGG', 'XXXXXXX', 'ggg', 'UUUUUUU', 'oooooo', 'MMMMMMM', 'FFFFFFF', 'UUUUUUUU']
['X', 'v', 'vvvvv', 'zzzzzz', '5555555', 'aaaaaaa', '33', 'll', '44444', 'YYYYYY']
['XXX', 'GGGG', 'rrrr', '66666', 'GGGGGGG', 'I', 'tt', 'ccc', 'QQQQ', 'sssss', 'AAAAA', 'AAAAAAA', 'ddddddd', 'nnn', 'nnnnn', 'MMM', 'FFFFFF']
['G', 'rr', 'iiiiiii', 'rrrrrrr', 'RR', 'III', 'hhhh', '8888888', 'AAAAAAAA', 'tttttttt', '22222', 'LLLLL', 'LLLLLL', 'LLLLLLL', 'EEE', 'VVV', 'VVVV']
['j', 'WW', 'qqq', 'aaa', 'bbbbb', 'WWWWWW', 'Y', 'J', 'II', '77', 'ccccc', 'cccccc', 'mmm', '222', 'mmmmm', 'mmmmmm', 'UUUU', 'UUUUU', 'EEEEEE']
['OOOO', 'GGGGG', 'yyyyy', 'qqqqqq', 'iiiiii', 'l', 'kkkk', 'AAAA', 'kkkkk', '777777', '888888', 'S', 'DD', 'SSSSSSSS', 'TTTTTTTT', 'UUU', '444', 'ggggggg', 'xxxxxxx']
['nn', 'aaaaa', 'hhhhhh', 'vvvvvv', 'jjjjjjjj', '22222222', 'lllll', 'VVVVVV', 'JJJJJJJJ']
['ZZZZ', 'bbb', '5555', 'bbbb', 'jjjj', 'rrrrrr', '666666', '55555555', 'k', '3333', '7777', 'QQQQQQ', '444444']
['GG', '66', '33333333', 'HHH', 'ffffff', 'eeeeeee', '6666666', 'BB', 'wwww', 'EEEEEEEE', 'tttt', 'xxxxx', 'llllll', 'EEEEEEE', 'ZZZZZZZ', 'ddddd', 'IIIIIIII']
['CC', 'PPPPP', 'jjjjj', 'TTTTTTT', '11111111', 'c', 'MM', '44', 'ppp', 'tttttt', '88888888']
['n', 'LL', 'fff', 'DDDD', 'SSSSS', 'fffff', 'KKKKKKKK', 'A', 'V', '777', 'ssssssss']
['yyy', '1111', 'vvvv', '11111', 'HHHHH', '55555', 'AAAAAA', 'jjjjjjj', 'bbbbbbbb', 'LLLLLLLL', 'x', 'kk', 'gg', 'NN', 'hhh', 'MMMMMM', 'NNNNNNN', 'JJJJJJJ']
