['1', '444', '388', '422', '359', '298', '299', '179', '118', '55', '438', '442', '279', '445']
['390', '200', '393', '12', '271', '467', '147', '405', '152', '94', '415', '34', '420', '361', '105', '379', '317']
['256', '324', '424', '345', '139', '336', '436', '253', '376', '57', '413', '95', '319']
['258', '6', '392', '458', '331', '146', '225', '355', '164', '166', '294', '109', '176', '244', '440', '249', '318']
['452', '263', '266', '75', '204', '462', '15', '400', '210', '87', '476', '156', '30', '492', '44', '47', '183']
['417', '228', '456', '240', '402', '340', '437', '86', '470', '406', '313', '126', '127']
['128', '3', '68', '328', '335', '17', '149', '216', '26', '411', '356', '230', '426', '304', '311', '252', '62']
['416', '129', '66', '387', '484', '389', '429', '14', '493', '365', '212', '469', '154', '349', '222']
['384', '322', '264', '267', '459', '207', '468', '24', '284', '184', '292', '427', '491', '45', '241', '499', '248']
['203', '16', '81', '277', '23', '221', '350', '33', '291', '486', '232', '362', '300', '431', '372', '309', '121']
['320', '448', '132', '329', '76', '140', '206', '22', '28', '418', '40', '297', '104', '432', '242', '51', '441']
['71', '137', '18', '83', '276', '35', '37', '358', '103', '360', '233', '302', '112', '377', '187', '255']
['482', '226', '196', '133', '130', '330', '370', '180', '85', '246', '150', '478', '223']
['386', '259', '70', '9', '10', '363', '364', '238', '174', '46', '275', '52', '373', '472']
['323', '261', '134', '453', '136', '8', '394', '397', '209', '404', '21', '346', '286', '159', '380', '316', '383']
['79', '211', '213', '341', '471', '408', '31', '419', '102', '231', '235', '48', '49', '434', '435', '312', '58']
['353', '293', '250', '11', '269', '190', '175', '80', '339', '344', '218', '92', '158']
['7', '301', '54', '407', '88', '474', '91', '61', '382']
['352', '289', '391', '59', '107', '108', '399', '274', '114', '498', '90', '475', '124']
['321', '454', '326', '73', '74', '464', '153', '99', '169', '490', '111', '367', '371', '181', '443', '314', '123']
['327', '265', '395', '143', '208', '148', '342', '282', '285', '414', '483', '38', '295', '296', '170', '245', '254']
['195', '141', '78', '19', '403', '343', '280', '410', '351', '480', '290', '106', '42', '368', '307', '191']
['202', '142', '217', '219', '93', '481', '354', '227', '488', '366', '369', '178', '308', '310', '185', '189']
['64', '385', '449', '197', '199', '205', '463', '409', '29', '32', '96', '171', '303', '496', '306', '375', '56']
['144', '84', '89', '473', '97', '165', '39', '43', '110', '495', '430', '113', '119', '120', '125', '447']
['268', '77', '272', '401', '145', '465', '20', '82', '157', '479', '100', '433', '50', '116', '53', '251', '381']
['288', '36', '357', '421', '487', '138', '428', '315', '188', '117', '439', '186', '27', '412']
['65', '194', '193', '260', '198', '460', '461', '396', '273', '466', '25', '220', '423', '497', '182', '247', '122']
['0', '160', '192', '257', '4', '325', '67', '161', '229', '41', '13', '398', '239', '243', '215', '348', '287']
['2', '457', '201', '234', '236', '489', '425', '172', '494', '177', '332', '115', '378', '155', '477', '446', '63']
['450', '131', '162', '69', '485', '167', '168', '72', '135', '5', '334', '270', '337', '347', '278', '283']
['224', '98', '163', '451', '101', '262', '455', '333', '173', '237', '305', '338', '214', '151', '374', '281', '60']
