['323', '324', '390', '326', '137', '265', '461', '143', '399', '274', '148', '276', '408', '410', '350', '415', '416', '224', '418', '356', '231', '364', '365', '114', '246', '56', '58', '188', '445', '447']
['258', '389', '6', '325', '327', '328', '331', '396', '332', '342', '346', '412', '223', '160', '355', '292', '296', '362', '378', '304', '436', '181', '310', '313', '442', '383']
['128', '384', '130', '132', '133', '457', '333', '79', '338', '339', '150', '280', '88', '91', '349', '480', '161', '228', '359', '424', '43', '429', '46', '432', '368', '244', '55', '312', '380', '253']
['226', '263', '170', '212', '152', '217', '221', '255']
['66', '259', '450', '68', '262', '8', '201', '74', '206', '464', '273', '17', '81', '277', '216', '25', '26', '27', '94', '33', '421', '422', '37', '40', '173', '113', '57', '187', '61']
['0', '322', '131', '71', '76', '77', '334', '147', '404', '149', '153', '154', '411', '90', '95', '417', '100', '484', '294', '104', '41', '489', '235', '250', '116', '439', '122', '251', '60', '191']
['65', '2', '195', '136', '266', '267', '12', '13', '78', '80', '467', '89', '157', '158', '163', '101', '167', '39', '169', '490', '107', '174', '307', '308', '53', '117', '119', '121', '443', '317']
['67', '69', '200', '10', '394', '141', '142', '14', '269', '336', '402', '470', '87', '24', '413', '479', '289', '290', '35', '98', '293', '44', '303', '305', '52', '54', '186', '123', '382', '63']
['64', '129', '387', '260', '134', '70', '73', '11', '270', '271', '18', '84', '405', '85', '86', '156', '93', '287', '31', '32', '97', '165', '357', '42', '45', '109', '112', '435', '377', '124']
['320', '453', '264', '395', '140', '397', '203', '204', '272', '144', '205', '337', '151', '279', '218', '347', '348', '352', '354', '295', '360', '300', '172', '367', '177', '306', '437', '315', '252']
['256', '257', '138', '75', '15', '146', '83', '20', '215', '473', '30', '96', '483', '249', '102', '105', '106', '430', '238', '434', '438', '120', '441', '59', '62']
['321', '198', '7', '456', '462', '145', '82', '19', '275', '21', '211', '23', '214', '155', '92', '477', '414', '482', '229', '487', '298', '427', '299', '428', '237', '373', '254', '440', '316', '318']
['449', '386', '451', '197', '135', '392', '199', '139', '268', '335', '465', '471', '472', '353', '99', '488', '363', '302', '110', '366', '369', '179', '371', '374', '376', '126', '379', '381', '446']
['103', '72', '234', '108', '111', '207', '433', '344', '444', '125', '478', '159']
['385', '452', '5', '9', '458', '463', '468', '469', '407', '343', '409', '29', '286', '222', '419', '420', '361', '426', '370', '372', '311', '314', '190']
['192', '193', '330', '202', '400', '401', '209', '340', '474', '283', '284', '28', '219', '476', '358', '423', '486', '425', '47', '48', '49', '175', '50', '240', '118', '247']
['225', '232', '297', '168', '398', '243', '341', '309', '183', '281', '220', '285', '351']
['288', '34', '3', '196', '485', '454', '391', '393', '171', '459', '208', '16', '242', '180', '245', '278', '184']
['481', '194', '291', '36', '261', '38', '230', '345', '329', '301', '431', '210', '466', '115', '213', '178', '22', '185']
['1', '388', '4', '403', '406', '282', '162', '164', '166', '176', '51', '182', '189', '319', '448', '455', '460', '475', '227', '233', '236', '239', '241', '375', '248', '127']
