['128', '1', '385', '3', '390', '136', '10', '398', '18', '406', '25', '157', '30', '34', '165', '296', '170', '429', '432', '51', '317', '320', '72', '201', '203', '336', '344', '95', '481', '226', '355', '357', '360', '361', '492', '494', '495', '113', '115', '125']
['259', '5', '273', '149', '152', '155', '163', '38', '39', '422', '166', '302', '303', '48', '433', '181', '310', '315', '446', '63', '319', '198', '205', '334', '82', '472', '217', '90', '218', '475', '474', '347', '348', '96', '230', '109', '372', '378', '252', '381']
['256', '130', '269', '271', '404', '160', '420', '168', '171', '46', '434', '52', '55', '314', '193', '323', '195', '327', '328', '202', '74', '462', '207', '339', '212', '341', '345', '222', '375', '482', '227', '236', '237', '110', '111', '247', '249']
['384', '2', '132', '263', '138', '139', '268', '142', '399', '147', '21', '24', '26', '414', '37', '167', '40', '182', '450', '322', '196', '67', '454', '455', '456', '331', '461', '206', '80', '83', '343', '216', '219', '479', '225', '354', '106', '369', '374', '255']
['0', '262', '12', '276', '405', '280', '154', '28', '415', '416', '33', '290', '291', '292', '294', '423', '297', '316', '66', '451', '69', '458', '76', '204', '335', '81', '473', '476', '477', '349', '94', '480', '484', '232', '105', '104', '379', '246', '251']
['257', '388', '293', '199', '393', '490', '368', '338', '307', '275', '50', '478']
['288', '483', '391', '103', '392', '42', '200', '172', '362', '299', '112', '497', '241', '407', '187']
['194', '131', '387', '325', '418', '460', '430', '17', '371', '127']
['258', '6', '9', '137', '84', '469', '470', '89', '410', '282', '91', '161', '358', '43', '428', '235', '174', '365', '53', '438', '121']
['448', '70', '146', '340', '277', '150', '31', '353', '169', '300', '366', '499', '436', '245', '54', '124', '61', '254']
['324', '4', '389', '134', '197', '394', '270', '210', '215', '346', '311', '435', '180', '439', '58', '123']
['260', '16', '27', '156', '162', '36', '295', '425', '427', '45', '47', '304', '431', '179', '184', '56', '189', '318', '192', '71', '73', '459', '75', '337', '85', '214', '223', '228', '487', '488', '108', '367', '239', '498', '383']
['65', '449', '135', '264', '7', '457', '14', '465', '403', '279', '29', '99', '164', '486', '313', '231', '363', '175', '114', '183', '312', '441']
['8', '11', '396', '143', '272', '20', '409', '412', '284', '421', '301', '173', '176', '305', '308', '190', '453', '330', '77', '463', '208', '466', '213', '471', '97', '98', '102', '359', '491', '238', '242', '250']
['129', '265', '267', '145', '19', '278', '408', '411', '283', '158', '286', '417', '419', '424', '41', '426', '178', '309', '440', '185', '443', '188', '64', '329', '332', '333', '79', '87', '220', '351', '485', '229', '233', '107', '244', '120', '380']
['261', '133', '395', '140', '397', '400', '274', '148', '22', '23', '281', '285', '287', '159', '44', '177', '306', '57', '59', '445', '447', '321', '209', '467', '468', '342', '88', '92', '221', '350', '352', '234', '493', '116', '373', '118', '119', '377', '122', '126']
['211', '60', '117', '15']
['386', '35', '68', '100', '452', '489', '364', '13', '402', '243', '370', '437', '86', '413', '253', '442', '93', '62']
['248', '224', '32', '101', '326', '298', '266', '141', '78', '464', '144', '151', '376', '153', '382']
['289', '356', '496', '240', '49', '401', '186', '444', '191']
