['385', '2', '259', '138', '396', '397', '272', '18', '22', '154', '155', '36', '37', '423', '167', '43', '44', '432', '52', '54', '59', '189', '448', '193', '450', '64', '194', '454', '247', '221', '351', '354', '99', '486', '363', '495', '496', '243', '244', '117', '118', '119', '121']
['0', '262', '135', '6', '137', '263', '267', '140', '139', '13', '283', '158', '416', '160', '291', '292', '163', '179', '312', '442', '446', '321', '199', '200', '201', '202', '75', '208', '84', '213', '473', '90', '348', '476', '353', '98', '226', '233', '110', '377', '252']
['387', '331', '332', '401', '19', '86', '26', '474', '413', '479', '417', '293', '357', '231', '308', '253']
['384', '1', '130', '3', '132', '9', '393', '395', '206', '143', '16', '79', '334', '414', '418', '425', '111', '53', '55', '381', '318']
['389', '71', '264', '205', '333', '464', '183', '282', '345', '284', '29', '31', '33', '482', '487', '104', '234', '107', '364', '365', '178', '498', '439', '248', '57']
['452', '133', '326', '472', '392', '235', '171', '15', '336', '337', '405', '184', '58', '443', '447']
['276', '164', '300', '46', '431', '177', '435', '51', '191', '198', '459', '204', '466', '83', '212', '210', '218', '346', '475', '93', '352', '481', '484', '228', '485', '361', '492', '237', '494', '497', '115', '499', '245', '123']
['96', '320', '34', '427', '47', '304', '436', '440', '125']
['449', '455', '136', '78', '400', '145', '144', '80', '406', '415', '289', '97', '355', '294', '102', '424', '169', '359', '490', '106', '173', '302', '109', '434', '370', '181', '311', '316']
['257', '270', '462', '274', '279', '412', '30', '94', '290', '39', '362', '236', '367', '176', '306', '314', '188', '254', '383']
['322', '66', '68', '72', '108', '366', '368', '275', '437', '285', '222']
['256', '195', '261', '390', '265', '11', '141', '14', '271', '399', '335', '468', '277', '469', '27', '350', '159', '165', '166', '295', '230', '297', '239', '113', '120', '255']
['192', '260', '69', '70', '197', '457', '394', '403', '467', '151', '89', '156', '220', '35', '227', '422', '103', '296', '122', '426', '174', '175', '373', '374', '249', '186', '187', '317', '127']
['129', '4', '327', '266', '268', '402', '87', '343', '24', '347', '483', '48', '379', '56', '378', '251', '63']
['73', '329', '461', '273', '465', '404', '342', '344', '91', '349', '477', '288', '161', '41', '491', '428', '238', '240', '433', '313', '444', '445']
['65', '382', '131', '458', '203', '269', '207', '17', '147', '20', '149', '211', '340', '478', '100', '38', '360', '429', '430', '112', '49', '438', '182', '124', '61', '190']
['258', '8', '12', '150', '25', '162', '42', '309', '310', '441', '67', '196', '74', '330', '460', '463', '209', '81', '339', '470', '215', '219', '224', '225', '488', '241', '242', '114']
['386', '391', '142', '146', '23', '152', '153', '280', '286', '287', '168', '299', '172', '301', '303', '305', '307', '60', '323', '324', '453', '338', '85', '214', '88', '95', '358', '105', '489', '369', '371', '116', '246', '375', '376', '380']
['388', '5', '134', '7', '278', '407', '409', '410', '28', '157', '419', '420', '421', '40', '50', '180', '185', '315', '319', '325', '456', '341', '471', '92', '480', '356', '101', '493']
['128', '10', '398', '148', '21', '408', '281', '411', '32', '298', '170', '45', '62', '451', '328', '76', '77', '82', '216', '217', '223', '229', '232', '372', '250', '126']
