['Ursula5', 'Gioacchino6', 'Ariel9', 'Walter7', 'Timoteo4', 'Edilio5', 'Modesto4', 'Cleros7', 'Mecren5', 'Marcella4', 'Orfeo5', 'Michael4', 'Umberto9', 'Lisa0', 'Alighiero7', 'Ercole9', 'Rita6', 'Amedeo1', 'Danthon5', 'Loretta4']
['Lidia6', 'Cassiopea9', 'Rebecca2', 'Renato5', 'Kayla3', 'Bettino8', 'Caio6', 'Quarto3', 'Radames1', 'Jacopo3', 'Baldassarre3', 'Prisca2', 'Hector0', 'Romeo4', 'Nabil5', 'Lamberto6', 'Jacopo4', 'Cosetta2', 'Erminio4', 'Orfeo1']
['Benedetta1', 'Emanuel1', 'Dante0', 'Liborio8', 'Elio8', 'Lauro5', 'Pablo7', 'Guendalina3', 'Alessandro3', 'Lino4', 'Tazio7', 'Arcibaldo8', 'Fatima0', 'Marina6', 'Cassiopea3', 'Claudia1', 'Ercole8', 'Gerlando9', 'Luigi7', 'Fernando8']
['Ian0', 'Artes8', 'Folco4', 'Rocco9', 'Gioacchino7', 'Maika6', 'Guido1', 'Armando0', 'Erminia8', 'Mariano0', 'Anselmo9', 'Sibilla4', 'Nestore8', 'Osea0', 'Mirko4', 'Sesto4', 'Concetta5', 'Oreste0', 'Maggiore3', 'Mietta2']
['Rosita1', 'Amerigo5', 'Rosaria8', 'Fabio9', 'Gianriccardo3', 'Piersilvio3', 'Graziano0', 'Cleros2', 'Benedetta4', 'Elio3', 'Sebastian2', 'Sebastian4', 'Matteo9', 'Genziana8', 'Lia2', 'Bibiana6', 'Max1', 'Elga8', 'Tazio1', 'Ethan3']
['Ermes9', 'Albino1', 'Tristano8', 'Leonardo0', 'Marzio5', 'Fatima2', 'Michele7', 'Sesto2', 'Italo5', 'Kris2', 'Renzo5', 'Vinicio8', 'Maika9', 'Elsa0', 'Miriam8', 'Tolomeo6', 'Valdo9', 'Osea1', 'Bettino1', 'Emanuel3']
['Arduino8', 'Elda2', 'Dante5', 'Prisca3', 'Ercole1', 'Rosalba8', 'Ian2', 'Marina4', 'Nathan9', 'Tancredi4', 'Audenico0', 'Piersilvio0', 'Assia4', 'Rosalba1', 'Priamo8', 'Pablo9', 'Rodolfo9', 'Nestore6', 'Miriana4', 'Eusebio6']
['Trevis2', 'Nestore7', 'Fatima9', 'Siro3', 'Eustachio2', 'Elda4', 'Gaetano4', 'Ferdinando6', 'Samira6', 'Egisto1', 'Vania3', 'Cira7', 'Joannes5', 'Loretta1', 'Sasha7', 'Gianmarco5', 'Cassiopea8', 'Rosalino0', 'Giulio2', 'Armando8']
['Carmela3', 'Anselmo3', 'Marieva7', 'Fortunata0', 'Filomena3', 'Kai5', 'Jole3', 'Laerte9', 'Violante6', 'Tancredi5', 'Ettore0', 'Siro8', 'Loris4', 'Ferdinando0', 'Ruth1', 'Doriana2', 'Marcella3', 'Secondo5', 'Soriana6', 'Avide3']
['Ermes4', 'Valdo2', 'Emanuel7', 'Celeste3', 'Diamante6', 'Ione9', 'Costantino7', 'Manfredi5', 'Orfeo4', 'Sasha9', 'Giorgio6', 'Secondo0', 'Mietta0', 'Flaviana6', 'Augusto8', 'Gregorio7', 'Jack2', 'Bortolo5', 'Pacifico0', 'Teseo4']
['Danuta0', 'Ubaldo2', 'Clodovea1', 'Xavier7', 'Ulrico6', 'Mattia9', 'Sue0', 'Fiorenzo8', 'Cleros5', 'Monia6', 'Primo9', 'Laerte0', 'Thea5', 'Priamo0', 'Siro2', 'Nicoletta3', 'Raniero0', 'Kayla9', 'Cleros4', 'Giacobbe7']
['Santo9', 'Alan9', 'Rufo5', 'Anastasio7', 'Amerigo1', 'Sue2', 'Marianita8', 'Olimpia3', 'Eriberto1', 'Jari0', 'Mariagiulia0', 'Marianita5', 'Fabiano1', 'Cleopatra8', 'Giovanna5', 'Pietro1', 'Nestore4', 'Nestore3', 'Rebecca5', 'Irene7']
['Demi6', 'Iacopo2', 'Evangelista9', 'Rosolino0', 'Emidio9', 'Alighieri1', 'Muzio8', 'Demis3', 'Gianantonio3', 'Michael9', 'Tancredi6', 'Gianantonio5', 'Luce0', 'Jelena1', 'Damiana2', 'Isabel6', 'Osvaldo5', 'Luce6', 'Penelope5', 'Osea9']
['Italo9', 'Marcella0', 'Giorgio3', 'Monia8', 'Odone9', 'Eriberto9', 'Marzio7', 'Folco0', 'Raoul7', 'Alessio3', 'Filomena4', 'Orfeo9', 'Arturo8', 'Adriano0', 'Loredana6', 'Joseph3', 'Dylan9', 'Carmela6', 'Bibiana4', 'Cesidia8']
['Ludovico2', 'Odone4', 'Gaetano5', 'Erminia5', 'Laura1', 'Matilde9', 'Cleopatra7', 'Ercole2', 'Giancarlo3', 'Sirio6', 'Marzio6', 'Erminia2', 'Mattia1', 'Pierfrancesco0', 'Carlo1', 'Quirino1', 'Ilario9', 'Nathan3', 'Miriam7', 'Guido6']
['Cleopatra1', 'Fabio8', 'Celeste4', 'Ubaldo1', 'Domiziano7', 'Battista3', 'Anselmo8', 'Lazzaro2', 'Diamante4', 'Odone8', 'Tommaso8', 'Kris3', 'Folco6', 'Laura9', 'Luigi4', 'Davide5', 'Giulietta7', 'Rebecca6', 'Gelsomina6', 'Ethan7']
['Cira8', 'Concetta1', 'Penelope7', 'Giordano5', 'Gavino8', 'Noah0', 'Noel4', 'Joshua3', 'Antonio9', 'Serse1', 'Amedeo5', 'Marino4', 'Brigitta5', 'Mietta1', 'Maggiore2', 'Liborio4', 'Caligola7', 'Ivano3', 'Bortolo9', 'Maruska3']
['Deborah2', 'Cleopatra5', 'Assia0', 'Jari2', 'Clodovea2', 'Karim1', 'Fabiano3', 'Pacifico5', 'Zaccaria2', 'Walter1', 'Primo1', 'Moreno5', 'Terzo7', 'Mauro7', 'Brigitta8', 'Walter3', 'Davide8', 'Timoteo9', 'Gregorio2', 'Umberto6']
['Anastasio3', 'Timoteo5', 'Giobbe6', 'Edipo5', 'Caligola0', 'Iacopo1', 'Vania2', 'Cleros6', 'Gianmaria7', 'Lorenzo9', 'Siro0', 'Carmelo4', 'Silvano4', 'Sarita7', 'Mariagiulia3', 'Enzo0', 'Ludovico9', 'Costanzo4', 'Donatella7', 'Elsa1']
['Orfeo7', 'Folco8', 'Trevis3', 'Enzo6', 'Ausonio0', 'Radames4', 'Costanzo6', 'Demis1', 'Oretta9', 'Giovanna3', 'Deborah9', 'Lidia0', 'Isabel1', 'Gianriccardo2', 'Nathan2', 'Alberto5', 'Primo3', 'Marino8', 'Marina7', 'Marvin0']
['Alessio7', 'Gilda5', 'Samira4', 'Mecren9', 'Rosalino2', 'Radames7', 'Nico1', 'Benedetta5', 'Umberto0', 'Loredana0', 'Edilio6', 'Elga3', 'Leonardo7', 'Gilda2', 'Mirko6', 'Quasimodo0', 'Fortunata6', 'Marianita7', 'Fiorenzo1', 'Sirio1']
['Erminio9', 'Vera2', 'Santo3', 'Marzio4', 'Eustachio1', 'Odino9', 'Enrico1', 'Adriano1', 'Noah6', 'Nayade9', 'Sandro2', 'Fiorenzo7', 'Mariagiulia9', 'Enzo3', 'Ileana5', 'Nestore5', 'Furio5', 'Edilio2', 'Arduino5', 'Lauro3']
['Lidia4', 'Karim8', 'Edipo4', 'Amedeo6', 'Fiorentino3', 'Eriberto7', 'Gianantonio6', 'Nazzareno0', 'Giacinto6', 'Nico6', 'Caio2', 'Thea4', 'Giorgio2', 'Joseph7', 'Armando5', 'Tolomeo0', 'Marieva8', 'Joshua0', 'Eusebio3', 'Renzo6']
['Oretta5', 'Davide1', 'Miriana7', 'Sabatino1', 'Odino6', 'Laerte5', 'Concetta9', 'Demis2', 'Antimo9', 'Leonardo1', 'Aroldo4', 'Ercole4', 'Claudia6', 'Folco3', 'Enzo7', 'Antonino6', 'Deborah4', 'Eliziario6', 'Miriana9', 'Patrizio4']
['Jarno1', 'Sarita4', 'Siro9', 'Trevis8', 'Ethan9', 'Sabino2', 'Cirino1', 'Xavier5', 'Akira3', 'Mattia6', 'Sesto8', 'Romeo2', 'Damiana9', 'Zelida4', 'Mariagiulia4', 'Marianita1', 'Demi9', 'Azue3', 'Gianleonardo6', 'Tristano5']
