['Emilee', 'Merline', 'Shelli', 'Joycelin', 'Heidie', 'Devinne', 'Jeannette', 'Ealasaid', 'Tatiana', 'Herminia', 'Erma', 'Ashlen', 'Lori', 'Drucill', 'Lila', 'Mia', 'Paula', 'Imogen', 'Raven']
['Reta', 'Donella', 'Zita', 'Jeannie', 'Gerrilee', 'Carmelia', 'Toma', 'Lettie', 'Natala', 'Joannes', 'Madelyn', 'Chris', 'Cristina', 'Bria', 'Clari', 'Tiffani', 'Lisbeth', 'Kinna', 'Linette']
['Maryl', 'Dolores', 'AnnaDiana', 'Gabriell', 'Phil', 'Constantia', 'Emmalynne', 'Mareah', 'Geralda', 'Anya', 'Delila', 'Siusan', 'Sharron', 'Terra', 'Fawne', 'Misti', 'Jodi', 'Jolie', 'Shelia']
['Thomasina', 'Carlye', 'Lorinda', 'Trista', 'Zoe', 'Christabel', 'Garland', 'Toni', 'Katalin', 'Cecelia', 'Giselle', 'Brandise', 'Shelby', 'Marlyn', 'Kippy', 'Courtnay', 'Loria', 'Christin', 'Tessy']
['Jsandye', 'Karlotta', 'Jessamyn', 'Jessika', 'Barbaraanne', 'Eadie', 'Kerstin', 'Sheena', 'Pandora', 'Di', 'Arliene', 'Tanhya', 'Kania', 'Ardenia', 'Jorey', 'Daisi', 'Kaylyn', 'Leora', 'Sheilah']
['Constantina', 'Inna', 'Bell', 'Goldi', 'Natalina', 'Biddie', 'Brynne', 'Emmy', 'Nicoli', 'Kalindi', 'Cate', 'Maddalena', 'Trude', 'Lacey', 'Clemmy', 'Leona', 'Nadine', 'Maryjo', 'Heather']
['Neila', 'Gussy', 'Janette', 'Lynnett', 'Faith', 'Nerissa', 'Zorana', 'Gigi', 'Goldina', 'Hatty', 'Nolana', 'Laureen', 'Keri', 'Carline', 'Deeann', 'Caryn', 'Gaynor', 'Amabel', 'Bibbie']
['Elinor', 'Renelle', 'Harrie', 'Alvina', 'Grazia', 'Kacey', 'Willabella', 'Jada', 'Vi', 'Avivah', 'Jacquenette', 'Lorena', 'Hyacinth', 'Genni', 'Lois', 'Penny', 'Melva', 'Livia', 'Fredelia']
['Mina', 'Christina', 'Sephira', 'Nora', 'Darcee', 'Brigid', 'Henrietta', 'Emelina', 'Idalina', 'Edi', 'Katha', 'Betteanne', 'Sallyanne', 'Lorna', 'Billy', 'Nelia', 'Leilah', 'Raine', 'Rosalinde']
['Kora', 'Carree', 'Tobi', 'Andree', 'Honey', 'Kathlin', 'Cayla', 'Henriette', 'Feliza', 'Brenn', 'Tressa', 'Marley', 'Neilla', 'Magdaia', 'Wilone', 'Libbi', 'Dianna', 'Chrystel']
['Jennica', 'Katleen', 'Marcia', 'Kellen', 'Coretta', 'Aubrette', 'Jenna', 'Wilow', 'Kata', 'Esmaria', 'Annie', 'Jeralee', 'Kettie', 'Karisa', 'Kay']
['Prudi', 'Joly', 'AnnaDiane', 'Pippy', 'Phillis', 'Gerianna', 'Claudina', 'Fayina', 'Joleen', 'Brynna', 'Paulette', 'Raye', 'Midge', 'Ashely', 'Meggy', 'Patience']
['Frankie', 'Madalena', 'Anthe', 'Riannon', 'Pierrette', 'Winifred', 'Tamarra', 'Uta', 'Vanessa', 'Erinna', 'Laraine', 'Miquela', 'Jess', 'Vin', 'Jaime', 'Shani', 'Laurice']
['Cynde', 'Crystie', 'Minnnie', 'Callie', 'Jasmin', 'Deny', 'Veronike', 'Corinna', 'Wendeline', 'Siobhan', 'Vallie', 'Kiersten', 'Vivia', 'Kassia', 'Vonny', 'Tamarah', 'Ortensia', 'Roseann', 'Laverna']
['Edeline', 'Marice', 'Flori', 'Starr', 'Danell', 'Coral', 'Pollyanna', 'Charis', 'Jobina', 'Kelcey', 'Dayle', 'Melodie', 'Tybi', 'Madonna', 'Rebbecca', 'Ethelind', 'Lita', 'Corey', 'Denyse']
['Sharla', 'Genna', 'Cory', 'Meris', 'Kristin', 'Bobbie', 'Pansie', 'Analise', 'Verina', 'Liz', 'Evvy', 'Lilla', 'Nerta', 'Sibylle', 'Catina']
['Ray', 'Fayth', 'Rosene', 'Lillis', 'Allsun', 'Essa', 'Janey', 'Nomi', 'Sara', 'Stefa', 'Cinnamon', 'Silva', 'Valentine', 'Bessy', 'Reeva', 'Therine', 'Cherry', 'Sofia', 'Lisabeth']
['Cammie', 'Costanza', 'Alyce', 'Kial', 'Marylou', 'Rozanna', 'Ondrea', 'Ashli', 'Clemmie', 'Suellen', 'Harriett', 'Cordy', 'Reggi', 'Tresa', 'Viva', 'Evangeline', 'Shayna', 'Giralda', 'Sue']
['Natka', 'Jeannine', 'Megan', 'Debbie', 'Ardine', 'Shaina', 'Lorraine', 'Karol', 'Ginger', 'Dulcie', 'Shay', 'Tersina', 'Marla', 'Sayre', 'Lona', 'Philomena', 'Erna', 'Lina', 'Isabelle']
['Mehetabel', 'Jane', 'Randene', 'Elayne', 'Romonda', 'Corella', 'Hendrika', 'Ellie', 'Sherline', 'Laverne', 'Dulcea', 'Eula', 'Shayne']
['HelenElizabeth', 'Yalonda', 'Ivie', 'Pia', 'Matilda', 'Tammy', 'Rachel', 'Mariejeanne', 'Moyra', 'Geri', 'Kylen', 'Serena', 'Arleyne', 'Paulina', 'Marjie', 'Noelyn', 'Gwendolen', 'Tanya', 'Vilma']
['Madelin', 'Anjanette', 'Libby', 'Helenka', 'Jeniffer', 'Koressa', 'Eddi', 'Amitie', 'Tilda', 'Freda', 'Robena', 'Johnette', 'Idell', 'Sophie', 'Cordie', 'Ula', 'Lanni', 'Chelsea', 'Phedra']
['SheilaKathryn', 'Sheeree', 'Lavinia', 'Gayle', 'Thalia', 'Licha', 'Martguerita', 'Pavla', 'Bonnee', 'Dulcia', 'Milena', 'Merrielle', 'Camille', 'Lindsy', 'Valerie', 'Susana', 'Camilla', 'Stepha']
['Oliy', 'Elisabet', 'Mariette', 'Mable', 'Lorrin', 'Jaclyn', 'Renae', 'Rosina', 'Sheree', 'Debby', 'Myrilla', 'Laura', 'Lauretta', 'Vickie', 'Marigold', 'Blake', 'Una', 'Andriette', 'Susi']
['Lyn', 'Almeda', 'Brandie', 'Lia', 'Annalee', 'Tova', 'Barbe', 'Patti', 'Dana', 'Saundra', 'Rosalind', 'Eve', 'Rasla', 'Nevsa', 'Gwenette']
