['449', '71', '392', '74', '268', '269', '210', '150', '414', '222', '482', '163', '291', '98', '166', '362', '43', '428', '46', '47', '437', '117', '383']
['386', '194', '323', '325', '198', '391', '205', '399', '18', '402', '211', '348', '157', '292', '485', '422', '101', '104', '427', '495', '179', '313', '127']
['330', '396', '14', '273', '242', '147', '180', '84', '119', '283']
['384', '1', '192', '197', '453', '463', '148', '469', '24', '183', '218', '411', '91', '475', '158', '478', '33', '171', '365', '370', '307', '311', '444']
['2', '324', '134', '455', '456', '202', '142', '20', '216', '100', '423', '361', '492', '366', '240', '177', '308', '181', '182', '184', '58', '379', '447']
['320', '133', '9', '81', '277', '23', '343', '412', '93', '481', '483', '36', '355', '425', '169', '107', '303', '115', '439', '56', '57', '319']
['200', '206', '16', '145', '404', '468', '341', '407', '346', '352', '165', '294', '487', '168', '359', '42', '176', '50', '498', '373', '374', '60', '125']
['132', '4', '264', '137', '138', '267', '141', '397', '15', '80', '466', '21', '85', '471', '215', '473', '26', '95', '160', '417', '479', '229', '40']
['322', '387', '6', '390', '136', '266', '401', '339', '276', '89', '413', '350', '288', '97', '99', '357', '39', '489', '172', '173', '236', '48', '241']
['129', '454', '13', '82', '213', '151', '410', '90', '220', '159', '32', '223', '230', '231', '299', '363', '112', '178', '434', '244', '314', '251', '62']
['64', '3', '77', '340', '405', '22', '416', '227', '356', '37', '108', '430', '431', '239', '243', '116', '245', '441', '316', '381', '190']
['385', '131', '394', '76', '332', '19', '87', '27', '347', '285', '94', '248', '289', '228', '167', '41', '113', '306', '371', '440', '186', '380', '191']
['258', '7', '393', '459', '140', '331', '334', '208', '86', '409', '476', '349', '354', '419', '175', '433', '114', '499', '372', '189', '254']
['66', '67', '260', '389', '261', '262', '195', '70', '10', '328', '209', '275', '212', '149', '224', '162', '296', '364', '494', '367', '432', '442', '252']
['448', '259', '388', '73', '201', '75', '398', '79', '279', '286', '96', '480', '38', '102', '486', '170', '45', '237', '49', '497', '436', '185', '250']
['65', '69', '327', '265', '139', '462', '78', '144', '146', '408', '152', '154', '472', '477', '161', '226', '293', '232', '234', '44', '111', '315', '63']
['450', '196', '199', '460', '272', '337', '217', '225', '249', '109', '110', '305', '369', '435', '52', '53', '438', '310', '377', '255']
['257', '68', '263', '395', '12', '333', '335', '17', '342', '470', '88', '155', '284', '219', '30', '290', '484', '421', '295', '491', '301', '59', '446']
['256', '321', '451', '8', '464', '83', '467', '282', '415', '418', '488', '297', '426', '238', '309', '54', '247', '312', '378', '123', '188', '445', '382']
['0', '135', '403', '278', '25', '35', '302', '51', '443', '193', '326', '457', '458', '461', '207', '214', '345', '221', '351', '103', '360', '118', '253']
['128', '318', '5', '204', '429', '120', '368', '124', '406', '246', '376', '156', '61', '126', '287']
['11', '270', '143', '280', '281', '28', '164', '420', '424', '298', '55', '187', '317', '452', '72', '329', '336', '465', '344', '92', '353', '106', '375']
['130', '271', '400', '274', '153', '29', '31', '34', '300', '174', '304', '203', '338', '474', '358', '233', '105', '235', '490', '493', '496', '121', '122']
