['285', '346', '374', '398', '387', '200', '80', '239', '77', '247', '246', '192', '112', '176', '163', '309', '124', '279', '172', '21', '10', '152', '338']
['330', '286', '6', '46', '96', '290', '53', '115', '114', '140', '300', '174', '131', '339', '187', '226', '150', '378']
['323', '343', '349', '264', '269', '86', '209', '51', '274', '130', '351', '183', '186', '217', '105', '39', '24', '26', '30', '365', '362']
['283', '159', '47', '397', '201', '5', '199', '250', '360', '257', '167', '125', '355', '225', '33', '222', '23', '28', '370', '363', '18']
['344', '383', '376', '42', '296', '40', '95', '204', '76', '1', '193', '79', '113', '170', '353', '368', '13', '379', '334']
['382', '333', '49', '258', '57', '234', '50', '256', '72', '168', '270', '301', '133', '151', '253', '182', '103', '106', '107', '138', '211', '366', '15', '288']
['332', '88', '44', '389', '61', '43', '259', '295', '55', '245', '230', '117', '146', '121', '126', '352', '306', '228', '185', '38', '369', '361']
['322', '266', '395', '82', '83', '195', '63', '233', '177', '118', '123', '108', '350', '318', '181', '134', '214', '224', '153']
['284', '385', '342', '324', '89', '260', '265', '394', '291', '197', '243', '242', '144', '145', '120', '162', '275', '29', '304', '137', '180', '215', '218', '37', '36', '14']
['142', '68', '384', '129', '292', '67', '194', '255', '400', '34', '111', '165', '335']
['377', '263', '48', '267', '299', '202', '59', '207', '235', '237', '169', '2', '271', '110', '102', '100', '359', '307', '313', '311', '25', '3', '31', '289', '154', '157']
['326', '41', '252', '52', '74', '70', '12', '141', '148', '173', '316', '188', '315', '221', '390', '281']
['160', '345', '158', '321', '261', '99', '303', '325', '60', '354', '32', '22', '231', '240']
['156', '375', '336', '347', '320', '341', '93', '294', '54', '75', '73', '164', '272', '178', '149', '132', '319', '229', '104', '371', '4', '280']
['372', '381', '399', '327', '98', '396', '297', '97', '66', '81', '87', '84', '208', '198', '244', '147', '179', '175', '277', '171', '127', '227', '184', '27', '189', '391', '364']
['122', '35', '58', '293', '317', '69', '213', '11', '223', '19', '314', '232', '241', '155', '282']
['161', '287', '331', '388', '328', '305', '101', '205', '268', '210', '220', '219', '249', '373']
['380', '119', '273', '9', '393', '356', '128', '298', '45', '136', '139', '206', '238', '251', '236', '367', '191', '16']
['340', '65', '85', '7', '196', '190', '166', '109', '216', '62', '337', '262', '92', '94', '56', '8', '143', '302', '312', '310', '20']
['386', '392', '348', '64', '254', '248', '276', '357', '278', '358', '212', '17', '91', '90', '329', '203', '71', '116', '78', '308', '135']
