['Vertex104', 'Vertex169', 'Vertex45', 'Vertex237', 'Vertex116', 'Vertex189', 'Vertex329', 'Vertex331', 'Vertex146', 'Vertex275', 'Vertex152', 'Vertex344', 'Vertex91', 'Vertex157', 'Vertex158', 'Vertex221', 'Vertex422']
['Vertex399', 'Vertex195', 'Vertex439', 'Vertex121', 'Vertex321', 'Vertex259', 'Vertex70', 'Vertex199']
['Vertex72', 'Vertex302', 'Vertex431', 'Vertex111', 'Vertex244', 'Vertex286', 'Vertex320', 'Vertex224', 'Vertex423']
['Vertex136', 'Vertex170', 'Vertex429', 'Vertex86', 'Vertex215', 'Vertex57', 'Vertex155', 'Vertex128', 'Vertex230']
['Vertex43', 'Vertex364', 'Vertex141', 'Vertex207', 'Vertex208', 'Vertex49', 'Vertex376', 'Vertex281', 'Vertex378', 'Vertex250', 'Vertex218', 'Vertex253', 'Vertex160', 'Vertex292', 'Vertex421']
['Vertex424', 'Vertex265', 'Vertex107', 'Vertex398', 'Vertex142', 'Vertex282', 'Vertex187', 'Vertex229']
['Vertex298', 'Vertex267', 'Vertex335', 'Vertex145', 'Vertex179', 'Vertex147', 'Vertex149', 'Vertex410', 'Vertex412', 'Vertex188', 'Vertex96']
['Vertex361', 'Vertex330', 'Vertex426', 'Vertex303', 'Vertex209', 'Vertex131', 'Vertex246', 'Vertex183', 'Vertex216', 'Vertex313', 'Vertex280', 'Vertex151', 'Vertex418', 'Vertex291', 'Vertex71']
['Vertex109', 'Vertex113', 'Vertex50', 'Vertex249', 'Vertex59', 'Vertex190', 'Vertex191', 'Vertex256', 'Vertex254', 'Vertex392', 'Vertex266', 'Vertex333', 'Vertex210', 'Vertex405', 'Vertex346', 'Vertex283', 'Vertex95']
['Vertex110', 'Vertex48', 'Vertex435', 'Vertex436', 'Vertex437', 'Vertex196', 'Vertex58', 'Vertex161', 'Vertex388']
['Vertex232', 'Vertex42', 'Vertex299', 'Vertex205', 'Vertex385', 'Vertex178', 'Vertex339', 'Vertex373', 'Vertex56', 'Vertex416', 'Vertex257', 'Vertex130', 'Vertex227']
['Vertex200', 'Vertex225', 'Vertex139', 'Vertex270', 'Vertex212', 'Vertex315', 'Vertex220', 'Vertex61', 'Vertex97', 'Vertex295']
['Vertex296', 'Vertex297', 'Vertex368', 'Vertex369', 'Vertex211', 'Vertex308', 'Vertex403', 'Vertex438', 'Vertex310', 'Vertex342', 'Vertex322']
['Vertex425', 'Vertex301', 'Vertex112', 'Vertex306', 'Vertex83', 'Vertex276', 'Vertex407', 'Vertex120', 'Vertex89', 'Vertex379', 'Vertex125', 'Vertex382', 'Vertex323', 'Vertex389']
['Vertex138', 'Vertex268', 'Vertex397', 'Vertex401', 'Vertex241', 'Vertex251', 'Vertex252', 'Vertex316']
['Vertex105', 'Vertex269', 'Vertex277', 'Vertex55', 'Vertex411', 'Vertex348', 'Vertex123', 'Vertex156', 'Vertex92', 'Vertex288', 'Vertex193', 'Vertex386', 'Vertex419', 'Vertex228', 'Vertex134']
['Vertex40', 'Vertex106', 'Vertex427', 'Vertex366', 'Vertex304', 'Vertex349', 'Vertex383', 'Vertex358', 'Vertex135']
['Vertex328', 'Vertex44', 'Vertex174', 'Vertex81', 'Vertex370', 'Vertex372', 'Vertex85', 'Vertex53', 'Vertex185', 'Vertex223', 'Vertex353', 'Vertex231']
['Vertex272', 'Vertex428', 'Vertex222']
['Vertex235', 'Vertex176', 'Vertex337', 'Vertex242', 'Vertex309', 'Vertex154', 'Vertex347', 'Vertex93', 'Vertex192', 'Vertex98', 'Vertex99', 'Vertex324', 'Vertex69']
['Vertex233', 'Vertex66', 'Vertex79', 'Vertex63']
['Vertex374', 'Vertex108', 'Vertex255', 'Vertex341', 'Vertex117', 'Vertex182']
['Vertex153', 'Vertex78', 'Vertex356', 'Vertex290', 'Vertex260', 'Vertex68']
['Vertex46', 'Vertex271', 'Vertex432', 'Vertex404', 'Vertex409', 'Vertex318', 'Vertex126', 'Vertex163']
['Vertex164', 'Vertex377', 'Vertex234', 'Vertex394', 'Vertex65', 'Vertex274', 'Vertex52']
['Vertex434', 'Vertex122', 'Vertex343']
['Vertex171', 'Vertex177', 'Vertex186', 'Vertex60', 'Vertex258', 'Vertex73', 'Vertex75', 'Vertex76', 'Vertex334', 'Vertex400', 'Vertex402', 'Vertex214', 'Vertex406', 'Vertex279', 'Vertex415', 'Vertex100']
['Vertex41', 'Vertex236', 'Vertex433', 'Vertex150', 'Vertex375', 'Vertex184', 'Vertex285', 'Vertex355', 'Vertex261', 'Vertex326']
['Vertex201', 'Vertex332', 'Vertex300', 'Vertex367', 'Vertex336', 'Vertex143', 'Vertex338', 'Vertex245', 'Vertex101', 'Vertex62', 'Vertex354', 'Vertex357', 'Vertex262', 'Vertex263']
['Vertex325', 'Vertex64', 'Vertex102', 'Vertex114', 'Vertex181', 'Vertex118']
['Vertex360', 'Vertex206', 'Vertex278', 'Vertex88', 'Vertex380', 'Vertex350', 'Vertex162', 'Vertex390']
['Vertex203', 'Vertex204', 'Vertex47', 'Vertex273', 'Vertex345', 'Vertex384', 'Vertex417', 'Vertex194']
['Vertex395', 'Vertex140', 'Vertex175', 'Vertex239', 'Vertex240', 'Vertex80', 'Vertex82', 'Vertex248', 'Vertex408', 'Vertex219', 'Vertex159', 'Vertex287', 'Vertex132', 'Vertex165', 'Vertex166']
['Vertex362', 'Vertex363', 'Vertex172', 'Vertex396', 'Vertex77', 'Vertex173', 'Vertex74', 'Vertex124', 'Vertex127', 'Vertex420', 'Vertex133']
['Vertex168', 'Vertex144', 'Vertex115', 'Vertex307', 'Vertex180', 'Vertex54', 'Vertex311', 'Vertex213', 'Vertex129', 'Vertex359']
['Vertex393', 'Vertex137', 'Vertex365', 'Vertex430', 'Vertex51', 'Vertex414', 'Vertex198', 'Vertex327']
['Vertex238', 'Vertex391', 'Vertex340', 'Vertex87', 'Vertex119', 'Vertex312', 'Vertex352', 'Vertex387', 'Vertex103']
['Vertex84', 'Vertex314', 'Vertex413', 'Vertex381', 'Vertex197', 'Vertex294']
['Vertex264', 'Vertex202', 'Vertex243', 'Vertex148', 'Vertex247', 'Vertex217', 'Vertex317', 'Vertex319', 'Vertex351', 'Vertex167']
['Vertex305', 'Vertex371', 'Vertex90', 'Vertex284', 'Vertex94', 'Vertex289', 'Vertex226', 'Vertex67', 'Vertex293']
