['Kevin', 'Tyron', 'Jaime', 'Julio', 'Lanny', 'Avery', 'James', 'Nikki', 'Olive', 'Annie', 'Wendi', 'Tasha', 'Maria', 'Dante', 'Eddie', 'Melba', 'Maude']
['Laura', 'Davis', 'Mandy', 'Jayne', 'Erick', 'Steve', 'Chris', 'Sandy', 'Vilma', 'Merle', 'Sybil', 'Ilene', 'Mamie', 'Queen', 'Sonny', 'Leann', 'Sheri']
['Darin', 'Berta', 'Major', 'Daron', 'April', 'Marty', 'Buddy', 'Ariel', 'Lorie', 'Allan', 'Emery', 'Fidel', 'Sonja']
['Rusty', 'Ervin', 'Edwin', 'Bette', 'Emily', 'Alton', 'Elvin', 'Freda', 'Margo', 'Moshe', 'Amber', 'Homer', 'Katie']
['Casey', 'Barry', 'Paige', 'Roger', 'Tessa', 'Naomi', 'Ernie', 'Leona', 'Irvin', 'Tonia', 'Kathy', 'Janet', 'Clara']
['Rhett', 'Sally', 'Tommy', 'Alice', 'Bobbi', 'Arlen', 'Tracy']
['Lucio', 'Tanya', 'Ebony', 'Candy', 'Jamel', 'Daisy', 'Sadie', 'Erica', 'Essie', 'Josef', 'Jared', 'Sofia', 'Elias', 'Betsy', 'Wilma', 'Louis', 'Benny', 'Rhoda', 'Viola']
['Devin', 'Lauri', 'Lacey', 'Quinn', 'Bryce', 'Patti', 'Britt', 'Roman', 'Wendy', 'Trent', 'Jason', 'Elena', 'Effie', 'Chase']
['Zelma', 'Joann', 'Chang', 'Perry', 'Cliff', 'Myron', 'Pedro', 'Clark', 'Kayla', 'Verna', 'Shane', 'Moses', 'Erika', 'Amado', 'Aaron', 'Cesar']
['Flora', 'Bruno', 'Dario', 'Billy', 'Aline', 'Linda', 'Odell', 'Jamar']
['Wally', 'Misty', 'Maura', 'Malik', 'Leroy', 'Gayle', 'Issac', 'Corey', 'Twila', 'Debra']
['Terri', 'Carly', 'Karen', 'Marci', 'Fritz', 'Helga', 'Renee', 'Holly', 'Pearl', 'Brock', 'Robin', 'Tonya', 'Brent', 'Rufus']
['Chong', 'Della', 'Julia', 'Willy', 'Brady', 'Alvin', 'Elvia', 'Dusty', 'Nadia', 'Dixie', 'Carla', 'Nelda', 'Craig']
['Mable', 'Brian', 'Staci', 'Ruben', 'Claud', 'Ellen', 'Jonah', 'Adele', 'Basil', 'Elmer', 'Jacob', 'Roxie', 'Bryon', 'David', 'Donna', 'Kirby', 'Lydia', 'Shaun', 'Felix', 'Audra', 'Robyn']
['Dwain', 'Joyce', 'Orval', 'Elsie', 'Monty']
['Doris', 'Vicky', 'Lyman', 'Clyde', 'Janis', 'Marla', 'Ronny', 'Micah', 'Mason', 'Kelly', 'Greta', 'Wanda']
['Bryan', 'Hyman', 'Percy', 'Clint', 'Ahmad', 'Garry', 'Mitch', 'Mitzi', 'Randy', 'Grant']
['Mario', 'Terry', 'Adela', 'Mikel', 'Randi', 'Peter', 'Josie', 'Cindy', 'Wyatt', 'Donny', 'Nancy']
['Sammy', 'Leila', 'Karin', 'Pansy', 'Becky', 'Lorna', 'Danny', 'Marcy', 'Deann']
['Teddy', 'Cyrus', 'Tammi', 'Brant', 'Hilda', 'Ollie', 'Timmy', 'Hazel']
