['6', '103', '150', '219', '174']
['187', '228', '149']
['99', '51', '83', '198', '181', '56']
['28', '132', '85', '102']
['49', '66', '227', '212', '24', '188']
['160', '80', '179', '75', '124', '93']
['145', '244', '27', '172', '13', '47']
['68', '37', '105', '90', '236', '190']
['210', '40', '221', '106', '76', '29']
['65', '67', '131', '55', '71']
['101', '122', '39', '138', '11']
['96', '64', '182', '151', '74', '139']
['121', '237']
['129', '225', '195', '70', '136', '170']
['176', '180', '25', '127', '173', '95']
['114', '61', '184', '60', '45', '207']
['130', '4', '22']
['72', '20', '238']
['32', '155', '229', '214']
['7', '213', '15']
['112', '81', '245', '200', '152']
['161', '211', '21', '167', '248', '59']
['240', '163', '186', '153', '202', '31']
['193', '54', '118', '104', '169', '159']
['48', '141', '203', '12', '77', '142']
['33', '185', '5', '23']
['97', '209', '178', '135', '154', '191']
['189', '14']
['36', '84', '231', '92', '110']
['38', '86', '8', '215', '158']
['0', '164', '199', '41', '218', '140']
['192', '224', '217', '133', '233']
['148', '232', '91', '168', '143']
['58', '43', '197', '126']
['120', '205', '230', '246']
['208', '82', '243', '53', '223']
['88', '117', '109', '216']
['128', '16', '46', '201', '234', '206']
['1', '196', '249', '73', '171', '78']
['17', '115', '100', '156', '94', '63']
['2', '242', '9', '26', '44', '125']
['134', '166', '87', '62', '222']
['113', '98', '69', '183']
['144', '137', '34', '79']
['241', '50', '3', '247', '123', '111']
['18', '165', '250', '235', '157']
['10', '108', '175', '147', '116', '220']
['194', '35', '107', '239', '19', '119']
['89', '226', '204', '57']
['162', '42', '177', '146', '52', '30']
