['Isaac', 'Brady', 'Francisco', 'Clayton', 'Knox', 'Amari', 'Blake', 'Remington', 'Jesse', 'Asher']
['Dallas', 'Kenneth', 'Damien', 'Nicolas', 'Myles', 'Maverick', 'Bryson', 'David', 'Ryder', 'Reid']
['Jack', 'James', 'Logan', 'Austin', 'Micah', 'Gael', 'King', 'Jonah', 'Jason', 'Zayden']
['Paul', 'Julian', 'Maximus', 'Dominic', 'Zane', 'Miguel', 'Tobias', 'Sebastian', 'Finley', 'Sawyer']
['Jaden', 'Ryan', 'Lucas', 'Judah', 'Jesus', 'Iker', 'Malachi', 'Andres', 'Cash', 'Justin']
['Theo', 'Zachary', 'Israel', 'Tanner', 'Ethan', 'Kameron', 'Cody', 'Alex', 'Adriel', 'Kai']
['Robert', 'Luca', 'Alejandro', 'Messiah', 'Cayden', 'Holden', 'Calvin', 'Jonathan', 'Silas', 'Santiago']
['Javier', 'Edward', 'Karter', 'Miles', 'Henry', 'Declan', 'Connor', 'Nash', 'Luke', 'Max']
['Diego', 'Noah', 'Ace', 'Levi', 'Tyler', 'Owen']
['Timothy', 'Nicholas', 'Andrew', 'Elias', 'Jaxson', 'Eric', 'Charles', 'Luis', 'Jayden', 'Beau']
['Leonardo', 'Lincoln', 'Abraham', 'Kaiden', 'Cole', 'Camden', 'Rhett', 'Samuel', 'Lukas', 'Milo']
['Victor', 'George', 'Ian', 'Hayden', 'Evan', 'Arthur', 'Avery', 'Carter', 'Cameron', 'Caden']
['Marcus', 'Lorenzo', 'Kevin', 'Gunner', 'Juan', 'Grant', 'Stephen', 'Jose', 'Christian', 'John']
['Benjamin', 'Ivan', 'Ashton', 'Michael', 'Paxton', 'Josiah', 'Jackson', 'Amir', 'Dean', 'Karson']
['am', 'Easton', 'Ryker', 'Jameson', 'Adam', 'Colt', 'Hunter', 'Jude', 'Gabriel', 'Gavin']
['Christopher', 'Mark', 'Rowan', 'Thomas', 'Peter', 'Steven', 'Landon', 'Preston', 'Alan', 'Elliott']
['Waylon', 'Emilio', 'Angel', 'Brayden', 'Jordan', 'Matthew', 'Abel', 'Joseph', 'Bennett', 'Antonio']
['Jeremy', 'Carlos', 'Colton', 'Giovanni', 'Joel', 'Ezekiel', 'Felix', 'Brody', 'Thiago', 'Chase']
['Finn', 'Simon', 'Brantley', 'Jacob', 'Chance', 'Harrison', 'Kaleb', 'Wyatt']
['Manuel', 'Kingston', 'Killian', 'Mateo', 'Alexander', 'Derek', 'Greyson']
['Corbin', 'Xander', 'Joshua', 'Phoenix', 'Daniel', 'Louis', 'Cooper', 'Jake', 'Archer', 'Oscar']
['Bryce', 'Elijah', 'Oliver', 'Aaron', 'Aiden', 'Kyrie', 'Legend', 'Parker', 'Sean', 'Rylan']
['Enzo', 'Eduardo', 'Patrick', 'Brooks', 'Jorge', 'Nathaniel', 'Eli', 'Aidan', 'Jax', 'Erick']
['Grayson', 'Nolan', 'Ayden', 'William', 'Mason', 'Zion', 'Jayce', 'Zander', 'Jasper', 'Roman']
['Maxwell', 'Bradley', 'Andre', 'Caleb', 'Brandon', 'Leon', 'Jace', 'Damian', 'Adrian', 'Hudson']
['Kayden', 'Colin', 'Matias', 'Emiliano', 'Kyle', 'Griffin', 'Emmanuel', 'Matteo', 'Beckham', 'Emmett']
['Elliot', 'Beckett', 'Barrett', 'Jaxon', 'Vincent', 'Kaden', 'Bryan', 'Tucker', 'Riley', 'Jeremiah']
['Ezra', 'Weston', 'Tristan', 'Carson', 'Emerson', 'Braxton', 'Graham', 'Xavier', 'Dylan', 'Theodore']
['Dawson', 'Omar', 'Everett', 'Walter', 'River', 'Nathan', 'Isaiah', 'Josue', 'Martin', 'Brian']
['Bentley', 'Maddox', 'Axel', 'Richard', 'Wesley', 'Charlie', 'Rafael', 'Leo', 'August', 'Anthony']
