['66', '194', '36', '266', '142', '146', '275', '25', '187', '93', '318', '159']
['160', '167', '235', '12', '237', '46', '207', '219', '369', '278', '379']
['387', '228', '261', '361', '43', '302', '179', '246', '86', '152', '281', '60']
['193', '65', '215', '329', '44', '140', '16', '83', '374', '182', '58', '380']
['131', '326', '11', '109', '303', '81', '307', '181', '213', '248', '125', '63']
['67', '70', '265', '394', '106', '177', '178', '51', '311', '121', '186', '222']
['352', '97', '3', '362', '108', '141', '50', '339', '120', '253', '95', '383']
['64', '100', '6', '262', '9', '57']
['165', '75', '395', '206', '238', '334', '337', '242', '212', '118', '349', '189']
['288', '353', '257', '291', '197', '201', '169', '393', '364', '15', '144', '48']
['385', '321', '68', '73', '332', '366', '271', '208', '284', '94']
['34', '293', '8', '233', '299', '172', '397', '304', '209', '370', '53', '348']
['166', '359', '296', '360', '38', '110', '371', '87', '153', '314', '156', '255']
['323', '391', '200', '112', '180', '88', '378', '285']
['227', '236', '45', '78', '270', '400', '116', '149', '280', '31', '254', '191']
['192', '195', '164', '230', '104', '269', '398', '340', '21', '247', '124', '382']
['384', '161', '137', '298', '10', '301', '14', '333', '217', '26', '92', '127']
['1', '292', '122', '390', '396', '346', '368', '244', '54', '282']
['325', '328', '202', '77', '79', '85', '214', '377', '316', '350', '319']
['89', '98']
['163', '7', '327', '107', '115', '249', '29', '158', '223']
['32', '130', '102', '190', '335']
['273', '69', '168', '105', '74', '204']
['134', '295', '199', '231', '365', '143', '336', '343', '373', '245', '183', '30']
['260', '330', '234', '139', '111', '240', '49', '274', '18', '310', '344', '90']
['129', '389', '80', '308', '148', '372', '22', '251', '220', '287']
['224', '123', '188']
['324', '357', '263', '297', '171', '272', '210', '24']
['0', '162', '4', '294', '39', '40', '305', '211', '151']
['96', '320', '101', '47', '176', '283', '82', '313', '347', '62']
['5', '37', '103', '367', '306', '20', '341', '309', '91', '252', '286', '351']
['258', '132', '135', '170', '175', '243', '84', '276', '23', '376', '218']
['356', '392', '76', '205', '55', '279', '155', '61']
['355', '229', '41', '138', '239', '241', '113', '338', '216', '59']
['128', '256', '388', '133', '71', '136', '268', '147', '117', '277', '185', '381']
['289', '226', '99', '2', '358', '173', '145', '114', '342', '154', '315', '28']
['33', '354', '290', '267', '375', '312', '345', '27', '221']
['386', '35', '259', '196', '300', '17', '52', '119', '317']
['198', '232', '42', '331', '203', '13', '19', '150', '250', '157', '126']
['225', '322', '264', '72', '363', '174', '399', '56', '184']
