['Tajuan', 'Dashun', 'Orren', 'Katalina']
['Kenniyah', 'Azzareya', 'Donnovan', 'Ingrid', 'Kaira', 'Keemya', 'Citlally', 'Sincere', 'Britnee', 'Nidhi', 'Kyston', 'Jezzelle']
['Shahid', 'Haya', 'Armita', 'Khila', 'Marrius', 'Ailene', 'Michai', 'Kairy', 'Jamaad', 'Charlize', 'Trenise', 'Caliegh', 'Mailen', 'Litsy', 'Doyle']
['Yarisbel', 'Alieyah', 'Stefanny', 'Oviya', 'Shanaiya', 'Feven', 'Sydelle', 'Cylah']
['Abaan', 'Deidre', 'Fox', 'Alaija']
['Thaddius', 'Treyson', 'Artie', 'Kimball', 'Benito', 'Ron', 'Hannelore', 'Natasia', 'Zolin', 'Markise']
['Masud', 'Jax', 'Miley', 'Antwane', 'Anwesha', 'Hayven', 'Zoiee', 'Bailynn', 'Zayquan', 'Hallei', 'Kobe', 'Jovey']
['Marwan', 'Keni', 'Treyonna', 'Zinia', 'Montana', 'Kensleigh', 'Eeliyah', 'Gertrude', 'Jamonte', 'Asa', 'Selena', 'Meryl', 'Jebediah']
['Osmin', 'Guadalupe', 'Asha', 'Kameryn', 'Jailon']
['Keion', 'Aibhilin', 'Bristol', 'Charlett', 'Sashya', 'Ally']
['Kaleo', 'Aman', 'Eddieberto', 'Zaahir', 'Amonti', 'Jirah', 'Janesha', 'Detravion', 'Lailani', 'Abhinav', 'Mircale', 'Raphael']
['Merary', 'Takia', 'Lada', 'Oluwatobi', 'Terriona', 'Sharlene', 'Lilyonna', 'Tam', 'Lazaria', 'Kitty', 'Natsumi', 'Mikaelah', 'Gwendolynn', 'Lakiyah', 'Gyzelle', 'Jerriah']
['Sevastian', 'Demetreus', 'Marcellius', 'Marck', 'Niemah', 'Juliano', 'Mylez', 'Emree', 'Marik', 'Emmanuela', 'Elisah', 'Jema', 'Taye', 'Abdoulaziz']
['Cisco', 'Zykerria', 'Atika', 'Cicily', 'Laticia', 'Khamil', 'Kayliann', 'Jersi', 'Olive', 'Coi', 'Lauralynn', 'Kenzlie', 'Apollonia', 'Aleiyah']
['Sevren', 'Inaki', 'Shakila', 'Joed', 'Margie', 'Noami', 'Yarithza', 'Nakaya', 'Taigen', 'Alison', 'Akasha', 'Mckaylin']
['Shamyia', 'Cliff', 'Tayseer', 'Dainen', 'Camill', 'Michaell', 'Delisha', 'Tayyab', 'Kamora', 'Dairon', 'Dea', 'Yonason']
['Loni', 'Carsten', 'Evangelyne', 'Jahred', 'Ellarie', 'Vinnie', 'Jalilah', 'Kenzington', 'Nitzia', 'Noha', 'Adysen', 'Spartan', 'Monserath', 'Yavian', 'Jahlen', 'Mikelle']
['Lilienne', 'Deliany', 'Lamariah', 'Dhalia', 'Jandre', 'Tobechi', 'Ancel', 'Mykenna', 'Larry']
['Abriyana', 'Brenya', 'Cordai', 'Shannel', 'Khalee', 'Evia', 'Adeleine', 'Kirubel', 'Carine', 'Rohil', 'Danyca', 'Devaun']
['Ganon', 'Xaviel', 'Griffon', 'Aizik', 'Farah', 'Elway', 'Chyna', 'Tasi']
['Dragon', 'Emmely', 'Davidjr', 'Tacori']
['Salmaan', 'Adriene', 'Quintavious', 'Isaak', 'Jacob', 'Fe', 'Jaimarie', 'Raymir']
['Milene', 'Nakari', 'Anouk', 'Blaine', 'Sagan', 'Jos', 'Srinath', 'Vyncent', 'Dhyan', 'Aryeh']
['Venezia', 'Jayme', 'Aley', 'Estephanie', 'Kariana', 'Sabastion', 'Tralaya', 'Keyvin', 'Jaquan', 'Prakruti', 'Azeriah', 'Dusan', 'Soriya', 'Ameerah', 'Suri', 'Abdulrehman', 'Gor']
['Carena', 'Jaleesa', 'Zuzanna', 'Veena', 'Trinitey']
['Sinia', 'Antonin', 'Dell', 'Analiah', 'Saheim', 'Nethra', 'Halo', 'Kaushik', 'Tashvi', 'Emilie']
['Tafari', 'Shanell', 'Deedra', 'Soniah', 'Kvaughn', 'Trystian', 'Jakelin', 'Avigail', 'Salif', 'Sihaam', 'Kirrah']
['Alainna', 'Leni', 'Zackrey', 'Lealand', 'Kellon', 'Mylie', 'Samauri']
['Shamaiya', 'Nayara', 'Kalum', 'Ryleeann', 'Nohely', 'Maude', 'Vanesa', 'Jamaine', 'Adaisha', 'Shardae', 'Quintasia', 'Shelbee', 'Arsalan', 'Reynaldo', 'Ricky', 'Mikea']
['Marifer', 'Eleah', 'Sheniyah', 'Jemiah', 'Giankarlo', 'Dominika', 'Alyze']
['Aanyah', 'Jamiyla', 'Sanae', 'Leib', 'Dereck', 'Jamear', 'Tobias', 'Liann', 'Rey', 'Timia']
['Cynae', 'Brydan', 'Liat', 'Desteni', 'Tralyn', 'Jaaziah', 'Marnae', 'Colie', 'Lukis', 'Andriy']
['Jasiya', 'Derionna', 'Yu', 'Donnelle', 'Yaire', 'Anela', 'Renyah', 'Shalonda', 'Dyami', 'Kaymarie', 'Ahnaya', 'Adaley']
['Aarohi', 'Abdulraheem', 'Alyiana', 'Navia', 'Daxen', 'Jeremias', 'Matt', 'Seleen']
['Helaman', 'Jerel', 'Delara', 'Rielly', 'Shy', 'Keyin', 'Katarina', 'Zamyah', 'Handsome', 'Jabes', 'Raeleigh']
['Guy', 'Bailei', 'Satomi', 'Nishta', 'Elysha', 'Anadalay', 'Jasahn', 'Merissa', 'Basha', 'Kenzo']
['Aysenur', 'Sussy', 'Denize', 'Jarem', 'Lizmari', 'Bow', 'Endi', 'Tanyla', 'Mykaylah']
['Makyra', 'Rexford', 'Sameeha', 'Ramses', 'Nakeya', 'Ebany', 'Aayana', 'Stafford', 'Chanze']
['Seiry', 'Shamiyah', 'Rosalio', 'Larrissa', 'Dorcas', 'Hakop', 'Gunther', 'Jomary']
['Kaeley', 'Tahir', 'Zyeir', 'Giannie', 'Fidel', 'Zahriyah', 'Rock', 'Kay', 'Leilah', 'Ettel', 'Siena', 'Aylana', 'Iris', 'Marcellino', 'Jophy', 'Lynia', 'Anagha']
['Kapena', 'Byron', 'Harlem', 'Jarrell', 'Johnavan', 'Kaeleen', 'Jesalyn', 'Casandra', 'Farha', 'Tyannah', 'Bright']
['Hashem', 'Serra', 'Nancy', 'Janine', 'Chidi', 'Taegan', 'Thadius', 'Jaleena', 'Jalyiah', 'Crystina', 'Anastacio', 'Mezmariah', 'Malaja', 'Julia', 'Coulson', 'Jaquis']
['Dessie', 'Jameisha', 'Alayasia', 'Vivica', 'Leighann', 'Hesham', 'Coraline', 'Avielle', 'Mumin']
['Nalaya', 'Rayne', 'Jazir', 'Sayd', 'Jeru', 'Jekeria', 'Casondra', 'Cyris', 'Braeley', 'Keili', 'Dajana', 'Ishmel', 'Quentyn', 'Jdan']
['Kyo', 'Gauge', 'Gracia', 'Yajahira']
['Deriyon', 'Amor', 'Ori', 'Jesus', 'Azavier', 'Brinleigh', 'Jaydah', 'Mariaelena', 'Ilyn', 'Shiala', 'Marialy', 'Merlina', 'Fabrizzio', 'Artyom', 'Serenety', 'Kaymi', 'Vedika']
['Mylani', 'Antrone', 'Jaeline', 'Daxx', 'Mikyla', 'Adanna', 'Amr', 'Thien', 'Kemily', 'Khloee', 'Amritha', 'Jatziry', 'Ayahna', 'Hugo', 'Eliziah', 'Kinzie']
