['145', '359', '393', '12', '60']
['304', '368', '179', '278', '280', '302']
['192', '114', '325', '105', '234', '427', '125']
['113', '166', '295', '120', '78']
['255', '254', '152', '314', '46', '111']
['160', '161', '298']
['496', '441', '131', '196']
['350', '99', '318']
['258', '51', '452', '420', '279', '95']
['440', '308']
['352', '92', '454', '176']
['360', '249', '212', '414']
['389', '149', '377', '330', '205']
['25', '458', '61']
['307', '115', '117', '408', '171', '190']
['169', '474', '372', '396']
['225', '467', '479']
['384', '344', '100', '38', '488', '493']
['464', '9']
['6', '238']
['489', '26']
['328']
['97', '277']
['339', '246', '126', '141', '334', '415']
['87']
['480', '305', '151', '232', '153']
['248', '59', '3']
['409', '433', '150', '423']
['41', '435', '356']
['241', '7', '22', '391']
['215', '406', '311']
['195', '358']
['490', '293', '471']
['24', '83', '340', '381']
['419', '155', '349', '422']
['289', '291', '21']
['439', '230', '231', '206', '270']
['112', '483', '140', '343']
['369', '442', '37', '430']
['185', '211', '436', '28']
['421']
['448', '465', '165', '326', '90']
['321', '156', '71']
['68', '459', '182', '57', '267', '93', '223']
['122', '445']
['244', '269']
['88']
['426', '173']
['301', '317', '429', '437']
['104', '76', '461']
['168', '410', '438']
['432', '297']
['56', '213', '39']
['19', '75']
['139', '469', '310']
['31']
['449', '108', '357']
['227']
['187', '164']
['486']
['81', '188']
['208', '163']
['361']
['431']
['200', '394', '148']
['123', '495']
['373']
['380']
['106', '371', '84', '183']
['392']
['32', '130']
['398']
['193', '274']
['425', '194', '77']
['476']
['203', '477', '110']
['468']
['364', '407']
['450', '85', '102', '327', '121']
['272', '463']
['1', '5', '374']
['388', '236', '412', '4']
['337', '89', '355']
['303']
['401']
['159']
['96']
['498']
['178', '235', '470', '487']
['460']
['20', '375']
['224', '284', '292']
['417', '14']
['217']
['127']
['323', '197']
['404']
['98']
['484', '485']
['497']
['133']
['256', '229', '184', '11', '222']
['300', '309']
['204']
['262']
['263']
['282']
['101', '365']
['462', '319']
['146', '455']
['216', '379', '494']
['66', '67', '245', '390', '405']
['181']
['482', '82', '54', '247', '411']
['44']
['346']
['324']
['0', '306', '271', '53', '79']
['218']
['331', '332', '214', '63']
['64', '457', '198', '16']
['154', '260', '261', '52']
['220', '29']
['456', '73', '252', '345', '239']
['40']
['219', '70']
['378']
['385', '348']
['86']
['144', '315', '447']
['257', '446']
['472', '94']
['124', '382']
['233', '142']
['17', '387']
['434']
['27']
['290', '147']
['376', '209', '399']
['475']
['444']
['138', '207']
['313']
['116']
['363']
['33']
['162', '370', '228']
['312', '15']
['402']
['329']
['13']
['35', '36', '335']
['451']
['177']
['72', '322']
['242']
['189']
['250', '342', '23']
['341']
['366']
['424']
['132']
['499']
['210']
['65']
['80', '43', '403']
['8']
['109']
['74', '172', '294']
['266']
['226', '18', '103', '186', '58']
['268', '69']
['240']
['400', '354', '42']
['158']
['296', '286']
['128', '386', '119', '202', '333']
['10']
['191']
['453']
['353', '91', '428', '49']
['34']
['170', '338', '362']
['299']
['48', '273', '275']
['481']
['478', '492', '237', '134']
['285']
['129', '30', '351']
['320', '443', '157', '174']
['264', '50']
['107', '347', '251']
['221']
['259', '397']
['283']
['416', '367']
['243', '47']
['62']
['265', '316', '413']
['473', '45', '281']
['201']
['336', '167']
['466', '143']
['136', '288', '55']
['383']
['199', '287']
['395', '175']
['135']
['491']
['253']
['180', '118']
['137', '418']
['2', '276']
