['193', '67', '104', '201', '107', '241', '243', '254']
['128', '131', '323', '325', '390', '199', '142', '84', '277', '24', '216', '227', '99', '230', '295', '169', '172', '174', '175', '366', '369', '178', '373', '117', '253']
['226', '82', '20', '342', '118', '297', '298']
['258', '228', '36', '70', '168', '203', '364', '110', '80', '177', '244', '21', '90', '316', '351']
['384', '320', '12', '332', '14', '333', '144', '19', '153', '347', '28', '221', '94', '247', '225', '165', '250', '115', '116', '309', '182', '183', '252', '249', '378', '251', '124']
['194', '365', '269', '15', '338', '120', '380', '191']
['26', '180', '308', '10', '204', '330', '76']
['386', '138', '270', '151', '95', '160', '289', '33', '352', '376', '166', '105', '42', '300', '236', '119', '56', '186', '379', '317', '127']
['69', '198', '268', '205', '341', '284', '286', '292', '360', '108', '238', '47', '176', '48', '53', '246', '375', '184', '185', '314', '126']
['321', '162', '34', '324', '357', '9', '43', '339', '61', '149', '25', '283', '157', '62']
['1', '387', '6', '263', '134', '392', '266', '11', '13', '397', '17', '150', '154', '30', '293', '294', '173', '60', '318', '196', '197', '75', '210', '212', '89', '220', '356', '101', '237', '240', '123', '381']
['66', '255', '319', '137', '202', '152', '345', '29', '285', '349', '163', '291', '355', '102', '361', '234', '44', '45', '310', '377', '315', '63', '383']
['64', '257', '260', '389', '200', '267', '87', '281', '282', '156', '353', '35', '167', '233', '242', '179', '52', '370']
['32', '161', '97', '3', '229', '391', '73', '394', '396', '272', '114', '125', '93']
['245', '343']
['170', '158', '231']
['304', '346', '336']
['322', '372', '276', '38', '218', '219', '77']
['130', '164', '367', '145', '18', '81', '307', '54', '155']
['385', '65', '132', '388', '71', '393', '329', '139', '140', '395', '143', '335', '147', '55', '22', '91', '350', '287', '290', '41', '302', '112', '49', '311', '57', '188']
['0', '224', '40', '299', '301', '208', '368', '85', '181', '88', '348']
['2', '259', '262', '72', '334', '209', '274', '211', '275', '213', '215', '27', '59', '51', '374', '187', '190']
['195', '5', '133', '7', '265', '206', '280', '217', '92', '31', '354', '100', '232', '235', '239', '382']
['148', '79', '358', '159']
['256', '8', '363', '141', '16', '306', '86', '313']
['129', '98', '4', '261', '327', '328', '46', '146', '23', '248', '58', '189', '222', '223']
['312', '37', '296', '106', '337', '344']
['192', '103', '39', '135', '171', '109', '78', '271', '273', '50', '278']
['96', '359', '136', '74', '303', '305', '83', '121']
['288', '68', '326', '264', '362', '331', '207', '111', '113', '371', '340', '214', '279', '122']
