['256', '129', '194', '387', '255', '134', '139', '460', '403', '216', '153', '477', '222', '94', '355', '42', '239', '367', '495', '63']
['196', '77', '19', '214', '342', '220', '221', '170', '490', '431', '240', '116', '436', '439', '251', '381', '447']
['456', '201', '144', '276', '23', '183', '154', '347', '415', '481', '226', '484', '425', '254', '190', '126']
['192', '227', '422', '351', '43', '429', '206', '432', '304', '272', '376', '446', '479']
['70', '265', '393', '143', '336', '273', '470', '29', '288', '97', '418', '297', '236', '241', '114', '435', '308']
['384', '193', '260', '325', '324', '461', '91', '38', '424', '233', '362', '250', '428', '243', '374', '378']
['128', '385', '386', '388', '17', '280', '28', '286', '32', '224', '290', '228', '166', '39', '358', '169', '430', '368', '245', '118']
['390', '455', '138', '394', '78', '82', '281', '27', '156', '105', '171', '363', '369', '51', '309', '437', '55', '248', '58', '316']
['389', '457', '335', '18', '469', '406', '279', '409', '282', '478', '31', '37', '486', '487', '56', '377', '253']
['2', '67', '137', '268', '333', '79', '275', '404', '343', '473', '218', '350', '482', '420', '100', '102', '302', '177', '371', '310', '186', '62']
['321', '7', '74', '203', '142', '208', '341', '471', '285', '292', '296', '488', '489', '303', '179', '307', '181', '188']
['391', '13', '462', '401', '402', '213', '86', '215', '408', '346', '93', '157', '413', '223', '306', '438']
['3', '135', '81', '84', '344', '412', '158', '159', '96', '357', '232', '106', '50', '52', '311', '123']
['132', '197', '453', '327', '329', '80', '147', '407', '92', '95', '417', '289', '354', '483', '44', '492', '175', '305', '117', '185', '122', '59', '124', '61']
['266', '204', '466', '21', '152', '345', '26', '476', '349', '33', '421', '360', '107', '372', '182', '120', '318']
['257', '65', '131', '71', '14', '399', '145', '274', '149', '352', '165', '423', '173', '47', '49', '244', '373']
['449', '451', '9', '73', '269', '270', '209', '277', '22', '89', '121', '34', '35', '103', '364', '237', '57', '443', '380']
['258', '249', '262', '231', '8', '328', '458', '10', '108', '238', '463', '176', '465', '25', '125']
['326', '263', '264', '200', '205', '207', '464', '83', '150', '472', '284', '348', '287', '162', '98', '99', '356', '109', '440', '127']
['353', '68', '133', '301', '174', '219', '337', '119', '151', '90', '247', '383']
['450', '195', '322', '101', '230', '330', '299', '267', '370', '339', '338', '115', '24', '474', '411']
['64', '130', '323', '4', '6', '11', '331', '398', '161', '427', '365', '493', '242', '60', '382', '191']
['448', '332', '141', '400', '210', '405', '410', '419', '167', '41', '494', '111', '112', '180', '375', '184', '314', '187']
['0', '1', '454', '395', '340', '85', '87', '475', '164', '293', '40', '361', '45', '366', '442', '189', '445']
['66', '392', '426', '441', '434', '467', '313', '444']
['140', '397', '271', '16', '20', '160', '291', '172', '300', '433', '53', '317', '319', '202', '459', '468', '480', '359', '104']
['259', '261', '5', '396', '15', '146', '148', '416', '163', '295', '46', '48', '178', '452', '199', '72', '76', '212', '225', '229', '234', '235', '252']
['36', '69', '198', '485', '136', '298', '75', '155', '379', '211', '246', '283']
['320', '217', '294', '168', '88', '491', '12', '334', '110', '113', '54', '30', '312', '278', '315', '414']
