['AGE', 'ABP', 'AOL', 'AGU', 'ADE', 'ANN', 'ALA', 'ANP', 'AMK', 'AAY', 'AIS', 'ANW', 'ATB']
['ACO', 'ALQ', 'ALX', 'ADA', 'APU', 'ARC', 'AID', 'ARD', 'AFU', 'AKC', 'AMJ', 'APD', 'ART']
['ACS', 'ACX', 'ASI', 'APY', 'AIM', 'AGC', 'AOA', 'ABJ', 'ATH', 'AJB', 'AEA', 'AGS', 'AGY', 'AMF', 'AJT', 'ARP', 'ARS']
['AEB', 'ACV', 'AIA', 'ATM', 'AEG', 'AGV', 'AJK', 'ASM', 'AAO', 'AHB', 'AGB', 'AKA']
['AQS', 'ATK', 'ATN', 'ALY', 'AMH', 'AAU', 'AHH', 'ACK', 'AQN']
['AAA', 'AAF', 'AFN', 'AIE', 'AAN', 'ASK', 'AAM', 'AFY', 'AQG', 'AQH', 'AIU', 'AIY', 'ABI', 'AJF', 'ATT', 'AMM']
['APP', 'AKP', 'AFP', 'AQA', 'AAS', 'ADK', 'AQJ', 'ABE', 'ALM', 'ABU', 'ATS', 'ABW', 'ARH', 'AOV', 'AES', 'AJW', 'APG']
['AMW', 'ASA', 'AGP', 'AEC', 'AEE', 'AKT', 'AGX', 'AHF', 'AST', 'ANS', 'ALJ', 'ANY', 'AGI', 'AFC']
['ACP', 'ASF', 'AFQ', 'AKW', 'ADP', 'AGH', 'ADT', 'AQR', 'AQU', 'ATL', 'ABN', 'ATQ', 'AJN', 'AHI', 'AEW', 'AHM']
['AAB', 'ALP', 'AOI', 'AHY', 'AKV', 'AIP', 'ADO', 'ALH', 'APE', 'AMR', 'AQP']
['AFF', 'APM', 'AKK', 'AFH', 'AFK', 'ACY', 'ASJ', 'AFW', 'ANQ', 'ANR', 'AQI', 'ADQ', 'AGG', 'ADV', 'AHN', 'AFB']
['ABH', 'AFI', 'ANB', 'ABS', 'AGW', 'ANO', 'ACD', 'ASX', 'ASY', 'AEY']
['APL', 'AHT', 'ACU', 'ANC', 'AAJ', 'AAL', 'AOO', 'ACL', 'AQE', 'AOX', 'ADJ', 'AHK', 'AEX', 'AFA']
['ABK', 'AAG', 'AKQ', 'AKS', 'AOP', 'AEK', 'ABV', 'ADR', 'APX', 'ACA', 'AAT', 'ASS', 'AEQ', 'AIN', 'ANX']
['APS', 'AIC', 'AJP', 'AKX', 'AOU', 'AQC', 'ANU', 'AKE', 'AGJ']
['AKI', 'AMX', 'AKM', 'AJG', 'ARA', 'AJO', 'AIL', 'AGA', 'AOB']
['AHR', 'APR', 'ASL', 'AII', 'AAR', 'ADM', 'ANT', 'AIV', 'AIX', 'ADX', 'AQT', 'ALT', 'ALV', 'AJI', 'AGT', 'AET', 'AMQ', 'AHP']
['AMU', 'ATX', 'AJE', 'APB', 'ARE', 'ATE']
['ADW', 'AAV', 'ARU', 'ATC', 'AMS', 'AHA']
['AQV', 'AED', 'ANE', 'AFM', 'AEI', 'AIG', 'ASN', 'AAP', 'ASR', 'AER', 'AJV', 'ADL', 'ALF', 'AQL']
['AHS', 'ALW', 'AKU', 'AFV', 'ACB', 'ADS', 'AJU', 'ACF', 'AKD', 'API']
['ATF', 'AEV', 'AJX', 'AQX', 'ABX', 'ARI', 'ALC', 'AAW', 'AHJ', 'ARQ', 'AKB', 'ACN']
['ARX', 'AHX', 'AKO', 'ANJ', 'ADG', 'AIK', 'ASP', 'AGF', 'ABF', 'AQO', 'ABL', 'ATY', 'ACC', 'AML', 'ACH', 'AMO', 'ACJ', 'ARW']
['APK', 'AAE', 'APO', 'AFJ', 'ANG', 'AFT', 'ANL', 'ASU', 'ABD', 'ADU', 'ADY', 'AOJ', 'ATR', 'AJM', 'AEN', 'AOT', 'ARK', 'ACG']
['AAH', 'AKN', 'AIB', 'AKR', 'AIF', 'AFR', 'ALB', 'ACM', 'ALI', 'ALL', 'ALS', 'AOM', 'AOS', 'AEP', 'AEU', 'APH']
['APJ', 'ARY', 'ABB', 'ABO', 'APQ', 'ASH', 'AFL', 'ANK', 'ATV', 'AJQ', 'AKY', 'ADI', 'AMN', 'ARR', 'AHO']
['AGK', 'ALR', 'ACT', 'AHW', 'AEL', 'AHG', 'AOY', 'ABA', 'ATA', 'AKF']
['AOF', 'ACR', 'AGQ', 'ABR', 'AMA', 'AQB', 'ASQ', 'AJS', 'AQF', 'AIQ', 'AQK', 'AMT']
['AQQ', 'AOD', 'ALN', 'AHU', 'AGD', 'AJJ', 'ATP', 'AMD', 'ATW', 'AQD', 'ARM', 'APA', 'AIR', 'ATD']
['AKH', 'AAC', 'AAI', 'ADC', 'ANM', 'ANV', 'AQM', 'AGM', 'AOG', 'AHL', 'AEH', 'AOR', 'ATU', 'ABY', 'ACI', 'APF', 'AHQ']
['ACQ', 'AKJ', 'APN', 'AFG', 'AJC', 'AJL', 'ARG', 'AJR', 'AMI', 'ALG', 'ABG']
['AAQ', 'AMG', 'AGN', 'ASD', 'ACE', 'ACW', 'ARB']
['ADH', 'AKL', 'ASE', 'AJY', 'ATO', 'ANH', 'ARV']
['AKG', 'AFE', 'AAD', 'AGO', 'ASG', 'AJH', 'APT', 'ARF', 'ASO', 'ARJ', 'ARL', 'AFX', 'ALD', 'AIW']
['AFD', 'ATG', 'AOC', 'AOK', 'APW', 'AMC', 'AIH', 'AHC', 'ASV', 'ASW', 'ABC']
['AJA', 'AHV', 'ASC', 'AQW', 'AEF', 'ANF', 'AON', 'ANI', 'AHD', 'ALE']
['AGL', 'ASB', 'AMY', 'AOH', 'ATJ', 'AJD', 'ABQ', 'APV', 'ABT', 'AAX', 'ARO', 'APC']
['AMV', 'AOE', 'ALU', 'AND', 'AQY', 'AMB', 'ADD', 'AEO', 'AMP', 'ALK']
['ALO', 'ATI', 'ANA', 'AGR', 'AAK', 'AOQ', 'AHE', 'AIO', 'ADN', 'AIT']
['ABM', 'AFO', 'ADB', 'AEJ', 'AFS', 'ADF', 'AIJ', 'AME', 'AEM', 'AOW', 'ARN']
