['132', '69', '134', '198', '268', '269', '270', '463', '401', '148', '474', '477', '30', '96', '98', '100', '38', '105', '111', '240', '112', '496', '307', '244', '310', '439', '381', '447']
['322', '451', '388', '389', '393', '458', '459', '336', '18', '466', '472', '411', '92', '478', '482', '486', '487', '489', '178', '371', '118', '376', '382', '384']
['257', '390', '15', '275', '21', '469', '409', '248', '413', '158', '221', '352', '161', '289', '34', '291', '421', '226', '167', '485', '237', '110', '370', '500', '245', '55', '184', '249', '378', '380']
['1', '258', '194', '199', '78', '79', '462', '281', '220', '349', '37', '166', '106', '369', '53', '309', '56', '316', '255', '320']
['385', '135', '330', '395', '141', '83', '213', '87', '89', '346', '412', '414', '160', '355', '103', '426', '235', '236', '430', '51', '499', '373', '377', '252']
['4', '136', '267', '140', '145', '82', '467', '341', '88', '348', '415', '99', '168', '232', '42', '243', '120', '121', '315', '188', '318']
['325', '454', '392', '137', '394', '138', '12', '335', '400', '403', '20', '149', '342', '91', '350', '95', '354', '35', '422', '123', '424', '169', '361', '364', '302', '182', '440', '186', '187', '445']
['453', '197', '455', '203', '461', '206', '80', '211', '340', '470', '479', '224', '417', '223', '163', '419', '483', '356', '229', '488', '427', '174', '46', '177', '114', '117', '126', '119', '446', '319']
['290', '484', '358', '107', '11', '44', '497', '146', '274', '471', '282']
['33', '231', '71', '10', '139', '298', '45', '48', '435', '150', '375', '23', '60', '64']
['321', '323', '70', '327', '264', '402', '210', '277', '151', '25', '347', '93', '94', '31', '351', '293', '296', '362', '299', '234', '304', '305', '498', '180', '372', '311', '247', '313']
['65', '450', '66', '452', '68', '73', '207', '272', '465', '19', '215', '155', '32', '101', '238', '125', '181', '437', '442', '189']
['262', '334', '273', '405', '481', '228', '359', '233', '170', '300', '365', '431', '49', '241', '436', '374', '444', '253', '254']
['193', '326', '491', '366', '433', '115', '404', '339', '214', '308', '153', '90', '443', '124', '222']
['387', '324', '294', '360', '329', '9', '396', '301', '460', '493', '212', '276', '122', '283']
['386', '130', '196', '75', '76', '337', '152', '473', '26', '218', '416', '36', '490', '175', '52', '62', '183', '312', '57', '314', '317', '190', '256']
['2', '6', '230', '74', '173', '429', '303', '50', '147', '24', '58', '63', '448']
['195', '456', '201', '77', '142', '14', '209', '84', '278', '97', '162', '227', '39', '41', '428', '246', '250', '128']
['260', '391', '205', '144', '338', '468', '279', '154', '475', '29', '286', '171', '367', '306', '59', '61', '127']
['129', '131', '261', '202', '143', '464', '22', '216', '156', '476', '353', '292', '357', '295', '297', '239', '251']
['449', '165', '133', '200', '328', '172', '368', '81', '434', '179', '343', '219', '285', '288']
['225', '164', '102', '7', '266', '332', '398', '208', '176', '242', '116', '157', '191', '287']
['192', '3', '263', '40', '457', '43', '109', '271', '47', '344', '280', '217', '27', '185', '480']
['5', '8', '265', '16', '406', '410', '284', '418', '432', '438', '67', '331', '204', '333', '85', '86', '492', '494', '495', '113', '379', '383']
['259', '397', '13', '399', '17', '407', '408', '28', '159', '420', '423', '425', '54', '441', '72', '345', '104', '363', '108']
