['Louis', 'Mae', 'James']
['Andrew', 'John', 'Nancy', 'Ingeborg']
['Pauline', 'Dawna', 'Vella', 'Morris', 'Angelica', 'Jo', 'Pamela', 'Lloyd', 'Harvey', 'Ralph', 'Cassandra']
['Margarito', 'Reinaldo']
['Alice', 'Harold', 'Dorothy', 'Rosa', 'Heather', 'Rolf', 'Larry']
['Raeann', 'Laura', 'Thomas', 'Fred', 'Ollie']
['Terry', 'Raymond', 'Joanne']
['Lucille', 'Debra']
['Don', 'April', 'Del', 'Gerald', 'Warren']
['Anna', 'Christine', 'David', 'Eric', 'Clayton', 'Eura', 'Tanya', 'Tim', 'Andres']
['Walter', 'Loraine', 'Cheryl']
['Mable', 'Sam', 'Booker', 'Anthony']
['Jean', 'Michele', 'Michelle', 'Charles']
['Pat', 'Ivonne', 'Moses', 'Donald', 'Polly', 'Maryann', 'Susanna', 'Kelly', 'Molly', 'Nina', 'Alexander']
['Ward', 'Lane']
['Cory']
['Calvin', 'Christian', 'Craig', 'Keri']
['Myron', 'Therese', 'Freda', 'Mack', 'Martin']
['Bruce', 'Ruth', 'Lahoma', 'Burl', 'Rosalee', 'Ray', 'Jacob', 'Joann', 'Raul', 'Elia', 'Derek']
['Margaret', 'Mark', 'Ellis', 'Randolph', 'Will', 'Viola', 'Timothy']
['Wendy']
['Lucy', 'Juan', 'Esther']
['Deanna', 'Lydia']
['Jonathan', 'Clarence', 'Marlene', 'Danielle']
['Tamika', 'Blair']
['Kirk', 'Judy', 'Mildred']
['Ana', 'Darrell', 'Derrick', 'Matt', 'Willie', 'Emmie', 'Christopher', 'Danny', 'Philip', 'Tracy']
['Ursula', 'Kimberly', 'Melissa', 'Adele', 'Marie', 'Carmen', 'Jodi']
['Annette', 'Krysten']
['Albert', 'Irene', 'Priscilla', 'Sally']
['Jeanine', 'Amy']
['Justin']
['Ryan', 'Kerri', 'Bertha', 'Joseph', 'Rachel', 'Beulah', 'Arturo', 'Beverly', 'Mary']
['Stephen', 'Frederick', 'Marlin']
['Natalie', 'Miles', 'Kristin', 'Patrick']
['Linda']
['Roy', 'Stacie', 'Jeffrey']
['Hedwig', 'Virginia']
['Ashley']
['Karen']
['Selina', 'Bradley', 'Sofia', 'Wesley', 'Wallace', 'Jeffery', 'William', 'Jason', 'Ernestine']
['Caridad', 'Peggy']
['Margert', 'Laurence', 'Steve']
['Kevin', 'Gilda', 'Stanley', 'Imogene', 'Kenneth']
['Daniel', 'Jesse', 'Sylvester', 'Fernando', 'Glenna', 'Emily', 'Miguel', 'Jessica']
['Kathleen', 'Mario']
['Lyle']
['Beth', 'Richard', 'Ronda']
['Raphael', 'Matthew', 'Gladys']
['Carmelita', 'Jeremy', 'Martha', 'Latisha']
['Cesar', 'Cecilia', 'Gary', 'Kaitlyn', 'Gertrude', 'Robyn']
['Phillip']
['Ruby']
['Doris']
['Wayne', 'Carol', 'Eva', 'Edwin', 'Pete', 'Fredrick']
['Hugh', 'Reginald', 'Donna']
['Gordon']
['Helen', 'Gerardo', 'Gloria']
['Adam', 'Paula', 'Marcelino']
['Antonio', 'Nicole', 'Geraldine', 'Betty', 'Maria']
['Kristine', 'Glennie']
['Tommy', 'Rosie']
['Berta', 'Elizabeth', 'Curtis', 'Sylvia']
['Angela', 'Belinda', 'Seth', 'Rafael']
['Lawrence']
['Jennifer', 'Crystal', 'Audrey', 'Veronica', 'Josephine']
['Eleanor', 'Robin', 'Wilma']
['Marco']
['Cassie', 'Winnifred', 'Clyde']
['Ellen', 'Jane', 'Tara', 'Wilson']
['Alvin', 'Gwen']
['Stephany', 'Jacque']
['George', 'Andre', 'Dale']
['Fredda', 'Brenda', 'Phyllis', 'Bessie', 'Darlene']
['Rhonda', 'Scot', 'Bonnie', 'Carlos', 'Jesus', 'Theodore', 'Emery', 'Leona']
['Reuben', 'Lulu', 'Peter', 'Jayme', 'Janene']
['Rebecca', 'Jorge', 'Sheryl', 'Jose', 'Ricky', 'Edward', 'Garrett', 'Barbara', 'Cathy', 'Domingo', 'Joni']
['Jimmy', 'Douglas', 'Travis']
['Catherine', 'Roberta', 'Tuan']
['Marian', 'Victor', 'Roosevelt', 'Morgan']
['Judith', 'Kylie', 'Lonnie', 'Sarita', 'Lucie', 'Alicia', 'Kisha', 'Juanita', 'Steven']
['Ouida', 'Chris', 'Selma']
['Andrea', 'Susan', 'Amos', 'Joshua', 'Lori']
['Brandon', 'Constance', 'Lessie', 'Ernest', 'Dorothea', 'Katherine']
['Clarissa', 'Christina']
['Theresa', 'Glen', 'Karren']
['Inez', 'Stacy', 'Carl', 'Mabel', 'Kathryn', 'Dawn', 'Lena']
['Annalee', 'Ida']
['Alfred', 'Nola']
['Kerrie', 'Pablo', 'Herbert']
['Eugenia', 'Janet', 'Roberto', 'Sherri', 'Samuel']
['Marquerite', 'Laurie', 'Shannon', 'Marjorie', 'Monica', 'Elsie', 'Corey']
['Alex', 'Lorraine']
['Wanda', 'Myriam', 'Deborah', 'Leticia']
['Cornelius', 'Gail']
['Frank']
['Willis', 'Melanie', 'Joe']
['Lisha', 'Bobby']
['Guy', 'Pamella', 'Bethany', 'Kim', 'Rosalyn', 'Evelyn']
['Stephanie', 'Lillian']
['Sharon', 'Bernard', 'Nelson', 'Troy', 'Kellie', 'Roger', 'Diana']
['Leigh', 'Paul', 'Tony', 'Eugene', 'Erik', 'Francisco', 'Mike']
['Thelma', 'Dean', 'Dana', 'Lilian', 'Connie', 'Cindy', 'Grant']
['Toni', 'Alison', 'Suzie', 'Marion', 'Carole', 'Olivia', 'Lana']
['Irving']
['Norman', 'Brian']
['Jeff', 'Charlotte']
['Ann', 'Leanne']
['Marilyn', 'Teresa', 'Mireya', 'Georgette', 'Cecile', 'Everett', 'Robert', 'Norma', 'Maureen', 'Gregory']
['Lewis', 'Winifred', 'Reggie', 'Rick', 'Dennis']
['Shirley', 'Patricia', 'Lynne', 'Ronald', 'Marcella', 'Michael', 'Quintin']
