['193', '347']
['34', '323', '6', '9', '381']
['209', '35', '324', '280', '153', '122', '251']
['65', '195', '44', '55']
['382', '148', '301', '270']
['370', '310', '233', '394', '75', '317']
['288', '258', '213', '345', '220']
['228', '212', '294', '54', '267', '125', '319']
['372', '253', '110']
['352', '240', '93', '85', '200', '237', '190']
['152', '29']
['361', '268', '45', '214']
['16', '178', '133', '230', '151', '26', '222']
['216', '154', '76', '31']
['132', '39', '105', '138', '77', '379', '22', '25', '283']
['13', '139', '187']
['371', '89', '235']
['305', '278', '296', '284', '15']
['201', '194', '244', '333']
['304', '385', '146']
['329', '198']
['98', '246', '111']
['0', '264', '238', '30']
['183', '19', '367']
['11', '353', '131', '311']
['328', '282', '59']
['24', '339', '276']
['160', '48', '325', '389', '56']
['7', '180', '391', '73', '263']
['376', '171', '343']
['107', '331']
['43', '227', '41']
['17', '364']
['291', '83', '101', '167', '318']
['369', '349']
['289', '295']
['128', '114', '168', '127', '94', '143']
['303', '87']
['71', '119']
['312', '211', '221', '181']
['135', '232', '10', '142', '79', '81', '185', '58', '61']
['387']
['82', '100', '357', '188', '254']
['377', '118', '206']
['384', '66', '309']
['165', '374', '120', '74', '157', '302']
['202', '21', '106', '397']
['354', '116', '293', '326', '373', '330', '395']
['208', '256', '218', '286']
['356', '37', '42', '315', '141']
['32', '124']
['192', '97', '36', '342', '266', '108', '223']
['161', '70', '103', '134', '300', '287']
['273', '12']
['69', '38', '8', '250', '88', '399']
['137', '262']
['252', '86']
['1', '337', '23', '40', '47', '239']
['257', '247', '33']
['174', '63']
['336', '248', '149', '104', '299']
['18', '365', '182']
['156', '52', '378', '316', '205', '334']
['53', '173']
['140', '306', '164', '68']
['224', '290', '210', '51', '28', '269', '92']
['129', '177', '275', '84', '117', '297', '78']
['226', '348']
['344', '99']
['338', '285']
['249', '260', '390', '199']
['360', '121', '90', '91', '383']
['242', '261', '102', '109', '207']
['64', '50', '327', '136', '271']
['96', '49', '179', '20', '279', '189']
['234', '163', '277']
['313', '186', '196', '298']
['130', '363']
['368', '321', '274', '243']
['225', '126', '155', '14']
['170', '60', '150']
['62']
['281', '172', '341', '159']
['169', '2', '380', '350']
['80', '204', '123', '332']
['184', '67', '346', '259']
['145', '147', '166', '113']
['393', '175']
['95']
['3', '388', '5', '176', '112', '307', '308', '215', '255']
['231', '158', '236', '398', '335']
['217', '27', '358']
['320', '340']
['355', '359', '392', '362', '366']
['241', '292', '191']
['57', '322', '396', '229']
['72', '203', '219']
['4', '197', '272', '144', '115', '314', '351']
['265', '162', '245']
['386', '46', '375']
