['node34', 'node98', 'node198', 'node230', 'node360', 'node169', 'node10', 'node109', 'node79', 'node180', 'node22', 'node187', 'node220', 'node30', 'node415']
['node322', 'node298', 'node300', 'node269', 'node302', 'node149', 'node87', 'node58', 'node285', 'node318']
['node420', 'node165', 'node231', 'node362', 'node203', 'node301', 'node141', 'node143', 'node19', 'node85', 'node88', 'node184', 'node121', 'node282', 'node91']
['node101', 'node102', 'node262', 'node328', 'node329', 'node333', 'node239', 'node335', 'node241', 'node178', 'node250', 'node63', 'node192']
['node290', 'node227', 'node135', 'node168', 'node297', 'node331', 'node172', 'node13', 'node368', 'node242', 'node307', 'node372', 'node375']
['node257', 'node132', 'node325', 'node296', 'node234', 'node363', 'node304', 'node273', 'node402', 'node338', 'node244', 'node214', 'node342', 'node345', 'node25']
['node264', 'node202', 'node394', 'node173', 'node365', 'node208', 'node405', 'node157', 'node255', 'node256']
['node193', 'node2', 'node295', 'node232', 'node11', 'node275', 'node20', 'node158', 'node190', 'node222', 'node90', 'node382']
['node225', 'node259', 'node228', 'node293', 'node36', 'node39', 'node8', 'node137', 'node107', 'node77', 'node240', 'node115', 'node310', 'node29', 'node320']
['node226', 'node99', 'node268', 'node44', 'node237', 'node14', 'node236', 'node17', 'node313', 'node224']
['node66', 'node3', 'node197', 'node199', 'node200', 'node361', 'node378', 'node393', 'node140', 'node270', 'node210', 'node118', 'node122', 'node219', 'node188']
['node33', 'node355', 'node37', 'node358', 'node294', 'node41', 'node201', 'node396', 'node398', 'node47', 'node117', 'node215', 'node284', 'node286', 'node351']
['node419', 'node387', 'node70', 'node206', 'node280', 'node209', 'node18', 'node211', 'node340', 'node341', 'node344', 'node343', 'node312', 'node61', 'node159']
['node186', 'node167', 'node263', 'node104', 'node136', 'node43', 'node400', 'node339', 'node52', 'node53', 'node317', 'node346', 'node155', 'node221', 'node160']
['node354', 'node418', 'node4', 'node292', 'node134', 'node12', 'node397', 'node303', 'node401', 'node179', 'node51', 'node213', 'node373', 'node24', 'node189']
['node65', 'node68', 'node5', 'node409', 'node69', 'node113', 'node306', 'node120', 'node406', 'node56', 'node57', 'node26', 'node413', 'node414', 'node127']
['node289', 'node131', 'node357', 'node72', 'node73', 'node75', 'node45', 'node305', 'node82', 'node83', 'node369', 'node49', 'node84', 'node407', 'node94']
['node97', 'node388', 'node261', 'node166', 'node416', 'node364', 'node21', 'node279', 'node59', 'node380', 'node125', 'node352']
['node258', 'node323', 'node196', 'node356', 'node390', 'node105', 'node106', 'node299', 'node114', 'node248', 'node89']
['node417', 'node386', 'node195', 'node100', 'node389', 'node326', 'node177', 'node86', 'node379', 'node60', 'node381', 'node223', 'node384']
['node130', 'node324', 'node6', 'node327', 'node71', 'node74', 'node42', 'node138', 'node174', 'node207', 'node144', 'node254', 'node126', 'node383', 'node64']
['node353', 'node391', 'node205', 'node110', 'node15', 'node128', 'node336', 'node272', 'node403', 'node23', 'node253', 'node96']
['node35', 'node359', 'node7', 'node123', 'node251', 'node92', 'node243', 'node119', 'node152', 'node183', 'node27', 'node124', 'node32']
['node170', 'node80', 'node404', 'node245', 'node54', 'node311', 'node308', 'node55', 'node154', 'node252']
['node1', 'node129', 'node163', 'node133', 'node40', 'node9', 'node330', 'node108', 'node399', 'node16', 'node112', 'node370', 'node185', 'node62', 'node191']
['node385', 'node162', 'node266', 'node238', 'node175', 'node337', 'node274', 'node50', 'node148', 'node278', 'node408', 'node156', 'node349', 'node288']
['node194', 'node291', 'node164', 'node265', 'node395', 'node334', 'node271', 'node142', 'node367', 'node212', 'node181', 'node309', 'node412', 'node93']
['node161', 'node321', 'node67', 'node392', 'node28', 'node235', 'node332', 'node78', 'node182', 'node246', 'node153', 'node283', 'node348', 'node95']
['node249', 'node38', 'node139', 'node76', 'node46', 'node81', 'node146', 'node147', 'node247', 'node281', 'node410', 'node315', 'node350', 'node31']
['node260', 'node218', 'node103', 'node204', 'node366', 'node111', 'node145', 'node371', 'node116', 'node374', 'node150', 'node216', 'node377', 'node314', 'node151']
['node319', 'node229', 'node233', 'node171', 'node267', 'node347', 'node48', 'node176', 'node276', 'node277', 'node376', 'node217', 'node411', 'node316', 'node287']
