['137', '228', '68', '23', '416', '123', '462', '262', '244', '322', '318', '276', '249', '219', '254', '2', '169', '241', '464', '74', '315', '390', '220', '205', '173', '206']
['204', '84', '447', '209', '349', '408', '207', '260', '434', '21', '192', '70', '174', '471', '101', '352', '451', '325', '371', '372', '263', '144', '76', '133', '102', '400', '34', '116', '402']
['366', '182', '395', '22', '345', '9', '355', '94', '20', '383', '257', '441', '465', '256', '466', '13', '420', '360', '472', '259', '461', '397', '197', '337', '327', '424']
['278', '282', '394', '427', '430', '128', '297', '348', '146', '62', '308', '362', '279', '450', '140', '185', '75', '412', '437', '167', '251', '118', '303']
['95', '113', '81', '287', '73', '41', '216', '111', '175', '201', '267', '157', '180', '445', '96', '439', '40', '474', '401', '65']
['5', '80', '374', '104', '429', '452', '142', '54', '473', '273', '51', '454', '314', '214']
['392', '389', '431', '300', '422', '446', '387']
['411', '469', '291', '418', '97', '161', '92', '93', '154', '289', '49', '350', '326', '248', '353', '407', '89', '444', '320', '302']
['176', '27', '413', '132', '332', '343', '396', '83', '117', '189', '239', '141', '460', '364', '135', '453', '6', '103', '24', '17', '293', '247', '341', '301']
['156', '296', '181', '151', '32', '344', '440', '385', '235', '357', '367', '351', '405', '66', '195', '398', '71', '238', '168', '48', '470', '187', '143', '265', '269', '131']
['86', '203', '425', '403', '10', '158', '43', '126', '261', '199', '212', '15', '295', '428', '45', '236']
['304', '245', '306', '419', '160', '215', '72', '280', '449', '107', '323', '381', '150', '284', '223', '264', '365', '290']
['52', '253', '233', '119', '148', '198', '47', '170', '463', '370', '213', '191', '208', '4', '226', '310', '67', '399', '194', '347', '98', '177', '85', '307', '240']
['288', '354', '64', '359', '91', '31', '26', '298', '29', '305', '415', '335', '369', '391', '479', '404', '136', '457']
['0', '406', '99', '18', '50', '436', '112', '255', '237', '361', '299', '60', '459', '286', '373', '442', '164', '61', '28', '319', '458', '35', '393', '8']
['386', '171', '356', '384', '234', '317', '477', '433', '159', '330', '336', '363', '134', '122', '16', '346', '42', '316', '252', '258', '56']
['231', '270', '217', '30', '218', '333', '426', '129', '7', '222', '57', '388', '312', '417', '110', '358', '382', '250', '59', '409', '25', '90', '435', '106']
['184', '108', '200', '79', '130', '11', '46', '166']
['432', '410', '115', '448', '87', '14', '210', '152', '324', '82', '105', '455', '275', '274', '178', '39', '120', '321']
['443', '38', '163', '3', '376', '334', '379', '69', '224', '232', '338', '456', '165', '33', '155', '292', '121', '193', '147', '58']
['467', '100', '53', '475', '63', '221', '186', '329', '145', '421', '227', '196', '478', '277', '243', '266', '340', '77', '438', '190', '377', '188', '55', '331', '114']
['36', '229', '283', '242', '127', '414', '179', '1', '149', '124', '378', '375', '88', '272', '281', '109', '246', '268', '342', '311', '211']
['468', '12', '153', '125', '380', '138', '476', '339', '313', '78']
['309', '172', '183', '139', '294', '271', '162', '328', '19', '225', '368', '202', '423', '230', '285', '44', '37']
