['263', '133', '134', '132', '270', '9', '140', '14', '400', '401', '19', '275', '409', '281', '285', '287', '37', '169', '433', '308', '309', '54', '311', '61', '457', '458', '211', '212', '87', '480', '227', '233', '363', '236', '115']
['2', '137', '375', '251', '254', '22', '153', '28', '412', '34', '425', '175', '303', '48', '306', '183', '312', '439', '186', '190', '193', '207', '220', '225', '97', '100', '362', '110', '388', '117', '248', '387', '123', '130']
['160', '1', '354', '230', '423', '272', '203', '173', '462', '465', '466', '371', '276', '256']
['0', '393', '267', '398', '138', '376', '21', '25', '154', '30', '166', '294', '174', '437', '184', '446', '63', '448', '66', '450', '201', '459', '206', '81', '83', '341', '221', '223', '353', '483', '103', '238', '384', '122', '260']
['481', '420', '73', '491', '332', '145', '243', '213', '475', '120', '314', '27', '390', '62']
['352', '131', '320', '292', '453', '71', '168', '199', '42', '349', '351']
['70', '327', '329', '142', '143', '13', '144', '255', '338', '406', '278', '408', '216', '89', '345', '157', '35', '228', '40', '108', '492', '46', '367', '499', '246', '55', '185', '58', '60', '129', '319']
['264', '395', '455', '339', '127', '279', '222', '484', '293', '297', '427', '428', '301', '368', '181', '316']
['396', '323', '381', '333', '208', '209', '218', '284', '92', '290', '36', '485', '234', '494', '304', '370', '121', '124', '317']
['8', '378', '12', '147', '148', '403', '152', '24', '413', '418', '170', '171', '299', '429', '172', '176', '179', '52', '56', '315', '443', '195', '196', '72', '204', '217', '219', '477', '226', '101', '359', '498', '128', '261']
['194', '4', '380', '252', '79', '82', '405', '347', '476', '159', '416', '161', '479', '95', '224', '355', '422', '356', '296', '357', '358', '361', '51', '180', '245', '385', '441', '392']
['262', '65', '3', '135', '324', '399', '463', '16', '337', '404', '150', '151', '86', '478', '164', '102', '167', '231', '104', '105', '489', '300', '106', '109', '431', '111', '496', '113', '244', '389', '189']
['265', '15', '253', '335', '402', '469', '215', '346', '411', '94', '424', '426', '365', '47', '305', '178', '435', '241', '247', '188']
['68', '7', '141', '250', '146', '17', '149', '126', '407', '26', '283', '156', '348', '415', '32', '163', '165', '38', '490', '44', '364', '366', '495', '432', '112', '434', '374', '259', '445', '318']
['192', '67', '452', '326', '456', '377', '460', '76', '91', '33', '482', '229', '295', '369', '242', '258']
['99', '328', '298', '205', '430', '382', '340', '344', '473', '282', '93']
['397', '268', '269', '271', '379', '277', '280', '29', '286', '288', '291', '39', '43', '50', '438', '57', '187', '444', '64', '197', '69', '202', '75', '74', '464', '342', '486', '493', '237', '240', '114', '372', '249', '257']
['10', '11', '273', '383', '18', '23', '31', '289', '162', '421', '45', '302', '307', '182', '313', '321', '325', '200', '331', '78', '210', '85', '487', '360', '116']
['394', '266', '6', '274', '20', '155', '158', '440', '59', '447', '191', '322', '451', '198', '330', '77', '334', '461', '336', '467', '84', '468', '470', '214', '472', '471', '474', '98', '488', '235', '107', '386']
['5', '136', '139', '125', '410', '414', '417', '419', '41', '177', '49', '436', '53', '310', '442', '449', '454', '80', '343', '88', '90', '350', '96', '232', '239', '497', '373', '118', '119', '391']
