['155', '177', '105', '106', '114', '192', '0', '42', '186']
['26', '45', '30', '160']
['245', '109', '93', '173', '116', '229', '127', '199', '72', '85']
['89', '211', '94', '153', '63', '61', '143', '75', '171', '147']
['156', '65', '167', '25', '209', '126', '77', '5', '223', '118']
['112', '210', '151', '67', '90', '179', '120', '84']
['174', '144', '203', '23', '132', '15', '59']
['233', '146', '226', '184', '104', '27', '20', '161']
['17', '170', '43', '52', '86', '16', '119', '224', '198', '159']
['40', '73', '222', '243', '141', '213', '92', '231', '87', '76']
['130', '169', '29', '2', '228', '98']
['110', '53', '200', '216', '100', '95', '185', '19', '218', '113']
['158', '219', '82', '238', '197', '10', '124', '168']
['13', '50', '56', '125', '9']
['166', '195', '62', '207', '91', '36', '121', '188', '205', '162']
['227', '172', '189']
['66', '202', '181', '18', '111', '236', '163', '137', '178', '140']
['41', '220', '148', '122', '8']
['150', '88', '154', '46', '38', '234', '78', '230', '138', '176']
['129', '11', '128', '182', '54', '57', '135', '214', '157']
['149', '39', '249', '99', '97', '194', '103', '51', '64', '201']
['79', '12', '7', '215', '35', '247', '191', '14', '6', '71']
['152', '208', '55', '180', '131', '225', '240', '241', '48', '193']
['246', '242', '70', '44', '108', '175', '232', '4', '204', '134']
['165', '164', '217', '123', '3', '196', '139', '81']
['69', '221', '187', '133', '142', '58', '107', '237', '1', '136']
['24', '32', '212', '34', '239', '190', '235', '22', '102', '96']
['83', '145', '80', '74', '206', '31', '244', '60']
['248', '115', '28', '47', '117', '49']
['68', '21', '183', '33', '37', '101']
