['0', '280', '98', '33', '203', '459', '493', '206', '17', '307', '20', '312', '315', '317', '319']
['456', '202', '270', '275', '88', '90', '93', '350', '94', '99', '357', '363', '238', '111', '368', '177', '179', '371', '443', '316']
['256', '452', '326', '360', '329', '233', '11', '12', '170', '14', '364', '370', '471', '250', '475']
['1', '2', '68', '197', '6', '7', '198', '199', '201', '273', '466', '83', '152', '224', '429', '113', '52', '247', '446', '63']
['195', '196', '102', '74', '45', '365', '207', '402', '115', '440', '347', '349', '478']
['200', '23', '344', '345', '412', '31', '159', '353', '355', '356', '37', '484', '487', '422', '426', '46', '186', '380']
['132', '388', '133', '71', '328', '73', '330', '75', '271', '292', '165', '230', '235', '236', '176', '178', '379', '189']
['354', '34', '38', '39', '231', '171', '369', '469', '342', '254', '53', '158', '476', '30']
['454', '134', '136', '468', '341', '405', '474', '92', '97', '485', '358', '424', '490', '431', '435', '372', '121', '381']
['3', '392', '393', '8', '331', '13', '142', '15', '399', '214', '151', '408', '221', '232', '425', '106', '107', '44', '311']
['217', '260', '9', '147', '148', '117', '438', '375', '404', '277', '28', '29', '343']
['289', '259', '421', '262', '263', '266', '140', '78', '366', '85', '373']
['128', '321', '386', '427', '43', '428', '172', '81', '119']
['324', '390', '327', '204', '464', '337', '336', '25', '290', '126', '486', '295', '108', '114', '55', '314', '445', '318']
['65', '137', '138', '143', '79', '338', '287', '32', '234', '301', '173', '127', '180', '244', '182', '252', '249', '122', '124', '255']
['322', '72', '141', '461', '144', '80', '86', '87', '26', '156', '413', '286', '220', '163', '423', '104', '110', '118', '123', '190']
['450', '323', '16', '145', '208', '149', '215', '283', '157', '351', '161', '481', '291', '296', '297', '298', '304', '49', '436', '184']
['96', '193', '100', '169', '300', '397', '495', '433', '434', '340', '216', '377', '223']
['320', '166', '109', '269', '18', '82', '116', '245', '374', '310', '346', '59', '95']
['130', '131', '264', '10', '335', '401', '212', '470', '219', '57', '418', '293', '168', '41', '47', '50', '54', '56', '441', '442']
['194', '383', '205', '334', '210', '89', '477', '101', '359', '237', '239', '308', '439', '248', '187', '191']
['258', '5', '261', '457', '395', '396', '209', '279', '416', '160', '480', '482', '227', '105', '240', '305', '309', '120', '444', '447']
['192', '453', '455', '267', '462', '278', '281', '411', '415', '479', '419', '420', '167', '241', '242', '181', '62']
['448', '257', '449', '387', '4', '451', '69', '332', '272', '274', '467', '473', '155', '222', '288', '225', '483', '40', '488']
['352', '417', '66', '36', '325', '135', '265', '491', '463', '51', '406', '22', '382']
['385', '391', '394', '398', '400', '211', '348', '414', '294', '489', '361', '299', '302', '367', '376', '378', '251', '188', '125']
['129', '67', '164', '389', '430', '432', '465', '339', '276', '58', '253']
['268', '19', '24', '282', '162', '35', '42', '175', '437', '60', '77', '213', '472', '218', '226', '228', '362', '112', '243', '246']
['64', '384', '229', '103', '27', '409', '492', '306', '146', '21', '407', '185', '91', '183']
['139', '403', '150', '153', '410', '154', '284', '285', '174', '303', '48', '313', '61', '70', '458', '460', '333', '76', '84', '494']
