['Loura', 'Robert', 'Alicia', 'Jeremy', 'Kelly', 'Darnell', 'Nathalie', 'Lucia', 'Lasonya', 'Elfrieda', 'Charmaine', 'Shelton', 'Laraine', 'Clarissa', 'Merrill', 'Hiroko']
['Marcos', 'Sharlene', 'Hilario', 'Leonida', 'Herlinda', 'Marci', 'Clarence', 'Rima', 'Garret', 'Lilly', 'Joelle', 'Eugene', 'Houston', 'Marquitta', 'Christiane', 'Esperanza', 'Jan', 'Kitty', 'Bertha']
['Carson', 'Helene', 'Artie', 'Elenora', 'Loren', 'Raleigh', 'Amada', 'Oscar', 'Danial']
['Oneida', 'Rita', 'Dorthea', 'Annabel', 'Lola', 'Martin', 'Mariette', 'Cristi', 'Terry', 'Marlo', 'Alane', 'Alexa', 'Millicent', 'Gisela', 'Annamarie', 'Clifton', 'Kareem', 'Grant', 'Percy', 'Sharla']
['Yevette', 'Angella', 'Lashay', 'Tarah', 'Claudie', 'Piedad', 'Odell', 'Alex', 'Kyung', 'Jae', 'Clarice', 'Elvie', 'Alton']
['Sharell', 'Latoya', 'Easter', 'Dion', 'Latia', 'Kylie', 'Johnny', 'Lizabeth', 'Xavier', 'Gerardo', 'Ella', 'Kirstin']
['Selma', 'Joye', 'Kristopher', 'Cleotilde', 'Jeanette', 'Dong', 'Mariah', 'Ryann', 'Toya', 'Ocie']
['Lorelei', 'Clyde', 'Vincenzo', 'Dora', 'Marquis', 'Heide', 'Clara', 'Hayden', 'Inga', 'Kris', 'Marcella', 'Lucas', 'Elliott', 'Lue', 'Murray']
['Tai', 'Renea', 'Raul', 'Refugio', 'Antoinette', 'Jina', 'Xuan', 'Kimbra', 'Nadia']
['June', 'Hyun', 'Vernon', 'Lyndon', 'Taneka', 'Antonette', 'Mariano', 'Osvaldo', 'Verona', 'Whitney', 'Lauren', 'Roxane', 'Rosalba', 'Ambrose']
['Leila', 'Glenda', 'Eve', 'Tamala', 'Irma']
['Naida', 'Hershel', 'Tameika', 'Dusti', 'Danita', 'Sheldon', 'Louella', 'Neida', 'Miranda', 'Naomi']
['Horace', 'Emmanuel', 'Susan', 'Felix', 'Chan', 'Porter', 'Trena', 'Orval', 'Lana', 'Antonina']
['Lisa', 'Jama', 'Marion', 'Jade', 'Harvey', 'Jay', 'Sharan', 'Hui', 'Altagracia']
['Randall', 'Reita', 'Vada', 'Elicia', 'Aretha', 'Audie', 'Deirdre', 'Tammi', 'Savanna']
['Caitlyn', 'Vernia', 'Rodrigo', 'Ok', 'Spencer', 'Chance', 'Gerard', 'Princess', 'Garland']
['Lyn', 'Alvin', 'Enola', 'Dewayne', 'Eloisa', 'Isabel', 'Bonnie', 'Randa', 'Jesus', 'Brendon', 'Hillary', 'Freddie', 'Elena', 'Ema']
['Chun']
['Alfred', 'Hortense', 'Rachel', 'Marilynn', 'Glenna', 'Camelia', 'Chang', 'Charisse', 'Alvera', 'Pa', 'Susannah', 'Stanley', 'Oma', 'Darwin']
['Irena', 'Logan', 'Cortney', 'Valorie', 'Joan', 'Riley', 'Meagan', 'Elvia', 'Loria', 'Kristi', 'Edmond', 'Rachael']
['Hassan', 'Lamonica', 'Sherwood', 'Janetta', 'Honey', 'Saul', 'Jennie', 'Olevia', 'Pinkie', 'Shonda', 'Flavia', 'Fanny', 'Kim', 'Retta', 'Arcelia', 'Allena']
['Nieves', 'Shaun', 'Leilani', 'Tamisha', 'Carolee', 'Marvis', 'Jefferey', 'Sharilyn', 'Renetta', 'Treena', 'Frederic', 'Son', 'Laticia', 'Zena', 'Adah', 'Lezlie']
['Anabel', 'Earnest', 'In', 'Leontine', 'Chas', 'An', 'Trey', 'Carmon', 'Junior', 'Nickolas', 'Clinton', 'Clarinda', 'Tanisha', 'Jami']
['Tina', 'Angeline', 'Claretha', 'Jacque', 'Ron', 'Travis', 'Almeta']
['Winford', 'Kendall', 'Kay', 'Leonard', 'Joanne', 'Russell', 'Marcie', 'Alethia', 'Juliet', 'Beverley']
['Stephani', 'Stanford', 'Milissa', 'Wes', 'Deana', 'Imogene', 'Pearlie', 'Alexandra', 'Jeffrey']
['Eustolia', 'Dagmar', 'Nohemi', 'Marvin', 'Chester', 'Eufemia', 'Darrel', 'Louise', 'Debora', 'Shavon', 'German']
['Florencio', 'Tiffani', 'Delmar', 'Cassie', 'Rolando', 'Aaron', 'Dewitt', 'Florinda', 'Rosalee', 'Tyisha']
['Michaela', 'Oswaldo', 'Nicole', 'Byron', 'Kurtis', 'Phylis', 'Margart', 'Madison', 'Vivien', 'Theo', 'Dorene']
['Doyle', 'Destiny', 'Zoraida', 'Griselda', 'Tressa', 'Tracie', 'Kasey']
