['450', '35', '131', '36', '328', '459', '461', '333', '308', '317']
['456', '489', '235', '111', '437', '407', '440', '58']
['192', '321', '362', '365', '146', '93', '86', '57', '412', '125']
['4', '324', '69', '334', '399', '206', '403', '277', '348', '158', '287', '416', '350', '107', '240', '309', '376', '189', '382']
['3', '292', '99', '262', '7', '38', '202', '45', '305', '340', '378']
['67', '483', '165', '327', '391', '137', '331', '398', '239', '110', '499', '212', '122', '188', '221']
['261', '54', '342', '139', '155', '381', '430']
['34', '306', '11', '220', '142', '495']
['129', '258', '5', '389', '460', '109', '431', '207', '51', '115', '94']
['65', '8', '424', '12', '173', '141', '145', '278', '119', '184', '475', '316', '63']
['322', '329', '13', '15', '210', '436', '84', '379', '414']
['134', '393', '394', '171', '492', '432', '245', '31']
['227', '195', '198', '294', '358', '105', '427', '88', '89']
['386', '356', '395', '364', '462', '497', '116', '405', '375']
['312', '291', '163', '390', '487', '426', '140', '78', '366', '302', '180', '182', '248', '24', '286']
['49', '410', '452']
['288', '454', '265', '242', '404', '279', '408', '217']
['320', '33', '196', '264', '201', '332', '337', '471', '251', '159']
['17', '481', '349']
['485', '37', '197', '360', '41', '486', '488', '60']
['40', '233', '303', '18', '151', '152', '446', '127']
['484', '73', '297', '208', '273', '336', '465', '469', '117', '87', '441', '315', '285', '62']
['96', '225', '260', '74', '268', '183', '314', '187', '413']
['128', '64', '455', '392', '457', '138', '423', '491', '47', '400', '27']
['0', '132', '200', '76', '468', '153', '30', '352', '164', '100', '167', '231', '494', '55', '444', '253', '445']
['370', '263', '121', '170', '377']
['193', '130', '102', '39', '71', '428', '205', '429', '236', '176', '338', '216', '25']
['80', '472', '310', '406', '296', '156', '190']
['453', '101', '269', '368', '211', '276', '118', '150', '409', '92', '126', '383']
['257', '1', '68', '133', '199', '106', '270', '271', '16', '81', '246', '345', '28', '29']
['32', '226', '135', '72', '266', '75', '82', '434', '56', '346']
['448', '290', '83', '61', '213', '493', '14']
['418', '421', '168', '330', '300', '237', '114', '185']
['384', '385', '194', '387', '422', '103', '326', '48', '433', '186', '222']
['359', '42', '204', '304', '339', '148', '341', '343', '347', '284']
['451', '203', '123', '79', '177', '247', '154', '219', '477', '351']
['420', '367', '179', '20', '181', '215', '218', '476']
['66', '166', '232', '108', '238', '335', '272', '209', '402', '307', '280', '124', '415']
['355', '228', '458', '397', '174', '372', '59', '319']
['259', '388', '70', '77', '463', '470', '23', '281', '91', '479', '224', '293', '361', '371', '439', '249']
['353', '172', '301', '144', '147', '435', '373', '21', '53', '318']
['289', '112', '178', '466', '243', '374', '311', '411']
['162', '2', '478', '169', '234', '46', '143', '175', '401', '244', '443', '95', '255']
['230', '295', '490', '44', '113', '275', '85', '442', '254']
['256', '449', '482', '90', '298', '43', '464', '241', '19', '282', '283']
['480', '160', '357', '6', '325', '104', '447', '50', '380', '157', '223']
['161', '97', '98', '425', '369', '467', '149', '344', '250']
['354', '299', '363', '267', '496', '22', '438', '120']
['417', '323', '229', '136', '9', '10', '474', '274', '52', '313', '26', '252']
['419', '396', '498', '214', '473', '191']
