['416', '225', '450', '64', '132', '167', '297', '13', '49', '372', '20', '343', '442', '349', '383']
['2', '389', '328', '465', '342', '87', '22', '217', '30', '37', '435', '116', '184', '186', '379', '380', '61']
['196', '341', '152', '92', '285', '413', '414', '36', '101', '358', '295', '359', '486', '170', '173', '369', '310', '123', '124']
['319', '7', '362', '11', '12', '434', '499', '403', '117', '115', '118', '474', '284', '478', '63']
['385', '451', '67', '131', '198', '8', '81', '213', '23', '481', '231', '492', '429', '495', '312', '445']
['480', '34', '98', '266', '107', '431', '272', '176', '274', '276', '378', '476', '190', '31']
['387', '398', '15', '48', '401', '304', '148', '85', '121', '253', '127']
['353', '462', '463', '464', '273', '469', '311', '347']
['66', '26', '197', '423', '396', '334', '335', '239', '146', '282']
['65', '354', '195', '327', '363', '77', '303', '432', '243', '150', '86', '470', '57', '222', '318']
['323', '421', '88', '365', '271', '336', '241', '338', '437', '376', '315', '444', '157', '191']
['448', '356', '233', '42', '491', '139', '206', '179', '212', '53', '153', '251']
['68', '138', '427', '428', '267', '145', '84', '56', '125']
['227', '180', '326', '136', '317', '46', '47']
['417', '162', '33', '299', '76', '240', '242', '307', '52', '340', '279', '252', '351']
['0', '1', '405', '102', '473', '171', '286']
['129', '229', '325', '361', '364', '142', '399', '302', '402', '114', '147', '216', '313', '90']
['290', '168', '394', '234', '460', '172', '82', '410', '348']
['226', '163', '453', '454', '430', '408', '314', '283']
['3', '199', '72', '73', '332', '205', '496', '245', '218', '412']
['288', '161', '262', '395', '108', '409', '250', '411']
['259', '260', '134', '457', '268', '211', '309', '214', '406', '24', '443', '93', '382']
['258', '50', '69', '71', '156', '381']
['224', '228', '232', '169', '458', '112', '144', '374', '446']
['482', '483', '165', '103', '455', '490', '459', '337', '280', '287']
['419', '420', '375', '426', '14', '255']
['384', '440', '424', '489', '329', '75', '111', '305', '306', '248', '122']
['449', '119', '185', '441', '204', '377']
['99', '484', '104', '40', '45', '62', '94', '415']
['177', '324', '154', '200', '137', '106', '238']
['320', '257', '289', '322', '261', '293', '269', '110', '466', '89', '27', '28']
['113', '373', '472', '488', '44', '109']
['97', '210', '18', '133', '471', '247', '188']
['386', '357', '264', '345', '74', '80', '181', '278', '439', '344', '182', '59']
['83', '164', '166', '183', '425', '477']
['192', '352', '194', '321', '292', '230', '392', '43', '461', '151', '25', '475', '29', '159']
['96', '6', '298', '270', '17', '246', '407', '220', '221']
['41', '203', '333', '174', '79', '339', '54', '120', '155']
['130', '5', '422', '39', '105', '10', '16', '149', '438', '55', '346']
['400', '21', '277', '360', '201', '78']
['35', '388', '391', '235', '140', '141', '219']
['497', '355', '371', '60', '397']
['418', '291', '452', '330', '301', '494', '207', '208', '433', '209', '249', '158']
['498', '51', '4', '70']
['160', '370', '265', '331', '300', '126']
['256', '223', '100', '436', '95', '254', '281', '91', '350', '479']
['193', '294', '263', '296', '237', '493', '178', '467', '244', '316', '189', '447']
['390', '456', '9', '366', '175', '58', '187']
['128', '485', '487', '135', '393', '19', '308', '404', '215']
['32', '38', '202', '236', '367', '368', '143', '275', '468']
