['481', '482', '99', '98', '368', '21', '250', '187', '253']
['352', '102', '8', '9', '282', '145', '183', '26', '477', '479']
['322', '324', '101', '393', '394', '106', '241', '404', '278', '186', '380']
['354', '165', '361', '428', '369', '340', '151', '379']
['248', '418', '134', '136', '170', '235', '142', '144', '176', '119', '312']
['164', '237', '13', '15', '337', '498', '242', '351']
['229', '73', '269', '397', '464', '466', '181', '150', '189', '159']
['416', '210', '419', '69', '182', '254', '319']
['384', '330', '300', '332', '339', '276', '277', '438', '121', '94', '383']
['452', '389', '205', '270', '304', '308', '468', '91', '92', '93']
['33', '66', '197', '359', '104', '313', '46', '243', '115', '57', '381']
['64', '195', '485', '198', '41', '202', '54', '55', '314', '125']
['50', '467', '51', '24', '281', '127', '62', '63']
['387', '36', '135', '45', '239', '209', '20', '22', '25', '478']
['402', '326', '87', '284', '301']
['288', '96', '395', '474', '146', '19', '345', '122', '95', '255']
['320', '249', '329', '138', '399', '432', '372', '117', '344', '409', '415']
['35', '292', '180', '374', '471', '184', '86', '411']
['163', '4', '53', '327', '297', '311', '143']
['200', '355']
['450', '259', '38', '423', '39', '459', '271', '272', '433', '52', '245']
['323', '420', '169', '204', '48', '49', '214', '473', '58', '445', '414']
['376', '27', '154', '427']
['6', '7', '424', '175', '80', '306', '84', '309', '343', '124', '223']
['321', '290', '453', '325', '199', '298', '331', '475', '347', '60', '191']
['128', '449', '107', '140', '333', '430', '148', '88', '285']
['451', '11', '238', '400', '496', '221', '410', '317', '222']
['360', '82', '5', '367']
['212', '37', '294', '261', '425', '172', '14']
['283', '305', '2', '40', '299', '155', '44']
['161', '391', '265', '267', '12', '109', '403', '307', '342', '23', '447']
['357', '328', '461', '141', '206', '177', '274', '114', '371', '370', '341']
['480', '225', '487', '295', '203', '108', '336', '179', '89', '218', '31']
['421', '422', '458', '74', '364', '366', '462', '18', '215', '156', '157']
['194', '483', '486', '231', '488', '440', '10', '398', '16', '280', '349']
['448', '192', '131', '365', '78', '434', '147', '338', '435', '441']
['226', '296', '158', '139', '171', '493', '460', '207', '469', '315', '446']
['32', '388', '133', '454', '362', '491', '173', '113', '213', '406', '252']
['408', '72', '137', '490', '363', '495']
['417', '257', '353', '258', '100', '390', '230', '232', '178', '437', '251']
['65', '103', '201', '302', '47', '494', '303', '405', '246', '120', '152']
['227', '293', '174', '335', '83', '348', '123', '220']
['256', '130', '34', '228', '334', '211', '217', '28']
['97', '196', '70', '71', '463', '85', '439', '476', '318']
['386', '132', '484', '346', '240', '465', '81', '373', '310', '442', '316']
['3', '455', '392', '79', '273', '188', '149', '375', '153', '412', '413']
['289', '233', '234', '236', '429', '111', '497', '247', '56', '61', '216']
['1', '193', '105', '77', '112', '377', '90', '190']
['129', '67', '68', '166', '264', '266', '42', '110', '118', '126', '287']
['456', '457', '426', '382', '286']
['385', '291', '260', '492', '268', '499', '116', '185', '219']
['358', '396', '470', '472', '59']
['0', '489', '75', '76', '208', '407', '29']
['224', '262', '263', '43', '431', '401', '436', '244', '443', '444', '350']
['160', '162', '356', '167', '168', '17', '275', '279', '378', '30']
