['194', '66', '68', '453', '71', '140', '205', '398', '271', '272', '334', '19', '83', '406', '151', '91', '221', '32', '417', '482', '357', '491', '112', '442', '381', '63']
['128', '1', '195', '15', '17', '274', '276', '23', '344', '412', '227', '293', '230', '359', '425', '106', '362', '302', '430', '239', '498', '435', '436', '371', '439', '122']
['197', '328', '265', '200', '77', '333', '336', '82', '20', '85', '150', '343', '217', '89', '27', '159', '352', '419', '44', '109', '46', '304', '113', '242', '377', '445']
['455', '392', '330', '142', '84', '469', '278', '342', '216', '286', '415', '288', '289', '351', '479', '167', '39', '488', '494', '48', '243', '181', '373', '376', '58', '319']
['324', '198', '263', '456', '458', '12', '397', '270', '404', '213', '25', '473', '155', '219', '413', '348', '93', '96', '290', '100', '484', '422', '104', '111', '121', '318']
['448', '9', '202', '208', '145', '466', '147', '339', '277', '468', '88', '153', '475', '158', '223', '291', '164', '487', '424', '107', '431', '432', '178', '180', '312', '446']
['129', '3', '196', '76', '335', '400', '16', '337', '467', '471', '474', '283', '284', '157', '414', '218', '229', '360', '234', '175', '433', '244', '53', '182', '311', '378']
['64', '258', '322', '388', '133', '389', '137', '138', '459', '268', '332', '14', '472', '95', '161', '292', '421', '296', '426', '235', '172', '124', '120', '441', '316', '253']
['454', '329', '395', '269', '79', '465', '21', '470', '407', '28', '29', '481', '98', '35', '226', '297', '233', '300', '307', '117', '249', '60', '125']
['131', '6', '264', '13', '463', '86', '408', '156', '355', '358', '364', '496', '369', '115', '245', '185', '380', '317', '254']
['0', '130', '325', '327', '72', '139', '203', '143', '405', '87', '280', '92', '349', '222', '31', '94', '420', '166', '294', '103', '105', '45', '47', '241', '52', '59']
['385', '449', '4', '391', '73', '201', '11', '204', '401', '402', '209', '282', '225', '34', '162', '101', '361', '428', '493', '176', '177', '50', '437', '188', '382', '255']
['259', '451', '261', '134', '460', '464', '273', '146', '403', '81', '24', '97', '353', '356', '165', '485', '423', '168', '42', '429', '301', '237', '240', '118', '184', '126']
['390', '7', '136', '462', '144', '275', '340', '341', '215', '30', '287', '350', '231', '489', '314', '365', '366', '127', '368', '434', '116', '313', '186', '251', '252', '191']
['192', '387', '323', '70', '74', '207', '18', '119', '26', '411', '410', '220', '418', '163', '483', '299', '492', '367', '495', '114', '51', '54', '438', '444']
['8', '266', '267', '141', '149', '224', '354', '228', '486', '232', '298', '490', '236', '110', '49', '179', '308', '443', '310', '187']
['384', '386', '5', '262', '396', '148', '409', '281', '154', '36', '38', '295', '169', '306', '183', '56', '57', '61', '62', '65', '450', '67', '210', '347', '372', '374']
['256', '257', '260', '10', '22', '279', '152', '285', '416', '170', '171', '43', '174', '303', '309', '440', '189', '320', '69', '331', '461', '212', '102', '497', '370', '499']
['2', '132', '393', '394', '33', '37', '40', '427', '305', '321', '452', '75', '78', '211', '214', '346', '247', '480', '99', '123', '108', '238', '375', '248', '250', '379']
['135', '399', '160', '41', '173', '55', '315', '190', '447', '193', '326', '199', '457', '206', '80', '338', '345', '90', '476', '477', '478', '363', '246', '383']
