['AFJ', 'AEC', 'AOO', 'AEI', 'ADJ', 'AFA', 'AHN', 'AQO', 'AKJ', 'ANV', 'ABZ', 'AEE', 'AKV', 'APH', 'AIP', 'ABL', 'ABA', 'AEL', 'AOP']
['ADP', 'AGC', 'AJU', 'AKW', 'AIL', 'AFK', 'ABJ', 'ACH', 'ADL', 'AEH', 'AQJ', 'AIN', 'AQA', 'AGN', 'ADZ', 'AHU', 'AAK', 'AFL', 'AHE']
['ADY', 'AAA', 'ABT', 'AFO', 'AFZ', 'AIG', 'ACN', 'AJZ', 'ABK', 'AAG', 'AIW', 'AMW', 'AFY', 'AAH', 'ANZ', 'AGJ', 'ALB', 'AHG', 'AES']
['AGE', 'ABP', 'AKA', 'AHY', 'AQG', 'AJC', 'ANP', 'ABY', 'AKO', 'ALV', 'ANW', 'ANA', 'AKQ', 'AKC', 'ALC', 'AIZ', 'ALA', 'AGH', 'AON']
['AGB', 'AHM', 'ACP', 'AGR', 'ABF', 'AHR', 'ABV', 'AIA', 'ALW', 'AIQ', 'AHK', 'AKU', 'ACI', 'AAL', 'AGK', 'AGU', 'APU', 'AHF', 'AAI']
['AKB', 'AHQ', 'AAB', 'AHL', 'AIO', 'AHZ', 'ACQ', 'ABH', 'ACO', 'AHD', 'AFQ', 'AFT', 'AKL', 'AGV', 'AIF', 'AOA', 'ALZ', 'AGD', 'AJT']
['ANL', 'ANX', 'ACJ', 'ANB', 'ALN', 'ALP', 'AJB', 'AMU', 'AAQ', 'AOL', 'ANM', 'AKX', 'ANJ', 'ADD', 'ADC', 'APG', 'ANH', 'AQL', 'AAC']
['AJA', 'ANQ', 'AKS', 'ALK', 'AOJ', 'ALI', 'AAM', 'AMF', 'AKG', 'AIS', 'AJJ', 'AKT', 'ALR', 'AND', 'AKK', 'AGW', 'ANI', 'AKF']
['ANS', 'ADA', 'ACX', 'ALQ', 'AOQ', 'AKD', 'ACB', 'ALO', 'AEO', 'AMH', 'AFG', 'AJH', 'AFE', 'AJL', 'ABE', 'AMY', 'APN', 'AJG', 'AOF']
['AOD', 'APM', 'ANE', 'AMI', 'ANG', 'ANK', 'AFR', 'APK', 'AOW', 'AOZ', 'AJV', 'AKY', 'AGZ', 'AJX', 'AIV', 'AOB', 'ALX', 'AMR', 'AHW']
['ADE', 'AAU', 'AHS', 'AJM', 'AOR', 'AMC', 'APJ', 'AOT', 'AHA', 'APO', 'AQD', 'AAD', 'AOX', 'APT', 'APZ', 'AOY', 'AQE', 'AML', 'ANU']
['ANC', 'AIB', 'AHP', 'AMB', 'AIC', 'ADG', 'AJR', 'ANY', 'ABD', 'ACC', 'ALY', 'AEB', 'AAP', 'ADV', 'AMQ', 'AEM', 'ANT', 'AMS', 'AQK']
['AQM', 'APE', 'ACL', 'ADM', 'ADI', 'APW', 'ANF', 'ADK', 'AQI', 'ADB', 'AOG', 'AGI', 'ANR', 'APF', 'AQH', 'AMJ', 'APC', 'API', 'ADT']
['AOU', 'ABS', 'ANO', 'APP', 'ALG', 'AFU', 'AMZ', 'AFM', 'AIT', 'AKH', 'AAO', 'AGX', 'AJY', 'ABB']
['AKR', 'AHJ', 'AEG', 'APX', 'APS', 'AQN', 'AJO', 'AEN', 'AEK', 'AAE', 'ALL', 'ABN', 'AEX', 'AEP', 'ACR', 'AAJ', 'ABQ', 'AGT', 'ADN']
['AFD', 'ALM', 'APD', 'ACY', 'AMV', 'AMT', 'ALS', 'AOH', 'ADO', 'AJD', 'AMN', 'AOE', 'AKP', 'ALD', 'ACU', 'AKZ', 'AGL', 'AOC', 'ALH']
['AKE', 'AMA', 'AMM', 'ACS', 'ADQ', 'ALJ', 'AMP', 'ALE', 'AIK', 'ADR', 'AJS', 'AOK', 'ACA', 'AKM', 'AJN', 'ABX', 'AKI', 'AQB', 'ACZ']
['ABC', 'AFB', 'APQ', 'ADF', 'AMO', 'AJE', 'AHT', 'AQF', 'ACM', 'ALU', 'AFC', 'AOS', 'AMG', 'AID', 'AAR', 'AAT', 'APB', 'ACG', 'ACF']
['AFF', 'AFW', 'ALT', 'AGO', 'APA', 'AJI', 'AJW', 'ABM', 'AIR', 'AHI', 'AOI', 'AFS', 'ALF', 'AKN', 'AMK', 'AME', 'AEW', 'ABO', 'AEJ']
['ABR', 'AMX', 'AFP', 'AHC', 'AII', 'AOM', 'AHX', 'ACV', 'AFX', 'AMD', 'AHH', 'APY', 'ABW', 'AJF', 'AIH', 'AGM', 'AGG', 'AGQ', 'AAX']
['AFN', 'AQC', 'AIY', 'AFI', 'ACT', 'AAS', 'AIM', 'AHO', 'AJQ', 'ACW', 'AAZ', 'AGA', 'AEF', 'AFV', 'ANN', 'AGF', 'APR', 'ADS', 'ABI']
['AEY', 'ADH', 'AAN', 'ACD', 'AAW', 'AAY', 'AAF', 'AEV', 'AJP', 'AFH', 'ACE', 'ABU', 'AEA', 'ADU', 'AJK', 'ABG', 'ACK', 'AIE', 'ADX']
['AAV', 'AGS', 'AET', 'AER', 'AGP', 'ADW', 'AEQ', 'AIX', 'AHB', 'AEU', 'AHV', 'APL', 'AEZ', 'AED', 'AGY', 'APV', 'AIJ', 'AIU', 'AOV']
