['36', '38']
['97']
['51', '74', '19', '179']
['132', '197', '119', '11', '126', '95']
['13', '181', '26', '27', '173', '158']
['131', '147', '134', '199', '200', '127']
['116', '103', '24', '172', '222', '190']
['32', '104', '138', '140', '189', '47']
['156', '98', '77', '84', '236', '237']
['114', '115', '157', '78']
['112', '113', '192', '87']
['240', '82', '229', '120', '202', '109']
['136', '230', '14', '15']
['153', '37', '191']
['208', '16', '3', '246', '234', '238']
['34', '163', '18', '22', '217', '31']
['241', '226', '83', '180', '186', '93']
['144', '193', '65', '49', '122', '235']
['81', '210', '209', '245', '44', '125']
['53', '6', '21', '54', '239']
['188', '70', '102', '185', '155', '108']
['96', '117', '86', '135', '220', '61']
['175', '133', '198', '213', '94', '79']
['72', '75', '206']
['160', '166', '167', '152', '25', '90']
['164', '10', '7', '63']
['204', '4', '203']
['248', '243', '40', '106', '28']
['129', '194', '227', '212', '214', '215']
['80', '29', '56', '57', '59', '45']
['130', '195', '150', '71', '249', '58']
['162', '242', '52']
['99', '228', '232', '43', '141']
['2', '182', '168', '73', '107', '216']
['128', '161', '42', '139', '62']
['67', '223']
['146', '187', '124', '46']
['64', '151', '121', '170', '221', '174']
['23', '30', '231', '89', '91', '110']
['159', '225', '219', '12', '111', '76']
['41', '244', '142', '39']
['88', '35', '171', '118']
['0', '17', '50', '201', '92', '205']
['176', '177', '211', '20', '85', '184']
['66', '196', '100', '55']
['33', '148', '183', '143']
['1', '233', '137', '247', '154', '60']
['165', '5', '8', '9', '207', '178']
['224', '68', '69', '48', '145']
['101', '169', '105', '149', '218', '123']
