['NTGQJ', 'BKFQR', 'GKLKQ', 'JRNKY', 'GNDQJ', 'GWEZA', 'TLKIE', 'VQTXV', 'KRMMY', 'FYSSP', 'PHXOS', 'DOYMU', 'HKSDK', 'UXUZX', 'RSFHX', 'TQUPW']
['FFZNI', 'IOHXF', 'RRFYM', 'UHIOD', 'FQYNK', 'UMQRP', 'RNMID', 'LYFLA', 'UOYAH', 'XQQNM', 'JCWPV', 'PKECO', 'BVKPC', 'RSYQC']
['EYYNC', 'QQCGU', 'FXFHY', 'TYYLF', 'VFWVV', 'QSAIM', 'JCTBB', 'SUNJN', 'SMDTK', 'XOUQG', 'WFPUN', 'DOXUP', 'SIWEE', 'UEFBC', 'NMUXG', 'VXNNV', 'WNDOP', 'CWZDH', 'AHXXM', 'TMCLZ', 'ZRFKN', 'TDICM', 'YKOFS', 'GPHCZ', 'REVQE']
['JECON', 'JFKWJ', 'FIPGX', 'KBDMG', 'IVYZR', 'SOVUQ', 'HUNXU', 'HKBNA', 'DAPHY', 'GXAOE', 'LCYZY', 'BBDFQ', 'QFZCO', 'YPSZJ', 'GUJWH', 'RWIWJ', 'TPIXY', 'TLAOJ']
['RQZDB', 'PPBBM', 'FRHWO', 'NKLCQ', 'YSBTR', 'XYABI', 'MUUIL', 'HDFES', 'BSOUP', 'YTVYR', 'IXEZM', 'QJUJE', 'EXSFL', 'YHWVK', 'FWTXB', 'DWGDE', 'WNBOI', 'GPKTZ', 'CHCYT', 'AXIHL']
['WLODL', 'VZFUK', 'VFXSF', 'XDBSH', 'SYRST', 'AIWJE', 'DPJHM', 'FLAIE', 'LFYYV', 'BREAU', 'PEIBF', 'XHKTV', 'HOCJP', 'VUTIQ', 'FKSNY']
['KEUTQ', 'JTKTH', 'NPJSC', 'OHEWR', 'PUJOM', 'MRNHH', 'CTLHM', 'VLXZD', 'QBYJR', 'UYUIP', 'BCKDA', 'PSMNV', 'ZLMYN', 'BWKXY', 'ZNEQL', 'WGNBW', 'ZUYFN']
['YTTKI', 'VLACB', 'TJFHX', 'GKYTD', 'KCPYN', 'XQUPB', 'HGAWC', 'DBXJE', 'NNLIE', 'JLTJR', 'MBBZL', 'KCWNV', 'DUQLN', 'XQYCU', 'XYVAU']
['JLETC', 'BHECC', 'KDZDK', 'KDMQW', 'QSIZR', 'EWIJA', 'JAGAT', 'CRSZF', 'IQLHD', 'AEHLI', 'VKBEF', 'BBIGY', 'IBFSE', 'PKUWP', 'EFPNV', 'LMDUZ', 'DBPXU', 'JWNLZ', 'GJYBX']
['GDZSX', 'ABAQL', 'CYRFR', 'QBGLN', 'ZCMCP', 'ENHUS', 'HVAAR', 'DZGQX', 'FIIIX', 'JMNIF', 'PPGSA', 'SSZXS', 'UPNVV', 'WMAOH', 'OYLVF', 'TJLUN', 'VZNGS', 'SEJRA', 'QMBKL', 'OJTYX', 'PUFAY']
['KQZVU', 'EFRTR', 'OBCSZ', 'SCMKV', 'SSWHW', 'NLQQX', 'URMYA', 'PUWYW', 'NCCJD', 'HAPCQ', 'XGXRC', 'GJCQK', 'WZJYQ', 'ELBRQ']
['QJRDV', 'CWKNX', 'PPAYR', 'HAYKV', 'PBEOM', 'XOUQM', 'TIZZI', 'QHQUF', 'IDOHH', 'UZTYA', 'UQJJY', 'NMWYK', 'VGTYI', 'UMQSO', 'ALNHK', 'FIBZD', 'ABQJV', 'YVULZ', 'EGYBS', 'ADKIG', 'YQBLY', 'DFNDO', 'PREHL']
['KEDYT', 'ZNTDR', 'PBAWW', 'SLYUO', 'AEXQY', 'XLWDU', 'KZBFF', 'NLPHM', 'VKHOX', 'FIUZZ', 'DFZLH', 'FKMPO', 'LVMLT', 'AAEBS', 'RKMOC', 'JDDRN', 'DQJYE', 'KSGPB', 'WTMZW', 'YMAKV', 'CZQAC', 'AZDHE', 'ZZKGQ']
['WAZOJ', 'RFDDK', 'VBXTL', 'CALHI', 'PRFNT', 'PAVOS', 'GZWND', 'SHEUT', 'OVNTP', 'IYGUJ', 'NZQKM', 'LESUW', 'UNSUE', 'KXFFP', 'CRKWH', 'VYUHL']
['XMZUX', 'XGCQB', 'WWCYP', 'RDCHE', 'BMNGE', 'JGBOH', 'OENOT', 'FPFHY', 'FBZDZ', 'XIGOI', 'QMJUD', 'RZJZX', 'VSEBO', 'ENWEC', 'FRVNO', 'POXWS', 'OZSQX', 'OXZCV', 'SPSXT', 'UDEWT']
['GPAYG', 'CCHLM', 'DJQYY', 'WNGHY', 'ZOVBE', 'VVMSW', 'GAUGX', 'DDGZR', 'RISKG', 'MMHOG', 'GUGKR', 'GFWZF', 'OEEYW', 'TKEWX', 'LEYDX', 'JPWDA', 'TWVAR', 'ELRTK', 'XTFTT', 'JFOPY', 'MIMWO', 'VUZHE', 'MSZXR']
['GKPPL', 'AUIRW', 'RCWOS', 'LHFOM', 'BXGFY', 'YVMFJ', 'VCMUY', 'XMJJP', 'AALPZ', 'ERXLL', 'NCXIY', 'AQEWE', 'DRVVY', 'JPLIB', 'YRTTG', 'JJDHO', 'ZOHDS', 'ZXEUD']
['NCWPX', 'ILRGH', 'BXGAG', 'VISUM', 'UTQPU', 'GAQXI', 'KTXRI', 'PDNXQ', 'DNOMK', 'FCFIW', 'SAOVB', 'NEQMO', 'NGBWQ', 'ZYEMW', 'BEFRL', 'SUEUT', 'FSYHN', 'WEYKU', 'VSARS']
['PCOTH', 'YIQHC', 'STZIM', 'UHFXM', 'FWKYL', 'CSILO', 'POYSB', 'NRRFB', 'BHFJC', 'XBVDI', 'SEVGN', 'QNXTS', 'HAKPT']
['ZMWJB', 'ZMCMD', 'QXETJ', 'PARXO', 'TEYRZ', 'IHIWD', 'IAASE', 'RLKNU', 'RAAAY', 'VWLQP', 'FSIEJ', 'DREMQ', 'CYMCE', 'JGGQM', 'RMNKI', 'RRDGL', 'CXMEP', 'PADSR', 'YYNPW', 'YPRRC', 'YTXXV']
['QLDQR', 'CASYZ', 'VHWPC', 'ZPWCF', 'QFSQF', 'JXKSJ', 'ROVKN', 'SWZLI', 'ZSYGC', 'NSSHB', 'IUTYE', 'WTAGZ', 'IPLJJ', 'NHZCJ', 'EIREK', 'NKEPZ']
['LCGFN', 'EBQJA', 'ASGXO', 'SLHLJ', 'JGIMA', 'EIALG', 'GKOUL', 'RMHZI', 'SURGB', 'VUPAV', 'GBEQY', 'JMPSL', 'QUGAX', 'HXGTU', 'KIEKF', 'TARGC', 'ZRLGV', 'FESAS', 'JCAYK', 'FYAYI', 'MTXFY', 'BCTKV', 'SACPU']
['WEDAM', 'CYVWU', 'USRDK', 'LQJNK', 'VNNEP', 'METWY', 'LMZAF', 'MQEVZ', 'STJMV', 'NZQNY', 'VQUBW']
['GRIBM', 'SDCRN', 'JEHBC', 'RUSXV', 'LGPGN', 'DWCIC', 'HZGVK', 'QZGLO']
['LYSRO', 'OMNEY', 'NHBOU', 'BOOKC', 'AXICB', 'XPMAC', 'TPIHD', 'CSGGY', 'KFWQL', 'QYCKH', 'MLWLT', 'BNPMH', 'IEEVC', 'OYGNB', 'LPRGT', 'FMMZU', 'RVMXY', 'KGDBH', 'VGWZF']
['SPROB', 'TJTMV', 'BFHEV', 'EHCWU', 'VNIQM', 'MCXWP', 'HIBFR', 'PDSZU', 'PQEKQ', 'XZTVE', 'EAHZI', 'LBYAL', 'NLQWV']
['EPEAQ', 'XADCG', 'UDFVU', 'VMRKJ', 'QACAX', 'UTYHJ', 'KEPXD', 'GRUYQ', 'EXERI', 'SEUJM', 'DTPHQ', 'MCVPN', 'QVEIA', 'IYMNE', 'LJQBN', 'ZKMSA', 'NZAXS', 'GUJWW', 'LRCXZ']
['DYIYS', 'FHCPP', 'XVOGO', 'PQYKQ', 'REFDA', 'OPZLD', 'WHBFR', 'CZNRV', 'RWOPE', 'IPMBX', 'FMFZO', 'MQWLN', 'LQGAI']
