['338', '277', '252', '349', '446']
['202', '12', '215', '31']
['204', '13', '222', '104']
['122', '19', '86', '14']
['210', '124', '45']
['426', '318']
['72', '216', '173', '110', '16']
['217', '68', '206']
['369', '282', '427', '287']
['107', '175']
['265']
['289', '314', '409', '367']
['147', '93', '5']
['30']
['275', '421']
['240', '432', '276', '256']
['167', '39']
['145', '28']
['260', '375', '408', '281', '299', '428', '347']
['321', '291', '435', '372', '262', '341']
['53', '118']
['193', '15']
['50']
['137', '10', '168']
['363', '316', '422']
['434', '254']
['3']
['75']
['355', '328', '361', '154', '429', '320']
['61', '143']
['294', '232', '394', '444', '317']
['105', '148', '156']
['337', '418', '235', '300']
['440']
['439']
['420', '231', '391', '244']
['94', '191', '144']
['26']
['43', '181', '176']
['270']
['242', '323', '423']
['405', '304']
['378', '243']
['101', '142']
['443']
['329', '445', '296']
['25', '186', '152']
['96']
['211', '52']
['383']
['123']
['155']
['385', '319']
['196', '8']
['273', '310', '424']
['171', '150', '71']
['442', '309']
['352', '239', '360']
['213', '38']
['209', '354', '230']
['377']
['58', '59', '135', '192']
['102', '134']
['350']
['63']
['343']
['365']
['164']
['359']
['18', '138']
['177', '165', '153', '48', '112']
['401', '322']
['1', '21']
['229']
['392']
['266', '133', '406', '279']
['345', '302']
['74', '178', '36', '157']
['259', '180']
['17', '203']
['195']
['29']
['149', '23']
['108']
['169']
['51']
['267']
['121']
['245']
['41']
['111', '116', '199', '64']
['44', '132']
['42', '115']
['98', '220', '327']
['258', '340']
['305', '386', '284', '238']
['330', '348']
['425', '315']
['344']
['97', '197']
['218', '91']
['85']
['301', '376']
['247']
['292']
['298']
['129']
['403', '437', '264']
['387', '285']
['225']
['371', '22', '73', '331', '172', '185']
['208']
['88']
['70', '358', '158']
['100']
['69', '166', '24', '60', '221', '128', '80']
['274', '351']
['374']
['79']
['357']
['290', '402', '236']
['353', '241']
['393', '307', '326']
['364']
['9']
['226', '419', '382', '214', '313', '106', '430']
['141', '47']
['379']
['163']
['306']
['380']
['54']
['411']
['436', '271']
['99', '37', '92', '125', '190', '288']
['249', '250', '126', '431']
['188']
['297', '381', '390']
['127']
['248', '224']
['2']
['335']
['272']
['56']
['263']
['198']
['95']
['162']
['237']
['189']
['117']
['332', '412', '415']
['103']
['397']
['414']
['131']
['205']
['11']
['268']
['161']
['324', '396', '388', '295']
['441']
['253']
['82', '114']
['182', '151', '57', '170', '78']
['398']
['389']
['160']
['373']
['413']
['362', '251', '255']
['89', '4', '261']
['130']
['233', '399', '280']
['308']
['234']
['293']
['257', '356']
['200']
['76']
['278']
['416']
['40']
['67']
['212']
['194', '20', '120', '410', '219', '46', '159']
['187']
['33']
['62']
['113']
['136']
['32']
['140']
['7']
['336']
['283']
['325']
['246', '384']
['395']
['346']
['438']
['368']
['223']
['183']
['6', '87', '184']
['81', '77', '207']
['339', '333', '366']
['34']
['303']
['66', '370']
['27', '119']
['84']
['201', '35']
['65', '179', '139', '109']
['83']
['404']
['227']
['146', '55']
['269', '407']
['228', '342', '312']
['433', '90']
['174']
['417', '334', '400', '49', '311']
['286']
