['286', '465', '95', '231', '220', '298', '451']
['151', '190', '400', '318', '76', '121', '265']
['364', '300', '253', '216', '135', '61', '243']
['386', '419', '149', '64', '2', '105', '476']
['122', '238']
['323', '251', '33', '15', '342', '233', '82']
['356', '145', '181', '495', '45', '108', '295']
['354', '267', '248', '322', '69', '461', '361']
['474', '365', '341', '396', '463', '126', '88']
['6', '239', '229', '489', '55', '34', '345']
['459', '477', '475', '439', '369', '377', '472']
['249', '481', '497', '156', '284', '115', '240']
['402', '86', '25', '496', '303', '92', '328']
['123']
['136', '443', '294', '11', '200', '197', '127']
['470', '387', '422', '442', '466', '448']
['67', '91', '183', '349', '280', '161', '473']
['50', '189', '19', '214', '395', '399', '118']
['199', '285']
['53', '212', '320']
['112', '47', '428', '166', '187']
['41', '357', '491', '79', '224', '406', '12']
['421', '351', '370', '175', '3']
['52', '438']
['103', '450', '113', '262', '317', '411', '258']
['471', '22', '237', '13', '273']
['37', '234', '246', '54', '343', '72']
['144', '163', '94', '142', '355', '296', '162']
['304', '48', '289', '269', '158', '218', '124']
['170', '60', '75']
['65', '404', '62']
['446', '427', '371', '263', '363', '334', '247']
['63', '68', '313', '184', '71', '192', '30']
['430', '425', '128', '426', '155', '283', '447']
['306', '449', '266', '390', '444', '117', '141']
['360', '418', '9', '139', '32', '146', '333']
['479', '125', '415', '499']
['259', '436', '235', '417', '23', '331', '119']
['104']
['437', '167']
['165']
['359', '407']
['307', '96', '272', '150', '492', '282', '255']
['20', '254', '39', '100', '398', '340', '8']
['201', '16', '221', '97', '99', '358']
['116', '378', '0', '316']
['43']
['138']
['410', '388']
['215', '454', '28', '168', '111', '208', '244']
['140', '270', '293', '498', '109', '101']
['130', '389', '335', '261', '367', '278', '171']
['467', '384', '196', '93', '460', '423']
['486', '401', '131', '456', '27', '193']
['414', '348', '24', '59', '416', '375', '5']
['368', '159', '393']
['17', '260', '431', '114', '338', '227', '38']
['452', '143', '176', '432', '210']
['292', '277', '7', '420', '478', '485']
['179', '217', '374', '288']
['147', '18', '274', '440', '211', '336']
['110', '160', '98', '281', '264', '232', '445']
['312', '394', '487', '14', '177', '29']
['225', '102', '353', '153', '134', '301', '42']
['186']
['4']
['403', '321', '458', '241', '169', '223', '344']
['209']
['133', '483', '326', '469', '382', '191', '198']
['206', '391']
['494', '346', '26', '148', '74']
['276', '435', '77', '305']
['107', '490', '87', '56', '205']
['230', '315']
['373', '453', '455', '1']
['385', '242']
['299', '195']
['188', '31', '424', '204', '236', '83', '57']
['279', '157', '164', '319', '137', '203', '84']
['180', '309', '484', '372', '468', '429', '275']
['194', '381', '287', '90', '379', '49', '314']
['392', '202', '380', '44', '132', '297']
['464', '308', '228', '70']
['462', '310', '352', '290', '245']
['257', '376', '222', '152']
['332', '51', '81', '327', '366']
['413', '35', '58', '154']
['350', '482', '457', '173', '219', '185', '337']
['213', '405', '408', '207', '178']
['324', '256', '106', '434', '89', '36', '80']
['66', '226', '40', '268']
['397', '174', '250', '252']
['480', '347', '21', '85']
['10', '78', '271', '311', '120']
['129', '330', '291', '325']
['302']
['441', '73', '383', '493', '409']
['172', '46']
['488', '362', '182', '329', '412', '433']
['339']
