['10', '32', '79', '52', '136', '96', '172', '320', '113']
['88', '253']
['72', '284', '287', '218', '63', '121', '47', '219', '76']
['234', '33', '271', '215', '36', '142', '182', '124', '268']
['117']
['105']
['276', '295', '191', '87', '262']
['225', '216', '299', '129', '272', '85', '101', '134']
['84', '242', '51']
['264', '118']
['263', '164', '180', '104', '44', '239', '201', '60', '326']
['147', '22', '8', '176', '194', '240', '140', '226', '229']
['207', '21', '145', '35', '283', '168', '175', '156', '309']
['26', '265', '132', '217']
['4', '158', '159', '228', '304', '297', '169', '12']
['306', '257', '80', '53', '41', '307', '310', '109', '258']
['68', '15']
['1', '277', '153', '222', '114', '282', '94', '266']
['143', '31', '99', '170', '237', '125', '128', '211', '251']
['64', '223', '149', '39', '139', '313', '56', '40', '273']
['235', '200', '152', '160', '285']
['319', '28', '302', '62']
['78', '327', '7', '301', '103', '108', '24']
['161', '74']
['3', '231', '110', '43', '243', '202', '183', '248', '192']
['210', '254', '249', '163', '30', '221', '123', '244', '314']
['208', '2', '241', '185', '186', '127', '316', '317']
['205', '213', '54']
['146', '275', '155', '42', '280', '162', '259', '48', '195']
['315', '179', '5']
['245', '177', '214', '137', '75', '206']
['46', '197', '148', '49']
['115', '230', '324']
['77', '261']
['34', '325', '286']
['157', '102', '187', '190', '293', '167', '130', '204']
['95', '292', '61', '300']
['18', '269', '270', '122', '111', '323']
['150', '141']
['246', '89', '203', '193', '98']
['227', '209', '296', '6']
['19', '279', '93', '100', '181', '198', '58', '11']
['131', '23']
['9', '174', '171', '82', '120', '305', '318', '112', '70']
['86', '178', '20', '311', '267']
['97', '133', '281', '45']
['321', '116']
['38', '308', '91', '312', '29']
['16', '144', '13', '92']
['199']
['0', '27', '81', '250']
['290', '196', '151']
['303', '119', '107', '247', '14']
['220', '233', '154']
['25', '256', '50', '236', '189', '67', '238', '57']
['126', '69', '71', '291', '298', '289', '55', '138']
['17', '278', '165', '90', '135', '83', '184', '166']
['255', '73', '288', '294', '106', '173', '188', '252', '224']
['65', '274', '37', '232', '59', '66', '212', '260', '322']
