['458', '395', '268', '269', '399', '465', '401', '18', '407', '153', '189']
['352', '420', '166', '358', '351', '425', '95']
['161', '3', '294', '424', '9', '140', '332', '461', '335', '16', '497', '181', '281']
['224', '385', '133', '7', '136', '137', '394', '235', '168', '362', '118', '412', '415']
['448', '386', '67', '267', '406', '215', '29', '354', '357', '422', '428', '429', '305', '63', '125', '445']
['100', '165', '41', '490', '491', '331', '330', '238', '42', '499', '315', '349', '254']
['66', '261', '10', '333', '367', '243', '213', '187']
['452', '72', '13', '464', '23', '26', '283', '92', '477', '286', '32', '162', '163', '40', '239', '48', '432']
['297', '457', '61', '25', '159']
['113', '178', '86', '295', '248', '93']
['196', '231', '307', '83', '403', '405', '246', '188', '413']
['249', '327', '12', '273', '339', '311', '473', '317']
['290', '259', '260', '5', '390', '266', '205', '149', '310', '21', '120', '90', '123']
['258', '387', '292', '11', '460', '203', '400', '55', '156', '375']
['192', '321', '289', '419', '229', '200', '233', '201', '206', '54', '409', '378', '124', '190']
['88', '194', '251']
['6', '76', '78', '14', '272', '466', '19', '343', '217', '103', '170', '108', '431', '242', '115', '244', '313', '255']
['353', '98', '101', '38', '359', '389', '426', '107', '363', '430', '145', '20', '344', '31', '216']
['74', '4', '469', '414']
['226', '388', '104', '180', '182', '183', '185', '279']
['496', '116', '325', '345', '121', '314', '155']
['195', '197', '262', '134', '456', '265', '202', '334', '144', '404', '308', '84', '474', '191']
['114', '68', '484', '102', '138']
['97', '418', '467', '436', '411', '236']
['204', '356', '391', '396', '28']
['481', '293', '24', '285', '91', '284', '493']
['421', '73', '234', '171', '106', '77', '427', '109', '336', '147', '212', '214', '219', '221', '94']
['482', '324', '282', '172', '175', '177', '370', '245', '154', '383']
['320', '2', '355', '220', '184', '44']
['340', '117', '232', '252', '301', '270', '111']
['8', '80', '337', '82', '85', '87', '247', '89', '122']
['304', '257', '341', '263', '488', '62', '462']
['96', '298', '302', '303', '271', '52', '471', '27', '446']
['449', '453', '454', '459', '397', '17', '438', '222']
['34', '35', '451', '360', '329', '43', '300', '141', '110', '306', '468', '309', '410', '379', '380']
['131', '70', '135', '45', '179', '278', '346', '347', '476']
['33', '382', '148', '364', '142']
['65', '47', '207', '49', '146', '209', '440', '56']
['193', '447', '57', '318', '287']
['225', '323', '99', '485', '71', '46', '143', '208', '223']
['322', '36', '164', '198', '167', '392', '326', '312', '316', '478']
['368', '361', '348', '365', '495']
['299', '15', '369', '210', '372', '472', '253', '186', '444', '157']
['1', '130', '132', '199', '328', '75', '398', '79', '402', '22', '470', '218', '480', '487', '296', '240', '250', '126']
['288', '256', '416', '237', '81', '374', '119', '479']
['0', '129', '450', '69', '463', '274', '280', '475', '30', '350', '417', '230', '494', '433', '373', '376', '442', '443', '319']
['64', '384', '489', '366', '241', '498', '51', '276', '53', '275', '58', '59', '60']
['423', '174', '176', '112', '434', '435', '437', '277', '441']
['160', '227', '486', '264', '393', '105', '169', '50', '439', '408']
['128', '483', '455', '139', '173', '211', '371', '342', '381', '158', '127']
['291', '228', '37', '39', '492', '338', '150', '151', '152', '377']
