['200', '106', '14', '16', '50', '181', '183', '185', '187', '160']
['165', '167', '232', '169', '58', '89', '224']
['226', '258', '228', '234', '269', '51', '116', '85', '53', '219']
['259', '36', '4', '168', '237', '238', '239', '49', '145', '246']
['261', '103', '105', '236', '207', '241', '20', '21', '217', '125']
['37', '13', '205', '15', '17', '146', '83', '121', '28', '157']
['35', '262', '268', '206', '110', '270', '111', '144', '92', '223']
['180', '151', '88', '172', '29', '174']
['1', '2', '130', '164', '173', '91', '30', '31', '32']
['129', '39', '135', '267', '43', '45', '175', '148', '155', '255']
['161', '131', '12', '78', '80', '245', '23', '158', '159', '256']
['66', '163', '70', '188', '176', '57', '122', '124', '126', '63']
['18', '101', '22', '170', '107', '253', '64']
['227', '260', '7', '108', '47', '210', '182', '216', '190', '96']
['162', '120', '198', '166', '40']
['211', '11', '263', '201', '74', '75', '79']
['65', '133', '204', '84', '149', '214', '127', '156', '189', '95']
['68', '229', '230', '208', '209', '117', '150', '249', '221']
['100', '218', '6', '102', '5', '202', '90', '27', '60', '94']
['97', '194', '42', '235', '240', '19', '54', '119', '25', '191']
['195', '197', '233', '177', '179', '147', '215', '247', '153']
['225', '257', '196', '264', '77', '46', '143', '242', '213', '128']
['99', '69', '171', '140', '142', '82', '114', '56', '26', '248']
['3', '104', '9', '10', '203', '86', '184', '186', '251', '93']
['154', '212', '136', '138', '139', '62', '192']
['38', '123', '76', '109', '44', '112', '113', '55', '87', '59']
['33', '193', '34', '132', '134', '72', '265', '250', '220', '61']
['98', '41', '141', '178', '115', '118', '152', '252', '254']
['67', '231', '137', '266', '48', '52', '24', '222']
['71', '199', '73', '8', '81', '243', '244']
