['XUHAP', 'OQSOU', 'QPVND', 'DBIOJ', 'KXMSB']
['JXGHX', 'HSIWG', 'AHMRO', 'CSQHY', 'XXRUC']
['KENPF', 'VSPLU', 'NLRBO', 'ZQDIP', 'HAXVF']
['IZMEQ', 'YQPNL', 'LSZMU', 'QGRPC', 'QGXZJ']
['SVMGK', 'BVCTY', 'GBGAG', 'MQDQQ', 'KUMCW']
['XAOMD', 'ACMPF', 'TBZDI', 'LNIAF', 'EFKRH']
['BNJLP', 'HCVBR', 'ZJPJO', 'RMJIF', 'RJDRX']
['UJHDY', 'ECNTU', 'CKHRK', 'PQAHJ', 'LPHWP']
['SGXHX', 'MEKWP', 'FCWUA', 'DVLFX', 'BNYBV']
['CHIJG', 'SGTRH', 'HNXEZ', 'KCHSD', 'BWWYB']
['CBJEL', 'ZBJTS', 'KPECP', 'XFNKQ', 'DFVZW']
['UHSWZ', 'FEUEQ', 'KHNJL', 'XWMKT', 'ENKVR']
['YORBA', 'ZPTPS', 'OSLVS', 'XGNPD', 'UGVLA']
['PQDFC', 'IGQNP', 'MTCGB', 'PSZDK', 'VPSEI']
['EHHWX', 'XXFSV', 'VBRPO', 'AGDTK', 'VNVFZ']
['KSCIB', 'HXXMK', 'AICHQ', 'IGUWL', 'QBZQQ']
['VVCGQ', 'WWYEF', 'CIPCP', 'MIKDS', 'IGAXC']
['EHMWV', 'RCZHM', 'APXMD', 'GAEKQ', 'EAITX']
['OJGET', 'KEMJT', 'FCJLJ', 'FELNZ', 'CPJBS']
['FXUHH', 'GWJWE', 'WCFRY', 'AWUBI', 'DCJPL']
['ABYHN', 'PKBGA', 'VGUGP', 'LCHJI', 'QIZOX']
['JEBNF', 'YFRIJ', 'XCTJB', 'UCLPW', 'YBAFX']
['WDGCR', 'SRFIJ', 'IZZTZ', 'WPGRW', 'VXIFI']
['RDCTS', 'ZNMAJ', 'UHOTV', 'OZZTI', 'YJPCO']
['OXRUQ', 'LIQGP', 'IKHTD', 'EWNSH', 'WAQDW']
['ERTVL', 'MRXML', 'QNUDR', 'KQUJH', 'BLHOQ']
['PABIC', 'VGCRP', 'UGKUC', 'VATKD', 'OMYLR']
['OKQTW', 'HGJEC', 'DLKKW', 'HWSJL', 'FVYLB']
['GCQTP', 'UCQZE', 'TYMOI', 'JMYIA', 'SPHAJ']
['SHLYA', 'WTGUO', 'ZCVZT', 'QBVUY', 'ONQWA']
['QYWKX', 'ALXRH', 'OLFRP', 'DSQUZ', 'KYKCO']
['FSTKF', 'XNYRJ', 'JTHWI', 'ORRXP', 'HNKDE']
['TTIDN', 'VLEXY', 'PVVAV', 'PXCKJ', 'KGIPC']
['FZBVB', 'UFVEC', 'YWPLR', 'GOXXP', 'IAADS']
['SYIZZ', 'OCOQX', 'CVNCZ', 'TAHXC', 'SRUUN']
['QQUYY', 'FZRBE', 'EGIIY', 'CKFJL', 'DSUJE']
['CCNPM', 'ALMIE', 'DKHZJ', 'BPZOY', 'IXMQO']
['WAHPX', 'TBPZM', 'RUGKU', 'WUCQA', 'QSYML']
['OTQON', 'PECLI', 'EBLCO', 'DVRRV', 'PLFWC']
['KXUES', 'OVYUV', 'SIGOM', 'WJIWZ', 'SMSHQ']
['WLCAR', 'TKYGG', 'ZRVWH', 'CUUFQ', 'KDZKT']
['JOZYK', 'GJRAV', 'NCDJQ', 'QUECI', 'BJTHH']
['MESKQ', 'JHGWB', 'XUYPR', 'RUYNY', 'SFQST']
['QAOAR', 'NSAJQ', 'ZJQQO', 'NDLFM', 'GICKM']
['YWCZV', 'TNZEA', 'YNIQG', 'OUQMM', 'JCOPI']
['CIILB', 'VTOZN', 'OKPQW', 'CBNUD', 'AILUZ']
['VXLZU', 'AXQPJ', 'EYFRR', 'QIALM', 'SGRXP']
['GNCHO', 'MXBHP', 'NUSHB', 'NVSYK', 'VQDCT']
['BPLLS', 'VWJWK', 'SROSJ', 'WGGGP', 'TAIVA']
['RQZPM', 'XBLXM', 'BGOJW', 'AWDBE', 'SEYUH']
['HATBR', 'HKVZW', 'RJIED', 'TFGVT', 'BTWAZ']
['FBWOW', 'TFEWH', 'QSVBC', 'QVNNO', 'ZEPYJ']
['CPTCX', 'TUSMK', 'OENWP', 'GLIPE', 'UJESQ']
['BBKUO', 'PTRTD', 'FDGQA', 'OVYDG', 'MYAVD']
['JQBSO', 'FXFUX', 'ARMIC', 'EOCJX', 'EADHZ']
['UHYVL', 'TLZCG', 'QCHPG', 'ZYPEK', 'PSVNQ']
['RFWKF', 'VYDDY', 'YJCIZ', 'GZQDO', 'UDTFQ']
['SAVNS', 'XBSXA', 'QGGOH', 'UBCVC', 'VQAKV']
['ZLQYF', 'FJPVZ', 'TKJBK', 'NSDMC', 'CLLNQ']
['CIOFH', 'NKCOJ', 'TFWCC', 'THQAC', 'VATRQ']
['FZQXE', 'FGDHQ', 'IAMKK', 'YQSUZ', 'NHQWU']
['RMUXW', 'ACJRU', 'JAFZN', 'VFFHE', 'CIBMR']
['XBTFE', 'ERQBP', 'KRWXO', 'DKSJV', 'LIGPC']
['YXPNV', 'RURLC', 'OAGEZ', 'QQXNO', 'EAEIR']
['GEQFC', 'JWSRE', 'SJJMM', 'IBUGB', 'LVBGW']
['WJAIQ', 'BEIFF', 'WSVIR', 'LBKGE', 'SZXFW']
['SKBJW', 'RWZXF', 'IVZGD', 'HTJHJ', 'WNYYG']
['MWVBQ', 'ETYTK', 'ZHVLK', 'QCRLR', 'IRAUO']
['PGHQU', 'HFDOF', 'ZJNIT', 'TEFPC', 'GVYUW']
['PKHDM', 'ENWEP', 'WUTXG', 'INTFC', 'WHRVK']
['OXRDD', 'DUAEB', 'UZKCN', 'VLQCW', 'XIDUV']
['IRNCA', 'GUDYJ', 'NWAHL', 'QECFT', 'XEEVL']
['VIPLF', 'UQKOV', 'QYLAH', 'WOIJX', 'CQBIT']
['CFMPM', 'MXMMA', 'TVCFA', 'ZIJNW', 'BBVXC']
['ZUTJZ', 'DFBMK', 'LYGHF', 'NSTKH', 'CIUZU']
