['356', '290', '211', '163', '147', '162', '475', '341', '204', '41', '97', '81', '463', '388', '130', '309', '8', '368', '24', '297', '31', '72']
['418', '121', '482', '143', '199', '215', '3', '253', '60', '394', '449', '455', '126', '343', '192', '12', '101', '304', '142', '27', '496', '365', '68', '319', '198', '105', '134', '185', '212', '222', '79', '283', '94', '98', '316']
['360', '238', '122', '363', '272', '465', '6', '144', '378', '103', '194', '417', '83', '92', '216', '420', '11', '347', '95', '233', '58', '289', '318', '64', '397', '445', '36', '160']
['131', '315', '486', '332', '419', '44', '273', '440', '325', '13', '344', '361', '462', '132', '118', '390', '63', '0', '285', '169', '401', '287', '34', '414', '5', '180', '354', '294', '413', '274', '20', '326', '32', '99']
['175', '314', '373', '398', '279', '100', '367', '372', '267', '155', '478', '208']
['331', '74', '104', '123', '245', '461', '193', '114', '158', '173', '376', '392', '362', '109', '40', '348', '127', '472', '266', '485', '89']
['477', '209', '327', '47', '452', '469', '387', '269', '22', '444', '80', '447', '247', '62', '1', '14', '221', '223', '129']
['37', '174', '296', '476', '191', '435', '181', '150', '310', '268', '18', '448', '263', '141', '183', '278', '249', '234', '243', '499', '84', '481', '459', '214', '410', '301', '260', '490', '231', '346', '133', '232']
['177', '248', '405', '431', '345', '217', '308', '483', '386', '219', '277', '350', '190', '433', '261', '117', '492', '128', '111', '295', '324', '55', '46', '399', '205', '10', '146', '300', '380', '17', '446', '96']
['82', '453', '493', '224', '391', '333', '442', '42', '264', '139', '340', '422', '415', '61', '195', '145', '307', '355', '140', '257', '21', '102', '464', '151', '66', '59', '382', '302', '39']
['280', '349', '322', '275', '330', '411', '439', '73', '371', '352', '138', '178', '436', '164', '303', '313', '298', '402', '154', '480', '456', '228', '161', '184', '291', '226', '395', '357', '262', '189', '252', '385']
['359', '85', '497', '69', '299', '187', '67', '425', '336', '255', '71']
['460', '421', '115', '200', '384', '416', '170', '9', '125', '366', '167', '379', '197']
['438', '321', '256', '250', '148', '377', '206', '93', '49', '90', '491', '213', '108', '77', '171', '305', '351', '328', '35', '342', '113', '317', '306', '136', '65', '450', '408']
['242', '404', '329', '116', '288', '230', '112', '76', '52', '38', '172']
['286', '91', '487', '229', '196', '353', '165', '235', '339', '239', '244', '312', '86', '338', '281', '120', '179', '396', '471', '48', '176', '186', '210', '423', '258', '202', '70', '207', '409', '15', '427', '50', '271']
['389', '135', '370', '320', '292', '75', '168', '251', '57', '156', '78', '451', '124', '282', '2', '56', '265']
['335', '153', '220', '43', '454', '474', '246', '407', '23', '479', '7', '53', '458', '495']
['334', '498', '393', '54', '29', '311', '110', '412', '457', '166', '87', '218', '488', '107', '284', '16', '406']
['88', '432', '437', '4', '484', '429', '403', '466', '236', '383', '375', '470', '259']
['434', '237', '467', '276', '45', '227', '369', '424', '28', '494', '270', '381', '137', '152', '468', '364', '430', '489', '254', '201', '337', '159', '323', '358']
['400', '473', '293', '188', '241', '33', '149', '428', '106', '30', '26', '203', '25', '240', '182', '157', '119', '441', '426', '225', '443', '19', '51', '374']
