['324', '262', '7', '139', '12', '336', '273', '214', '155', '157', '221', '100', '299', '112', '372', '53', '182', '183', '246', '253', '63']
['131', '4', '74', '334', '83', '218', '220', '349', '297', '107', '44', '111', '48', '115', '180', '117', '374', '248', '379', '252', '192']
['258', '66', '68', '196', '390', '327', '392', '199', '140', '87', '88', '346', '354', '293', '298', '302', '46', '366', '309', '55', '251']
['130', '67', '260', '8', '16', '145', '21', '277', '216', '281', '161', '225', '103', '168', '305', '50', '52', '54', '312', '60', '127']
['1', '326', '198', '330', '203', '75', '78', '211', '23', '29', '285', '95', '35', '165', '294', '359', '235', '365', '185', '125', '64']
['391', '395', '267', '397', '142', '80', '82', '341', '85', '279', '24', '27', '30', '33', '36', '40', '237', '368', '49', '118', '380']
['289', '292', '101', '70', '170', '266', '204', '113', '181', '342', '215', '62']
['193', '261', '325', '138', '335', '209', '339', '345', '282', '284', '348', '352', '229', '239', '176', '178', '243', '122', '315', '317', '318']
['129', '2', '389', '332', '399', '79', '276', '84', '22', '217', '160', '290', '356', '41', '362', '172', '45', '241', '308', '187', '126']
['323', '256', '135', '9', '10', '393', '396', '269', '333', '207', '148', '344', '184', '32', '357', '358', '370', '56', '61', '190', '320']
['72', '200', '11', '205', '400', '17', '272', '212', '25', '353', '163', '37', '230', '232', '233', '234', '306', '242', '377', '124', '382']
['383', '265', '394', '275', '86', '90', '286', '350', '97', '226', '102', '39', '295', '175', '244', '255']
['194', '387', '259', '388', '13', '270', '15', '343', '152', '283', '91', '287', '223', '38', '42', '378', '301', '109', '307', '247', '186']
['385', '197', '136', '398', '81', '340', '213', '219', '93', '222', '228', '167', '43', '376', '57', '58', '319']
['386', '195', '133', '264', '329', '331', '14', '208', '274', '210', '151', '89', '224', '296', '174', '47', '245', '59', '316', '381', '191']
['321', '3', '5', '76', '77', '144', '337', '18', '149', '158', '31', '288', '351', '355', '364', '240', '179', '120', '313', '254', '128']
['132', '19', '280', '153', '26', '159', '164', '300', '173', '177', '311', '338', '347', '363', '236', '114', '371', '375', '250']
['257', '137', '268', '141', '146', '20', '291', '166', '171', '303', '51', '314', '69', '328', '201', '73', '92', '94', '231', '104', '123']
['263', '143', '271', '147', '278', '154', '28', '156', '169', '304', '65', '322', '202', '206', '227', '99', '361', '108', '238', '369', '116']
['6', '134', '150', '34', '162', '310', '188', '189', '71', '96', '249', '98', '360', '105', '106', '110', '367', '373', '119', '121', '384']
