['Jestude', 'Chemush', 'Yerxa', 'Felise', 'Karlise', 'Shepp', 'Lon', 'Selma', 'Zandt', 'Emmer', 'Flemming', 'Starinsky', 'Brazee', 'Bello', 'Micheal', 'Nanette', 'Uchida', 'Harriet', 'Corkhill', 'Hako', 'Hett', 'Jori', 'Ashford', 'Ebba', 'Livingston', 'Fidelio', 'Rani', 'Hadleigh', 'Knute', 'Farro', 'Australia', 'Chaddie', 'Desi', 'Toh']
['Converse', 'Malo', 'Cloots', 'Turrell', 'Ardehs', 'Ammadis', 'Kassi', 'Shannah', 'Benilda', 'Till', 'Dulcea', 'Flo', 'Jeniece', 'Felicie', 'Wendye', 'Margeaux', 'Fausta', 'Emelia', 'Dotson', 'Safire', 'Balliett', 'Nicolis', 'Gowrie', 'Verras', 'Fairfax', 'Flieger', 'Merola']
['Katzir', 'Cristiona', 'Ginzburg', 'Ruhnke', 'Coumas', 'Ashling', 'Leod', 'Bevon', 'Barby', 'Bran', 'Monahan', 'Eleni', 'Hankins', 'Demetria', 'Questa']
['Dimitry', 'Nisse', 'Meras', 'McCoy', 'Smukler', 'Udell', 'Caines', 'Delila', 'Maude', 'Saville', 'Groos', 'Janaya', 'Ber', 'Debera', 'Crean', 'Mokas', 'Tristam', 'Elberta', 'Dela', 'Avril', 'Mauchi', 'Kerwon', 'Derril', 'Lentha', 'Ainslee', 'Odin', 'Holofernes', 'Durante', 'Balcer', 'Berner', 'Damon', 'Carrillo']
['Tillford', 'Dett', 'Sigsmond', 'Alf', 'Gwenette', 'Polish', 'Hakim', 'Rombert', 'Pippo', 'Dare', 'Thorman', 'Tarkany', 'Quitt', 'Danuloff', 'Franek', 'Leiser', 'Lou', 'Carlick', 'Darsie']
['Klute', 'Jillana', 'Grochow', 'Schnabel', 'Sachi', 'Jessalin', 'Basso', 'Velda', 'Rik', 'Jehiel', 'Worlock', 'Lotus', 'Cavallaro', 'Nannette', 'Elihu', 'Uzzia', 'Janenna', 'Freddy', 'Fadiman', 'Javler', 'Ursi', 'Raul', 'Hittel', 'Akeyla', 'Barsky']
['Dott', 'Latimer', 'Chancellor', 'Grimona', 'Kile', 'McIntosh', 'Girovard', 'Maribel', 'Shanly', 'Vevay', 'Yarvis', 'Aviv', 'Nafis', 'Shelbi', 'Glenn', 'Ace', 'Fifine', 'Gibun', 'Eldwen', 'Ruyle', 'Rodolphe', 'Vonni', 'Ardys', 'Saxen', 'Bluhm', 'Foulk', 'Deni', 'Colly', 'Pryce']
['Nestor', 'Groh', 'Dietrich', 'Woo', 'Gunn', 'Paulita', 'Wunder', 'Kerianne', 'Hatch', 'Halstead', 'Yasu', 'Melburn', 'Delinda', 'Fabrice']
['Augustina', 'Adolphus', 'Griffin', 'Davidde', 'Lorilyn', 'Lamson', 'Ciapas', 'Wing', 'Hamlin', 'Antonino', 'Jorgenson', 'Blondell', 'Crompton', 'Hotze']
['Lacy', 'Ottinger', 'Ferro', 'Norean', 'Emelita', 'Eno', 'Henrique', 'Evangeline', 'Harland', 'Placido', 'Agosto', 'Maye', 'Clovah', 'Stephenson', 'Cheria', 'Montagna', 'Willis', 'Druce', 'Holms', 'Epstein', 'Hook', 'Sinnard', 'Dowlen', 'Pinto', 'Celestyn', 'Oscar', 'Kudva', 'Kanya', 'Candyce', 'Eudocia', 'Arel', 'Prebo', 'Binette', 'Leanna', 'Matthew']
['Higgs', 'Beaver', 'Neva', 'Proudfoot', 'Charin', 'Ches', 'Billy', 'Edrick', 'Rue', 'Matthaeus', 'Bui', 'Serafine', 'Milore', 'Jobyna', 'Enid', 'Baldridge', 'Gombosi', 'Salomi']
['Janerich', 'Harmony', 'Padget', 'Gerianne', 'Acacia', 'Earlene', 'Everick', 'Zobe', 'Blasius', 'Lamb', 'Brittnee', 'Sandstrom', 'Reste', 'Dole', 'Adaurd', 'Clymer', 'Ubana', 'Shelby', 'Holey', 'Mackenzie', 'Midian', 'Tonya', 'Halimeda', 'Oakes', 'Koetke', 'Bruns', 'Hayyim', 'Hillegass', 'Danita', 'Moyers', 'Buxton', 'Hermon', 'Cutty']
['Robbin', 'Griswold', 'Nari', 'Burkhart', 'Stearns', 'Genie', 'Joed', 'McKinney', 'Marilou', 'Astto', 'Weirick', 'McClimans', 'Antonetta', 'Cal', 'Cherry', 'Osrick', 'Lynett', 'Lynnelle', 'Atkins']
['Morville', 'Grath', 'Dedric', 'Danna', 'Lux', 'Eilis', 'Neille', 'Tessy', 'Minda', 'Ultun', 'Hong', 'Pontius', 'Alvinia', 'Pappas', 'Won', 'Prince', 'Clere', 'Mansoor', 'Volkan']
['Bhayani', 'Dearman', 'Shea', 'Larry', 'McCullough', 'Kimon', 'Biggs', 'Lunetta', 'Schreck', 'Moonier', 'Lindell', 'Saylor', 'Sosanna', 'Wistrup', 'Ursola', 'Jenness', 'Mitchiner', 'Kronick', 'Fokos', 'Marijo', 'Sheeran', 'Vaish', 'Galligan', 'Clea', 'Larson', 'Tutankhamen', 'Sievert']
['Tine', 'Renick', 'Les', 'Jenkel', 'Perloff', 'Anuska', 'Letta', 'Fitz', 'Bounds', 'Minier', 'Towne', 'Rooke', 'Swanhilda', 'Lenhart', 'Ludovico', 'Lawler', 'Tavy', 'Carter', 'Danais', 'Cerracchio', 'Marina', 'Yim', 'Costin', 'Tennes', 'Hannover', 'Ashman', 'Sumer', 'Gloriana', 'Faunia']
['Saudra', 'Rocray', 'Dumas', 'Winer', 'Favian', 'Haldane', 'Tiphane', 'Jimmy', 'Elburr', 'Elmira', 'Karon', 'Winebaum', 'Fredkin', 'Mathur', 'Summons', 'Cyd', 'Girardo', 'Masterson', 'Holton', 'Tuttle', 'Krystalle', 'Behlau', 'Nance', 'Feinstein']
['Newton', 'Roanna', 'Neveda', 'Nessy', 'Rhonda', 'Ebneter', 'Ted', 'Bernj', 'Klapp', 'Uta', 'Fillender', 'Beebe', 'Lyle', 'Utas', 'Kaufmann', 'Love', 'Vesta', 'Hanway', 'Derinna', 'Erlewine', 'Melisa', 'Hillel', 'Willetta', 'Meingolda', 'Ferullo', 'Hudis', 'Manaker', 'Formenti', 'Wight', 'Lauree', 'Barnett', 'Marijn']
['Fruin', 'Raynor', 'Tay', 'Lombardi', 'Mikol', 'Kinzer', 'Cristoforo', 'Berneta', 'Nath', 'Busey', 'Balling', 'Jason', 'Scherman', 'Virginia', 'Myrvyn', 'Mushro', 'Auroora', 'Watson', 'Kylah', 'Birck', 'Ratcliffe', 'Arianna', 'Fast', 'Vikky', 'Japeth', 'Cardwell']
['Puklich', 'Woodhead', 'Risteau', 'Zelma', 'Melda', 'Lenes', 'Sandeep', 'Cataldo', 'Cicely', 'Donn', 'Gillian', 'Chae', 'Florentia', 'Karie', 'Firman', 'Ragland', 'Plantagenet', 'Noyes', 'Catherin', 'Hawger', 'Darrow', 'Utica', 'Doroteya', 'Adriane', 'Coh', 'Merth', 'Ng', 'Hardej', 'Buckler']
