['105', '276', '138', '323', '29', '291', '115', '253', '27', '91', '352', '73', '289', '50', '336', '316', '383', '97', '144', '279', '330', '393', '152', '23']
['369', '78', '21', '234', '252', '275', '251', '174', '130', '225', '77', '277', '133', '72', '307', '302', '157', '107', '177', '44', '148', '36']
['287', '169', '290', '209', '95', '86', '311', '166', '199', '337', '180', '52', '140', '12', '346', '26', '309', '8', '33', '82']
['190', '104', '387', '360', '184', '139', '243', '111', '170', '110', '231', '298', '396', '391', '155']
['53', '4', '341', '374', '196', '181', '114', '182', '397', '365', '358', '228', '366', '350', '312', '241', '203', '153', '136', '192', '16']
['207', '186', '278', '240', '327', '94', '15', '137', '326', '87', '165', '175', '194', '297', '385', '108', '42', '59', '235', '187', '129', '281']
['394', '256', '69', '295', '354', '232', '93', '293', '319', '25', '340', '83', '371', '399', '267', '5', '159', '359', '113', '212', '156', '223', '173', '335', '55']
['348', '259', '141', '205', '145', '147', '197', '375', '118', '195', '158', '355', '120', '101', '315', '88', '395', '248', '38', '376', '257', '163', '76', '79', '224']
['132', '74', '124', '70', '304', '266', '67', '35', '247', '227', '179', '135', '151', '219', '317', '328', '131']
['7', '89', '216', '45', '60', '62', '208', '339', '381', '22', '313', '286', '109', '150', '193', '230', '274', '188']
['161', '283', '351', '98', '116', '334', '54', '32', '305', '271', '68', '51', '303', '103', '80', '390', '64', '2', '238', '40', '384', '9']
['378', '146', '265', '17', '220', '11', '112', '47', '288', '258', '34', '379', '125']
['176', '285', '299', '345', '310', '245', '75', '392', '99', '57', '222', '49', '325', '320', '171', '210', '333', '58', '66', '123', '30', '398', '321', '71', '206']
['388', '122', '292', '347', '96', '126', '239', '357', '100', '322', '46', '242', '92', '189', '296', '24', '269', '200', '280', '31', '119', '102', '372', '20', '244']
['294', '306', '143', '6', '262', '117', '18', '154', '0', '361', '41', '134', '284', '329', '37', '61', '65', '56', '386']
['217', '264', '249', '254', '255', '202', '215', '204', '121', '13', '84', '273', '229', '308', '300', '246', '380', '237']
['260', '261', '367', '1', '318', '282']
['127', '353', '201', '389', '48', '191', '142', '178', '172', '185', '198', '214', '270', '363', '362', '211', '324', '164', '272', '263', '236', '314', '10']
['332', '226', '168', '349', '368', '331', '167', '356', '90', '344', '14', '364', '183', '39', '43', '149', '233', '377', '373', '250', '162', '218', '221']
['338', '268', '106', '213', '63', '160', '343', '19', '81', '85', '382', '3', '28', '301', '128', '370', '342']
